14:30:00.886 [main] INFO  postilion.realtime.visabase12.connection.ConnectionBase - la conexion es: true
14:30:01.000 [main] INFO  postilion.realtime.visabase12.service.InyectorService - mensaje enviado
14:30:01.016 [main] INFO  postilion.realtime.visabase12.service.InyectorService - [None       b   001 M] : 'Header Length          ' = *[3136]
[None       b   001 M] : 'Header Format          ' = *[3031]
[None       b   001 M] : 'Text Format            ' = *[3032]
[None       b   002 M] : 'Total Message Length   ' = *[30304336]
[None       b   003 M] : 'Destination Station Id ' = *[313137363630]
[None       b   003 M] : 'Source Station Id      ' = *[303030303030]
[None       b   001 M] : 'Round Trip Control Info' = *[3031]
[None       b   002 M] : 'Base1 Flags            ' = *[31303030]
[None       b   003 M] : 'Message Status Flags   ' = *[343338343130]
[None       b   001 M] : 'Batch Number           ' = *[3230]
[None       b   003 M] : 'Visa Internal          ' = *[303130344132]
[None       b   001 M] : 'User Info              ' = *[3030]
0100:
   [LVAR   n    ..19 016] 002 [483039******0967] 
   [Fixed  n       6 006] 003 [000000] 
   [None   n         012] 004 [000000009000] 
   [None   n         012] 006 [000000000100] 
   [Fixed  n      10 010] 007 [0220023000] 
   [None   n         008] 009 [00000000] 
   [None   n         008] 010 [61000000] 
   [Fixed  n       6 006] 011 [064037] 
   [Fixed  n       4 004] 014 [2604] 
   [Fixed  n       4 004] 018 [5947] 
   [Fixed  n       3 003] 019 [604] 
   [Fixed  n       4 004] 022 [9020] 
   [Fixed  n       2 002] 025 [00] 
   [Fixed  x+n     9 009] 028 [C00000200] 
   [LVAR   n    ..11 006] 032 [400552] 
   [Fixed  anp    12 012] 037 [441617232710] 
   [Fixed  ans     8 008] 041 [TERMID01]
   [Fixed  ans    15 015] 042 [CARD ACCEPTOR  ]
   [Fixed  ans    40 040] 043 [ACQUIRER NAME            CITY NAME    PE]
   [Fixed  a/n     3 003] 049 [604] 
   [Fixed  a/n     3 003] 051 [604] 
   [LVAR   n    ..12 010] 060 [0900000007] 
   [Fixed  n      15 015] 062.002 [303325703144432] 
   [Fixed  ans    10 010] 062.020 [0000530000] 
   [Fixed  an      4 004] 062.021 [095A] 
   [Fixed  n       4 004] 063.001 [0002] 

14:30:05.752 [main] INFO  postilion.realtime.visabase12.service.InyectorService - return Code: 110
14:30:05.752 [main] INFO  postilion.realtime.visabase12.service.InyectorService - mensaje respuesta
14:30:05.752 [main] INFO  postilion.realtime.visabase12.service.InyectorService - [None       b   001 M] : 'Header Length          ' = *[3030]
[None       b   001 M] : 'Header Format          ' = *[3945]
[None       b   001 M] : 'Text Format            ' = *[3136]
[None       b   002 M] : 'Total Message Length   ' = *[30313032]
[None       b   003 M] : 'Destination Station Id ' = *[303039453030]
[None       b   003 M] : 'Source Station Id      ' = *[303030303131]
[None       b   001 M] : 'Round Trip Control Info' = *[3736]
[None       b   002 M] : 'Base1 Flags            ' = *[36303031]
[None       b   003 M] : 'Message Status Flags   ' = *[313030303433]
[None       b   001 M] : 'Batch Number           ' = *[3834]
[None       b   003 M] : 'Visa Internal          ' = *[313032303031]
[None       b   001 M] : 'User Info              ' = *[3034]
[None       b   002 M] : 'Bit Map                ' = *[41323030]
0110:
   [LVAR   n    ..19 016] 002 [483039******0967] 
   [Fixed  n       6 006] 003 [000000] 
   [None   n         012] 004 [000000009000] 
   [Fixed  n      10 010] 007 [0220023000] 
   [Fixed  n       6 006] 011 [064037] 
   [Fixed  n       3 003] 019 [604] 
   [Fixed  n       2 002] 025 [00] 
   [LVAR   n    ..11 006] 032 [400552] 
   [Fixed  anp    12 012] 037 [441617232710] 
   [Fixed  ans     6 006] 038 [366645] 
   [Fixed  an      2 002] 039 [00] 
   [Fixed  ans     8 008] 041 [TERMID01]
   [Fixed  ans    15 015] 042 [CARD ACCEPTOR  ]
   [LVAR   b   ..255 019] 048 *[5CF0F1F5F0F0F7F0F0F0F0F0F0F0F6F9F6F3F0] 
   [Fixed  a/n     3 003] 049 [604] 
   [Fixed  n      15 015] 062.002 [303325703144432] 
   [Fixed  ans    10 010] 062.020 [0000530000] 
   [Fixed  n       4 004] 063.001 [0002] 

14:30:05.752 [main] INFO  postilion.realtime.visabase12.service.InyectorService - mensaje enviado
14:30:05.752 [main] INFO  postilion.realtime.visabase12.service.InyectorService - [None       b   001 M] : 'Header Length          ' = *[3136]
[None       b   001 M] : 'Header Format          ' = *[3031]
[None       b   001 M] : 'Text Format            ' = *[3032]
[None       b   002 M] : 'Total Message Length   ' = *[30304336]
[None       b   003 M] : 'Destination Station Id ' = *[313137363630]
[None       b   003 M] : 'Source Station Id      ' = *[303030303030]
[None       b   001 M] : 'Round Trip Control Info' = *[3031]
[None       b   002 M] : 'Base1 Flags            ' = *[31303030]
[None       b   003 M] : 'Message Status Flags   ' = *[343338343130]
[None       b   001 M] : 'Batch Number           ' = *[3230]
[None       b   003 M] : 'Visa Internal          ' = *[303130344132]
[None       b   001 M] : 'User Info              ' = *[3030]
0100:
   [LVAR   n    ..19 016] 002 [483039******0967] 
   [Fixed  n       6 006] 003 [000000] 
   [None   n         012] 004 [000000009000] 
   [None   n         012] 006 [000000000100] 
   [Fixed  n      10 010] 007 [0220023005] 
   [None   n         008] 009 [00000000] 
   [None   n         008] 010 [61000000] 
   [Fixed  n       6 006] 011 [032610] 
   [Fixed  n       4 004] 014 [2604] 
   [Fixed  n       4 004] 018 [5947] 
   [Fixed  n       3 003] 019 [604] 
   [Fixed  n       4 004] 022 [9020] 
   [Fixed  n       2 002] 025 [00] 
   [Fixed  x+n     9 009] 028 [C00000200] 
   [LVAR   n    ..11 006] 032 [400552] 
   [Fixed  anp    12 012] 037 [029206176430] 
   [Fixed  ans     8 008] 041 [TERMID01]
   [Fixed  ans    15 015] 042 [CARD ACCEPTOR  ]
   [Fixed  ans    40 040] 043 [ACQUIRER NAME            CITY NAME    PE]
   [Fixed  a/n     3 003] 049 [604] 
   [Fixed  a/n     3 003] 051 [604] 
   [LVAR   n    ..12 010] 060 [0900000007] 
   [Fixed  n      15 015] 062.002 [303325703144432] 
   [Fixed  ans    10 010] 062.020 [0000530000] 
   [Fixed  an      4 004] 062.021 [095A] 
   [Fixed  n       4 004] 063.001 [0002] 

14:30:06.091 [main] INFO  postilion.realtime.visabase12.service.InyectorService - return Code: 110
14:30:06.091 [main] INFO  postilion.realtime.visabase12.service.InyectorService - mensaje respuesta
14:30:06.091 [main] INFO  postilion.realtime.visabase12.service.InyectorService - [None       b   001 M] : 'Header Length          ' = *[3030]
[None       b   001 M] : 'Header Format          ' = *[3945]
[None       b   001 M] : 'Text Format            ' = *[3136]
[None       b   002 M] : 'Total Message Length   ' = *[30313032]
[None       b   003 M] : 'Destination Station Id ' = *[303039453030]
[None       b   003 M] : 'Source Station Id      ' = *[303030303131]
[None       b   001 M] : 'Round Trip Control Info' = *[3736]
[None       b   002 M] : 'Base1 Flags            ' = *[36303031]
[None       b   003 M] : 'Message Status Flags   ' = *[313030303433]
[None       b   001 M] : 'Batch Number           ' = *[3834]
[None       b   003 M] : 'Visa Internal          ' = *[313032303031]
[None       b   001 M] : 'User Info              ' = *[3034]
[None       b   002 M] : 'Bit Map                ' = *[41323030]
0110:
   [LVAR   n    ..19 016] 002 [483039******0967] 
   [Fixed  n       6 006] 003 [000000] 
   [None   n         012] 004 [000000009000] 
   [Fixed  n      10 010] 007 [0220023005] 
   [Fixed  n       6 006] 011 [032610] 
   [Fixed  n       3 003] 019 [604] 
   [Fixed  n       2 002] 025 [00] 
   [LVAR   n    ..11 006] 032 [400552] 
   [Fixed  anp    12 012] 037 [029206176430] 
   [Fixed  ans     6 006] 038 [366649] 
   [Fixed  an      2 002] 039 [00] 
   [Fixed  ans     8 008] 041 [TERMID01]
   [Fixed  ans    15 015] 042 [CARD ACCEPTOR  ]
   [LVAR   b   ..255 019] 048 *[5CF0F1F5F0F0F7F0F0F0F0F0F0F0F6F0F6F3F0] 
   [Fixed  a/n     3 003] 049 [604] 
   [Fixed  n      15 015] 062.002 [303325703144432] 
   [Fixed  ans    10 010] 062.020 [0000530000] 
   [Fixed  n       4 004] 063.001 [0002] 

14:30:06.091 [main] INFO  postilion.realtime.visabase12.service.InyectorService - process Count: 2
14:30:06.091 [main] INFO  postilion.realtime.visabase12.service.InyectorService - process Incorrect: 0
14:30:06.091 [main] INFO  postilion.realtime.visabase12.VisaBase12Injector - process Correct: 2
13:34:31.438 [main] ERROR postilion.realtime.visabase12.VisaBase12Injector - ErrorConnection timed out: connect
