0:0:0:0:0:0:0:1 -  -  [07/ene/2020:20:52:50 +0000] "GET /jposee/login.html HTTP/1.1" 200 3820 
0:0:0:0:0:0:0:1 -  -  [07/ene/2020:20:52:50 +0000] "GET /favicon.ico HTTP/1.1" 404 1376 
0:0:0:0:0:0:0:1 -  -  [07/ene/2020:20:52:56 +0000] "POST /jposee/login.html HTTP/1.1" 302 0 
0:0:0:0:0:0:0:1 -  -  [07/ene/2020:20:52:56 +0000] "GET /jposee/ HTTP/1.1" 200 5410 
0:0:0:0:0:0:0:1 -  -  [07/ene/2020:20:52:58 +0000] "GET /jposee/isotest/list.html HTTP/1.1" 200 8152 
0:0:0:0:0:0:0:1 -  -  [07/ene/2020:20:52:58 +0000] "GET /jposee/isotest/list_data_nameregistrar.html?sid=0.3186515110565289 HTTP/1.1" 200 21 
0:0:0:0:0:0:0:1 -  -  [07/ene/2020:20:52:59 +0000] "POST /jposee/isotest/list.html HTTP/1.1" 200 8189 
0:0:0:0:0:0:0:1 -  -  [07/ene/2020:20:52:59 +0000] "GET /jposee/isotest/list_data_nameregistrar.html?sid=0.3633468220221068 HTTP/1.1" 200 21 
0:0:0:0:0:0:0:1 -  -  [07/ene/2020:20:53:02 +0000] "GET /jposee/isotest/send.html?servicename=Servibanca HTTP/1.1" 200 26497 
0:0:0:0:0:0:0:1 -  -  [07/ene/2020:20:53:07 +0000] "POST /jposee/isotest/send_post.html?sid=0.3637632380487319 HTTP/1.1" 200 2 
0:0:0:0:0:0:0:1 -  -  [07/ene/2020:20:53:07 +0000] "GET /jposee/isotest/showLog.html?sid=0.7816897655589174&servicename=Servibanca HTTP/1.1" 200 6002 
0:0:0:0:0:0:0:1 -  -  [07/ene/2020:20:53:11 +0000] "GET /jposee/isotest/showLog.html?sid=0.8144588794155989&servicename=Servibanca HTTP/1.1" 200 6002 
0:0:0:0:0:0:0:1 -  -  [07/ene/2020:20:53:21 +0000] "GET /jposee/isotest/showLog.html?sid=0.6461888244086786&servicename=Servibanca HTTP/1.1" 200 6002 
0:0:0:0:0:0:0:1 -  -  [07/ene/2020:20:53:31 +0000] "GET /jposee/isotest/showLog.html?sid=0.8818791602646883&servicename=Servibanca HTTP/1.1" 200 6002 
0:0:0:0:0:0:0:1 -  -  [07/ene/2020:20:53:41 +0000] "GET /jposee/isotest/showLog.html?sid=0.34172738521945756&servicename=Servibanca HTTP/1.1" 200 6002 
0:0:0:0:0:0:0:1 -  -  [07/ene/2020:20:53:44 +0000] "POST /jposee/isotest/send_post.html?sid=0.3871694605995082 HTTP/1.1" 200 2 
0:0:0:0:0:0:0:1 -  -  [07/ene/2020:20:53:44 +0000] "GET /jposee/isotest/showLog.html?sid=0.42461256349185605&servicename=Servibanca HTTP/1.1" 200 6002 
0:0:0:0:0:0:0:1 -  -  [07/ene/2020:20:53:51 +0000] "GET /jposee/isotest/showLog.html?sid=0.2727548230862187&servicename=Servibanca HTTP/1.1" 200 6002 
0:0:0:0:0:0:0:1 -  -  [07/ene/2020:20:54:01 +0000] "GET /jposee/isotest/showLog.html?sid=0.43395772877536865&servicename=Servibanca HTTP/1.1" 200 6002 
0:0:0:0:0:0:0:1 -  -  [07/ene/2020:20:54:11 +0000] "GET /jposee/isotest/showLog.html?sid=0.1462544275935007&servicename=Servibanca HTTP/1.1" 200 6002 
0:0:0:0:0:0:0:1 -  -  [07/ene/2020:20:54:21 +0000] "GET /jposee/isotest/showLog.html?sid=0.9309368898228803&servicename=Servibanca HTTP/1.1" 200 6002 
0:0:0:0:0:0:0:1 -  -  [07/ene/2020:20:54:31 +0000] "GET /jposee/isotest/showLog.html?sid=0.917255059787413&servicename=Servibanca HTTP/1.1" 200 6002 
0:0:0:0:0:0:0:1 -  -  [07/ene/2020:20:54:41 +0000] "GET /jposee/isotest/showLog.html?sid=0.11669172037974285&servicename=Servibanca HTTP/1.1" 200 6002 
0:0:0:0:0:0:0:1 -  -  [07/ene/2020:20:54:51 +0000] "GET /jposee/isotest/showLog.html?sid=0.9827730714346778&servicename=Servibanca HTTP/1.1" 200 6002 
0:0:0:0:0:0:0:1 -  -  [07/ene/2020:20:55:01 +0000] "GET /jposee/isotest/showLog.html?sid=0.28452332998574836&servicename=Servibanca HTTP/1.1" 200 6002 
0:0:0:0:0:0:0:1 -  -  [07/ene/2020:20:55:11 +0000] "GET /jposee/isotest/showLog.html?sid=0.5196115031223669&servicename=Servibanca HTTP/1.1" 200 6002 
0:0:0:0:0:0:0:1 -  -  [07/ene/2020:20:55:21 +0000] "GET /jposee/isotest/showLog.html?sid=0.28220540561094465&servicename=Servibanca HTTP/1.1" 200 6002 
0:0:0:0:0:0:0:1 -  -  [07/ene/2020:20:55:31 +0000] "GET /jposee/isotest/showLog.html?sid=0.803058028538657&servicename=Servibanca HTTP/1.1" 200 6002 
0:0:0:0:0:0:0:1 -  -  [07/ene/2020:20:55:41 +0000] "GET /jposee/isotest/showLog.html?sid=0.11327023493628618&servicename=Servibanca HTTP/1.1" 200 6002 
0:0:0:0:0:0:0:1 -  -  [07/ene/2020:20:55:51 +0000] "GET /jposee/isotest/showLog.html?sid=0.757693298426898&servicename=Servibanca HTTP/1.1" 200 6002 
0:0:0:0:0:0:0:1 -  -  [07/ene/2020:20:56:01 +0000] "GET /jposee/isotest/showLog.html?sid=0.7499800189282935&servicename=Servibanca HTTP/1.1" 200 6002 
0:0:0:0:0:0:0:1 -  -  [07/ene/2020:20:56:11 +0000] "GET /jposee/isotest/showLog.html?sid=0.9774910827298182&servicename=Servibanca HTTP/1.1" 200 6002 
0:0:0:0:0:0:0:1 -  -  [07/ene/2020:20:56:21 +0000] "GET /jposee/isotest/showLog.html?sid=0.9182145217534006&servicename=Servibanca HTTP/1.1" 200 6002 
0:0:0:0:0:0:0:1 -  -  [07/ene/2020:20:56:31 +0000] "GET /jposee/isotest/showLog.html?sid=0.6935083422086714&servicename=Servibanca HTTP/1.1" 200 6002 
0:0:0:0:0:0:0:1 -  -  [07/ene/2020:20:56:41 +0000] "GET /jposee/isotest/showLog.html?sid=0.6469810005391885&servicename=Servibanca HTTP/1.1" 200 6002 
0:0:0:0:0:0:0:1 -  -  [07/ene/2020:20:56:51 +0000] "GET /jposee/isotest/showLog.html?sid=0.16248741638540998&servicename=Servibanca HTTP/1.1" 200 6002 
0:0:0:0:0:0:0:1 -  -  [07/ene/2020:20:57:01 +0000] "GET /jposee/isotest/showLog.html?sid=0.44429862383826735&servicename=Servibanca HTTP/1.1" 200 6002 
0:0:0:0:0:0:0:1 -  -  [07/ene/2020:20:57:11 +0000] "GET /jposee/isotest/showLog.html?sid=0.8698496252965278&servicename=Servibanca HTTP/1.1" 200 6002 
0:0:0:0:0:0:0:1 -  -  [07/ene/2020:20:57:21 +0000] "GET /jposee/isotest/showLog.html?sid=0.008264979838785269&servicename=Servibanca HTTP/1.1" 200 6002 
0:0:0:0:0:0:0:1 -  -  [07/ene/2020:20:57:31 +0000] "GET /jposee/isotest/showLog.html?sid=0.174306146882244&servicename=Servibanca HTTP/1.1" 200 6002 
0:0:0:0:0:0:0:1 -  -  [07/ene/2020:20:57:41 +0000] "GET /jposee/isotest/showLog.html?sid=0.08119311663166329&servicename=Servibanca HTTP/1.1" 200 6002 
0:0:0:0:0:0:0:1 -  -  [07/ene/2020:20:57:48 +0000] "POST /jposee/isotest/send_post.html?sid=0.6773308018233632 HTTP/1.1" 200 2 
0:0:0:0:0:0:0:1 -  -  [07/ene/2020:20:57:48 +0000] "GET /jposee/isotest/showLog.html?sid=0.288703672712872&servicename=Servibanca HTTP/1.1" 200 6002 
0:0:0:0:0:0:0:1 -  -  [07/ene/2020:20:57:51 +0000] "GET /jposee/isotest/showLog.html?sid=0.7129519367763366&servicename=Servibanca HTTP/1.1" 200 6002 
0:0:0:0:0:0:0:1 -  -  [07/ene/2020:20:58:01 +0000] "GET /jposee/isotest/showLog.html?sid=0.005146979465842527&servicename=Servibanca HTTP/1.1" 200 6002 
0:0:0:0:0:0:0:1 -  -  [07/ene/2020:20:58:11 +0000] "GET /jposee/isotest/showLog.html?sid=0.7948128565581831&servicename=Servibanca HTTP/1.1" 200 6002 
0:0:0:0:0:0:0:1 -  -  [07/ene/2020:20:58:21 +0000] "GET /jposee/isotest/showLog.html?sid=0.6271614332878737&servicename=Servibanca HTTP/1.1" 200 6002 
0:0:0:0:0:0:0:1 -  -  [07/ene/2020:20:58:31 +0000] "GET /jposee/isotest/showLog.html?sid=0.45969571096764916&servicename=Servibanca HTTP/1.1" 200 6002 
0:0:0:0:0:0:0:1 -  -  [07/ene/2020:20:58:41 +0000] "GET /jposee/isotest/showLog.html?sid=0.2263542324381811&servicename=Servibanca HTTP/1.1" 200 6002 
0:0:0:0:0:0:0:1 -  -  [07/ene/2020:20:58:51 +0000] "GET /jposee/isotest/showLog.html?sid=0.684292303138406&servicename=Servibanca HTTP/1.1" 200 6002 
0:0:0:0:0:0:0:1 -  -  [07/ene/2020:20:59:01 +0000] "GET /jposee/isotest/showLog.html?sid=0.9551367025633482&servicename=Servibanca HTTP/1.1" 200 6002 
0:0:0:0:0:0:0:1 -  -  [07/ene/2020:20:59:11 +0000] "GET /jposee/isotest/showLog.html?sid=0.5053649968206553&servicename=Servibanca HTTP/1.1" 200 6002 
0:0:0:0:0:0:0:1 -  -  [07/ene/2020:20:59:21 +0000] "GET /jposee/isotest/showLog.html?sid=0.7147340491150815&servicename=Servibanca HTTP/1.1" 200 6002 
0:0:0:0:0:0:0:1 -  -  [07/ene/2020:20:59:31 +0000] "GET /jposee/isotest/showLog.html?sid=0.1766924982020297&servicename=Servibanca HTTP/1.1" 200 6002 
0:0:0:0:0:0:0:1 -  -  [07/ene/2020:20:59:40 +0000] "GET /jposee/isotest/showLog.html?sid=0.8781827069245669&servicename=Servibanca HTTP/1.1" 200 6002 
0:0:0:0:0:0:0:1 -  -  [07/ene/2020:20:59:50 +0000] "GET /jposee/isotest/showLog.html?sid=0.9989586110760513&servicename=Servibanca HTTP/1.1" 200 6002 
0:0:0:0:0:0:0:1 -  -  [07/ene/2020:21:00:00 +0000] "GET /jposee/isotest/showLog.html?sid=0.9343262837998834&servicename=Servibanca HTTP/1.1" 200 6002 
0:0:0:0:0:0:0:1 -  -  [07/ene/2020:21:00:10 +0000] "GET /jposee/isotest/showLog.html?sid=0.9896569167357123&servicename=Servibanca HTTP/1.1" 200 6002 
0:0:0:0:0:0:0:1 -  -  [07/ene/2020:21:00:20 +0000] "GET /jposee/isotest/showLog.html?sid=0.6914455459495659&servicename=Servibanca HTTP/1.1" 200 6002 
0:0:0:0:0:0:0:1 -  -  [07/ene/2020:21:00:22 +0000] "POST /jposee/isotest/send_post.html?sid=0.6989320510577341 HTTP/1.1" 200 2 
0:0:0:0:0:0:0:1 -  -  [07/ene/2020:21:00:22 +0000] "GET /jposee/isotest/showLog.html?sid=0.49126452122463315&servicename=Servibanca HTTP/1.1" 200 6002 
0:0:0:0:0:0:0:1 -  -  [07/ene/2020:21:00:30 +0000] "GET /jposee/isotest/showLog.html?sid=0.9971885906580902&servicename=Servibanca HTTP/1.1" 200 6002 
0:0:0:0:0:0:0:1 -  -  [07/ene/2020:21:00:40 +0000] "GET /jposee/isotest/showLog.html?sid=0.8977197889852644&servicename=Servibanca HTTP/1.1" 200 6002 
0:0:0:0:0:0:0:1 -  -  [07/ene/2020:21:00:50 +0000] "GET /jposee/isotest/showLog.html?sid=0.9119067135717118&servicename=Servibanca HTTP/1.1" 200 6002 
0:0:0:0:0:0:0:1 -  -  [07/ene/2020:21:01:00 +0000] "GET /jposee/isotest/showLog.html?sid=0.10245848754311315&servicename=Servibanca HTTP/1.1" 200 6002 
0:0:0:0:0:0:0:1 -  -  [07/ene/2020:21:01:10 +0000] "GET /jposee/isotest/showLog.html?sid=0.9000516036207831&servicename=Servibanca HTTP/1.1" 200 6002 
0:0:0:0:0:0:0:1 -  -  [07/ene/2020:21:01:20 +0000] "GET /jposee/isotest/showLog.html?sid=0.05541538562964332&servicename=Servibanca HTTP/1.1" 200 6002 
0:0:0:0:0:0:0:1 -  -  [07/ene/2020:21:01:30 +0000] "GET /jposee/isotest/showLog.html?sid=0.24652491107245744&servicename=Servibanca HTTP/1.1" 200 6002 
0:0:0:0:0:0:0:1 -  -  [07/ene/2020:21:01:36 +0000] "POST /jposee/isotest/send_post.html?sid=0.07663573449381 HTTP/1.1" 200 2 
0:0:0:0:0:0:0:1 -  -  [07/ene/2020:21:01:36 +0000] "GET /jposee/isotest/showLog.html?sid=0.19173551983776038&servicename=Servibanca HTTP/1.1" 200 6002 
0:0:0:0:0:0:0:1 -  -  [07/ene/2020:21:01:40 +0000] "GET /jposee/isotest/showLog.html?sid=0.5185769378633045&servicename=Servibanca HTTP/1.1" 200 6002 
0:0:0:0:0:0:0:1 -  -  [07/ene/2020:21:01:50 +0000] "GET /jposee/isotest/showLog.html?sid=0.32323514270537457&servicename=Servibanca HTTP/1.1" 200 6002 
0:0:0:0:0:0:0:1 -  -  [07/ene/2020:21:02:00 +0000] "GET /jposee/isotest/showLog.html?sid=0.679773863629175&servicename=Servibanca HTTP/1.1" 200 6002 
0:0:0:0:0:0:0:1 -  -  [07/ene/2020:21:02:10 +0000] "GET /jposee/isotest/showLog.html?sid=0.3386404382447985&servicename=Servibanca HTTP/1.1" 200 6002 
0:0:0:0:0:0:0:1 -  -  [07/ene/2020:21:02:20 +0000] "GET /jposee/isotest/showLog.html?sid=0.253665138109342&servicename=Servibanca HTTP/1.1" 200 6002 
0:0:0:0:0:0:0:1 -  -  [07/ene/2020:21:02:30 +0000] "GET /jposee/isotest/showLog.html?sid=0.530226537022763&servicename=Servibanca HTTP/1.1" 200 6002 
0:0:0:0:0:0:0:1 -  -  [07/ene/2020:21:02:40 +0000] "GET /jposee/isotest/showLog.html?sid=0.20618605032387594&servicename=Servibanca HTTP/1.1" 200 6002 
0:0:0:0:0:0:0:1 -  -  [07/ene/2020:21:02:50 +0000] "GET /jposee/isotest/showLog.html?sid=0.5215292232876372&servicename=Servibanca HTTP/1.1" 200 6002 
0:0:0:0:0:0:0:1 -  -  [07/ene/2020:21:03:00 +0000] "GET /jposee/isotest/showLog.html?sid=0.6478132105496934&servicename=Servibanca HTTP/1.1" 200 6002 
0:0:0:0:0:0:0:1 -  -  [07/ene/2020:21:03:10 +0000] "GET /jposee/isotest/showLog.html?sid=0.5879859583579414&servicename=Servibanca HTTP/1.1" 200 6002 
0:0:0:0:0:0:0:1 -  -  [07/ene/2020:21:03:20 +0000] "GET /jposee/isotest/showLog.html?sid=0.5759759694958115&servicename=Servibanca HTTP/1.1" 200 6002 
0:0:0:0:0:0:0:1 -  -  [07/ene/2020:21:03:30 +0000] "GET /jposee/isotest/showLog.html?sid=0.8086985102632509&servicename=Servibanca HTTP/1.1" 200 6002 
0:0:0:0:0:0:0:1 -  -  [07/ene/2020:21:03:40 +0000] "GET /jposee/isotest/showLog.html?sid=0.052160658494788015&servicename=Servibanca HTTP/1.1" 200 6002 
0:0:0:0:0:0:0:1 -  -  [07/ene/2020:21:03:50 +0000] "GET /jposee/isotest/showLog.html?sid=0.4729941763416676&servicename=Servibanca HTTP/1.1" 200 6002 
0:0:0:0:0:0:0:1 -  -  [07/ene/2020:21:04:00 +0000] "GET /jposee/isotest/showLog.html?sid=0.790535300120585&servicename=Servibanca HTTP/1.1" 200 6002 
0:0:0:0:0:0:0:1 -  -  [07/ene/2020:21:04:10 +0000] "GET /jposee/isotest/showLog.html?sid=0.743248588033478&servicename=Servibanca HTTP/1.1" 200 6002 
0:0:0:0:0:0:0:1 -  -  [07/ene/2020:21:04:20 +0000] "GET /jposee/isotest/showLog.html?sid=0.6028002418827931&servicename=Servibanca HTTP/1.1" 200 6002 
0:0:0:0:0:0:0:1 -  -  [07/ene/2020:21:04:30 +0000] "GET /jposee/isotest/showLog.html?sid=0.7841763406381843&servicename=Servibanca HTTP/1.1" 200 6002 
0:0:0:0:0:0:0:1 -  -  [07/ene/2020:21:04:40 +0000] "GET /jposee/isotest/showLog.html?sid=0.7830572848188413&servicename=Servibanca HTTP/1.1" 200 6002 
0:0:0:0:0:0:0:1 -  -  [07/ene/2020:21:04:50 +0000] "GET /jposee/isotest/showLog.html?sid=0.22475567145762043&servicename=Servibanca HTTP/1.1" 200 6002 
0:0:0:0:0:0:0:1 -  -  [07/ene/2020:21:05:00 +0000] "GET /jposee/isotest/showLog.html?sid=0.8153516209085718&servicename=Servibanca HTTP/1.1" 200 6002 
0:0:0:0:0:0:0:1 -  -  [07/ene/2020:21:05:10 +0000] "GET /jposee/isotest/showLog.html?sid=0.6605781615519823&servicename=Servibanca HTTP/1.1" 200 6002 
0:0:0:0:0:0:0:1 -  -  [07/ene/2020:21:05:20 +0000] "GET /jposee/isotest/showLog.html?sid=0.9889693877419261&servicename=Servibanca HTTP/1.1" 200 6002 
0:0:0:0:0:0:0:1 -  -  [07/ene/2020:21:05:30 +0000] "GET /jposee/isotest/showLog.html?sid=0.17734688209031435&servicename=Servibanca HTTP/1.1" 200 6002 
0:0:0:0:0:0:0:1 -  -  [07/ene/2020:21:05:40 +0000] "GET /jposee/isotest/showLog.html?sid=0.00026533769147674136&servicename=Servibanca HTTP/1.1" 200 6002 
0:0:0:0:0:0:0:1 -  -  [07/ene/2020:21:05:50 +0000] "GET /jposee/isotest/showLog.html?sid=0.2910079243748749&servicename=Servibanca HTTP/1.1" 200 6002 
0:0:0:0:0:0:0:1 -  -  [07/ene/2020:21:06:00 +0000] "GET /jposee/isotest/showLog.html?sid=0.30784392572403085&servicename=Servibanca HTTP/1.1" 200 6002 
0:0:0:0:0:0:0:1 -  -  [07/ene/2020:21:06:10 +0000] "GET /jposee/isotest/showLog.html?sid=0.7132519121042684&servicename=Servibanca HTTP/1.1" 200 6002 
0:0:0:0:0:0:0:1 -  -  [07/ene/2020:21:06:20 +0000] "GET /jposee/isotest/showLog.html?sid=0.7845427023981346&servicename=Servibanca HTTP/1.1" 200 6002 
0:0:0:0:0:0:0:1 -  -  [07/ene/2020:21:06:30 +0000] "GET /jposee/isotest/showLog.html?sid=0.28268709318665564&servicename=Servibanca HTTP/1.1" 200 6002 
0:0:0:0:0:0:0:1 -  -  [07/ene/2020:21:06:39 +0000] "GET /jposee/isotest/showLog.html?sid=0.5469249545328854&servicename=Servibanca HTTP/1.1" 200 6002 
0:0:0:0:0:0:0:1 -  -  [07/ene/2020:21:06:49 +0000] "GET /jposee/isotest/showLog.html?sid=0.5654359257848882&servicename=Servibanca HTTP/1.1" 200 6002 
0:0:0:0:0:0:0:1 -  -  [07/ene/2020:21:06:59 +0000] "GET /jposee/isotest/showLog.html?sid=0.08118534462790361&servicename=Servibanca HTTP/1.1" 200 6002 
0:0:0:0:0:0:0:1 -  -  [07/ene/2020:21:07:09 +0000] "GET /jposee/isotest/showLog.html?sid=0.7947399986381791&servicename=Servibanca HTTP/1.1" 200 6002 
0:0:0:0:0:0:0:1 -  -  [07/ene/2020:21:07:18 +0000] "GET /jposee/isotest/showLog.html?sid=0.05543420535835786&servicename=Servibanca HTTP/1.1" 200 6002 
0:0:0:0:0:0:0:1 -  -  [07/ene/2020:21:07:28 +0000] "GET /jposee/isotest/showLog.html?sid=0.0259290653772275&servicename=Servibanca HTTP/1.1" 200 6002 
0:0:0:0:0:0:0:1 -  -  [07/ene/2020:21:07:38 +0000] "GET /jposee/isotest/showLog.html?sid=0.3678210185501509&servicename=Servibanca HTTP/1.1" 200 6002 
0:0:0:0:0:0:0:1 -  -  [07/ene/2020:21:07:47 +0000] "GET /jposee/isotest/showLog.html?sid=0.7939639779721712&servicename=Servibanca HTTP/1.1" 200 6002 
0:0:0:0:0:0:0:1 -  -  [07/ene/2020:21:07:57 +0000] "GET /jposee/isotest/showLog.html?sid=0.2781590010810835&servicename=Servibanca HTTP/1.1" 200 6002 
0:0:0:0:0:0:0:1 -  -  [07/ene/2020:21:08:07 +0000] "GET /jposee/isotest/showLog.html?sid=0.39368199218783295&servicename=Servibanca HTTP/1.1" 200 6002 
0:0:0:0:0:0:0:1 -  -  [07/ene/2020:21:08:16 +0000] "GET /jposee/isotest/showLog.html?sid=0.20271838460838643&servicename=Servibanca HTTP/1.1" 200 6002 
0:0:0:0:0:0:0:1 -  -  [07/ene/2020:21:08:26 +0000] "GET /jposee/isotest/showLog.html?sid=0.7543355925900332&servicename=Servibanca HTTP/1.1" 200 6002 
0:0:0:0:0:0:0:1 -  -  [07/ene/2020:21:08:36 +0000] "GET /jposee/isotest/showLog.html?sid=0.5323429679240284&servicename=Servibanca HTTP/1.1" 200 6002 
0:0:0:0:0:0:0:1 -  -  [07/ene/2020:21:08:46 +0000] "GET /jposee/isotest/showLog.html?sid=0.8109075458706083&servicename=Servibanca HTTP/1.1" 200 6002 
0:0:0:0:0:0:0:1 -  -  [07/ene/2020:21:08:55 +0000] "GET /jposee/isotest/showLog.html?sid=0.4521670583946522&servicename=Servibanca HTTP/1.1" 200 6002 
0:0:0:0:0:0:0:1 -  -  [07/ene/2020:21:09:05 +0000] "GET /jposee/isotest/showLog.html?sid=0.8706156475062667&servicename=Servibanca HTTP/1.1" 200 6002 
0:0:0:0:0:0:0:1 -  -  [07/ene/2020:21:09:15 +0000] "GET /jposee/isotest/showLog.html?sid=0.6596395997328273&servicename=Servibanca HTTP/1.1" 200 6002 
0:0:0:0:0:0:0:1 -  -  [07/ene/2020:21:09:24 +0000] "GET /jposee/isotest/showLog.html?sid=0.49958038788865555&servicename=Servibanca HTTP/1.1" 200 6002 
0:0:0:0:0:0:0:1 -  -  [07/ene/2020:21:09:34 +0000] "GET /jposee/isotest/showLog.html?sid=0.7073276500043686&servicename=Servibanca HTTP/1.1" 200 6002 
0:0:0:0:0:0:0:1 -  -  [07/ene/2020:21:09:44 +0000] "GET /jposee/isotest/showLog.html?sid=0.6933872082560941&servicename=Servibanca HTTP/1.1" 200 6002 
0:0:0:0:0:0:0:1 -  -  [07/ene/2020:21:09:53 +0000] "GET /jposee/isotest/showLog.html?sid=0.8928172439865958&servicename=Servibanca HTTP/1.1" 200 6002 
0:0:0:0:0:0:0:1 -  -  [07/ene/2020:21:10:03 +0000] "GET /jposee/isotest/showLog.html?sid=0.2770581338029079&servicename=Servibanca HTTP/1.1" 200 6002 
0:0:0:0:0:0:0:1 -  -  [07/ene/2020:21:10:13 +0000] "GET /jposee/isotest/showLog.html?sid=0.7344421289869059&servicename=Servibanca HTTP/1.1" 200 6002 
0:0:0:0:0:0:0:1 -  -  [07/ene/2020:21:10:22 +0000] "GET /jposee/isotest/showLog.html?sid=0.529117642721898&servicename=Servibanca HTTP/1.1" 200 6002 
0:0:0:0:0:0:0:1 -  -  [07/ene/2020:21:10:32 +0000] "GET /jposee/isotest/showLog.html?sid=0.9886991709560733&servicename=Servibanca HTTP/1.1" 200 6002 
0:0:0:0:0:0:0:1 -  -  [07/ene/2020:21:10:42 +0000] "GET /jposee/isotest/showLog.html?sid=0.17630998385306507&servicename=Servibanca HTTP/1.1" 200 6002 
0:0:0:0:0:0:0:1 -  -  [07/ene/2020:21:10:52 +0000] "GET /jposee/isotest/showLog.html?sid=0.6090138311592002&servicename=Servibanca HTTP/1.1" 200 6002 
0:0:0:0:0:0:0:1 -  -  [07/ene/2020:21:11:01 +0000] "GET /jposee/isotest/showLog.html?sid=0.6634824420677123&servicename=Servibanca HTTP/1.1" 200 6002 
0:0:0:0:0:0:0:1 -  -  [07/ene/2020:21:11:11 +0000] "GET /jposee/isotest/showLog.html?sid=0.16545129959324112&servicename=Servibanca HTTP/1.1" 200 6002 
0:0:0:0:0:0:0:1 -  -  [07/ene/2020:21:11:21 +0000] "GET /jposee/isotest/showLog.html?sid=0.9473920394865525&servicename=Servibanca HTTP/1.1" 200 6002 
0:0:0:0:0:0:0:1 -  -  [07/ene/2020:21:11:31 +0000] "GET /jposee/isotest/showLog.html?sid=0.6766555858383498&servicename=Servibanca HTTP/1.1" 200 6002 
0:0:0:0:0:0:0:1 -  -  [07/ene/2020:21:11:41 +0000] "GET /jposee/isotest/showLog.html?sid=0.5423375169767319&servicename=Servibanca HTTP/1.1" 200 6002 
0:0:0:0:0:0:0:1 -  -  [07/ene/2020:21:11:51 +0000] "GET /jposee/isotest/showLog.html?sid=0.8875680886418926&servicename=Servibanca HTTP/1.1" 200 6002 
0:0:0:0:0:0:0:1 -  -  [07/ene/2020:21:12:01 +0000] "GET /jposee/isotest/showLog.html?sid=0.2810467696173382&servicename=Servibanca HTTP/1.1" 200 6002 
0:0:0:0:0:0:0:1 -  -  [07/ene/2020:21:12:11 +0000] "GET /jposee/isotest/showLog.html?sid=0.6217792313140778&servicename=Servibanca HTTP/1.1" 200 6002 
0:0:0:0:0:0:0:1 -  -  [07/ene/2020:21:12:21 +0000] "GET /jposee/isotest/showLog.html?sid=0.9694862519071288&servicename=Servibanca HTTP/1.1" 200 6002 
0:0:0:0:0:0:0:1 -  -  [07/ene/2020:21:12:31 +0000] "GET /jposee/isotest/showLog.html?sid=0.5639020163935016&servicename=Servibanca HTTP/1.1" 200 6002 
0:0:0:0:0:0:0:1 -  -  [07/ene/2020:21:12:41 +0000] "GET /jposee/isotest/showLog.html?sid=0.24226434736510405&servicename=Servibanca HTTP/1.1" 200 6002 
0:0:0:0:0:0:0:1 -  -  [07/ene/2020:21:12:51 +0000] "GET /jposee/isotest/showLog.html?sid=0.3101561480765942&servicename=Servibanca HTTP/1.1" 200 6002 
0:0:0:0:0:0:0:1 -  -  [07/ene/2020:21:13:01 +0000] "GET /jposee/isotest/showLog.html?sid=0.9035305484113851&servicename=Servibanca HTTP/1.1" 200 6002 
0:0:0:0:0:0:0:1 -  -  [07/ene/2020:21:13:11 +0000] "GET /jposee/isotest/showLog.html?sid=0.6597942117435998&servicename=Servibanca HTTP/1.1" 200 6002 
0:0:0:0:0:0:0:1 -  -  [07/ene/2020:21:13:21 +0000] "GET /jposee/isotest/showLog.html?sid=0.0032992733133474506&servicename=Servibanca HTTP/1.1" 200 6002 
0:0:0:0:0:0:0:1 -  -  [07/ene/2020:21:13:31 +0000] "GET /jposee/isotest/showLog.html?sid=0.45649932181738406&servicename=Servibanca HTTP/1.1" 200 6002 
0:0:0:0:0:0:0:1 -  -  [07/ene/2020:21:13:41 +0000] "GET /jposee/isotest/showLog.html?sid=0.475129849115981&servicename=Servibanca HTTP/1.1" 200 6002 
0:0:0:0:0:0:0:1 -  -  [07/ene/2020:21:13:51 +0000] "GET /jposee/isotest/showLog.html?sid=0.18677987283438746&servicename=Servibanca HTTP/1.1" 200 6002 
0:0:0:0:0:0:0:1 -  -  [07/ene/2020:21:14:01 +0000] "GET /jposee/isotest/showLog.html?sid=0.6472502889824379&servicename=Servibanca HTTP/1.1" 200 6002 
0:0:0:0:0:0:0:1 -  -  [07/ene/2020:21:14:11 +0000] "GET /jposee/isotest/showLog.html?sid=0.4454830849601257&servicename=Servibanca HTTP/1.1" 200 6002 
0:0:0:0:0:0:0:1 -  -  [07/ene/2020:21:14:21 +0000] "GET /jposee/isotest/showLog.html?sid=0.9331126480120675&servicename=Servibanca HTTP/1.1" 200 6002 
0:0:0:0:0:0:0:1 -  -  [07/ene/2020:21:14:31 +0000] "GET /jposee/isotest/showLog.html?sid=0.0019835962064358448&servicename=Servibanca HTTP/1.1" 200 6002 
0:0:0:0:0:0:0:1 -  -  [07/ene/2020:21:14:41 +0000] "GET /jposee/isotest/showLog.html?sid=0.8747211925443288&servicename=Servibanca HTTP/1.1" 200 6002 
0:0:0:0:0:0:0:1 -  -  [07/ene/2020:21:14:51 +0000] "GET /jposee/isotest/showLog.html?sid=0.15119588088588753&servicename=Servibanca HTTP/1.1" 200 6002 
0:0:0:0:0:0:0:1 -  -  [07/ene/2020:21:15:01 +0000] "GET /jposee/isotest/showLog.html?sid=0.07821964350149035&servicename=Servibanca HTTP/1.1" 200 6002 
0:0:0:0:0:0:0:1 -  -  [07/ene/2020:21:15:11 +0000] "GET /jposee/isotest/showLog.html?sid=0.9755923503298964&servicename=Servibanca HTTP/1.1" 200 6002 
0:0:0:0:0:0:0:1 -  -  [07/ene/2020:21:15:21 +0000] "GET /jposee/isotest/showLog.html?sid=0.24174044287904328&servicename=Servibanca HTTP/1.1" 200 6002 
0:0:0:0:0:0:0:1 -  -  [07/ene/2020:21:15:31 +0000] "GET /jposee/isotest/showLog.html?sid=0.07091520262069295&servicename=Servibanca HTTP/1.1" 200 6002 
0:0:0:0:0:0:0:1 -  -  [07/ene/2020:21:15:41 +0000] "GET /jposee/isotest/showLog.html?sid=0.24314630868876308&servicename=Servibanca HTTP/1.1" 200 6002 
0:0:0:0:0:0:0:1 -  -  [07/ene/2020:21:15:51 +0000] "GET /jposee/isotest/showLog.html?sid=0.23201073309736575&servicename=Servibanca HTTP/1.1" 200 6002 
0:0:0:0:0:0:0:1 -  -  [07/ene/2020:21:16:01 +0000] "GET /jposee/isotest/showLog.html?sid=0.25791052326842223&servicename=Servibanca HTTP/1.1" 200 6002 
0:0:0:0:0:0:0:1 -  -  [07/ene/2020:21:16:11 +0000] "GET /jposee/isotest/showLog.html?sid=0.3663075140885488&servicename=Servibanca HTTP/1.1" 200 6002 
0:0:0:0:0:0:0:1 -  -  [07/ene/2020:21:16:21 +0000] "GET /jposee/isotest/showLog.html?sid=0.8911865930512786&servicename=Servibanca HTTP/1.1" 200 6002 
0:0:0:0:0:0:0:1 -  -  [07/ene/2020:21:16:31 +0000] "GET /jposee/isotest/showLog.html?sid=0.27876961172970405&servicename=Servibanca HTTP/1.1" 200 6002 
0:0:0:0:0:0:0:1 -  -  [07/ene/2020:21:16:41 +0000] "GET /jposee/isotest/showLog.html?sid=0.7339651699235898&servicename=Servibanca HTTP/1.1" 200 6002 
0:0:0:0:0:0:0:1 -  -  [07/ene/2020:21:16:51 +0000] "GET /jposee/isotest/showLog.html?sid=0.23119911905080093&servicename=Servibanca HTTP/1.1" 200 6002 
0:0:0:0:0:0:0:1 -  -  [07/ene/2020:21:17:01 +0000] "GET /jposee/isotest/showLog.html?sid=0.8173985860988853&servicename=Servibanca HTTP/1.1" 200 6002 
0:0:0:0:0:0:0:1 -  -  [07/ene/2020:21:17:11 +0000] "GET /jposee/isotest/showLog.html?sid=0.20045552833412894&servicename=Servibanca HTTP/1.1" 200 6002 
0:0:0:0:0:0:0:1 -  -  [07/ene/2020:21:17:21 +0000] "GET /jposee/isotest/showLog.html?sid=0.9641463853226371&servicename=Servibanca HTTP/1.1" 200 6002 
0:0:0:0:0:0:0:1 -  -  [07/ene/2020:21:17:31 +0000] "GET /jposee/isotest/showLog.html?sid=0.623411578164037&servicename=Servibanca HTTP/1.1" 200 6002 
0:0:0:0:0:0:0:1 -  -  [07/ene/2020:21:17:41 +0000] "GET /jposee/isotest/showLog.html?sid=0.9116149545189323&servicename=Servibanca HTTP/1.1" 200 6002 
0:0:0:0:0:0:0:1 -  -  [07/ene/2020:21:17:51 +0000] "GET /jposee/isotest/showLog.html?sid=0.7319268945571724&servicename=Servibanca HTTP/1.1" 200 6002 
0:0:0:0:0:0:0:1 -  -  [07/ene/2020:21:18:01 +0000] "GET /jposee/isotest/showLog.html?sid=0.9993505095286601&servicename=Servibanca HTTP/1.1" 200 6002 
0:0:0:0:0:0:0:1 -  -  [07/ene/2020:21:18:11 +0000] "GET /jposee/isotest/showLog.html?sid=0.38088383015446636&servicename=Servibanca HTTP/1.1" 200 6002 
0:0:0:0:0:0:0:1 -  -  [07/ene/2020:21:18:21 +0000] "GET /jposee/isotest/showLog.html?sid=0.3287168491850969&servicename=Servibanca HTTP/1.1" 200 6002 
0:0:0:0:0:0:0:1 -  -  [07/ene/2020:21:18:31 +0000] "GET /jposee/isotest/showLog.html?sid=0.5336111473115208&servicename=Servibanca HTTP/1.1" 200 6002 
0:0:0:0:0:0:0:1 -  -  [07/ene/2020:21:18:41 +0000] "GET /jposee/isotest/showLog.html?sid=0.994086162537235&servicename=Servibanca HTTP/1.1" 200 6002 
0:0:0:0:0:0:0:1 -  -  [07/ene/2020:21:18:51 +0000] "GET /jposee/isotest/showLog.html?sid=0.577071773521437&servicename=Servibanca HTTP/1.1" 200 6002 
0:0:0:0:0:0:0:1 -  -  [07/ene/2020:21:19:01 +0000] "GET /jposee/isotest/showLog.html?sid=0.9481550005673998&servicename=Servibanca HTTP/1.1" 200 6002 
0:0:0:0:0:0:0:1 -  -  [07/ene/2020:21:19:11 +0000] "GET /jposee/isotest/showLog.html?sid=0.14348808197816787&servicename=Servibanca HTTP/1.1" 200 6002 
0:0:0:0:0:0:0:1 -  -  [07/ene/2020:21:19:21 +0000] "GET /jposee/isotest/showLog.html?sid=0.46266277154894886&servicename=Servibanca HTTP/1.1" 200 6002 
0:0:0:0:0:0:0:1 -  -  [07/ene/2020:21:19:31 +0000] "GET /jposee/isotest/showLog.html?sid=0.9063172018195313&servicename=Servibanca HTTP/1.1" 200 6002 
0:0:0:0:0:0:0:1 -  -  [07/ene/2020:21:19:41 +0000] "GET /jposee/isotest/showLog.html?sid=0.823651587910587&servicename=Servibanca HTTP/1.1" 200 6002 
0:0:0:0:0:0:0:1 -  -  [07/ene/2020:21:19:51 +0000] "GET /jposee/isotest/showLog.html?sid=0.974880786291402&servicename=Servibanca HTTP/1.1" 200 6002 
0:0:0:0:0:0:0:1 -  -  [07/ene/2020:21:20:01 +0000] "GET /jposee/isotest/showLog.html?sid=0.23277438472009226&servicename=Servibanca HTTP/1.1" 200 6002 
0:0:0:0:0:0:0:1 -  -  [07/ene/2020:21:20:11 +0000] "GET /jposee/isotest/showLog.html?sid=0.6720742499669288&servicename=Servibanca HTTP/1.1" 200 6002 
0:0:0:0:0:0:0:1 -  -  [07/ene/2020:21:20:21 +0000] "GET /jposee/isotest/showLog.html?sid=0.9311918588224011&servicename=Servibanca HTTP/1.1" 200 6002 
0:0:0:0:0:0:0:1 -  -  [07/ene/2020:21:20:31 +0000] "GET /jposee/isotest/showLog.html?sid=0.02987042339043211&servicename=Servibanca HTTP/1.1" 200 6002 
0:0:0:0:0:0:0:1 -  -  [07/ene/2020:21:20:41 +0000] "GET /jposee/isotest/showLog.html?sid=0.6664356306954609&servicename=Servibanca HTTP/1.1" 200 6002 
0:0:0:0:0:0:0:1 -  -  [07/ene/2020:21:20:51 +0000] "GET /jposee/isotest/showLog.html?sid=0.33736836695518435&servicename=Servibanca HTTP/1.1" 200 6002 
0:0:0:0:0:0:0:1 -  -  [07/ene/2020:21:21:01 +0000] "GET /jposee/isotest/showLog.html?sid=0.3408807122719417&servicename=Servibanca HTTP/1.1" 200 6002 
0:0:0:0:0:0:0:1 -  -  [07/ene/2020:21:21:11 +0000] "GET /jposee/isotest/showLog.html?sid=0.6510550564666704&servicename=Servibanca HTTP/1.1" 200 6002 
0:0:0:0:0:0:0:1 -  -  [07/ene/2020:21:21:21 +0000] "GET /jposee/isotest/showLog.html?sid=0.04735124016442582&servicename=Servibanca HTTP/1.1" 200 6002 
0:0:0:0:0:0:0:1 -  -  [07/ene/2020:21:21:31 +0000] "GET /jposee/isotest/showLog.html?sid=0.5944975849780969&servicename=Servibanca HTTP/1.1" 200 6002 
0:0:0:0:0:0:0:1 -  -  [07/ene/2020:21:21:41 +0000] "GET /jposee/isotest/showLog.html?sid=0.10868567972888377&servicename=Servibanca HTTP/1.1" 200 6002 
0:0:0:0:0:0:0:1 -  -  [07/ene/2020:21:21:51 +0000] "GET /jposee/isotest/showLog.html?sid=0.8070956829464966&servicename=Servibanca HTTP/1.1" 200 6002 
0:0:0:0:0:0:0:1 -  -  [07/ene/2020:21:22:01 +0000] "GET /jposee/isotest/showLog.html?sid=0.019534684861942875&servicename=Servibanca HTTP/1.1" 200 6002 
0:0:0:0:0:0:0:1 -  -  [07/ene/2020:21:22:11 +0000] "GET /jposee/isotest/showLog.html?sid=0.7678504060246987&servicename=Servibanca HTTP/1.1" 200 6002 
0:0:0:0:0:0:0:1 -  -  [07/ene/2020:21:22:21 +0000] "GET /jposee/isotest/showLog.html?sid=0.13527201264638578&servicename=Servibanca HTTP/1.1" 200 6002 
0:0:0:0:0:0:0:1 -  -  [07/ene/2020:21:22:31 +0000] "GET /jposee/isotest/showLog.html?sid=0.3480593856273777&servicename=Servibanca HTTP/1.1" 200 6002 
0:0:0:0:0:0:0:1 -  -  [07/ene/2020:21:22:41 +0000] "GET /jposee/isotest/showLog.html?sid=0.5920358804083936&servicename=Servibanca HTTP/1.1" 200 6002 
0:0:0:0:0:0:0:1 -  -  [07/ene/2020:21:22:51 +0000] "GET /jposee/isotest/showLog.html?sid=0.09587274031713644&servicename=Servibanca HTTP/1.1" 200 6002 
0:0:0:0:0:0:0:1 -  -  [07/ene/2020:21:23:01 +0000] "GET /jposee/isotest/showLog.html?sid=0.7947771867956666&servicename=Servibanca HTTP/1.1" 200 6002 
0:0:0:0:0:0:0:1 -  -  [07/ene/2020:21:23:11 +0000] "GET /jposee/isotest/showLog.html?sid=0.49379476047151405&servicename=Servibanca HTTP/1.1" 200 6002 
0:0:0:0:0:0:0:1 -  -  [07/ene/2020:21:23:21 +0000] "GET /jposee/isotest/showLog.html?sid=0.42130648920324987&servicename=Servibanca HTTP/1.1" 200 6002 
0:0:0:0:0:0:0:1 -  -  [07/ene/2020:21:23:27 +0000] "GET /jposee/isotest/list.html HTTP/1.1" 200 8209 
0:0:0:0:0:0:0:1 -  -  [07/ene/2020:21:23:27 +0000] "GET /jposee/isotest/list_data_nameregistrar.html?sid=0.9392116936611428 HTTP/1.1" 200 79 
0:0:0:0:0:0:0:1 -  -  [07/ene/2020:21:23:28 +0000] "POST /jposee/isotest/list.html HTTP/1.1" 200 8247 
0:0:0:0:0:0:0:1 -  -  [07/ene/2020:21:23:28 +0000] "GET /jposee/isotest/list_data_nameregistrar.html?sid=0.6161642199079833 HTTP/1.1" 200 79 
