0:0:0:0:0:0:0:1 -  -  [10/mar/2020:22:56:57 +0000] "GET /jposee/login.html HTTP/1.1" 200 3820 
0:0:0:0:0:0:0:1 -  -  [10/mar/2020:22:56:57 +0000] "GET /jposee/style.css HTTP/1.1" 200 5840 
0:0:0:0:0:0:0:1 -  -  [10/mar/2020:22:56:57 +0000] "GET /jposee/css/cssmenu.css HTTP/1.1" 200 8896 
0:0:0:0:0:0:0:1 -  -  [10/mar/2020:22:56:57 +0000] "GET /jposee/images/jpos_t.jpg HTTP/1.1" 200 1902 
0:0:0:0:0:0:0:1 -  -  [10/mar/2020:22:56:57 +0000] "GET /jposee/images/go.gif HTTP/1.1" 200 983 
0:0:0:0:0:0:0:1 -  -  [10/mar/2020:22:56:57 +0000] "GET /jposee/js/md5.js HTTP/1.1" 200 9308 
0:0:0:0:0:0:0:1 -  -  [10/mar/2020:22:56:57 +0000] "GET /jposee/js/cookies.js HTTP/1.1" 200 350 
0:0:0:0:0:0:0:1 -  -  [10/mar/2020:22:56:57 +0000] "GET /favicon.ico HTTP/1.1" 404 1376 
0:0:0:0:0:0:0:1 -  -  [10/mar/2020:22:57:14 +0000] "POST /jposee/login.html HTTP/1.1" 302 0 
0:0:0:0:0:0:0:1 -  -  [10/mar/2020:22:57:14 +0000] "GET /jposee/ HTTP/1.1" 200 5410 
0:0:0:0:0:0:0:1 -  -  [10/mar/2020:22:57:16 +0000] "GET /jposee/isotest/list.html HTTP/1.1" 200 8144 
0:0:0:0:0:0:0:1 -  -  [10/mar/2020:22:57:16 +0000] "GET /jposee/js/listinfo.js HTTP/1.1" 200 1757 
0:0:0:0:0:0:0:1 -  -  [10/mar/2020:22:57:16 +0000] "GET /jposee/isotest/list_data_nameregistrar.html?sid=0.8037700112639947 HTTP/1.1" 200 21 
0:0:0:0:0:0:0:1 -  -  [10/mar/2020:22:57:21 +0000] "GET /jposee/isotest/list_data_nameregistrar.html?sid=0.2203513121841345 HTTP/1.1" 200 21 
0:0:0:0:0:0:0:1 -  -  [10/mar/2020:22:57:26 +0000] "GET /jposee/isotest/list_data_nameregistrar.html?sid=0.44504910906455053 HTTP/1.1" 200 21 
0:0:0:0:0:0:0:1 -  -  [10/mar/2020:22:57:31 +0000] "GET /jposee/isotest/list_data_nameregistrar.html?sid=0.9663326437148152 HTTP/1.1" 200 21 
0:0:0:0:0:0:0:1 -  -  [10/mar/2020:22:57:36 +0000] "GET /jposee/isotest/list_data_nameregistrar.html?sid=0.8943948012172582 HTTP/1.1" 200 21 
0:0:0:0:0:0:0:1 -  -  [10/mar/2020:22:57:41 +0000] "GET /jposee/isotest/list_data_nameregistrar.html?sid=0.7664336970236425 HTTP/1.1" 200 21 
0:0:0:0:0:0:0:1 -  -  [10/mar/2020:22:57:46 +0000] "GET /jposee/isotest/list_data_nameregistrar.html?sid=0.2238497853065342 HTTP/1.1" 200 21 
0:0:0:0:0:0:0:1 -  -  [10/mar/2020:22:57:50 +0000] "GET /jposee/isotest/list_data_nameregistrar.html?sid=0.4600147645564776 HTTP/1.1" 200 21 
0:0:0:0:0:0:0:1 -  -  [10/mar/2020:22:57:55 +0000] "GET /jposee/isotest/list_data_nameregistrar.html?sid=0.12881570144879806 HTTP/1.1" 200 21 
0:0:0:0:0:0:0:1 -  -  [10/mar/2020:22:58:00 +0000] "GET /jposee/isotest/list_data_nameregistrar.html?sid=0.5866260244886436 HTTP/1.1" 200 21 
0:0:0:0:0:0:0:1 -  -  [10/mar/2020:22:58:05 +0000] "GET /jposee/isotest/list_data_nameregistrar.html?sid=0.9026198767920497 HTTP/1.1" 200 21 
0:0:0:0:0:0:0:1 -  -  [10/mar/2020:22:58:10 +0000] "GET /jposee/isotest/list_data_nameregistrar.html?sid=0.4451361898305599 HTTP/1.1" 200 21 
0:0:0:0:0:0:0:1 -  -  [10/mar/2020:22:58:15 +0000] "GET /jposee/isotest/list_data_nameregistrar.html?sid=0.40224253391986164 HTTP/1.1" 200 21 
0:0:0:0:0:0:0:1 -  -  [10/mar/2020:22:58:20 +0000] "GET /jposee/isotest/list_data_nameregistrar.html?sid=0.942827331979101 HTTP/1.1" 200 21 
0:0:0:0:0:0:0:1 -  -  [10/mar/2020:22:58:24 +0000] "GET /jposee/isotest/list_data_nameregistrar.html?sid=0.9999062308887479 HTTP/1.1" 200 21 
0:0:0:0:0:0:0:1 -  -  [10/mar/2020:22:58:29 +0000] "GET /jposee/isotest/list_data_nameregistrar.html?sid=0.9695999578458412 HTTP/1.1" 200 21 
0:0:0:0:0:0:0:1 -  -  [10/mar/2020:22:58:34 +0000] "GET /jposee/isotest/list_data_nameregistrar.html?sid=0.5961880233693211 HTTP/1.1" 200 21 
0:0:0:0:0:0:0:1 -  -  [10/mar/2020:22:58:39 +0000] "GET /jposee/isotest/list_data_nameregistrar.html?sid=0.3157228457192982 HTTP/1.1" 200 21 
0:0:0:0:0:0:0:1 -  -  [10/mar/2020:22:58:44 +0000] "GET /jposee/isotest/list_data_nameregistrar.html?sid=0.06479976738434945 HTTP/1.1" 200 21 
0:0:0:0:0:0:0:1 -  -  [10/mar/2020:22:58:49 +0000] "GET /jposee/isotest/list_data_nameregistrar.html?sid=0.21898430226971044 HTTP/1.1" 200 21 
0:0:0:0:0:0:0:1 -  -  [10/mar/2020:22:58:53 +0000] "GET /jposee/isotest/list_data_nameregistrar.html?sid=0.5663687849381804 HTTP/1.1" 200 21 
0:0:0:0:0:0:0:1 -  -  [10/mar/2020:22:58:58 +0000] "GET /jposee/isotest/list_data_nameregistrar.html?sid=0.9351736640475061 HTTP/1.1" 200 21 
0:0:0:0:0:0:0:1 -  -  [10/mar/2020:22:59:03 +0000] "GET /jposee/isotest/list_data_nameregistrar.html?sid=0.40611935799334886 HTTP/1.1" 200 21 
0:0:0:0:0:0:0:1 -  -  [10/mar/2020:22:59:08 +0000] "GET /jposee/isotest/list_data_nameregistrar.html?sid=0.5118891054800441 HTTP/1.1" 200 21 
0:0:0:0:0:0:0:1 -  -  [10/mar/2020:22:59:13 +0000] "GET /jposee/isotest/list_data_nameregistrar.html?sid=0.2430311268169716 HTTP/1.1" 200 21 
0:0:0:0:0:0:0:1 -  -  [10/mar/2020:22:59:18 +0000] "GET /jposee/isotest/list_data_nameregistrar.html?sid=0.2628849737526535 HTTP/1.1" 200 21 
0:0:0:0:0:0:0:1 -  -  [10/mar/2020:22:59:23 +0000] "GET /jposee/isotest/list_data_nameregistrar.html?sid=0.8286075188744184 HTTP/1.1" 200 21 
0:0:0:0:0:0:0:1 -  -  [10/mar/2020:22:59:27 +0000] "GET /jposee/isotest/list_data_nameregistrar.html?sid=0.10066718542459907 HTTP/1.1" 200 21 
0:0:0:0:0:0:0:1 -  -  [10/mar/2020:22:59:32 +0000] "GET /jposee/isotest/list_data_nameregistrar.html?sid=0.9801639575574426 HTTP/1.1" 200 21 
0:0:0:0:0:0:0:1 -  -  [10/mar/2020:22:59:37 +0000] "GET /jposee/isotest/list_data_nameregistrar.html?sid=0.7148182791851272 HTTP/1.1" 200 21 
0:0:0:0:0:0:0:1 -  -  [10/mar/2020:22:59:42 +0000] "GET /jposee/isotest/list_data_nameregistrar.html?sid=0.011556304480439428 HTTP/1.1" 200 21 
0:0:0:0:0:0:0:1 -  -  [10/mar/2020:22:59:47 +0000] "GET /jposee/isotest/list_data_nameregistrar.html?sid=0.428553444215094 HTTP/1.1" 200 21 
0:0:0:0:0:0:0:1 -  -  [10/mar/2020:22:59:52 +0000] "GET /jposee/isotest/list_data_nameregistrar.html?sid=0.7157063300115221 HTTP/1.1" 200 21 
0:0:0:0:0:0:0:1 -  -  [10/mar/2020:22:59:56 +0000] "GET /jposee/isotest/list_data_nameregistrar.html?sid=0.3566467174104304 HTTP/1.1" 200 21 
0:0:0:0:0:0:0:1 -  -  [10/mar/2020:23:00:01 +0000] "GET /jposee/isotest/list_data_nameregistrar.html?sid=0.8621740568245497 HTTP/1.1" 200 21 
0:0:0:0:0:0:0:1 -  -  [10/mar/2020:23:00:06 +0000] "GET /jposee/isotest/list_data_nameregistrar.html?sid=0.6021310230121526 HTTP/1.1" 200 21 
0:0:0:0:0:0:0:1 -  -  [10/mar/2020:23:00:11 +0000] "GET /jposee/isotest/list_data_nameregistrar.html?sid=0.4925730491728846 HTTP/1.1" 200 21 
0:0:0:0:0:0:0:1 -  -  [10/mar/2020:23:00:16 +0000] "GET /jposee/isotest/list_data_nameregistrar.html?sid=0.06129991056000672 HTTP/1.1" 200 21 
0:0:0:0:0:0:0:1 -  -  [10/mar/2020:23:00:21 +0000] "GET /jposee/isotest/list_data_nameregistrar.html?sid=0.024202998542133924 HTTP/1.1" 200 21 
0:0:0:0:0:0:0:1 -  -  [10/mar/2020:23:00:26 +0000] "GET /jposee/isotest/list_data_nameregistrar.html?sid=0.3486165184251131 HTTP/1.1" 200 21 
0:0:0:0:0:0:0:1 -  -  [10/mar/2020:23:00:30 +0000] "GET /jposee/isotest/list_data_nameregistrar.html?sid=0.9662603923647775 HTTP/1.1" 200 21 
0:0:0:0:0:0:0:1 -  -  [10/mar/2020:23:00:35 +0000] "GET /jposee/isotest/list_data_nameregistrar.html?sid=0.9113530251997903 HTTP/1.1" 200 21 
0:0:0:0:0:0:0:1 -  -  [10/mar/2020:23:00:40 +0000] "GET /jposee/isotest/list_data_nameregistrar.html?sid=0.2530363047631732 HTTP/1.1" 200 21 
0:0:0:0:0:0:0:1 -  -  [10/mar/2020:23:00:45 +0000] "GET /jposee/isotest/list_data_nameregistrar.html?sid=0.9544359882660014 HTTP/1.1" 200 21 
0:0:0:0:0:0:0:1 -  -  [10/mar/2020:23:00:50 +0000] "GET /jposee/isotest/list_data_nameregistrar.html?sid=0.45473930285248754 HTTP/1.1" 200 21 
0:0:0:0:0:0:0:1 -  -  [10/mar/2020:23:00:55 +0000] "GET /jposee/isotest/list_data_nameregistrar.html?sid=0.3730581848592216 HTTP/1.1" 200 21 
0:0:0:0:0:0:0:1 -  -  [10/mar/2020:23:01:00 +0000] "GET /jposee/isotest/list_data_nameregistrar.html?sid=0.12492134611917782 HTTP/1.1" 200 21 
0:0:0:0:0:0:0:1 -  -  [10/mar/2020:23:01:04 +0000] "GET /jposee/isotest/list_data_nameregistrar.html?sid=0.10002915276305191 HTTP/1.1" 200 21 
0:0:0:0:0:0:0:1 -  -  [10/mar/2020:23:01:09 +0000] "GET /jposee/isotest/list_data_nameregistrar.html?sid=0.046057588266591676 HTTP/1.1" 200 21 
0:0:0:0:0:0:0:1 -  -  [10/mar/2020:23:01:14 +0000] "GET /jposee/isotest/list_data_nameregistrar.html?sid=0.20321609374535243 HTTP/1.1" 200 21 
0:0:0:0:0:0:0:1 -  -  [10/mar/2020:23:01:19 +0000] "GET /jposee/isotest/list_data_nameregistrar.html?sid=0.8701927517749544 HTTP/1.1" 200 21 
0:0:0:0:0:0:0:1 -  -  [10/mar/2020:23:01:24 +0000] "GET /jposee/isotest/list_data_nameregistrar.html?sid=0.33062657638685966 HTTP/1.1" 200 21 
0:0:0:0:0:0:0:1 -  -  [10/mar/2020:23:01:29 +0000] "GET /jposee/isotest/list_data_nameregistrar.html?sid=0.7175356437640934 HTTP/1.1" 200 21 
0:0:0:0:0:0:0:1 -  -  [10/mar/2020:23:01:33 +0000] "GET /jposee/isotest/list_data_nameregistrar.html?sid=0.34400066501171844 HTTP/1.1" 200 21 
0:0:0:0:0:0:0:1 -  -  [10/mar/2020:23:01:38 +0000] "GET /jposee/isotest/list_data_nameregistrar.html?sid=0.2067588396863973 HTTP/1.1" 200 21 
0:0:0:0:0:0:0:1 -  -  [10/mar/2020:23:01:43 +0000] "GET /jposee/isotest/list_data_nameregistrar.html?sid=0.4102900055999805 HTTP/1.1" 200 21 
0:0:0:0:0:0:0:1 -  -  [10/mar/2020:23:01:48 +0000] "GET /jposee/isotest/list_data_nameregistrar.html?sid=0.8741367469222205 HTTP/1.1" 200 21 
0:0:0:0:0:0:0:1 -  -  [10/mar/2020:23:01:53 +0000] "GET /jposee/isotest/list_data_nameregistrar.html?sid=0.7859278321218612 HTTP/1.1" 200 21 
0:0:0:0:0:0:0:1 -  -  [10/mar/2020:23:01:58 +0000] "GET /jposee/isotest/list_data_nameregistrar.html?sid=0.3492322338620266 HTTP/1.1" 200 21 
0:0:0:0:0:0:0:1 -  -  [10/mar/2020:23:02:03 +0000] "GET /jposee/isotest/list_data_nameregistrar.html?sid=0.9705192335648187 HTTP/1.1" 200 21 
0:0:0:0:0:0:0:1 -  -  [10/mar/2020:23:02:07 +0000] "GET /jposee/isotest/list_data_nameregistrar.html?sid=0.7559198590881537 HTTP/1.1" 200 21 
0:0:0:0:0:0:0:1 -  -  [10/mar/2020:23:02:12 +0000] "GET /jposee/isotest/list_data_nameregistrar.html?sid=0.2646207186884777 HTTP/1.1" 200 21 
0:0:0:0:0:0:0:1 -  -  [10/mar/2020:23:02:17 +0000] "GET /jposee/isotest/list_data_nameregistrar.html?sid=0.5362963729842332 HTTP/1.1" 200 21 
0:0:0:0:0:0:0:1 -  -  [10/mar/2020:23:02:22 +0000] "GET /jposee/isotest/list_data_nameregistrar.html?sid=0.3668764341263011 HTTP/1.1" 200 21 
0:0:0:0:0:0:0:1 -  -  [10/mar/2020:23:02:27 +0000] "GET /jposee/isotest/list_data_nameregistrar.html?sid=0.2032108832026711 HTTP/1.1" 200 21 
0:0:0:0:0:0:0:1 -  -  [10/mar/2020:23:02:32 +0000] "GET /jposee/isotest/list_data_nameregistrar.html?sid=0.6138781467461258 HTTP/1.1" 200 21 
0:0:0:0:0:0:0:1 -  -  [10/mar/2020:23:02:37 +0000] "GET /jposee/isotest/list_data_nameregistrar.html?sid=0.25714968562242113 HTTP/1.1" 200 21 
0:0:0:0:0:0:0:1 -  -  [10/mar/2020:23:02:42 +0000] "GET /jposee/isotest/list_data_nameregistrar.html?sid=0.18211447560487737 HTTP/1.1" 200 21 
0:0:0:0:0:0:0:1 -  -  [10/mar/2020:23:02:47 +0000] "GET /jposee/isotest/list_data_nameregistrar.html?sid=0.9719870796535637 HTTP/1.1" 200 21 
0:0:0:0:0:0:0:1 -  -  [10/mar/2020:23:02:52 +0000] "GET /jposee/isotest/list_data_nameregistrar.html?sid=0.20558272437905645 HTTP/1.1" 200 21 
0:0:0:0:0:0:0:1 -  -  [10/mar/2020:23:02:57 +0000] "GET /jposee/isotest/list_data_nameregistrar.html?sid=0.26221115111019166 HTTP/1.1" 200 21 
0:0:0:0:0:0:0:1 -  -  [10/mar/2020:23:03:02 +0000] "GET /jposee/isotest/list_data_nameregistrar.html?sid=0.16008953725906627 HTTP/1.1" 200 21 
0:0:0:0:0:0:0:1 -  -  [10/mar/2020:23:03:07 +0000] "GET /jposee/isotest/list_data_nameregistrar.html?sid=0.5381687740423153 HTTP/1.1" 200 21 
0:0:0:0:0:0:0:1 -  -  [10/mar/2020:23:03:12 +0000] "GET /jposee/isotest/list_data_nameregistrar.html?sid=0.48164675871463514 HTTP/1.1" 200 21 
0:0:0:0:0:0:0:1 -  -  [10/mar/2020:23:03:17 +0000] "GET /jposee/isotest/list_data_nameregistrar.html?sid=0.9053778747602266 HTTP/1.1" 200 21 
0:0:0:0:0:0:0:1 -  -  [10/mar/2020:23:03:22 +0000] "GET /jposee/isotest/list_data_nameregistrar.html?sid=0.11708968945131115 HTTP/1.1" 200 21 
0:0:0:0:0:0:0:1 -  -  [10/mar/2020:23:03:27 +0000] "GET /jposee/isotest/list_data_nameregistrar.html?sid=0.44384009187469875 HTTP/1.1" 200 21 
0:0:0:0:0:0:0:1 -  -  [10/mar/2020:23:03:32 +0000] "GET /jposee/isotest/list_data_nameregistrar.html?sid=0.8499393118322538 HTTP/1.1" 200 21 
0:0:0:0:0:0:0:1 -  -  [10/mar/2020:23:03:37 +0000] "GET /jposee/isotest/list_data_nameregistrar.html?sid=0.7459892141403968 HTTP/1.1" 200 21 
0:0:0:0:0:0:0:1 -  -  [10/mar/2020:23:03:42 +0000] "GET /jposee/isotest/list_data_nameregistrar.html?sid=0.048905065242252244 HTTP/1.1" 200 21 
0:0:0:0:0:0:0:1 -  -  [10/mar/2020:23:03:47 +0000] "GET /jposee/isotest/list_data_nameregistrar.html?sid=0.17306192135172416 HTTP/1.1" 200 21 
0:0:0:0:0:0:0:1 -  -  [10/mar/2020:23:03:52 +0000] "GET /jposee/isotest/list_data_nameregistrar.html?sid=0.5683741202958918 HTTP/1.1" 200 21 
0:0:0:0:0:0:0:1 -  -  [10/mar/2020:23:03:57 +0000] "GET /jposee/isotest/list_data_nameregistrar.html?sid=0.05893334134294981 HTTP/1.1" 200 21 
0:0:0:0:0:0:0:1 -  -  [10/mar/2020:23:04:02 +0000] "GET /jposee/isotest/list_data_nameregistrar.html?sid=0.32425544298279485 HTTP/1.1" 200 21 
0:0:0:0:0:0:0:1 -  -  [10/mar/2020:23:04:07 +0000] "GET /jposee/isotest/list_data_nameregistrar.html?sid=0.7828371024152985 HTTP/1.1" 200 21 
0:0:0:0:0:0:0:1 -  -  [10/mar/2020:23:04:12 +0000] "GET /jposee/isotest/list_data_nameregistrar.html?sid=0.1502486155888525 HTTP/1.1" 200 21 
0:0:0:0:0:0:0:1 -  -  [10/mar/2020:23:04:17 +0000] "GET /jposee/isotest/list_data_nameregistrar.html?sid=0.0908940999544301 HTTP/1.1" 200 21 
0:0:0:0:0:0:0:1 -  -  [10/mar/2020:23:04:22 +0000] "GET /jposee/isotest/list_data_nameregistrar.html?sid=0.6107737633462256 HTTP/1.1" 200 21 
0:0:0:0:0:0:0:1 -  -  [10/mar/2020:23:04:27 +0000] "GET /jposee/isotest/list_data_nameregistrar.html?sid=0.34089718589202334 HTTP/1.1" 200 21 
0:0:0:0:0:0:0:1 -  -  [10/mar/2020:23:04:32 +0000] "GET /jposee/isotest/list_data_nameregistrar.html?sid=0.0514696567331252 HTTP/1.1" 200 21 
0:0:0:0:0:0:0:1 -  -  [10/mar/2020:23:04:37 +0000] "GET /jposee/isotest/list_data_nameregistrar.html?sid=0.3344069793593796 HTTP/1.1" 200 21 
0:0:0:0:0:0:0:1 -  -  [10/mar/2020:23:04:43 +0000] "GET /jposee/isotest/list_data_nameregistrar.html?sid=0.8399631454109393 HTTP/1.1" 200 21 
0:0:0:0:0:0:0:1 -  -  [10/mar/2020:23:04:48 +0000] "GET /jposee/isotest/list_data_nameregistrar.html?sid=0.04340929235513191 HTTP/1.1" 200 21 
0:0:0:0:0:0:0:1 -  -  [10/mar/2020:23:04:53 +0000] "GET /jposee/isotest/list_data_nameregistrar.html?sid=0.6065153215894592 HTTP/1.1" 200 21 
0:0:0:0:0:0:0:1 -  -  [10/mar/2020:23:04:58 +0000] "GET /jposee/isotest/list_data_nameregistrar.html?sid=0.17194732854247907 HTTP/1.1" 200 21 
0:0:0:0:0:0:0:1 -  -  [10/mar/2020:23:05:03 +0000] "GET /jposee/isotest/list_data_nameregistrar.html?sid=0.8460727258794272 HTTP/1.1" 200 21 
0:0:0:0:0:0:0:1 -  -  [10/mar/2020:23:05:08 +0000] "GET /jposee/isotest/list_data_nameregistrar.html?sid=0.290561407336587 HTTP/1.1" 200 21 
0:0:0:0:0:0:0:1 -  -  [10/mar/2020:23:05:13 +0000] "GET /jposee/isotest/list_data_nameregistrar.html?sid=0.9289962645434016 HTTP/1.1" 200 21 
0:0:0:0:0:0:0:1 -  -  [10/mar/2020:23:05:18 +0000] "GET /jposee/isotest/list_data_nameregistrar.html?sid=0.8992600746081711 HTTP/1.1" 200 21 
0:0:0:0:0:0:0:1 -  -  [10/mar/2020:23:05:23 +0000] "GET /jposee/isotest/list_data_nameregistrar.html?sid=0.8721087969131112 HTTP/1.1" 200 21 
0:0:0:0:0:0:0:1 -  -  [10/mar/2020:23:05:28 +0000] "GET /jposee/isotest/list_data_nameregistrar.html?sid=0.04305841887720696 HTTP/1.1" 200 21 
0:0:0:0:0:0:0:1 -  -  [10/mar/2020:23:05:33 +0000] "GET /jposee/isotest/list_data_nameregistrar.html?sid=0.339863003825122 HTTP/1.1" 200 21 
0:0:0:0:0:0:0:1 -  -  [10/mar/2020:23:05:38 +0000] "GET /jposee/isotest/list_data_nameregistrar.html?sid=0.9966719910178781 HTTP/1.1" 200 21 
0:0:0:0:0:0:0:1 -  -  [10/mar/2020:23:05:43 +0000] "GET /jposee/isotest/list_data_nameregistrar.html?sid=0.0385084906579547 HTTP/1.1" 200 21 
0:0:0:0:0:0:0:1 -  -  [10/mar/2020:23:05:48 +0000] "GET /jposee/isotest/list_data_nameregistrar.html?sid=0.7953059959236484 HTTP/1.1" 200 21 
0:0:0:0:0:0:0:1 -  -  [10/mar/2020:23:05:53 +0000] "GET /jposee/isotest/list_data_nameregistrar.html?sid=0.3277637444747301 HTTP/1.1" 200 21 
0:0:0:0:0:0:0:1 -  -  [10/mar/2020:23:05:58 +0000] "GET /jposee/isotest/list_data_nameregistrar.html?sid=0.6653065914883531 HTTP/1.1" 200 21 
0:0:0:0:0:0:0:1 -  -  [10/mar/2020:23:06:03 +0000] "GET /jposee/isotest/list_data_nameregistrar.html?sid=0.5039700831940284 HTTP/1.1" 200 21 
0:0:0:0:0:0:0:1 -  -  [10/mar/2020:23:06:08 +0000] "GET /jposee/isotest/list_data_nameregistrar.html?sid=0.5899622125188015 HTTP/1.1" 200 21 
0:0:0:0:0:0:0:1 -  -  [10/mar/2020:23:06:13 +0000] "GET /jposee/isotest/list_data_nameregistrar.html?sid=0.34867552633143495 HTTP/1.1" 200 21 
0:0:0:0:0:0:0:1 -  -  [10/mar/2020:23:06:18 +0000] "GET /jposee/isotest/list_data_nameregistrar.html?sid=0.11213872718593221 HTTP/1.1" 200 21 
0:0:0:0:0:0:0:1 -  -  [10/mar/2020:23:06:23 +0000] "GET /jposee/isotest/list_data_nameregistrar.html?sid=0.03404990455703216 HTTP/1.1" 200 21 
0:0:0:0:0:0:0:1 -  -  [10/mar/2020:23:06:28 +0000] "GET /jposee/isotest/list_data_nameregistrar.html?sid=0.9752647791330622 HTTP/1.1" 200 21 
0:0:0:0:0:0:0:1 -  -  [10/mar/2020:23:06:33 +0000] "GET /jposee/isotest/list_data_nameregistrar.html?sid=0.754070304376381 HTTP/1.1" 200 21 
0:0:0:0:0:0:0:1 -  -  [10/mar/2020:23:06:38 +0000] "GET /jposee/isotest/list_data_nameregistrar.html?sid=0.05206945070724833 HTTP/1.1" 200 21 
0:0:0:0:0:0:0:1 -  -  [10/mar/2020:23:06:43 +0000] "GET /jposee/isotest/list_data_nameregistrar.html?sid=0.9651179589840404 HTTP/1.1" 200 21 
0:0:0:0:0:0:0:1 -  -  [10/mar/2020:23:06:48 +0000] "GET /jposee/isotest/list_data_nameregistrar.html?sid=0.2660164527411444 HTTP/1.1" 200 21 
0:0:0:0:0:0:0:1 -  -  [10/mar/2020:23:06:53 +0000] "GET /jposee/isotest/list_data_nameregistrar.html?sid=0.4722085948645758 HTTP/1.1" 200 21 
0:0:0:0:0:0:0:1 -  -  [10/mar/2020:23:06:58 +0000] "GET /jposee/isotest/list_data_nameregistrar.html?sid=0.255024372458752 HTTP/1.1" 200 21 
0:0:0:0:0:0:0:1 -  -  [10/mar/2020:23:07:03 +0000] "GET /jposee/isotest/list_data_nameregistrar.html?sid=0.11123325201739842 HTTP/1.1" 200 21 
0:0:0:0:0:0:0:1 -  -  [10/mar/2020:23:07:08 +0000] "GET /jposee/isotest/list_data_nameregistrar.html?sid=0.9652366238462908 HTTP/1.1" 200 21 
0:0:0:0:0:0:0:1 -  -  [10/mar/2020:23:07:13 +0000] "GET /jposee/isotest/list_data_nameregistrar.html?sid=0.36574109958240775 HTTP/1.1" 200 21 
0:0:0:0:0:0:0:1 -  -  [10/mar/2020:23:07:18 +0000] "GET /jposee/isotest/list_data_nameregistrar.html?sid=0.3663376529886093 HTTP/1.1" 200 21 
0:0:0:0:0:0:0:1 -  -  [10/mar/2020:23:07:23 +0000] "GET /jposee/isotest/list_data_nameregistrar.html?sid=0.1667821606884341 HTTP/1.1" 200 21 
0:0:0:0:0:0:0:1 -  -  [10/mar/2020:23:07:28 +0000] "GET /jposee/isotest/list_data_nameregistrar.html?sid=0.10589747708276898 HTTP/1.1" 200 21 
0:0:0:0:0:0:0:1 -  -  [10/mar/2020:23:07:33 +0000] "GET /jposee/isotest/list_data_nameregistrar.html?sid=0.0882491055986212 HTTP/1.1" 200 21 
0:0:0:0:0:0:0:1 -  -  [10/mar/2020:23:07:38 +0000] "GET /jposee/isotest/list_data_nameregistrar.html?sid=0.4536520809231961 HTTP/1.1" 200 21 
0:0:0:0:0:0:0:1 -  -  [10/mar/2020:23:07:43 +0000] "GET /jposee/isotest/list_data_nameregistrar.html?sid=0.1955606120855531 HTTP/1.1" 200 21 
0:0:0:0:0:0:0:1 -  -  [10/mar/2020:23:07:48 +0000] "GET /jposee/isotest/list_data_nameregistrar.html?sid=0.8956234860082546 HTTP/1.1" 200 21 
0:0:0:0:0:0:0:1 -  -  [10/mar/2020:23:07:53 +0000] "GET /jposee/isotest/list_data_nameregistrar.html?sid=0.9675911425858759 HTTP/1.1" 200 21 
0:0:0:0:0:0:0:1 -  -  [10/mar/2020:23:07:58 +0000] "GET /jposee/isotest/list_data_nameregistrar.html?sid=0.4899138731878925 HTTP/1.1" 200 21 
0:0:0:0:0:0:0:1 -  -  [10/mar/2020:23:08:03 +0000] "GET /jposee/isotest/list_data_nameregistrar.html?sid=0.9730923714853561 HTTP/1.1" 200 21 
0:0:0:0:0:0:0:1 -  -  [10/mar/2020:23:08:08 +0000] "GET /jposee/isotest/list_data_nameregistrar.html?sid=0.3415409117461763 HTTP/1.1" 200 21 
0:0:0:0:0:0:0:1 -  -  [10/mar/2020:23:08:13 +0000] "GET /jposee/isotest/list_data_nameregistrar.html?sid=0.08539137043373368 HTTP/1.1" 200 21 
0:0:0:0:0:0:0:1 -  -  [10/mar/2020:23:08:18 +0000] "GET /jposee/isotest/list_data_nameregistrar.html?sid=0.13284818860389636 HTTP/1.1" 200 21 
0:0:0:0:0:0:0:1 -  -  [10/mar/2020:23:08:23 +0000] "GET /jposee/isotest/list_data_nameregistrar.html?sid=0.4067813605009498 HTTP/1.1" 200 21 
0:0:0:0:0:0:0:1 -  -  [10/mar/2020:23:08:28 +0000] "GET /jposee/isotest/list_data_nameregistrar.html?sid=0.5722727592234857 HTTP/1.1" 200 21 
0:0:0:0:0:0:0:1 -  -  [10/mar/2020:23:08:33 +0000] "GET /jposee/isotest/list_data_nameregistrar.html?sid=0.7789757539433992 HTTP/1.1" 200 21 
0:0:0:0:0:0:0:1 -  -  [10/mar/2020:23:08:38 +0000] "GET /jposee/isotest/list_data_nameregistrar.html?sid=0.23521130246154942 HTTP/1.1" 200 21 
0:0:0:0:0:0:0:1 -  -  [10/mar/2020:23:08:43 +0000] "GET /jposee/isotest/list_data_nameregistrar.html?sid=0.3620810098601641 HTTP/1.1" 200 21 
0:0:0:0:0:0:0:1 -  -  [10/mar/2020:23:08:48 +0000] "GET /jposee/isotest/list_data_nameregistrar.html?sid=0.18312112167529415 HTTP/1.1" 200 21 
0:0:0:0:0:0:0:1 -  -  [10/mar/2020:23:08:53 +0000] "GET /jposee/isotest/list_data_nameregistrar.html?sid=0.9765021259306925 HTTP/1.1" 200 21 
0:0:0:0:0:0:0:1 -  -  [10/mar/2020:23:08:58 +0000] "GET /jposee/isotest/list_data_nameregistrar.html?sid=0.28611214372315175 HTTP/1.1" 200 21 
0:0:0:0:0:0:0:1 -  -  [10/mar/2020:23:09:03 +0000] "GET /jposee/isotest/list_data_nameregistrar.html?sid=0.7266399910584076 HTTP/1.1" 200 21 
0:0:0:0:0:0:0:1 -  -  [10/mar/2020:23:09:08 +0000] "GET /jposee/isotest/list_data_nameregistrar.html?sid=0.06155288078688681 HTTP/1.1" 200 21 
0:0:0:0:0:0:0:1 -  -  [10/mar/2020:23:09:13 +0000] "GET /jposee/isotest/list_data_nameregistrar.html?sid=0.7520462820588838 HTTP/1.1" 200 21 
0:0:0:0:0:0:0:1 -  -  [10/mar/2020:23:09:18 +0000] "GET /jposee/isotest/list_data_nameregistrar.html?sid=0.4404210746160968 HTTP/1.1" 200 21 
0:0:0:0:0:0:0:1 -  -  [10/mar/2020:23:09:23 +0000] "GET /jposee/isotest/list_data_nameregistrar.html?sid=0.22083110022014196 HTTP/1.1" 200 21 
0:0:0:0:0:0:0:1 -  -  [10/mar/2020:23:09:28 +0000] "GET /jposee/isotest/list_data_nameregistrar.html?sid=0.6170699399943076 HTTP/1.1" 200 21 
0:0:0:0:0:0:0:1 -  -  [10/mar/2020:23:09:33 +0000] "GET /jposee/isotest/list_data_nameregistrar.html?sid=0.06627031673165562 HTTP/1.1" 200 21 
0:0:0:0:0:0:0:1 -  -  [10/mar/2020:23:09:38 +0000] "GET /jposee/isotest/list_data_nameregistrar.html?sid=0.9422249180401872 HTTP/1.1" 200 21 
0:0:0:0:0:0:0:1 -  -  [10/mar/2020:23:09:43 +0000] "GET /jposee/isotest/list_data_nameregistrar.html?sid=0.09889554631802411 HTTP/1.1" 200 21 
0:0:0:0:0:0:0:1 -  -  [10/mar/2020:23:09:48 +0000] "GET /jposee/isotest/list_data_nameregistrar.html?sid=0.6458477141325405 HTTP/1.1" 200 21 
0:0:0:0:0:0:0:1 -  -  [10/mar/2020:23:09:53 +0000] "GET /jposee/isotest/list_data_nameregistrar.html?sid=0.7861654112440253 HTTP/1.1" 200 21 
0:0:0:0:0:0:0:1 -  -  [10/mar/2020:23:09:58 +0000] "GET /jposee/isotest/list_data_nameregistrar.html?sid=0.4458681485561473 HTTP/1.1" 200 21 
0:0:0:0:0:0:0:1 -  -  [10/mar/2020:23:10:03 +0000] "GET /jposee/isotest/list_data_nameregistrar.html?sid=0.40166400266280355 HTTP/1.1" 200 21 
0:0:0:0:0:0:0:1 -  -  [10/mar/2020:23:10:08 +0000] "GET /jposee/isotest/list_data_nameregistrar.html?sid=0.1262642390316382 HTTP/1.1" 200 21 
0:0:0:0:0:0:0:1 -  -  [10/mar/2020:23:10:13 +0000] "GET /jposee/isotest/list_data_nameregistrar.html?sid=0.32919836918849454 HTTP/1.1" 200 21 
0:0:0:0:0:0:0:1 -  -  [10/mar/2020:23:10:18 +0000] "GET /jposee/isotest/list_data_nameregistrar.html?sid=0.215701849746472 HTTP/1.1" 200 21 
0:0:0:0:0:0:0:1 -  -  [10/mar/2020:23:10:23 +0000] "GET /jposee/isotest/list_data_nameregistrar.html?sid=0.18970111940522605 HTTP/1.1" 200 21 
0:0:0:0:0:0:0:1 -  -  [10/mar/2020:23:10:28 +0000] "GET /jposee/isotest/list_data_nameregistrar.html?sid=0.45062785826331053 HTTP/1.1" 200 21 
0:0:0:0:0:0:0:1 -  -  [10/mar/2020:23:10:33 +0000] "GET /jposee/isotest/list_data_nameregistrar.html?sid=0.8577297443263525 HTTP/1.1" 200 21 
0:0:0:0:0:0:0:1 -  -  [10/mar/2020:23:10:38 +0000] "GET /jposee/isotest/list_data_nameregistrar.html?sid=0.006781895390907122 HTTP/1.1" 200 21 
0:0:0:0:0:0:0:1 -  -  [10/mar/2020:23:10:43 +0000] "GET /jposee/isotest/list_data_nameregistrar.html?sid=0.8718513274099242 HTTP/1.1" 200 21 
0:0:0:0:0:0:0:1 -  -  [10/mar/2020:23:10:48 +0000] "GET /jposee/isotest/list_data_nameregistrar.html?sid=0.25527222446584874 HTTP/1.1" 200 21 
0:0:0:0:0:0:0:1 -  -  [10/mar/2020:23:10:53 +0000] "GET /jposee/isotest/list_data_nameregistrar.html?sid=0.8094360015227173 HTTP/1.1" 200 21 
0:0:0:0:0:0:0:1 -  -  [10/mar/2020:23:10:58 +0000] "GET /jposee/isotest/list_data_nameregistrar.html?sid=0.056386411193042774 HTTP/1.1" 200 21 
0:0:0:0:0:0:0:1 -  -  [10/mar/2020:23:11:03 +0000] "GET /jposee/isotest/list_data_nameregistrar.html?sid=0.024117801084802437 HTTP/1.1" 200 21 
0:0:0:0:0:0:0:1 -  -  [10/mar/2020:23:11:08 +0000] "GET /jposee/isotest/list_data_nameregistrar.html?sid=0.3538976101459499 HTTP/1.1" 200 21 
0:0:0:0:0:0:0:1 -  -  [10/mar/2020:23:11:13 +0000] "GET /jposee/isotest/list_data_nameregistrar.html?sid=0.7711766482650995 HTTP/1.1" 200 21 
0:0:0:0:0:0:0:1 -  -  [10/mar/2020:23:11:18 +0000] "GET /jposee/isotest/list_data_nameregistrar.html?sid=0.05959076467074076 HTTP/1.1" 200 21 
0:0:0:0:0:0:0:1 -  -  [10/mar/2020:23:11:23 +0000] "GET /jposee/isotest/list_data_nameregistrar.html?sid=0.12847422565625388 HTTP/1.1" 200 21 
0:0:0:0:0:0:0:1 -  -  [10/mar/2020:23:11:28 +0000] "GET /jposee/isotest/list_data_nameregistrar.html?sid=0.1411378437250279 HTTP/1.1" 200 21 
0:0:0:0:0:0:0:1 -  -  [10/mar/2020:23:11:33 +0000] "GET /jposee/isotest/list_data_nameregistrar.html?sid=0.7100193132680686 HTTP/1.1" 200 21 
0:0:0:0:0:0:0:1 -  -  [10/mar/2020:23:11:38 +0000] "GET /jposee/isotest/list_data_nameregistrar.html?sid=0.6431354532369493 HTTP/1.1" 200 21 
0:0:0:0:0:0:0:1 -  -  [10/mar/2020:23:11:43 +0000] "GET /jposee/isotest/list_data_nameregistrar.html?sid=0.4777952931901215 HTTP/1.1" 200 21 
0:0:0:0:0:0:0:1 -  -  [10/mar/2020:23:11:48 +0000] "GET /jposee/isotest/list_data_nameregistrar.html?sid=0.8147255249313741 HTTP/1.1" 200 21 
0:0:0:0:0:0:0:1 -  -  [10/mar/2020:23:11:53 +0000] "GET /jposee/isotest/list_data_nameregistrar.html?sid=0.2508158585773279 HTTP/1.1" 200 21 
0:0:0:0:0:0:0:1 -  -  [10/mar/2020:23:11:58 +0000] "GET /jposee/isotest/list_data_nameregistrar.html?sid=0.5171910621034472 HTTP/1.1" 200 21 
0:0:0:0:0:0:0:1 -  -  [10/mar/2020:23:12:03 +0000] "GET /jposee/isotest/list_data_nameregistrar.html?sid=0.4912554889767513 HTTP/1.1" 200 21 
0:0:0:0:0:0:0:1 -  -  [10/mar/2020:23:12:08 +0000] "GET /jposee/isotest/list_data_nameregistrar.html?sid=0.9309476725586856 HTTP/1.1" 200 21 
0:0:0:0:0:0:0:1 -  -  [10/mar/2020:23:12:13 +0000] "GET /jposee/isotest/list_data_nameregistrar.html?sid=0.8172828269476196 HTTP/1.1" 200 21 
0:0:0:0:0:0:0:1 -  -  [10/mar/2020:23:12:18 +0000] "GET /jposee/isotest/list_data_nameregistrar.html?sid=0.1645809511137557 HTTP/1.1" 200 21 
0:0:0:0:0:0:0:1 -  -  [10/mar/2020:23:12:23 +0000] "GET /jposee/isotest/list_data_nameregistrar.html?sid=0.4936947252030146 HTTP/1.1" 200 21 
0:0:0:0:0:0:0:1 -  -  [10/mar/2020:23:12:28 +0000] "GET /jposee/isotest/list_data_nameregistrar.html?sid=0.9553677592519729 HTTP/1.1" 200 21 
0:0:0:0:0:0:0:1 -  -  [10/mar/2020:23:12:33 +0000] "GET /jposee/isotest/list_data_nameregistrar.html?sid=0.3055035792149461 HTTP/1.1" 200 21 
0:0:0:0:0:0:0:1 -  -  [10/mar/2020:23:12:38 +0000] "GET /jposee/isotest/list_data_nameregistrar.html?sid=0.6380652310324686 HTTP/1.1" 200 21 
0:0:0:0:0:0:0:1 -  -  [10/mar/2020:23:12:43 +0000] "GET /jposee/isotest/list_data_nameregistrar.html?sid=0.5204484948502563 HTTP/1.1" 200 21 
0:0:0:0:0:0:0:1 -  -  [10/mar/2020:23:12:48 +0000] "GET /jposee/isotest/list_data_nameregistrar.html?sid=0.2097321841087294 HTTP/1.1" 200 21 
0:0:0:0:0:0:0:1 -  -  [10/mar/2020:23:12:53 +0000] "GET /jposee/isotest/list_data_nameregistrar.html?sid=0.2731412599711356 HTTP/1.1" 200 21 
0:0:0:0:0:0:0:1 -  -  [10/mar/2020:23:12:58 +0000] "GET /jposee/isotest/list_data_nameregistrar.html?sid=0.8120556770578455 HTTP/1.1" 200 21 
0:0:0:0:0:0:0:1 -  -  [10/mar/2020:23:13:03 +0000] "GET /jposee/isotest/list_data_nameregistrar.html?sid=0.5434966092810329 HTTP/1.1" 200 21 
0:0:0:0:0:0:0:1 -  -  [10/mar/2020:23:13:08 +0000] "GET /jposee/isotest/list_data_nameregistrar.html?sid=0.04632096719996848 HTTP/1.1" 200 21 
0:0:0:0:0:0:0:1 -  -  [10/mar/2020:23:13:13 +0000] "GET /jposee/isotest/list_data_nameregistrar.html?sid=0.42463454861092864 HTTP/1.1" 200 21 
0:0:0:0:0:0:0:1 -  -  [10/mar/2020:23:13:18 +0000] "GET /jposee/isotest/list_data_nameregistrar.html?sid=0.3709901839436933 HTTP/1.1" 200 21 
0:0:0:0:0:0:0:1 -  -  [10/mar/2020:23:13:23 +0000] "GET /jposee/isotest/list_data_nameregistrar.html?sid=0.11869229943733162 HTTP/1.1" 200 21 
0:0:0:0:0:0:0:1 -  -  [10/mar/2020:23:13:28 +0000] "GET /jposee/isotest/list_data_nameregistrar.html?sid=0.7384037960210861 HTTP/1.1" 200 21 
0:0:0:0:0:0:0:1 -  -  [10/mar/2020:23:13:33 +0000] "GET /jposee/isotest/list_data_nameregistrar.html?sid=0.43003664048621904 HTTP/1.1" 200 21 
0:0:0:0:0:0:0:1 -  -  [10/mar/2020:23:13:38 +0000] "GET /jposee/isotest/list_data_nameregistrar.html?sid=0.5597119761364928 HTTP/1.1" 200 21 
0:0:0:0:0:0:0:1 -  -  [10/mar/2020:23:13:43 +0000] "GET /jposee/isotest/list_data_nameregistrar.html?sid=0.03027664433452326 HTTP/1.1" 200 21 
0:0:0:0:0:0:0:1 -  -  [10/mar/2020:23:13:48 +0000] "GET /jposee/isotest/list_data_nameregistrar.html?sid=0.768781220671156 HTTP/1.1" 200 21 
0:0:0:0:0:0:0:1 -  -  [10/mar/2020:23:13:53 +0000] "GET /jposee/isotest/list_data_nameregistrar.html?sid=0.6496259445619768 HTTP/1.1" 200 21 
0:0:0:0:0:0:0:1 -  -  [10/mar/2020:23:13:58 +0000] "GET /jposee/isotest/list_data_nameregistrar.html?sid=0.3135370252439127 HTTP/1.1" 200 21 
0:0:0:0:0:0:0:1 -  -  [10/mar/2020:23:14:03 +0000] "GET /jposee/isotest/list_data_nameregistrar.html?sid=0.4420231017975502 HTTP/1.1" 200 21 
0:0:0:0:0:0:0:1 -  -  [10/mar/2020:23:14:08 +0000] "GET /jposee/isotest/list_data_nameregistrar.html?sid=0.6800504398929863 HTTP/1.1" 200 21 
0:0:0:0:0:0:0:1 -  -  [10/mar/2020:23:14:13 +0000] "GET /jposee/isotest/list_data_nameregistrar.html?sid=0.19246458191367188 HTTP/1.1" 200 21 
0:0:0:0:0:0:0:1 -  -  [10/mar/2020:23:14:18 +0000] "GET /jposee/isotest/list_data_nameregistrar.html?sid=0.14455017183331664 HTTP/1.1" 200 21 
0:0:0:0:0:0:0:1 -  -  [10/mar/2020:23:14:23 +0000] "GET /jposee/isotest/list_data_nameregistrar.html?sid=0.8275696968775537 HTTP/1.1" 200 21 
0:0:0:0:0:0:0:1 -  -  [10/mar/2020:23:14:28 +0000] "GET /jposee/isotest/list_data_nameregistrar.html?sid=0.31612117878021384 HTTP/1.1" 200 21 
0:0:0:0:0:0:0:1 -  -  [10/mar/2020:23:14:33 +0000] "GET /jposee/isotest/list_data_nameregistrar.html?sid=0.2699857680913933 HTTP/1.1" 200 21 
0:0:0:0:0:0:0:1 -  -  [10/mar/2020:23:14:38 +0000] "GET /jposee/isotest/list_data_nameregistrar.html?sid=0.6576337505434631 HTTP/1.1" 200 21 
0:0:0:0:0:0:0:1 -  -  [10/mar/2020:23:14:43 +0000] "GET /jposee/isotest/list_data_nameregistrar.html?sid=0.24701915051939127 HTTP/1.1" 200 21 
0:0:0:0:0:0:0:1 -  -  [10/mar/2020:23:14:48 +0000] "GET /jposee/isotest/list_data_nameregistrar.html?sid=0.3168033093611833 HTTP/1.1" 200 21 
0:0:0:0:0:0:0:1 -  -  [10/mar/2020:23:14:53 +0000] "GET /jposee/isotest/list_data_nameregistrar.html?sid=0.8587864292785117 HTTP/1.1" 200 21 
0:0:0:0:0:0:0:1 -  -  [10/mar/2020:23:14:58 +0000] "GET /jposee/isotest/list_data_nameregistrar.html?sid=0.8635913542666394 HTTP/1.1" 200 21 
0:0:0:0:0:0:0:1 -  -  [10/mar/2020:23:15:03 +0000] "GET /jposee/isotest/list_data_nameregistrar.html?sid=0.47708648300506984 HTTP/1.1" 200 21 
0:0:0:0:0:0:0:1 -  -  [10/mar/2020:23:15:08 +0000] "GET /jposee/isotest/list_data_nameregistrar.html?sid=0.8863256302728029 HTTP/1.1" 200 21 
0:0:0:0:0:0:0:1 -  -  [10/mar/2020:23:15:13 +0000] "GET /jposee/isotest/list_data_nameregistrar.html?sid=0.7678972912559385 HTTP/1.1" 200 21 
0:0:0:0:0:0:0:1 -  -  [10/mar/2020:23:15:17 +0000] "GET /jposee/isotest/list_data_nameregistrar.html?sid=0.6114188111227199 HTTP/1.1" 200 21 
0:0:0:0:0:0:0:1 -  -  [10/mar/2020:23:15:22 +0000] "GET /jposee/isotest/list_data_nameregistrar.html?sid=0.5623174719025761 HTTP/1.1" 200 21 
0:0:0:0:0:0:0:1 -  -  [10/mar/2020:23:15:27 +0000] "GET /jposee/isotest/list_data_nameregistrar.html?sid=0.05030311623951511 HTTP/1.1" 200 21 
