0:0:0:0:0:0:0:1 -  -  [15/ene/2020:17:09:23 +0000] "GET /jposee/login.html HTTP/1.1" 200 3820 
0:0:0:0:0:0:0:1 -  -  [15/ene/2020:17:09:23 +0000] "GET /favicon.ico HTTP/1.1" 404 1376 
0:0:0:0:0:0:0:1 -  -  [15/ene/2020:17:09:28 +0000] "POST /jposee/login.html HTTP/1.1" 302 0 
0:0:0:0:0:0:0:1 -  -  [15/ene/2020:17:09:28 +0000] "GET /jposee/ HTTP/1.1" 200 5410 
0:0:0:0:0:0:0:1 -  -  [15/ene/2020:17:09:30 +0000] "GET /jposee/isotest/list.html HTTP/1.1" 200 8183 
0:0:0:0:0:0:0:1 -  -  [15/ene/2020:17:09:30 +0000] "GET /jposee/isotest/list_data_nameregistrar.html?sid=0.7090623897792176 HTTP/1.1" 200 53 
0:0:0:0:0:0:0:1 -  -  [15/ene/2020:17:09:35 +0000] "GET /jposee/isotest/list_data_nameregistrar.html?sid=0.9179730081132182 HTTP/1.1" 200 53 
0:0:0:0:0:0:0:1 -  -  [15/ene/2020:17:09:36 +0000] "POST /jposee/isotest/list.html HTTP/1.1" 200 8221 
0:0:0:0:0:0:0:1 -  -  [15/ene/2020:17:09:36 +0000] "GET /jposee/isotest/list_data_nameregistrar.html?sid=0.757230316170443 HTTP/1.1" 200 53 
0:0:0:0:0:0:0:1 -  -  [15/ene/2020:17:09:39 +0000] "GET /jposee/isotest/list.html HTTP/1.1" 200 8152 
0:0:0:0:0:0:0:1 -  -  [15/ene/2020:17:09:39 +0000] "GET /jposee/isotest/list_data_nameregistrar.html?sid=0.5474404543395666 HTTP/1.1" 200 21 
0:0:0:0:0:0:0:1 -  -  [15/ene/2020:17:09:44 +0000] "GET /jposee/isotest/list_data_nameregistrar.html?sid=0.32075880425222625 HTTP/1.1" 200 21 
0:0:0:0:0:0:0:1 -  -  [15/ene/2020:17:09:45 +0000] "GET /jposee/isotest/stuff.html?servicename=Servibanca&action=VIEW HTTP/1.1" 200 13711 
0:0:0:0:0:0:0:1 -  -  [15/ene/2020:18:37:48 +0000] "GET /jposee/isotest/list.html HTTP/1.1" 200 8152 
0:0:0:0:0:0:0:1 -  -  [15/ene/2020:18:37:48 +0000] "GET /jposee/isotest/list_data_nameregistrar.html?sid=0.5247400699050273 HTTP/1.1" 200 21 
0:0:0:0:0:0:0:1 -  -  [15/ene/2020:18:37:50 +0000] "GET /jposee/isotest/stuff.html?servicename=Servibanca&action=VIEW HTTP/1.1" 200 13711 
0:0:0:0:0:0:0:1 -  -  [15/ene/2020:18:38:05 +0000] "POST /jposee/isotest/stuff.html HTTP/1.1" 200 13787 
0:0:0:0:0:0:0:1 -  -  [15/ene/2020:18:38:08 +0000] "GET /jposee/isotest/list.html HTTP/1.1" 200 8156 
0:0:0:0:0:0:0:1 -  -  [15/ene/2020:18:38:08 +0000] "GET /jposee/isotest/list_data_nameregistrar.html?sid=0.23640234508335767 HTTP/1.1" 200 21 
0:0:0:0:0:0:0:1 -  -  [15/ene/2020:18:38:12 +0000] "POST /jposee/isotest/list.html HTTP/1.1" 200 8193 
0:0:0:0:0:0:0:1 -  -  [15/ene/2020:18:38:12 +0000] "GET /jposee/isotest/list_data_nameregistrar.html?sid=0.4737842088123505 HTTP/1.1" 200 21 
0:0:0:0:0:0:0:1 -  -  [15/ene/2020:18:38:17 +0000] "GET /jposee/isotest/list_data_nameregistrar.html?sid=0.7719135518530944 HTTP/1.1" 200 53 
0:0:0:0:0:0:0:1 -  -  [15/ene/2020:18:38:21 +0000] "GET /jposee/isotest/send.html?servicename=Servibanca HTTP/1.1" 200 26497 
0:0:0:0:0:0:0:1 -  -  [15/ene/2020:18:38:25 +0000] "GET /jposee/isotest/list.html HTTP/1.1" 200 8187 
0:0:0:0:0:0:0:1 -  -  [15/ene/2020:18:38:25 +0000] "GET /jposee/isotest/list_data_nameregistrar.html?sid=0.7387915335059625 HTTP/1.1" 200 53 
0:0:0:0:0:0:0:1 -  -  [15/ene/2020:18:38:30 +0000] "GET /jposee/isotest/list_data_nameregistrar.html?sid=0.5952683741004177 HTTP/1.1" 200 53 
0:0:0:0:0:0:0:1 -  -  [15/ene/2020:18:38:35 +0000] "GET /jposee/isotest/list_data_nameregistrar.html?sid=0.9360582581200712 HTTP/1.1" 200 53 
0:0:0:0:0:0:0:1 -  -  [15/ene/2020:18:38:40 +0000] "GET /jposee/isotest/list_data_nameregistrar.html?sid=0.2367841356314726 HTTP/1.1" 200 53 
0:0:0:0:0:0:0:1 -  -  [15/ene/2020:18:38:45 +0000] "GET /jposee/isotest/list_data_nameregistrar.html?sid=0.5502802580069936 HTTP/1.1" 200 53 
0:0:0:0:0:0:0:1 -  -  [15/ene/2020:18:38:50 +0000] "GET /jposee/isotest/list_data_nameregistrar.html?sid=0.12301286274911716 HTTP/1.1" 200 53 
0:0:0:0:0:0:0:1 -  -  [15/ene/2020:18:38:55 +0000] "GET /jposee/isotest/list_data_nameregistrar.html?sid=0.5907881281441563 HTTP/1.1" 200 53 
0:0:0:0:0:0:0:1 -  -  [15/ene/2020:18:39:00 +0000] "GET /jposee/isotest/list_data_nameregistrar.html?sid=0.5763527284357179 HTTP/1.1" 200 53 
0:0:0:0:0:0:0:1 -  -  [15/ene/2020:18:39:05 +0000] "GET /jposee/isotest/list_data_nameregistrar.html?sid=0.0012232088012515963 HTTP/1.1" 200 53 
0:0:0:0:0:0:0:1 -  -  [15/ene/2020:18:39:10 +0000] "GET /jposee/isotest/list_data_nameregistrar.html?sid=0.24269684310064954 HTTP/1.1" 200 53 
0:0:0:0:0:0:0:1 -  -  [15/ene/2020:18:39:15 +0000] "GET /jposee/isotest/list_data_nameregistrar.html?sid=0.852580057551646 HTTP/1.1" 200 53 
0:0:0:0:0:0:0:1 -  -  [15/ene/2020:18:39:20 +0000] "POST /jposee/isotest/list.html HTTP/1.1" 200 8225 
0:0:0:0:0:0:0:1 -  -  [15/ene/2020:18:39:20 +0000] "GET /jposee/isotest/list_data_nameregistrar.html?sid=0.1445097031506155 HTTP/1.1" 200 53 
0:0:0:0:0:0:0:1 -  -  [15/ene/2020:18:39:22 +0000] "GET /jposee/isotest/stuff.html?servicename=Servibanca&action=VIEW HTTP/1.1" 200 13725 
0:0:0:0:0:0:0:1 -  -  [15/ene/2020:18:39:35 +0000] "GET /jposee/isotest/list.html HTTP/1.1" 200 8156 
0:0:0:0:0:0:0:1 -  -  [15/ene/2020:18:39:35 +0000] "GET /jposee/isotest/list_data_nameregistrar.html?sid=0.37665733515504485 HTTP/1.1" 200 21 
0:0:0:0:0:0:0:1 -  -  [15/ene/2020:18:39:36 +0000] "POST /jposee/isotest/list.html HTTP/1.1" 200 8193 
0:0:0:0:0:0:0:1 -  -  [15/ene/2020:18:39:36 +0000] "GET /jposee/isotest/list_data_nameregistrar.html?sid=0.7861014089115863 HTTP/1.1" 200 21 
0:0:0:0:0:0:0:1 -  -  [15/ene/2020:18:39:41 +0000] "GET /jposee/isotest/list_data_nameregistrar.html?sid=0.3686202999561574 HTTP/1.1" 200 53 
0:0:0:0:0:0:0:1 -  -  [15/ene/2020:18:39:44 +0000] "GET /jposee/isotest/send.html?servicename=Servibanca HTTP/1.1" 200 26497 
0:0:0:0:0:0:0:1 -  -  [15/ene/2020:18:39:50 +0000] "POST /jposee/isotest/send_post.html?sid=0.8550584679533397 HTTP/1.1" 200 2 
0:0:0:0:0:0:0:1 -  -  [15/ene/2020:18:39:50 +0000] "GET /jposee/isotest/showLog.html?sid=0.2673962964191714&servicename=Servibanca HTTP/1.1" 200 6002 
0:0:0:0:0:0:0:1 -  -  [15/ene/2020:18:39:54 +0000] "GET /jposee/isotest/showLog.html?sid=0.1903020954467105&servicename=Servibanca HTTP/1.1" 200 6002 
0:0:0:0:0:0:0:1 -  -  [15/ene/2020:18:40:04 +0000] "GET /jposee/isotest/showLog.html?sid=0.35156657489238796&servicename=Servibanca HTTP/1.1" 200 6002 
0:0:0:0:0:0:0:1 -  -  [15/ene/2020:18:40:14 +0000] "GET /jposee/isotest/showLog.html?sid=0.40516877782458716&servicename=Servibanca HTTP/1.1" 200 6002 
0:0:0:0:0:0:0:1 -  -  [15/ene/2020:18:40:24 +0000] "GET /jposee/isotest/showLog.html?sid=0.30963926901673045&servicename=Servibanca HTTP/1.1" 200 6002 
0:0:0:0:0:0:0:1 -  -  [15/ene/2020:18:40:34 +0000] "GET /jposee/isotest/showLog.html?sid=0.4169547866335397&servicename=Servibanca HTTP/1.1" 200 6002 
0:0:0:0:0:0:0:1 -  -  [15/ene/2020:18:40:44 +0000] "GET /jposee/isotest/showLog.html?sid=0.4903493339635516&servicename=Servibanca HTTP/1.1" 200 6002 
0:0:0:0:0:0:0:1 -  -  [15/ene/2020:18:40:47 +0000] "GET /jposee/isotest/list.html HTTP/1.1" 200 8187 
0:0:0:0:0:0:0:1 -  -  [15/ene/2020:18:40:47 +0000] "GET /jposee/isotest/list_data_nameregistrar.html?sid=0.19529898562809378 HTTP/1.1" 200 53 
0:0:0:0:0:0:0:1 -  -  [15/ene/2020:18:40:49 +0000] "POST /jposee/isotest/list.html HTTP/1.1" 200 8225 
0:0:0:0:0:0:0:1 -  -  [15/ene/2020:18:40:49 +0000] "GET /jposee/isotest/list_data_nameregistrar.html?sid=0.4746110058557047 HTTP/1.1" 200 53 
0:0:0:0:0:0:0:1 -  -  [15/ene/2020:18:40:52 +0000] "GET /jposee/isotest/stuff.html?servicename=Servibanca&action=VIEW HTTP/1.1" 200 13725 
0:0:0:0:0:0:0:1 -  -  [15/ene/2020:18:41:01 +0000] "POST /jposee/isotest/stuff.html HTTP/1.1" 200 13704 
0:0:0:0:0:0:0:1 -  -  [15/ene/2020:18:45:09 +0000] "GET /jposee/isotest/list.html HTTP/1.1" 200 8144 
0:0:0:0:0:0:0:1 -  -  [15/ene/2020:18:45:09 +0000] "GET /jposee/isotest/list_data_nameregistrar.html?sid=0.041105460350805645 HTTP/1.1" 200 21 
0:0:0:0:0:0:0:1 -  -  [15/ene/2020:18:45:11 +0000] "POST /jposee/isotest/list.html HTTP/1.1" 200 8181 
0:0:0:0:0:0:0:1 -  -  [15/ene/2020:18:45:11 +0000] "GET /jposee/isotest/list_data_nameregistrar.html?sid=0.47758203962813095 HTTP/1.1" 200 21 
0:0:0:0:0:0:0:1 -  -  [15/ene/2020:18:45:16 +0000] "GET /jposee/isotest/list_data_nameregistrar.html?sid=0.34611149456361723 HTTP/1.1" 200 54 
0:0:0:0:0:0:0:1 -  -  [15/ene/2020:18:45:21 +0000] "GET /jposee/isotest/list_data_nameregistrar.html?sid=0.5370221937233339 HTTP/1.1" 200 54 
0:0:0:0:0:0:0:1 -  -  [15/ene/2020:18:45:26 +0000] "GET /jposee/isotest/list_data_nameregistrar.html?sid=0.1523706870523336 HTTP/1.1" 200 54 
0:0:0:0:0:0:0:1 -  -  [15/ene/2020:18:45:28 +0000] "POST /jposee/isotest/list.html HTTP/1.1" 200 8214 
0:0:0:0:0:0:0:1 -  -  [15/ene/2020:18:45:28 +0000] "GET /jposee/isotest/list_data_nameregistrar.html?sid=0.4383916569347037 HTTP/1.1" 200 54 
0:0:0:0:0:0:0:1 -  -  [15/ene/2020:18:45:33 +0000] "GET /jposee/isotest/list_data_nameregistrar.html?sid=0.8136554890363572 HTTP/1.1" 200 21 
0:0:0:0:0:0:0:1 -  -  [15/ene/2020:18:45:38 +0000] "GET /jposee/isotest/list_data_nameregistrar.html?sid=0.645281555714365 HTTP/1.1" 200 21 
0:0:0:0:0:0:0:1 -  -  [15/ene/2020:18:45:43 +0000] "GET /jposee/isotest/list_data_nameregistrar.html?sid=0.11936383505974146 HTTP/1.1" 200 21 
0:0:0:0:0:0:0:1 -  -  [15/ene/2020:18:45:48 +0000] "GET /jposee/isotest/list_data_nameregistrar.html?sid=0.4575596817838956 HTTP/1.1" 200 21 
0:0:0:0:0:0:0:1 -  -  [15/ene/2020:18:45:53 +0000] "GET /jposee/isotest/list_data_nameregistrar.html?sid=0.6085205005579963 HTTP/1.1" 200 21 
0:0:0:0:0:0:0:1 -  -  [15/ene/2020:18:45:58 +0000] "GET /jposee/isotest/list_data_nameregistrar.html?sid=0.2872376029505288 HTTP/1.1" 200 21 
0:0:0:0:0:0:0:1 -  -  [15/ene/2020:18:46:03 +0000] "GET /jposee/isotest/list_data_nameregistrar.html?sid=0.6037730317897216 HTTP/1.1" 200 21 
0:0:0:0:0:0:0:1 -  -  [15/ene/2020:18:46:08 +0000] "GET /jposee/isotest/list_data_nameregistrar.html?sid=0.013476826446832124 HTTP/1.1" 200 21 
0:0:0:0:0:0:0:1 -  -  [15/ene/2020:18:46:13 +0000] "GET /jposee/isotest/list_data_nameregistrar.html?sid=0.3769834010788471 HTTP/1.1" 200 21 
0:0:0:0:0:0:0:1 -  -  [15/ene/2020:18:46:18 +0000] "GET /jposee/isotest/list_data_nameregistrar.html?sid=0.6217780098634924 HTTP/1.1" 200 21 
0:0:0:0:0:0:0:1 -  -  [15/ene/2020:18:46:23 +0000] "GET /jposee/isotest/list_data_nameregistrar.html?sid=0.009136437430356636 HTTP/1.1" 200 21 
0:0:0:0:0:0:0:1 -  -  [15/ene/2020:18:46:28 +0000] "GET /jposee/isotest/list_data_nameregistrar.html?sid=0.1513952891028636 HTTP/1.1" 200 21 
0:0:0:0:0:0:0:1 -  -  [15/ene/2020:18:46:33 +0000] "GET /jposee/isotest/list_data_nameregistrar.html?sid=0.025025503242577907 HTTP/1.1" 200 21 
0:0:0:0:0:0:0:1 -  -  [15/ene/2020:18:46:38 +0000] "GET /jposee/isotest/list_data_nameregistrar.html?sid=0.9135527356834454 HTTP/1.1" 200 21 
0:0:0:0:0:0:0:1 -  -  [15/ene/2020:18:46:43 +0000] "GET /jposee/isotest/list_data_nameregistrar.html?sid=0.4432446504043315 HTTP/1.1" 200 21 
0:0:0:0:0:0:0:1 -  -  [15/ene/2020:18:46:48 +0000] "GET /jposee/isotest/list_data_nameregistrar.html?sid=0.6707246541377323 HTTP/1.1" 200 21 
0:0:0:0:0:0:0:1 -  -  [15/ene/2020:18:46:52 +0000] "POST /jposee/isotest/list.html HTTP/1.1" 200 8181 
0:0:0:0:0:0:0:1 -  -  [15/ene/2020:18:46:52 +0000] "GET /jposee/isotest/list_data_nameregistrar.html?sid=0.1881229951863459 HTTP/1.1" 200 21 
0:0:0:0:0:0:0:1 -  -  [15/ene/2020:18:46:57 +0000] "GET /jposee/isotest/list_data_nameregistrar.html?sid=0.08918240527256538 HTTP/1.1" 200 54 
0:0:0:0:0:0:0:1 -  -  [15/ene/2020:18:47:02 +0000] "GET /jposee/isotest/list_data_nameregistrar.html?sid=0.9290514938370402 HTTP/1.1" 200 54 
0:0:0:0:0:0:0:1 -  -  [15/ene/2020:18:47:07 +0000] "GET /jposee/isotest/list_data_nameregistrar.html?sid=0.6657714030834181 HTTP/1.1" 200 54 
0:0:0:0:0:0:0:1 -  -  [15/ene/2020:18:47:12 +0000] "GET /jposee/isotest/list_data_nameregistrar.html?sid=0.659439556025142 HTTP/1.1" 200 54 
0:0:0:0:0:0:0:1 -  -  [15/ene/2020:18:47:17 +0000] "GET /jposee/isotest/list_data_nameregistrar.html?sid=0.6556460435505418 HTTP/1.1" 200 54 
0:0:0:0:0:0:0:1 -  -  [15/ene/2020:18:47:22 +0000] "GET /jposee/isotest/list_data_nameregistrar.html?sid=0.1376180854633402 HTTP/1.1" 200 54 
0:0:0:0:0:0:0:1 -  -  [15/ene/2020:18:47:23 +0000] "POST /jposee/isotest/list.html HTTP/1.1" 200 8214 
0:0:0:0:0:0:0:1 -  -  [15/ene/2020:18:47:23 +0000] "GET /jposee/isotest/list_data_nameregistrar.html?sid=0.2146402584563687 HTTP/1.1" 200 54 
0:0:0:0:0:0:0:1 -  -  [15/ene/2020:18:47:28 +0000] "GET /jposee/isotest/list_data_nameregistrar.html?sid=0.6095155065030673 HTTP/1.1" 200 21 
0:0:0:0:0:0:0:1 -  -  [15/ene/2020:18:47:33 +0000] "GET /jposee/isotest/list_data_nameregistrar.html?sid=0.5111947246594022 HTTP/1.1" 200 21 
0:0:0:0:0:0:0:1 -  -  [15/ene/2020:18:47:38 +0000] "GET /jposee/isotest/list_data_nameregistrar.html?sid=0.2795048176070827 HTTP/1.1" 200 21 
0:0:0:0:0:0:0:1 -  -  [15/ene/2020:18:47:43 +0000] "GET /jposee/isotest/list_data_nameregistrar.html?sid=0.16642545898993077 HTTP/1.1" 200 21 
0:0:0:0:0:0:0:1 -  -  [15/ene/2020:18:47:48 +0000] "GET /jposee/isotest/list_data_nameregistrar.html?sid=0.07472509062497368 HTTP/1.1" 200 21 
0:0:0:0:0:0:0:1 -  -  [15/ene/2020:18:47:53 +0000] "GET /jposee/isotest/list_data_nameregistrar.html?sid=0.2256908419022492 HTTP/1.1" 200 21 
0:0:0:0:0:0:0:1 -  -  [15/ene/2020:18:47:58 +0000] "GET /jposee/isotest/list_data_nameregistrar.html?sid=0.7422302462602393 HTTP/1.1" 200 21 
0:0:0:0:0:0:0:1 -  -  [15/ene/2020:18:48:03 +0000] "GET /jposee/isotest/list_data_nameregistrar.html?sid=0.11955363739889302 HTTP/1.1" 200 21 
0:0:0:0:0:0:0:1 -  -  [15/ene/2020:18:48:08 +0000] "GET /jposee/isotest/list_data_nameregistrar.html?sid=0.14946478924479822 HTTP/1.1" 200 21 
0:0:0:0:0:0:0:1 -  -  [15/ene/2020:18:48:13 +0000] "GET /jposee/isotest/list_data_nameregistrar.html?sid=0.21096814370386774 HTTP/1.1" 200 21 
0:0:0:0:0:0:0:1 -  -  [15/ene/2020:18:48:18 +0000] "GET /jposee/isotest/list_data_nameregistrar.html?sid=0.5312398186616467 HTTP/1.1" 200 21 
0:0:0:0:0:0:0:1 -  -  [15/ene/2020:18:48:23 +0000] "GET /jposee/isotest/list_data_nameregistrar.html?sid=0.536778357155083 HTTP/1.1" 200 21 
0:0:0:0:0:0:0:1 -  -  [15/ene/2020:18:48:28 +0000] "GET /jposee/isotest/list_data_nameregistrar.html?sid=0.8960126545062641 HTTP/1.1" 200 21 
0:0:0:0:0:0:0:1 -  -  [15/ene/2020:18:48:33 +0000] "GET /jposee/isotest/list_data_nameregistrar.html?sid=0.5297070646512074 HTTP/1.1" 200 21 
0:0:0:0:0:0:0:1 -  -  [15/ene/2020:18:48:38 +0000] "GET /jposee/isotest/list_data_nameregistrar.html?sid=0.6181533321588306 HTTP/1.1" 200 21 
0:0:0:0:0:0:0:1 -  -  [15/ene/2020:18:48:43 +0000] "GET /jposee/isotest/list_data_nameregistrar.html?sid=0.7547566707109852 HTTP/1.1" 200 21 
0:0:0:0:0:0:0:1 -  -  [15/ene/2020:18:48:48 +0000] "GET /jposee/isotest/list_data_nameregistrar.html?sid=0.42360713494664703 HTTP/1.1" 200 21 
0:0:0:0:0:0:0:1 -  -  [15/ene/2020:18:48:53 +0000] "GET /jposee/isotest/list_data_nameregistrar.html?sid=0.8566058231752827 HTTP/1.1" 200 21 
0:0:0:0:0:0:0:1 -  -  [15/ene/2020:18:48:58 +0000] "GET /jposee/isotest/list_data_nameregistrar.html?sid=0.34165130569669255 HTTP/1.1" 200 21 
0:0:0:0:0:0:0:1 -  -  [15/ene/2020:18:49:03 +0000] "GET /jposee/isotest/list_data_nameregistrar.html?sid=0.07205505590266692 HTTP/1.1" 200 21 
0:0:0:0:0:0:0:1 -  -  [15/ene/2020:18:49:08 +0000] "GET /jposee/isotest/list_data_nameregistrar.html?sid=0.3903593006160846 HTTP/1.1" 200 21 
0:0:0:0:0:0:0:1 -  -  [15/ene/2020:18:49:13 +0000] "GET /jposee/isotest/list_data_nameregistrar.html?sid=0.18551735528044655 HTTP/1.1" 200 21 
0:0:0:0:0:0:0:1 -  -  [15/ene/2020:18:49:18 +0000] "GET /jposee/isotest/list_data_nameregistrar.html?sid=0.983481492537648 HTTP/1.1" 200 21 
0:0:0:0:0:0:0:1 -  -  [15/ene/2020:18:49:23 +0000] "GET /jposee/isotest/list_data_nameregistrar.html?sid=0.4789594030701132 HTTP/1.1" 200 21 
0:0:0:0:0:0:0:1 -  -  [15/ene/2020:18:49:28 +0000] "GET /jposee/isotest/list_data_nameregistrar.html?sid=0.024775091121324033 HTTP/1.1" 200 21 
0:0:0:0:0:0:0:1 -  -  [15/ene/2020:18:49:33 +0000] "GET /jposee/isotest/list_data_nameregistrar.html?sid=0.5883737701609268 HTTP/1.1" 200 21 
0:0:0:0:0:0:0:1 -  -  [15/ene/2020:18:49:38 +0000] "GET /jposee/isotest/list_data_nameregistrar.html?sid=0.06623822461680784 HTTP/1.1" 200 21 
0:0:0:0:0:0:0:1 -  -  [15/ene/2020:18:49:43 +0000] "GET /jposee/isotest/list_data_nameregistrar.html?sid=0.20632072665188517 HTTP/1.1" 200 21 
0:0:0:0:0:0:0:1 -  -  [15/ene/2020:18:49:48 +0000] "GET /jposee/isotest/list_data_nameregistrar.html?sid=0.24070729023422843 HTTP/1.1" 200 21 
0:0:0:0:0:0:0:1 -  -  [15/ene/2020:18:49:53 +0000] "GET /jposee/isotest/list_data_nameregistrar.html?sid=0.6407768341130593 HTTP/1.1" 200 21 
0:0:0:0:0:0:0:1 -  -  [15/ene/2020:18:49:58 +0000] "GET /jposee/isotest/list_data_nameregistrar.html?sid=0.45441471681218326 HTTP/1.1" 200 21 
0:0:0:0:0:0:0:1 -  -  [15/ene/2020:18:50:03 +0000] "GET /jposee/isotest/list_data_nameregistrar.html?sid=0.9880981653279755 HTTP/1.1" 200 21 
0:0:0:0:0:0:0:1 -  -  [15/ene/2020:18:50:08 +0000] "GET /jposee/isotest/list_data_nameregistrar.html?sid=0.5916690974688792 HTTP/1.1" 200 21 
0:0:0:0:0:0:0:1 -  -  [15/ene/2020:18:50:13 +0000] "GET /jposee/isotest/list_data_nameregistrar.html?sid=0.4082754864487832 HTTP/1.1" 200 21 
0:0:0:0:0:0:0:1 -  -  [15/ene/2020:18:50:18 +0000] "GET /jposee/isotest/list_data_nameregistrar.html?sid=0.6240278930402716 HTTP/1.1" 200 21 
0:0:0:0:0:0:0:1 -  -  [15/ene/2020:18:50:23 +0000] "GET /jposee/isotest/list_data_nameregistrar.html?sid=0.8047193555514212 HTTP/1.1" 200 21 
0:0:0:0:0:0:0:1 -  -  [15/ene/2020:18:50:28 +0000] "GET /jposee/isotest/list_data_nameregistrar.html?sid=0.09952715445417182 HTTP/1.1" 200 21 
0:0:0:0:0:0:0:1 -  -  [15/ene/2020:18:50:33 +0000] "GET /jposee/isotest/list_data_nameregistrar.html?sid=0.409711211734618 HTTP/1.1" 200 21 
0:0:0:0:0:0:0:1 -  -  [15/ene/2020:18:50:38 +0000] "GET /jposee/isotest/list_data_nameregistrar.html?sid=0.8480335066574896 HTTP/1.1" 200 21 
0:0:0:0:0:0:0:1 -  -  [15/ene/2020:18:50:43 +0000] "GET /jposee/isotest/list_data_nameregistrar.html?sid=0.862230709406633 HTTP/1.1" 200 21 
0:0:0:0:0:0:0:1 -  -  [15/ene/2020:18:50:48 +0000] "GET /jposee/isotest/list_data_nameregistrar.html?sid=0.34992937567476057 HTTP/1.1" 200 21 
0:0:0:0:0:0:0:1 -  -  [15/ene/2020:18:50:53 +0000] "GET /jposee/isotest/list_data_nameregistrar.html?sid=0.8849761968637051 HTTP/1.1" 200 21 
0:0:0:0:0:0:0:1 -  -  [15/ene/2020:18:50:58 +0000] "GET /jposee/isotest/list_data_nameregistrar.html?sid=0.05193838026523179 HTTP/1.1" 200 21 
0:0:0:0:0:0:0:1 -  -  [15/ene/2020:18:51:03 +0000] "GET /jposee/isotest/list_data_nameregistrar.html?sid=0.6621461241812112 HTTP/1.1" 200 21 
0:0:0:0:0:0:0:1 -  -  [15/ene/2020:18:51:08 +0000] "GET /jposee/isotest/list_data_nameregistrar.html?sid=0.11061402810603371 HTTP/1.1" 200 21 
0:0:0:0:0:0:0:1 -  -  [15/ene/2020:18:51:13 +0000] "GET /jposee/isotest/list_data_nameregistrar.html?sid=0.4012981445566246 HTTP/1.1" 200 21 
0:0:0:0:0:0:0:1 -  -  [15/ene/2020:18:51:18 +0000] "GET /jposee/isotest/list_data_nameregistrar.html?sid=0.40062059294249863 HTTP/1.1" 200 21 
0:0:0:0:0:0:0:1 -  -  [15/ene/2020:18:51:23 +0000] "GET /jposee/isotest/list_data_nameregistrar.html?sid=0.7806617952539345 HTTP/1.1" 200 21 
0:0:0:0:0:0:0:1 -  -  [15/ene/2020:18:51:28 +0000] "GET /jposee/isotest/list_data_nameregistrar.html?sid=0.4703203258993127 HTTP/1.1" 200 21 
0:0:0:0:0:0:0:1 -  -  [15/ene/2020:18:51:33 +0000] "GET /jposee/isotest/list_data_nameregistrar.html?sid=0.07919164559668457 HTTP/1.1" 200 21 
0:0:0:0:0:0:0:1 -  -  [15/ene/2020:18:51:38 +0000] "GET /jposee/isotest/list_data_nameregistrar.html?sid=0.3470918186798897 HTTP/1.1" 200 21 
0:0:0:0:0:0:0:1 -  -  [15/ene/2020:18:51:43 +0000] "GET /jposee/isotest/list_data_nameregistrar.html?sid=0.1657430412904095 HTTP/1.1" 200 21 
0:0:0:0:0:0:0:1 -  -  [15/ene/2020:18:51:48 +0000] "GET /jposee/isotest/list_data_nameregistrar.html?sid=0.7406918775102611 HTTP/1.1" 200 21 
0:0:0:0:0:0:0:1 -  -  [15/ene/2020:18:51:53 +0000] "GET /jposee/isotest/list_data_nameregistrar.html?sid=0.18426605727221057 HTTP/1.1" 200 21 
0:0:0:0:0:0:0:1 -  -  [15/ene/2020:18:51:58 +0000] "GET /jposee/isotest/list_data_nameregistrar.html?sid=0.9210308163766376 HTTP/1.1" 200 21 
0:0:0:0:0:0:0:1 -  -  [15/ene/2020:18:52:03 +0000] "GET /jposee/isotest/list_data_nameregistrar.html?sid=0.783369666165838 HTTP/1.1" 200 21 
0:0:0:0:0:0:0:1 -  -  [15/ene/2020:18:52:08 +0000] "GET /jposee/isotest/list_data_nameregistrar.html?sid=0.32896703083947587 HTTP/1.1" 200 21 
0:0:0:0:0:0:0:1 -  -  [15/ene/2020:18:52:13 +0000] "GET /jposee/isotest/list_data_nameregistrar.html?sid=0.6916057084174048 HTTP/1.1" 200 21 
0:0:0:0:0:0:0:1 -  -  [15/ene/2020:18:52:18 +0000] "GET /jposee/isotest/list_data_nameregistrar.html?sid=0.9048202049889511 HTTP/1.1" 200 21 
0:0:0:0:0:0:0:1 -  -  [15/ene/2020:18:52:23 +0000] "GET /jposee/isotest/list_data_nameregistrar.html?sid=0.4891725981526589 HTTP/1.1" 200 21 
0:0:0:0:0:0:0:1 -  -  [15/ene/2020:18:52:28 +0000] "GET /jposee/isotest/list_data_nameregistrar.html?sid=0.1250798379138618 HTTP/1.1" 200 21 
0:0:0:0:0:0:0:1 -  -  [15/ene/2020:18:52:33 +0000] "GET /jposee/isotest/list_data_nameregistrar.html?sid=0.049865403206276415 HTTP/1.1" 200 21 
0:0:0:0:0:0:0:1 -  -  [15/ene/2020:18:52:38 +0000] "GET /jposee/isotest/list_data_nameregistrar.html?sid=0.24857426592694454 HTTP/1.1" 200 21 
0:0:0:0:0:0:0:1 -  -  [15/ene/2020:18:52:44 +0000] "GET /jposee/isotest/list_data_nameregistrar.html?sid=0.9264314723353033 HTTP/1.1" 200 21 
0:0:0:0:0:0:0:1 -  -  [15/ene/2020:18:52:49 +0000] "GET /jposee/isotest/list_data_nameregistrar.html?sid=0.7698179400805756 HTTP/1.1" 200 21 
0:0:0:0:0:0:0:1 -  -  [15/ene/2020:18:52:55 +0000] "GET /jposee/isotest/list_data_nameregistrar.html?sid=0.6799991755618469 HTTP/1.1" 200 21 
0:0:0:0:0:0:0:1 -  -  [15/ene/2020:18:53:00 +0000] "GET /jposee/isotest/list_data_nameregistrar.html?sid=0.25731625168176575 HTTP/1.1" 200 21 
0:0:0:0:0:0:0:1 -  -  [15/ene/2020:18:53:06 +0000] "GET /jposee/isotest/list_data_nameregistrar.html?sid=0.019022216594318797 HTTP/1.1" 200 21 
0:0:0:0:0:0:0:1 -  -  [15/ene/2020:18:53:11 +0000] "GET /jposee/isotest/list_data_nameregistrar.html?sid=0.59703110057851 HTTP/1.1" 200 21 
0:0:0:0:0:0:0:1 -  -  [15/ene/2020:18:53:16 +0000] "GET /jposee/isotest/list_data_nameregistrar.html?sid=0.7861236730651404 HTTP/1.1" 200 21 
0:0:0:0:0:0:0:1 -  -  [15/ene/2020:18:53:22 +0000] "GET /jposee/isotest/list_data_nameregistrar.html?sid=0.045091671118664856 HTTP/1.1" 200 21 
0:0:0:0:0:0:0:1 -  -  [15/ene/2020:18:53:27 +0000] "GET /jposee/isotest/list_data_nameregistrar.html?sid=0.38529153172260067 HTTP/1.1" 200 21 
0:0:0:0:0:0:0:1 -  -  [15/ene/2020:18:53:33 +0000] "GET /jposee/isotest/list_data_nameregistrar.html?sid=0.05355517780965391 HTTP/1.1" 200 21 
0:0:0:0:0:0:0:1 -  -  [15/ene/2020:18:53:38 +0000] "GET /jposee/isotest/list_data_nameregistrar.html?sid=0.18439927703593995 HTTP/1.1" 200 21 
0:0:0:0:0:0:0:1 -  -  [15/ene/2020:18:53:44 +0000] "GET /jposee/isotest/list_data_nameregistrar.html?sid=0.8312512591036303 HTTP/1.1" 200 21 
0:0:0:0:0:0:0:1 -  -  [15/ene/2020:18:53:50 +0000] "GET /jposee/isotest/list_data_nameregistrar.html?sid=0.2221576884167371 HTTP/1.1" 200 21 
0:0:0:0:0:0:0:1 -  -  [15/ene/2020:18:53:55 +0000] "GET /jposee/isotest/list_data_nameregistrar.html?sid=0.6421394685467374 HTTP/1.1" 200 21 
0:0:0:0:0:0:0:1 -  -  [15/ene/2020:18:54:01 +0000] "GET /jposee/isotest/list_data_nameregistrar.html?sid=0.9742382047042046 HTTP/1.1" 200 21 
0:0:0:0:0:0:0:1 -  -  [15/ene/2020:18:54:06 +0000] "GET /jposee/isotest/list_data_nameregistrar.html?sid=0.6411321131271923 HTTP/1.1" 200 21 
0:0:0:0:0:0:0:1 -  -  [15/ene/2020:18:54:11 +0000] "GET /jposee/isotest/list_data_nameregistrar.html?sid=0.06694380026149216 HTTP/1.1" 200 21 
0:0:0:0:0:0:0:1 -  -  [15/ene/2020:18:54:17 +0000] "GET /jposee/isotest/list_data_nameregistrar.html?sid=0.034770815583943904 HTTP/1.1" 200 21 
0:0:0:0:0:0:0:1 -  -  [15/ene/2020:18:54:22 +0000] "GET /jposee/isotest/list_data_nameregistrar.html?sid=0.9374576761487312 HTTP/1.1" 200 21 
0:0:0:0:0:0:0:1 -  -  [15/ene/2020:18:54:28 +0000] "GET /jposee/isotest/list_data_nameregistrar.html?sid=0.8881499787207414 HTTP/1.1" 200 21 
0:0:0:0:0:0:0:1 -  -  [15/ene/2020:18:54:33 +0000] "GET /jposee/isotest/list_data_nameregistrar.html?sid=0.38737302252061534 HTTP/1.1" 200 21 
0:0:0:0:0:0:0:1 -  -  [15/ene/2020:18:54:39 +0000] "GET /jposee/isotest/list_data_nameregistrar.html?sid=0.3373702569707102 HTTP/1.1" 200 21 
0:0:0:0:0:0:0:1 -  -  [15/ene/2020:18:54:44 +0000] "GET /jposee/isotest/list_data_nameregistrar.html?sid=0.18679512788152342 HTTP/1.1" 200 21 
0:0:0:0:0:0:0:1 -  -  [15/ene/2020:18:54:50 +0000] "GET /jposee/isotest/list_data_nameregistrar.html?sid=0.9534398976697125 HTTP/1.1" 200 21 
0:0:0:0:0:0:0:1 -  -  [15/ene/2020:18:54:55 +0000] "GET /jposee/isotest/list_data_nameregistrar.html?sid=0.49353869520846927 HTTP/1.1" 200 21 
0:0:0:0:0:0:0:1 -  -  [15/ene/2020:18:55:01 +0000] "GET /jposee/isotest/list_data_nameregistrar.html?sid=0.14693983635824415 HTTP/1.1" 200 21 
0:0:0:0:0:0:0:1 -  -  [15/ene/2020:18:55:06 +0000] "GET /jposee/isotest/list_data_nameregistrar.html?sid=0.12311187584642935 HTTP/1.1" 200 21 
0:0:0:0:0:0:0:1 -  -  [15/ene/2020:18:55:11 +0000] "GET /jposee/isotest/list_data_nameregistrar.html?sid=0.35974411946101315 HTTP/1.1" 200 21 
0:0:0:0:0:0:0:1 -  -  [15/ene/2020:18:55:17 +0000] "GET /jposee/isotest/list_data_nameregistrar.html?sid=0.5300445278056434 HTTP/1.1" 200 21 
0:0:0:0:0:0:0:1 -  -  [15/ene/2020:18:55:22 +0000] "GET /jposee/isotest/list_data_nameregistrar.html?sid=0.27269048914542915 HTTP/1.1" 200 21 
0:0:0:0:0:0:0:1 -  -  [15/ene/2020:18:55:28 +0000] "GET /jposee/isotest/list_data_nameregistrar.html?sid=0.2076964337975542 HTTP/1.1" 200 21 
0:0:0:0:0:0:0:1 -  -  [15/ene/2020:18:55:33 +0000] "GET /jposee/isotest/list_data_nameregistrar.html?sid=0.0453314164159504 HTTP/1.1" 200 21 
0:0:0:0:0:0:0:1 -  -  [15/ene/2020:18:55:39 +0000] "GET /jposee/isotest/list_data_nameregistrar.html?sid=0.14448000225452828 HTTP/1.1" 200 21 
0:0:0:0:0:0:0:1 -  -  [15/ene/2020:18:55:44 +0000] "GET /jposee/isotest/list_data_nameregistrar.html?sid=0.7960343233690046 HTTP/1.1" 200 21 
0:0:0:0:0:0:0:1 -  -  [15/ene/2020:18:55:50 +0000] "GET /jposee/isotest/list_data_nameregistrar.html?sid=0.49686080963591506 HTTP/1.1" 200 21 
0:0:0:0:0:0:0:1 -  -  [15/ene/2020:18:55:55 +0000] "GET /jposee/isotest/list_data_nameregistrar.html?sid=0.23886305553032794 HTTP/1.1" 200 21 
0:0:0:0:0:0:0:1 -  -  [15/ene/2020:18:56:01 +0000] "GET /jposee/isotest/list_data_nameregistrar.html?sid=0.39535357390128545 HTTP/1.1" 200 21 
0:0:0:0:0:0:0:1 -  -  [15/ene/2020:18:56:06 +0000] "GET /jposee/isotest/list_data_nameregistrar.html?sid=0.38405599922878664 HTTP/1.1" 200 21 
0:0:0:0:0:0:0:1 -  -  [15/ene/2020:18:56:11 +0000] "GET /jposee/isotest/list_data_nameregistrar.html?sid=0.04421067806468337 HTTP/1.1" 200 21 
0:0:0:0:0:0:0:1 -  -  [15/ene/2020:18:56:17 +0000] "GET /jposee/isotest/list_data_nameregistrar.html?sid=0.7615749444644118 HTTP/1.1" 200 21 
0:0:0:0:0:0:0:1 -  -  [15/ene/2020:18:56:22 +0000] "GET /jposee/isotest/list_data_nameregistrar.html?sid=0.6724344964663471 HTTP/1.1" 200 21 
0:0:0:0:0:0:0:1 -  -  [15/ene/2020:18:56:27 +0000] "GET /jposee/isotest/list_data_nameregistrar.html?sid=0.11968093386058043 HTTP/1.1" 200 21 
0:0:0:0:0:0:0:1 -  -  [15/ene/2020:18:56:32 +0000] "GET /jposee/isotest/list_data_nameregistrar.html?sid=0.8419601195731277 HTTP/1.1" 200 21 
0:0:0:0:0:0:0:1 -  -  [15/ene/2020:18:56:37 +0000] "GET /jposee/isotest/list_data_nameregistrar.html?sid=0.08218799351740236 HTTP/1.1" 200 21 
0:0:0:0:0:0:0:1 -  -  [15/ene/2020:18:56:42 +0000] "GET /jposee/isotest/list_data_nameregistrar.html?sid=0.1373215772456997 HTTP/1.1" 200 21 
0:0:0:0:0:0:0:1 -  -  [15/ene/2020:18:56:48 +0000] "GET /jposee/isotest/list_data_nameregistrar.html?sid=0.36993186577096315 HTTP/1.1" 200 21 
0:0:0:0:0:0:0:1 -  -  [15/ene/2020:18:56:53 +0000] "GET /jposee/isotest/list_data_nameregistrar.html?sid=0.9177855958252712 HTTP/1.1" 200 21 
0:0:0:0:0:0:0:1 -  -  [15/ene/2020:18:56:58 +0000] "GET /jposee/isotest/list_data_nameregistrar.html?sid=0.689615609493287 HTTP/1.1" 200 21 
0:0:0:0:0:0:0:1 -  -  [15/ene/2020:18:57:03 +0000] "GET /jposee/isotest/list_data_nameregistrar.html?sid=0.37361038004310543 HTTP/1.1" 200 21 
0:0:0:0:0:0:0:1 -  -  [15/ene/2020:18:57:08 +0000] "GET /jposee/isotest/list_data_nameregistrar.html?sid=0.4910927501450617 HTTP/1.1" 200 21 
0:0:0:0:0:0:0:1 -  -  [15/ene/2020:18:57:13 +0000] "GET /jposee/isotest/list_data_nameregistrar.html?sid=0.5879381544066526 HTTP/1.1" 200 21 
0:0:0:0:0:0:0:1 -  -  [15/ene/2020:18:57:19 +0000] "GET /jposee/isotest/list_data_nameregistrar.html?sid=0.7343355793386999 HTTP/1.1" 200 21 
0:0:0:0:0:0:0:1 -  -  [15/ene/2020:18:57:24 +0000] "GET /jposee/isotest/list_data_nameregistrar.html?sid=0.02257122505644582 HTTP/1.1" 200 21 
0:0:0:0:0:0:0:1 -  -  [15/ene/2020:18:57:29 +0000] "GET /jposee/isotest/list_data_nameregistrar.html?sid=0.3231627850341581 HTTP/1.1" 200 21 
0:0:0:0:0:0:0:1 -  -  [15/ene/2020:18:57:34 +0000] "GET /jposee/isotest/list_data_nameregistrar.html?sid=0.13729220086007943 HTTP/1.1" 200 21 
0:0:0:0:0:0:0:1 -  -  [15/ene/2020:18:57:39 +0000] "GET /jposee/isotest/list_data_nameregistrar.html?sid=0.3848286956113456 HTTP/1.1" 200 21 
0:0:0:0:0:0:0:1 -  -  [15/ene/2020:18:57:44 +0000] "GET /jposee/isotest/list_data_nameregistrar.html?sid=0.1876502566307101 HTTP/1.1" 200 21 
0:0:0:0:0:0:0:1 -  -  [15/ene/2020:18:57:49 +0000] "GET /jposee/isotest/list_data_nameregistrar.html?sid=0.4391174478948001 HTTP/1.1" 200 21 
0:0:0:0:0:0:0:1 -  -  [15/ene/2020:18:57:55 +0000] "GET /jposee/isotest/list_data_nameregistrar.html?sid=0.9736828473992316 HTTP/1.1" 200 21 
0:0:0:0:0:0:0:1 -  -  [15/ene/2020:18:58:00 +0000] "GET /jposee/isotest/list_data_nameregistrar.html?sid=0.5113430078170291 HTTP/1.1" 200 21 
0:0:0:0:0:0:0:1 -  -  [15/ene/2020:18:58:05 +0000] "GET /jposee/isotest/list_data_nameregistrar.html?sid=0.8972444078350865 HTTP/1.1" 200 21 
0:0:0:0:0:0:0:1 -  -  [15/ene/2020:18:58:10 +0000] "GET /jposee/isotest/list_data_nameregistrar.html?sid=0.9148901167220744 HTTP/1.1" 200 21 
0:0:0:0:0:0:0:1 -  -  [15/ene/2020:18:58:15 +0000] "GET /jposee/isotest/list_data_nameregistrar.html?sid=0.7748938546729127 HTTP/1.1" 200 21 
0:0:0:0:0:0:0:1 -  -  [15/ene/2020:18:58:20 +0000] "GET /jposee/isotest/list_data_nameregistrar.html?sid=0.053000585161788516 HTTP/1.1" 200 21 
0:0:0:0:0:0:0:1 -  -  [15/ene/2020:18:58:25 +0000] "GET /jposee/isotest/list_data_nameregistrar.html?sid=0.9490537967407269 HTTP/1.1" 200 21 
0:0:0:0:0:0:0:1 -  -  [15/ene/2020:18:58:31 +0000] "GET /jposee/isotest/list_data_nameregistrar.html?sid=0.9641099880932051 HTTP/1.1" 200 21 
0:0:0:0:0:0:0:1 -  -  [15/ene/2020:18:58:36 +0000] "GET /jposee/isotest/list_data_nameregistrar.html?sid=0.3946708893417814 HTTP/1.1" 200 21 
0:0:0:0:0:0:0:1 -  -  [15/ene/2020:18:58:41 +0000] "GET /jposee/isotest/list_data_nameregistrar.html?sid=0.733486790216012 HTTP/1.1" 200 21 
0:0:0:0:0:0:0:1 -  -  [15/ene/2020:18:58:46 +0000] "GET /jposee/isotest/list_data_nameregistrar.html?sid=0.2984312263606552 HTTP/1.1" 200 21 
0:0:0:0:0:0:0:1 -  -  [15/ene/2020:18:58:51 +0000] "GET /jposee/isotest/list_data_nameregistrar.html?sid=0.7268817786618922 HTTP/1.1" 200 21 
0:0:0:0:0:0:0:1 -  -  [15/ene/2020:18:58:56 +0000] "GET /jposee/isotest/list_data_nameregistrar.html?sid=0.015514607326005958 HTTP/1.1" 200 21 
0:0:0:0:0:0:0:1 -  -  [15/ene/2020:18:59:01 +0000] "GET /jposee/isotest/list_data_nameregistrar.html?sid=0.1433527010352742 HTTP/1.1" 200 21 
0:0:0:0:0:0:0:1 -  -  [15/ene/2020:18:59:07 +0000] "GET /jposee/isotest/list_data_nameregistrar.html?sid=0.8937958197309326 HTTP/1.1" 200 21 
0:0:0:0:0:0:0:1 -  -  [15/ene/2020:18:59:12 +0000] "GET /jposee/isotest/list_data_nameregistrar.html?sid=0.12540577370959816 HTTP/1.1" 200 21 
0:0:0:0:0:0:0:1 -  -  [15/ene/2020:18:59:17 +0000] "GET /jposee/isotest/list_data_nameregistrar.html?sid=0.7562105680158038 HTTP/1.1" 200 21 
0:0:0:0:0:0:0:1 -  -  [15/ene/2020:18:59:22 +0000] "GET /jposee/isotest/list_data_nameregistrar.html?sid=0.05522596076237729 HTTP/1.1" 200 21 
0:0:0:0:0:0:0:1 -  -  [15/ene/2020:18:59:27 +0000] "GET /jposee/isotest/list_data_nameregistrar.html?sid=0.7297453234873279 HTTP/1.1" 200 21 
0:0:0:0:0:0:0:1 -  -  [15/ene/2020:18:59:32 +0000] "GET /jposee/isotest/list_data_nameregistrar.html?sid=0.21091991711975577 HTTP/1.1" 200 21 
0:0:0:0:0:0:0:1 -  -  [15/ene/2020:18:59:37 +0000] "GET /jposee/isotest/list_data_nameregistrar.html?sid=0.18909737434051288 HTTP/1.1" 200 21 
0:0:0:0:0:0:0:1 -  -  [15/ene/2020:18:59:43 +0000] "GET /jposee/isotest/list_data_nameregistrar.html?sid=0.4345086117637067 HTTP/1.1" 200 21 
0:0:0:0:0:0:0:1 -  -  [15/ene/2020:18:59:48 +0000] "GET /jposee/isotest/list_data_nameregistrar.html?sid=0.6089579782999377 HTTP/1.1" 200 21 
0:0:0:0:0:0:0:1 -  -  [15/ene/2020:18:59:53 +0000] "GET /jposee/isotest/list_data_nameregistrar.html?sid=0.5706393005281132 HTTP/1.1" 200 21 
0:0:0:0:0:0:0:1 -  -  [15/ene/2020:18:59:58 +0000] "GET /jposee/isotest/list_data_nameregistrar.html?sid=0.37090102909606903 HTTP/1.1" 200 21 
0:0:0:0:0:0:0:1 -  -  [15/ene/2020:19:00:03 +0000] "GET /jposee/isotest/list_data_nameregistrar.html?sid=0.6958416098586822 HTTP/1.1" 200 21 
0:0:0:0:0:0:0:1 -  -  [15/ene/2020:19:00:08 +0000] "GET /jposee/isotest/list_data_nameregistrar.html?sid=0.21163092320231858 HTTP/1.1" 200 21 
0:0:0:0:0:0:0:1 -  -  [15/ene/2020:19:00:14 +0000] "GET /jposee/isotest/list_data_nameregistrar.html?sid=0.8302942889308005 HTTP/1.1" 200 21 
0:0:0:0:0:0:0:1 -  -  [15/ene/2020:19:00:19 +0000] "GET /jposee/isotest/list_data_nameregistrar.html?sid=0.34996720925182245 HTTP/1.1" 200 21 
0:0:0:0:0:0:0:1 -  -  [15/ene/2020:19:00:23 +0000] "GET /jposee/isotest/list_data_nameregistrar.html?sid=0.8672265201377194 HTTP/1.1" 200 21 
0:0:0:0:0:0:0:1 -  -  [15/ene/2020:19:00:29 +0000] "GET /jposee/isotest/list_data_nameregistrar.html?sid=0.6786411004992663 HTTP/1.1" 200 21 
0:0:0:0:0:0:0:1 -  -  [15/ene/2020:19:00:34 +0000] "GET /jposee/isotest/list_data_nameregistrar.html?sid=0.2510788682837939 HTTP/1.1" 200 21 
0:0:0:0:0:0:0:1 -  -  [15/ene/2020:19:00:39 +0000] "GET /jposee/isotest/list_data_nameregistrar.html?sid=0.8911582277494061 HTTP/1.1" 200 21 
0:0:0:0:0:0:0:1 -  -  [15/ene/2020:19:00:44 +0000] "GET /jposee/isotest/list_data_nameregistrar.html?sid=0.5186180028253078 HTTP/1.1" 200 21 
0:0:0:0:0:0:0:1 -  -  [15/ene/2020:19:00:50 +0000] "GET /jposee/isotest/list_data_nameregistrar.html?sid=0.41983497683516235 HTTP/1.1" 200 21 
0:0:0:0:0:0:0:1 -  -  [15/ene/2020:19:00:55 +0000] "GET /jposee/isotest/list_data_nameregistrar.html?sid=0.6517321213213236 HTTP/1.1" 200 21 
0:0:0:0:0:0:0:1 -  -  [15/ene/2020:19:01:00 +0000] "GET /jposee/isotest/list_data_nameregistrar.html?sid=0.5212325196530181 HTTP/1.1" 200 21 
0:0:0:0:0:0:0:1 -  -  [15/ene/2020:19:01:05 +0000] "GET /jposee/isotest/list_data_nameregistrar.html?sid=0.0363939008268066 HTTP/1.1" 200 21 
0:0:0:0:0:0:0:1 -  -  [15/ene/2020:19:01:10 +0000] "GET /jposee/isotest/list_data_nameregistrar.html?sid=0.6551029884921074 HTTP/1.1" 200 21 
0:0:0:0:0:0:0:1 -  -  [15/ene/2020:19:01:15 +0000] "GET /jposee/isotest/list_data_nameregistrar.html?sid=0.9106937981098739 HTTP/1.1" 200 21 
0:0:0:0:0:0:0:1 -  -  [15/ene/2020:19:01:20 +0000] "GET /jposee/isotest/list_data_nameregistrar.html?sid=0.7200480656517261 HTTP/1.1" 200 21 
0:0:0:0:0:0:0:1 -  -  [15/ene/2020:19:01:26 +0000] "GET /jposee/isotest/list_data_nameregistrar.html?sid=0.620191670813955 HTTP/1.1" 200 21 
0:0:0:0:0:0:0:1 -  -  [15/ene/2020:19:01:31 +0000] "GET /jposee/isotest/list_data_nameregistrar.html?sid=0.07732787232476879 HTTP/1.1" 200 21 
0:0:0:0:0:0:0:1 -  -  [15/ene/2020:19:01:36 +0000] "GET /jposee/isotest/list_data_nameregistrar.html?sid=0.3023035230228781 HTTP/1.1" 200 21 
0:0:0:0:0:0:0:1 -  -  [15/ene/2020:19:01:41 +0000] "GET /jposee/isotest/list_data_nameregistrar.html?sid=0.3312984753426116 HTTP/1.1" 200 21 
0:0:0:0:0:0:0:1 -  -  [15/ene/2020:19:01:46 +0000] "GET /jposee/isotest/list_data_nameregistrar.html?sid=0.825621461015265 HTTP/1.1" 200 21 
0:0:0:0:0:0:0:1 -  -  [15/ene/2020:19:01:51 +0000] "GET /jposee/isotest/list_data_nameregistrar.html?sid=0.6528622064318925 HTTP/1.1" 200 21 
0:0:0:0:0:0:0:1 -  -  [15/ene/2020:19:01:56 +0000] "GET /jposee/isotest/list_data_nameregistrar.html?sid=0.2704479923817873 HTTP/1.1" 200 21 
0:0:0:0:0:0:0:1 -  -  [15/ene/2020:19:02:01 +0000] "GET /jposee/isotest/list_data_nameregistrar.html?sid=0.4716914421248506 HTTP/1.1" 200 21 
0:0:0:0:0:0:0:1 -  -  [15/ene/2020:19:02:06 +0000] "GET /jposee/isotest/list_data_nameregistrar.html?sid=0.5496803155603431 HTTP/1.1" 200 21 
0:0:0:0:0:0:0:1 -  -  [15/ene/2020:19:02:11 +0000] "GET /jposee/isotest/list_data_nameregistrar.html?sid=0.8666230634196672 HTTP/1.1" 200 21 
0:0:0:0:0:0:0:1 -  -  [15/ene/2020:19:02:16 +0000] "GET /jposee/isotest/list_data_nameregistrar.html?sid=0.8145874151455152 HTTP/1.1" 200 21 
0:0:0:0:0:0:0:1 -  -  [15/ene/2020:19:02:21 +0000] "GET /jposee/isotest/list_data_nameregistrar.html?sid=0.7772518152672798 HTTP/1.1" 200 21 
0:0:0:0:0:0:0:1 -  -  [15/ene/2020:19:02:26 +0000] "GET /jposee/isotest/list_data_nameregistrar.html?sid=0.5113969541195522 HTTP/1.1" 200 21 
0:0:0:0:0:0:0:1 -  -  [15/ene/2020:19:02:31 +0000] "GET /jposee/isotest/list_data_nameregistrar.html?sid=0.009337219614949488 HTTP/1.1" 200 21 
0:0:0:0:0:0:0:1 -  -  [15/ene/2020:19:02:36 +0000] "GET /jposee/isotest/list_data_nameregistrar.html?sid=0.8228726769712953 HTTP/1.1" 200 21 
0:0:0:0:0:0:0:1 -  -  [15/ene/2020:19:02:41 +0000] "GET /jposee/isotest/list_data_nameregistrar.html?sid=0.05073891404292219 HTTP/1.1" 200 21 
0:0:0:0:0:0:0:1 -  -  [15/ene/2020:19:02:46 +0000] "GET /jposee/isotest/list_data_nameregistrar.html?sid=0.33982545539824915 HTTP/1.1" 200 21 
0:0:0:0:0:0:0:1 -  -  [15/ene/2020:19:02:51 +0000] "GET /jposee/isotest/list_data_nameregistrar.html?sid=0.5397420898940488 HTTP/1.1" 200 21 
0:0:0:0:0:0:0:1 -  -  [15/ene/2020:19:02:56 +0000] "GET /jposee/isotest/list_data_nameregistrar.html?sid=0.9591144515919485 HTTP/1.1" 200 21 
0:0:0:0:0:0:0:1 -  -  [15/ene/2020:19:03:01 +0000] "GET /jposee/isotest/list_data_nameregistrar.html?sid=0.988160790577546 HTTP/1.1" 200 21 
0:0:0:0:0:0:0:1 -  -  [15/ene/2020:19:03:05 +0000] "GET /jposee/isotest/list_data_nameregistrar.html?sid=0.9016519708715125 HTTP/1.1" 200 21 
0:0:0:0:0:0:0:1 -  -  [15/ene/2020:19:03:11 +0000] "GET /jposee/isotest/list_data_nameregistrar.html?sid=0.32886580289450795 HTTP/1.1" 200 21 
0:0:0:0:0:0:0:1 -  -  [15/ene/2020:19:03:16 +0000] "GET /jposee/isotest/list_data_nameregistrar.html?sid=0.1964516046734497 HTTP/1.1" 200 21 
0:0:0:0:0:0:0:1 -  -  [15/ene/2020:19:03:21 +0000] "GET /jposee/isotest/list_data_nameregistrar.html?sid=0.9723977588966446 HTTP/1.1" 200 21 
0:0:0:0:0:0:0:1 -  -  [15/ene/2020:19:03:26 +0000] "GET /jposee/isotest/list_data_nameregistrar.html?sid=0.8676025964068221 HTTP/1.1" 200 21 
0:0:0:0:0:0:0:1 -  -  [15/ene/2020:19:03:31 +0000] "GET /jposee/isotest/list_data_nameregistrar.html?sid=0.016173736584946807 HTTP/1.1" 200 21 
0:0:0:0:0:0:0:1 -  -  [15/ene/2020:19:03:36 +0000] "GET /jposee/isotest/list_data_nameregistrar.html?sid=0.5229098051309349 HTTP/1.1" 200 21 
0:0:0:0:0:0:0:1 -  -  [15/ene/2020:19:03:41 +0000] "GET /jposee/isotest/list_data_nameregistrar.html?sid=0.36921904957125373 HTTP/1.1" 200 21 
0:0:0:0:0:0:0:1 -  -  [15/ene/2020:19:03:46 +0000] "GET /jposee/isotest/list_data_nameregistrar.html?sid=0.7753117220180492 HTTP/1.1" 200 21 
0:0:0:0:0:0:0:1 -  -  [15/ene/2020:19:03:51 +0000] "GET /jposee/isotest/list_data_nameregistrar.html?sid=0.4095782242726098 HTTP/1.1" 200 21 
0:0:0:0:0:0:0:1 -  -  [15/ene/2020:19:03:55 +0000] "GET /jposee/isotest/list_data_nameregistrar.html?sid=0.05793493386591919 HTTP/1.1" 200 21 
0:0:0:0:0:0:0:1 -  -  [15/ene/2020:19:04:01 +0000] "GET /jposee/isotest/list_data_nameregistrar.html?sid=0.878040495695563 HTTP/1.1" 200 21 
0:0:0:0:0:0:0:1 -  -  [15/ene/2020:19:04:06 +0000] "GET /jposee/isotest/list_data_nameregistrar.html?sid=0.42925673906600426 HTTP/1.1" 200 21 
0:0:0:0:0:0:0:1 -  -  [15/ene/2020:19:04:11 +0000] "GET /jposee/isotest/list_data_nameregistrar.html?sid=0.2650303612422753 HTTP/1.1" 200 21 
0:0:0:0:0:0:0:1 -  -  [15/ene/2020:19:04:16 +0000] "GET /jposee/isotest/list_data_nameregistrar.html?sid=0.05271078798365503 HTTP/1.1" 200 21 
0:0:0:0:0:0:0:1 -  -  [15/ene/2020:19:04:21 +0000] "GET /jposee/isotest/list_data_nameregistrar.html?sid=0.3442667827594805 HTTP/1.1" 200 21 
0:0:0:0:0:0:0:1 -  -  [15/ene/2020:19:04:26 +0000] "GET /jposee/isotest/list_data_nameregistrar.html?sid=0.17532950348302823 HTTP/1.1" 200 21 
0:0:0:0:0:0:0:1 -  -  [15/ene/2020:19:04:31 +0000] "GET /jposee/isotest/list_data_nameregistrar.html?sid=0.7018747066277855 HTTP/1.1" 200 21 
0:0:0:0:0:0:0:1 -  -  [15/ene/2020:19:04:36 +0000] "GET /jposee/isotest/list_data_nameregistrar.html?sid=0.47890781137828653 HTTP/1.1" 200 21 
0:0:0:0:0:0:0:1 -  -  [15/ene/2020:19:04:41 +0000] "GET /jposee/isotest/list_data_nameregistrar.html?sid=0.5684246237863024 HTTP/1.1" 200 21 
0:0:0:0:0:0:0:1 -  -  [15/ene/2020:19:04:46 +0000] "GET /jposee/isotest/list_data_nameregistrar.html?sid=0.2628129312546825 HTTP/1.1" 200 21 
0:0:0:0:0:0:0:1 -  -  [15/ene/2020:19:04:51 +0000] "GET /jposee/isotest/list_data_nameregistrar.html?sid=0.18193650074131118 HTTP/1.1" 200 21 
0:0:0:0:0:0:0:1 -  -  [15/ene/2020:19:04:56 +0000] "GET /jposee/isotest/list_data_nameregistrar.html?sid=0.22963444474898775 HTTP/1.1" 200 21 
0:0:0:0:0:0:0:1 -  -  [15/ene/2020:19:05:01 +0000] "GET /jposee/isotest/list_data_nameregistrar.html?sid=0.8955998351379759 HTTP/1.1" 200 21 
0:0:0:0:0:0:0:1 -  -  [15/ene/2020:19:05:06 +0000] "GET /jposee/isotest/list_data_nameregistrar.html?sid=0.5987601609802071 HTTP/1.1" 200 21 
0:0:0:0:0:0:0:1 -  -  [15/ene/2020:19:05:10 +0000] "GET /jposee/isotest/list_data_nameregistrar.html?sid=0.8636955772913526 HTTP/1.1" 200 21 
0:0:0:0:0:0:0:1 -  -  [15/ene/2020:19:05:15 +0000] "GET /jposee/isotest/list_data_nameregistrar.html?sid=0.9082818836149367 HTTP/1.1" 200 21 
0:0:0:0:0:0:0:1 -  -  [15/ene/2020:19:05:20 +0000] "GET /jposee/isotest/list_data_nameregistrar.html?sid=0.25376086933906095 HTTP/1.1" 200 21 
0:0:0:0:0:0:0:1 -  -  [15/ene/2020:19:05:25 +0000] "GET /jposee/isotest/list_data_nameregistrar.html?sid=0.9594338377618294 HTTP/1.1" 200 21 
0:0:0:0:0:0:0:1 -  -  [15/ene/2020:19:05:30 +0000] "GET /jposee/isotest/list_data_nameregistrar.html?sid=0.22080726080007018 HTTP/1.1" 200 21 
0:0:0:0:0:0:0:1 -  -  [15/ene/2020:19:05:35 +0000] "GET /jposee/isotest/list_data_nameregistrar.html?sid=0.39109655144629896 HTTP/1.1" 200 21 
0:0:0:0:0:0:0:1 -  -  [15/ene/2020:19:05:40 +0000] "GET /jposee/isotest/list_data_nameregistrar.html?sid=0.395517495389359 HTTP/1.1" 200 21 
0:0:0:0:0:0:0:1 -  -  [15/ene/2020:19:05:45 +0000] "GET /jposee/isotest/list_data_nameregistrar.html?sid=0.10903037838431562 HTTP/1.1" 200 21 
0:0:0:0:0:0:0:1 -  -  [15/ene/2020:19:05:49 +0000] "GET /jposee/isotest/list_data_nameregistrar.html?sid=0.16664175130608583 HTTP/1.1" 200 21 
0:0:0:0:0:0:0:1 -  -  [15/ene/2020:19:05:54 +0000] "GET /jposee/isotest/list_data_nameregistrar.html?sid=0.3129772401284536 HTTP/1.1" 200 21 
0:0:0:0:0:0:0:1 -  -  [15/ene/2020:19:05:59 +0000] "GET /jposee/isotest/list_data_nameregistrar.html?sid=0.5650797980477118 HTTP/1.1" 200 21 
0:0:0:0:0:0:0:1 -  -  [15/ene/2020:19:06:04 +0000] "GET /jposee/isotest/list_data_nameregistrar.html?sid=0.36511333184562256 HTTP/1.1" 200 21 
0:0:0:0:0:0:0:1 -  -  [15/ene/2020:19:06:09 +0000] "GET /jposee/isotest/list_data_nameregistrar.html?sid=0.556501658472389 HTTP/1.1" 200 21 
0:0:0:0:0:0:0:1 -  -  [15/ene/2020:19:06:14 +0000] "GET /jposee/isotest/list_data_nameregistrar.html?sid=0.9607449951545157 HTTP/1.1" 200 21 
0:0:0:0:0:0:0:1 -  -  [15/ene/2020:19:06:19 +0000] "GET /jposee/isotest/list_data_nameregistrar.html?sid=0.02384036668784817 HTTP/1.1" 200 21 
0:0:0:0:0:0:0:1 -  -  [15/ene/2020:19:06:23 +0000] "GET /jposee/isotest/list_data_nameregistrar.html?sid=0.5615808349880334 HTTP/1.1" 200 21 
0:0:0:0:0:0:0:1 -  -  [15/ene/2020:19:06:28 +0000] "GET /jposee/isotest/list_data_nameregistrar.html?sid=0.46829664624903833 HTTP/1.1" 200 21 
0:0:0:0:0:0:0:1 -  -  [15/ene/2020:19:06:33 +0000] "GET /jposee/isotest/list_data_nameregistrar.html?sid=0.5099398468930614 HTTP/1.1" 200 21 
0:0:0:0:0:0:0:1 -  -  [15/ene/2020:19:06:38 +0000] "GET /jposee/isotest/list_data_nameregistrar.html?sid=0.3401054900468725 HTTP/1.1" 200 21 
0:0:0:0:0:0:0:1 -  -  [15/ene/2020:19:06:43 +0000] "GET /jposee/isotest/list_data_nameregistrar.html?sid=0.6640507562062621 HTTP/1.1" 200 21 
0:0:0:0:0:0:0:1 -  -  [15/ene/2020:19:06:48 +0000] "GET /jposee/isotest/list_data_nameregistrar.html?sid=0.6695193450650285 HTTP/1.1" 200 21 
0:0:0:0:0:0:0:1 -  -  [15/ene/2020:19:06:53 +0000] "GET /jposee/isotest/list_data_nameregistrar.html?sid=0.08268703133284627 HTTP/1.1" 200 21 
0:0:0:0:0:0:0:1 -  -  [15/ene/2020:19:06:58 +0000] "GET /jposee/isotest/list_data_nameregistrar.html?sid=0.7003010572113177 HTTP/1.1" 200 21 
0:0:0:0:0:0:0:1 -  -  [15/ene/2020:19:07:02 +0000] "GET /jposee/isotest/list_data_nameregistrar.html?sid=0.4527642529066931 HTTP/1.1" 200 21 
0:0:0:0:0:0:0:1 -  -  [15/ene/2020:19:07:07 +0000] "GET /jposee/isotest/list_data_nameregistrar.html?sid=0.2896981884395935 HTTP/1.1" 200 21 
0:0:0:0:0:0:0:1 -  -  [15/ene/2020:19:07:12 +0000] "GET /jposee/isotest/list_data_nameregistrar.html?sid=0.2045159403256087 HTTP/1.1" 200 21 
0:0:0:0:0:0:0:1 -  -  [15/ene/2020:19:07:17 +0000] "GET /jposee/isotest/list_data_nameregistrar.html?sid=0.9405698248803072 HTTP/1.1" 200 21 
0:0:0:0:0:0:0:1 -  -  [15/ene/2020:19:07:22 +0000] "GET /jposee/isotest/list_data_nameregistrar.html?sid=0.3614851944588384 HTTP/1.1" 200 21 
0:0:0:0:0:0:0:1 -  -  [15/ene/2020:19:07:27 +0000] "GET /jposee/isotest/list_data_nameregistrar.html?sid=0.8714830220463978 HTTP/1.1" 200 21 
0:0:0:0:0:0:0:1 -  -  [15/ene/2020:19:07:32 +0000] "GET /jposee/isotest/list_data_nameregistrar.html?sid=0.9621532512176483 HTTP/1.1" 200 21 
0:0:0:0:0:0:0:1 -  -  [15/ene/2020:19:07:37 +0000] "GET /jposee/isotest/list_data_nameregistrar.html?sid=0.7711027768396495 HTTP/1.1" 200 21 
0:0:0:0:0:0:0:1 -  -  [15/ene/2020:19:07:41 +0000] "GET /jposee/isotest/list_data_nameregistrar.html?sid=0.6302118983528096 HTTP/1.1" 200 21 
0:0:0:0:0:0:0:1 -  -  [15/ene/2020:19:07:46 +0000] "GET /jposee/isotest/list_data_nameregistrar.html?sid=0.7659569532381705 HTTP/1.1" 200 21 
0:0:0:0:0:0:0:1 -  -  [15/ene/2020:19:07:51 +0000] "GET /jposee/isotest/list_data_nameregistrar.html?sid=0.6422940200082183 HTTP/1.1" 200 21 
0:0:0:0:0:0:0:1 -  -  [15/ene/2020:19:07:56 +0000] "GET /jposee/isotest/list_data_nameregistrar.html?sid=0.5235074639713637 HTTP/1.1" 200 21 
0:0:0:0:0:0:0:1 -  -  [15/ene/2020:19:08:01 +0000] "GET /jposee/isotest/list_data_nameregistrar.html?sid=0.6222748445079711 HTTP/1.1" 200 21 
0:0:0:0:0:0:0:1 -  -  [15/ene/2020:19:08:06 +0000] "GET /jposee/isotest/list_data_nameregistrar.html?sid=0.3538832980300888 HTTP/1.1" 200 21 
0:0:0:0:0:0:0:1 -  -  [15/ene/2020:19:08:11 +0000] "GET /jposee/isotest/list_data_nameregistrar.html?sid=0.7376248207909266 HTTP/1.1" 200 21 
0:0:0:0:0:0:0:1 -  -  [15/ene/2020:19:08:16 +0000] "GET /jposee/isotest/list_data_nameregistrar.html?sid=0.7980585293862614 HTTP/1.1" 200 21 
0:0:0:0:0:0:0:1 -  -  [15/ene/2020:19:08:20 +0000] "GET /jposee/isotest/list_data_nameregistrar.html?sid=0.2654295207073767 HTTP/1.1" 200 21 
