0:0:0:0:0:0:0:1 -  -  [09/ene/2020:18:36:08 +0000] "GET /jposee/login.html HTTP/1.1" 200 3820 
0:0:0:0:0:0:0:1 -  -  [09/ene/2020:18:36:08 +0000] "GET /favicon.ico HTTP/1.1" 404 1376 
0:0:0:0:0:0:0:1 -  -  [09/ene/2020:18:36:16 +0000] "POST /jposee/login.html HTTP/1.1" 302 0 
0:0:0:0:0:0:0:1 -  -  [09/ene/2020:18:36:16 +0000] "GET /jposee/ HTTP/1.1" 200 5410 
0:0:0:0:0:0:0:1 -  -  [09/ene/2020:18:36:18 +0000] "GET /jposee/isotest/list.html HTTP/1.1" 200 8152 
0:0:0:0:0:0:0:1 -  -  [09/ene/2020:18:36:18 +0000] "GET /jposee/isotest/list_data_nameregistrar.html?sid=0.49061567181921695 HTTP/1.1" 200 21 
0:0:0:0:0:0:0:1 -  -  [09/ene/2020:18:36:23 +0000] "GET /jposee/isotest/list_data_nameregistrar.html?sid=0.6197243298948203 HTTP/1.1" 200 21 
0:0:0:0:0:0:0:1 -  -  [09/ene/2020:18:36:28 +0000] "GET /jposee/isotest/list_data_nameregistrar.html?sid=0.22959111350195283 HTTP/1.1" 200 21 
0:0:0:0:0:0:0:1 -  -  [09/ene/2020:18:36:30 +0000] "GET /jposee/isotest/stuff.html?servicename=Servibanca&action=VIEW HTTP/1.1" 200 13711 
0:0:0:0:0:0:0:1 -  -  [09/ene/2020:18:37:10 +0000] "GET /jposee/isotest/list.html HTTP/1.1" 200 8152 
0:0:0:0:0:0:0:1 -  -  [09/ene/2020:18:37:10 +0000] "GET /jposee/isotest/list_data_nameregistrar.html?sid=0.8404967829400294 HTTP/1.1" 200 21 
0:0:0:0:0:0:0:1 -  -  [09/ene/2020:18:37:15 +0000] "GET /jposee/isotest/list_data_nameregistrar.html?sid=0.7705592788000999 HTTP/1.1" 200 21 
0:0:0:0:0:0:0:1 -  -  [09/ene/2020:18:37:20 +0000] "GET /jposee/isotest/list_data_nameregistrar.html?sid=0.750025489557073 HTTP/1.1" 200 21 
0:0:0:0:0:0:0:1 -  -  [09/ene/2020:18:37:25 +0000] "GET /jposee/isotest/list_data_nameregistrar.html?sid=0.5356798825680993 HTTP/1.1" 200 21 
0:0:0:0:0:0:0:1 -  -  [09/ene/2020:18:37:30 +0000] "GET /jposee/isotest/list_data_nameregistrar.html?sid=0.8994103293446138 HTTP/1.1" 200 21 
0:0:0:0:0:0:0:1 -  -  [09/ene/2020:18:37:35 +0000] "GET /jposee/isotest/list_data_nameregistrar.html?sid=0.7030083969693541 HTTP/1.1" 200 21 
0:0:0:0:0:0:0:1 -  -  [09/ene/2020:18:37:40 +0000] "GET /jposee/isotest/list_data_nameregistrar.html?sid=0.4237262279473437 HTTP/1.1" 200 21 
0:0:0:0:0:0:0:1 -  -  [09/ene/2020:18:37:45 +0000] "GET /jposee/isotest/list_data_nameregistrar.html?sid=0.8543142104557553 HTTP/1.1" 200 21 
0:0:0:0:0:0:0:1 -  -  [09/ene/2020:18:37:50 +0000] "GET /jposee/isotest/list_data_nameregistrar.html?sid=0.2506302552721049 HTTP/1.1" 200 21 
0:0:0:0:0:0:0:1 -  -  [09/ene/2020:18:37:55 +0000] "GET /jposee/isotest/list_data_nameregistrar.html?sid=0.3417846923155503 HTTP/1.1" 200 21 
0:0:0:0:0:0:0:1 -  -  [09/ene/2020:18:38:00 +0000] "GET /jposee/isotest/list_data_nameregistrar.html?sid=0.1432394031383215 HTTP/1.1" 200 21 
0:0:0:0:0:0:0:1 -  -  [09/ene/2020:18:38:05 +0000] "GET /jposee/isotest/list_data_nameregistrar.html?sid=0.7327608802632677 HTTP/1.1" 200 21 
0:0:0:0:0:0:0:1 -  -  [09/ene/2020:18:38:11 +0000] "GET /jposee/isotest/list_data_nameregistrar.html?sid=0.20462330215217905 HTTP/1.1" 200 21 
0:0:0:0:0:0:0:1 -  -  [09/ene/2020:18:38:16 +0000] "GET /jposee/isotest/list_data_nameregistrar.html?sid=0.42686842507736555 HTTP/1.1" 200 21 
0:0:0:0:0:0:0:1 -  -  [09/ene/2020:18:38:21 +0000] "GET /jposee/isotest/list_data_nameregistrar.html?sid=0.09992042216118047 HTTP/1.1" 200 21 
0:0:0:0:0:0:0:1 -  -  [09/ene/2020:18:38:26 +0000] "GET /jposee/isotest/list_data_nameregistrar.html?sid=0.5194911883122073 HTTP/1.1" 200 21 
0:0:0:0:0:0:0:1 -  -  [09/ene/2020:18:38:31 +0000] "GET /jposee/isotest/list_data_nameregistrar.html?sid=0.14943107737132166 HTTP/1.1" 200 21 
0:0:0:0:0:0:0:1 -  -  [09/ene/2020:18:38:36 +0000] "GET /jposee/isotest/list_data_nameregistrar.html?sid=0.5117467798950592 HTTP/1.1" 200 21 
0:0:0:0:0:0:0:1 -  -  [09/ene/2020:18:38:41 +0000] "GET /jposee/isotest/list_data_nameregistrar.html?sid=0.1849501776023077 HTTP/1.1" 200 21 
0:0:0:0:0:0:0:1 -  -  [09/ene/2020:18:38:46 +0000] "GET /jposee/isotest/list_data_nameregistrar.html?sid=0.8176134215145334 HTTP/1.1" 200 21 
0:0:0:0:0:0:0:1 -  -  [09/ene/2020:18:38:51 +0000] "GET /jposee/isotest/list_data_nameregistrar.html?sid=0.9889767184978582 HTTP/1.1" 200 21 
0:0:0:0:0:0:0:1 -  -  [09/ene/2020:18:38:56 +0000] "GET /jposee/isotest/list_data_nameregistrar.html?sid=0.9387090039338466 HTTP/1.1" 200 21 
0:0:0:0:0:0:0:1 -  -  [09/ene/2020:18:39:00 +0000] "GET /jposee/isotest/list_data_nameregistrar.html?sid=0.5494950422018703 HTTP/1.1" 200 21 
0:0:0:0:0:0:0:1 -  -  [09/ene/2020:18:39:05 +0000] "GET /jposee/isotest/list_data_nameregistrar.html?sid=0.7012294304576403 HTTP/1.1" 200 21 
0:0:0:0:0:0:0:1 -  -  [09/ene/2020:18:39:10 +0000] "GET /jposee/isotest/list_data_nameregistrar.html?sid=0.9030909352451926 HTTP/1.1" 200 21 
0:0:0:0:0:0:0:1 -  -  [09/ene/2020:18:39:15 +0000] "GET /jposee/isotest/list_data_nameregistrar.html?sid=0.18725925463355053 HTTP/1.1" 200 21 
0:0:0:0:0:0:0:1 -  -  [09/ene/2020:18:39:20 +0000] "GET /jposee/isotest/list_data_nameregistrar.html?sid=0.3915271372456206 HTTP/1.1" 200 21 
0:0:0:0:0:0:0:1 -  -  [09/ene/2020:18:39:25 +0000] "GET /jposee/isotest/list_data_nameregistrar.html?sid=0.5551129308603595 HTTP/1.1" 200 21 
0:0:0:0:0:0:0:1 -  -  [09/ene/2020:18:39:30 +0000] "GET /jposee/isotest/list_data_nameregistrar.html?sid=0.9013648091919604 HTTP/1.1" 200 21 
0:0:0:0:0:0:0:1 -  -  [09/ene/2020:18:39:35 +0000] "GET /jposee/isotest/list_data_nameregistrar.html?sid=0.13714173983263866 HTTP/1.1" 200 21 
0:0:0:0:0:0:0:1 -  -  [09/ene/2020:18:39:40 +0000] "GET /jposee/isotest/list_data_nameregistrar.html?sid=0.7387813890905237 HTTP/1.1" 200 21 
0:0:0:0:0:0:0:1 -  -  [09/ene/2020:18:39:45 +0000] "GET /jposee/isotest/list_data_nameregistrar.html?sid=0.16535648165151584 HTTP/1.1" 200 21 
0:0:0:0:0:0:0:1 -  -  [09/ene/2020:18:39:49 +0000] "GET /jposee/isotest/list_data_nameregistrar.html?sid=0.21035643046647157 HTTP/1.1" 200 21 
0:0:0:0:0:0:0:1 -  -  [09/ene/2020:18:39:54 +0000] "GET /jposee/isotest/list_data_nameregistrar.html?sid=0.23461498483552834 HTTP/1.1" 200 21 
0:0:0:0:0:0:0:1 -  -  [09/ene/2020:18:39:59 +0000] "GET /jposee/isotest/list_data_nameregistrar.html?sid=0.9643194671006519 HTTP/1.1" 200 21 
0:0:0:0:0:0:0:1 -  -  [09/ene/2020:18:40:04 +0000] "GET /jposee/isotest/list_data_nameregistrar.html?sid=0.9219602527299076 HTTP/1.1" 200 21 
0:0:0:0:0:0:0:1 -  -  [09/ene/2020:18:40:09 +0000] "GET /jposee/isotest/list_data_nameregistrar.html?sid=0.7690419992574629 HTTP/1.1" 200 21 
0:0:0:0:0:0:0:1 -  -  [09/ene/2020:18:40:14 +0000] "GET /jposee/isotest/list_data_nameregistrar.html?sid=0.3034595723546216 HTTP/1.1" 200 21 
0:0:0:0:0:0:0:1 -  -  [09/ene/2020:18:40:19 +0000] "GET /jposee/isotest/list_data_nameregistrar.html?sid=0.6554693201269082 HTTP/1.1" 200 21 
0:0:0:0:0:0:0:1 -  -  [09/ene/2020:18:40:24 +0000] "GET /jposee/isotest/list_data_nameregistrar.html?sid=0.7729804737048895 HTTP/1.1" 200 21 
0:0:0:0:0:0:0:1 -  -  [09/ene/2020:18:40:29 +0000] "GET /jposee/isotest/list_data_nameregistrar.html?sid=0.5751296212353818 HTTP/1.1" 200 21 
0:0:0:0:0:0:0:1 -  -  [09/ene/2020:18:40:34 +0000] "GET /jposee/isotest/list_data_nameregistrar.html?sid=0.11165515068018106 HTTP/1.1" 200 21 
0:0:0:0:0:0:0:1 -  -  [09/ene/2020:18:40:38 +0000] "GET /jposee/isotest/list_data_nameregistrar.html?sid=0.7391356465403103 HTTP/1.1" 200 21 
0:0:0:0:0:0:0:1 -  -  [09/ene/2020:18:40:43 +0000] "GET /jposee/isotest/list_data_nameregistrar.html?sid=0.8818990292036413 HTTP/1.1" 200 21 
0:0:0:0:0:0:0:1 -  -  [09/ene/2020:18:40:48 +0000] "GET /jposee/isotest/list_data_nameregistrar.html?sid=0.5566270139768861 HTTP/1.1" 200 21 
0:0:0:0:0:0:0:1 -  -  [09/ene/2020:18:40:53 +0000] "GET /jposee/isotest/list_data_nameregistrar.html?sid=0.025536586156917673 HTTP/1.1" 200 21 
0:0:0:0:0:0:0:1 -  -  [09/ene/2020:18:40:58 +0000] "GET /jposee/isotest/list_data_nameregistrar.html?sid=0.18869074840181432 HTTP/1.1" 200 21 
0:0:0:0:0:0:0:1 -  -  [09/ene/2020:18:41:03 +0000] "GET /jposee/isotest/list_data_nameregistrar.html?sid=0.3976083188575388 HTTP/1.1" 200 21 
0:0:0:0:0:0:0:1 -  -  [09/ene/2020:18:41:08 +0000] "GET /jposee/isotest/list_data_nameregistrar.html?sid=0.9112025186243105 HTTP/1.1" 200 21 
0:0:0:0:0:0:0:1 -  -  [09/ene/2020:18:41:13 +0000] "GET /jposee/isotest/list_data_nameregistrar.html?sid=0.1699059791636366 HTTP/1.1" 200 21 
0:0:0:0:0:0:0:1 -  -  [09/ene/2020:18:41:18 +0000] "GET /jposee/isotest/list_data_nameregistrar.html?sid=0.4921266733545504 HTTP/1.1" 200 21 
0:0:0:0:0:0:0:1 -  -  [09/ene/2020:18:41:23 +0000] "GET /jposee/isotest/list_data_nameregistrar.html?sid=0.25102676020758885 HTTP/1.1" 200 21 
0:0:0:0:0:0:0:1 -  -  [09/ene/2020:18:41:27 +0000] "GET /jposee/isotest/list_data_nameregistrar.html?sid=0.41354803199851053 HTTP/1.1" 200 21 
0:0:0:0:0:0:0:1 -  -  [09/ene/2020:18:41:32 +0000] "GET /jposee/isotest/list_data_nameregistrar.html?sid=0.5282785513560742 HTTP/1.1" 200 21 
0:0:0:0:0:0:0:1 -  -  [09/ene/2020:18:41:37 +0000] "GET /jposee/isotest/list_data_nameregistrar.html?sid=0.16982981823556398 HTTP/1.1" 200 21 
0:0:0:0:0:0:0:1 -  -  [09/ene/2020:18:41:42 +0000] "GET /jposee/isotest/list_data_nameregistrar.html?sid=0.38209519422548066 HTTP/1.1" 200 21 
0:0:0:0:0:0:0:1 -  -  [09/ene/2020:18:41:47 +0000] "GET /jposee/isotest/list_data_nameregistrar.html?sid=0.5279838803705612 HTTP/1.1" 200 21 
0:0:0:0:0:0:0:1 -  -  [09/ene/2020:18:41:52 +0000] "GET /jposee/isotest/list_data_nameregistrar.html?sid=0.04412221056357524 HTTP/1.1" 200 21 
0:0:0:0:0:0:0:1 -  -  [09/ene/2020:18:41:57 +0000] "GET /jposee/isotest/list_data_nameregistrar.html?sid=0.6096569376247225 HTTP/1.1" 200 21 
0:0:0:0:0:0:0:1 -  -  [09/ene/2020:18:42:02 +0000] "GET /jposee/isotest/list_data_nameregistrar.html?sid=0.42812013381786684 HTTP/1.1" 200 21 
0:0:0:0:0:0:0:1 -  -  [09/ene/2020:18:42:07 +0000] "GET /jposee/isotest/list_data_nameregistrar.html?sid=0.5820211644533213 HTTP/1.1" 200 21 
0:0:0:0:0:0:0:1 -  -  [09/ene/2020:18:42:12 +0000] "GET /jposee/isotest/list_data_nameregistrar.html?sid=0.30925556565707346 HTTP/1.1" 200 21 
0:0:0:0:0:0:0:1 -  -  [09/ene/2020:18:42:16 +0000] "GET /jposee/isotest/list_data_nameregistrar.html?sid=0.44464834500124817 HTTP/1.1" 200 21 
0:0:0:0:0:0:0:1 -  -  [09/ene/2020:18:42:21 +0000] "GET /jposee/isotest/list_data_nameregistrar.html?sid=0.5596208207943378 HTTP/1.1" 200 21 
0:0:0:0:0:0:0:1 -  -  [09/ene/2020:18:42:26 +0000] "GET /jposee/isotest/list_data_nameregistrar.html?sid=0.21053083452432664 HTTP/1.1" 200 21 
0:0:0:0:0:0:0:1 -  -  [09/ene/2020:18:42:31 +0000] "GET /jposee/isotest/list_data_nameregistrar.html?sid=0.36674150028795216 HTTP/1.1" 200 21 
0:0:0:0:0:0:0:1 -  -  [09/ene/2020:18:42:36 +0000] "GET /jposee/isotest/list_data_nameregistrar.html?sid=0.8673333777372207 HTTP/1.1" 200 21 
0:0:0:0:0:0:0:1 -  -  [09/ene/2020:18:42:41 +0000] "GET /jposee/isotest/list_data_nameregistrar.html?sid=0.8482655709611127 HTTP/1.1" 200 21 
0:0:0:0:0:0:0:1 -  -  [09/ene/2020:18:42:46 +0000] "GET /jposee/isotest/list_data_nameregistrar.html?sid=0.854278786858016 HTTP/1.1" 200 21 
0:0:0:0:0:0:0:1 -  -  [09/ene/2020:18:42:51 +0000] "GET /jposee/isotest/list_data_nameregistrar.html?sid=0.36302308714033615 HTTP/1.1" 200 21 
0:0:0:0:0:0:0:1 -  -  [09/ene/2020:18:42:56 +0000] "GET /jposee/isotest/list_data_nameregistrar.html?sid=0.6245823026291932 HTTP/1.1" 200 21 
0:0:0:0:0:0:0:1 -  -  [09/ene/2020:18:43:01 +0000] "GET /jposee/isotest/list_data_nameregistrar.html?sid=0.5188335514859803 HTTP/1.1" 200 21 
0:0:0:0:0:0:0:1 -  -  [09/ene/2020:18:43:05 +0000] "GET /jposee/isotest/list_data_nameregistrar.html?sid=0.9656108524735518 HTTP/1.1" 200 21 
0:0:0:0:0:0:0:1 -  -  [09/ene/2020:18:43:10 +0000] "GET /jposee/isotest/list_data_nameregistrar.html?sid=0.5682169062030435 HTTP/1.1" 200 21 
0:0:0:0:0:0:0:1 -  -  [09/ene/2020:18:43:15 +0000] "GET /jposee/isotest/list_data_nameregistrar.html?sid=0.8347426298813507 HTTP/1.1" 200 21 
0:0:0:0:0:0:0:1 -  -  [09/ene/2020:18:43:20 +0000] "GET /jposee/isotest/list_data_nameregistrar.html?sid=0.24857026124202264 HTTP/1.1" 200 21 
0:0:0:0:0:0:0:1 -  -  [09/ene/2020:18:43:25 +0000] "GET /jposee/isotest/list_data_nameregistrar.html?sid=0.689029497312192 HTTP/1.1" 200 21 
0:0:0:0:0:0:0:1 -  -  [09/ene/2020:18:43:30 +0000] "GET /jposee/isotest/list_data_nameregistrar.html?sid=0.21284588879489497 HTTP/1.1" 200 21 
0:0:0:0:0:0:0:1 -  -  [09/ene/2020:18:43:35 +0000] "GET /jposee/isotest/list_data_nameregistrar.html?sid=0.29125497331325323 HTTP/1.1" 200 21 
0:0:0:0:0:0:0:1 -  -  [09/ene/2020:18:43:40 +0000] "GET /jposee/isotest/list_data_nameregistrar.html?sid=0.13412778016335536 HTTP/1.1" 200 21 
0:0:0:0:0:0:0:1 -  -  [09/ene/2020:18:43:45 +0000] "GET /jposee/isotest/list_data_nameregistrar.html?sid=0.3361861998162483 HTTP/1.1" 200 21 
0:0:0:0:0:0:0:1 -  -  [09/ene/2020:18:43:50 +0000] "GET /jposee/isotest/list_data_nameregistrar.html?sid=0.5296997967455117 HTTP/1.1" 200 21 
0:0:0:0:0:0:0:1 -  -  [09/ene/2020:18:43:55 +0000] "GET /jposee/isotest/list_data_nameregistrar.html?sid=0.8561338235773903 HTTP/1.1" 200 21 
0:0:0:0:0:0:0:1 -  -  [09/ene/2020:18:44:00 +0000] "GET /jposee/isotest/list_data_nameregistrar.html?sid=0.3336141155275778 HTTP/1.1" 200 21 
0:0:0:0:0:0:0:1 -  -  [09/ene/2020:18:44:05 +0000] "GET /jposee/isotest/list_data_nameregistrar.html?sid=0.09318740367470468 HTTP/1.1" 200 21 
0:0:0:0:0:0:0:1 -  -  [09/ene/2020:18:44:10 +0000] "GET /jposee/isotest/list_data_nameregistrar.html?sid=0.8032251070773482 HTTP/1.1" 200 21 
0:0:0:0:0:0:0:1 -  -  [09/ene/2020:18:44:15 +0000] "GET /jposee/isotest/list_data_nameregistrar.html?sid=0.07040319242256521 HTTP/1.1" 200 21 
0:0:0:0:0:0:0:1 -  -  [09/ene/2020:18:44:20 +0000] "GET /jposee/isotest/list_data_nameregistrar.html?sid=0.5710238579398048 HTTP/1.1" 200 21 
0:0:0:0:0:0:0:1 -  -  [09/ene/2020:18:44:25 +0000] "GET /jposee/isotest/list_data_nameregistrar.html?sid=0.07161802914674875 HTTP/1.1" 200 21 
0:0:0:0:0:0:0:1 -  -  [09/ene/2020:18:44:30 +0000] "GET /jposee/isotest/list_data_nameregistrar.html?sid=0.5206418061636209 HTTP/1.1" 200 21 
0:0:0:0:0:0:0:1 -  -  [09/ene/2020:18:44:35 +0000] "GET /jposee/isotest/list_data_nameregistrar.html?sid=0.7168204936251694 HTTP/1.1" 200 21 
0:0:0:0:0:0:0:1 -  -  [09/ene/2020:18:44:40 +0000] "GET /jposee/isotest/list_data_nameregistrar.html?sid=0.5768426216139364 HTTP/1.1" 200 21 
0:0:0:0:0:0:0:1 -  -  [09/ene/2020:18:44:45 +0000] "GET /jposee/isotest/list_data_nameregistrar.html?sid=0.9262763005865127 HTTP/1.1" 200 21 
0:0:0:0:0:0:0:1 -  -  [09/ene/2020:18:44:50 +0000] "GET /jposee/isotest/list_data_nameregistrar.html?sid=0.03290062719241327 HTTP/1.1" 200 21 
0:0:0:0:0:0:0:1 -  -  [09/ene/2020:18:44:55 +0000] "GET /jposee/isotest/list_data_nameregistrar.html?sid=0.30216701705466087 HTTP/1.1" 200 21 
0:0:0:0:0:0:0:1 -  -  [09/ene/2020:18:45:00 +0000] "GET /jposee/isotest/list_data_nameregistrar.html?sid=0.5844517725790763 HTTP/1.1" 200 21 
0:0:0:0:0:0:0:1 -  -  [09/ene/2020:18:45:05 +0000] "GET /jposee/isotest/list_data_nameregistrar.html?sid=0.33199531409213745 HTTP/1.1" 200 21 
0:0:0:0:0:0:0:1 -  -  [09/ene/2020:18:45:10 +0000] "GET /jposee/isotest/list_data_nameregistrar.html?sid=0.7132616601797177 HTTP/1.1" 200 21 
0:0:0:0:0:0:0:1 -  -  [09/ene/2020:18:45:15 +0000] "GET /jposee/isotest/list_data_nameregistrar.html?sid=0.16739997675038487 HTTP/1.1" 200 21 
0:0:0:0:0:0:0:1 -  -  [09/ene/2020:18:45:20 +0000] "GET /jposee/isotest/list_data_nameregistrar.html?sid=0.7798297833074619 HTTP/1.1" 200 21 
0:0:0:0:0:0:0:1 -  -  [09/ene/2020:18:45:25 +0000] "GET /jposee/isotest/list_data_nameregistrar.html?sid=0.8390943090030436 HTTP/1.1" 200 21 
0:0:0:0:0:0:0:1 -  -  [09/ene/2020:18:45:30 +0000] "GET /jposee/isotest/list_data_nameregistrar.html?sid=0.41952901801100984 HTTP/1.1" 200 21 
0:0:0:0:0:0:0:1 -  -  [09/ene/2020:18:45:35 +0000] "GET /jposee/isotest/list_data_nameregistrar.html?sid=0.6025448031298026 HTTP/1.1" 200 21 
0:0:0:0:0:0:0:1 -  -  [09/ene/2020:18:45:40 +0000] "GET /jposee/isotest/list_data_nameregistrar.html?sid=0.40358812663149823 HTTP/1.1" 200 21 
0:0:0:0:0:0:0:1 -  -  [09/ene/2020:18:45:45 +0000] "GET /jposee/isotest/list_data_nameregistrar.html?sid=0.011277675604134396 HTTP/1.1" 200 21 
0:0:0:0:0:0:0:1 -  -  [09/ene/2020:18:45:50 +0000] "GET /jposee/isotest/list_data_nameregistrar.html?sid=0.8295226925569168 HTTP/1.1" 200 21 
0:0:0:0:0:0:0:1 -  -  [09/ene/2020:18:45:55 +0000] "GET /jposee/isotest/list_data_nameregistrar.html?sid=0.6337222403444336 HTTP/1.1" 200 21 
0:0:0:0:0:0:0:1 -  -  [09/ene/2020:18:46:00 +0000] "GET /jposee/isotest/list_data_nameregistrar.html?sid=0.6402264635650938 HTTP/1.1" 200 21 
0:0:0:0:0:0:0:1 -  -  [09/ene/2020:18:46:05 +0000] "GET /jposee/isotest/list_data_nameregistrar.html?sid=0.44715529105220764 HTTP/1.1" 200 21 
0:0:0:0:0:0:0:1 -  -  [09/ene/2020:18:46:10 +0000] "GET /jposee/isotest/list_data_nameregistrar.html?sid=0.6990406976130525 HTTP/1.1" 200 21 
0:0:0:0:0:0:0:1 -  -  [09/ene/2020:18:46:15 +0000] "GET /jposee/isotest/list_data_nameregistrar.html?sid=0.871445312914108 HTTP/1.1" 200 21 
0:0:0:0:0:0:0:1 -  -  [09/ene/2020:18:46:20 +0000] "GET /jposee/isotest/list_data_nameregistrar.html?sid=0.7079108771191438 HTTP/1.1" 200 21 
0:0:0:0:0:0:0:1 -  -  [09/ene/2020:18:46:25 +0000] "GET /jposee/isotest/list_data_nameregistrar.html?sid=0.025283148669461797 HTTP/1.1" 200 21 
0:0:0:0:0:0:0:1 -  -  [09/ene/2020:18:46:30 +0000] "GET /jposee/isotest/list_data_nameregistrar.html?sid=0.42064712612511435 HTTP/1.1" 200 21 
0:0:0:0:0:0:0:1 -  -  [09/ene/2020:18:46:35 +0000] "GET /jposee/isotest/list_data_nameregistrar.html?sid=0.3406211412033706 HTTP/1.1" 200 21 
0:0:0:0:0:0:0:1 -  -  [09/ene/2020:18:46:40 +0000] "GET /jposee/isotest/list_data_nameregistrar.html?sid=0.45118585932778643 HTTP/1.1" 200 21 
0:0:0:0:0:0:0:1 -  -  [09/ene/2020:18:46:45 +0000] "GET /jposee/isotest/list_data_nameregistrar.html?sid=0.4322630512083394 HTTP/1.1" 200 21 
0:0:0:0:0:0:0:1 -  -  [09/ene/2020:18:46:50 +0000] "GET /jposee/isotest/list_data_nameregistrar.html?sid=0.865090817385358 HTTP/1.1" 200 21 
0:0:0:0:0:0:0:1 -  -  [09/ene/2020:18:46:55 +0000] "GET /jposee/isotest/list_data_nameregistrar.html?sid=0.6594140655676666 HTTP/1.1" 200 21 
0:0:0:0:0:0:0:1 -  -  [09/ene/2020:18:47:00 +0000] "GET /jposee/isotest/list_data_nameregistrar.html?sid=0.8890788062187369 HTTP/1.1" 200 21 
0:0:0:0:0:0:0:1 -  -  [09/ene/2020:18:47:05 +0000] "GET /jposee/isotest/list_data_nameregistrar.html?sid=0.9830765356295352 HTTP/1.1" 200 21 
0:0:0:0:0:0:0:1 -  -  [09/ene/2020:18:47:10 +0000] "GET /jposee/isotest/list_data_nameregistrar.html?sid=0.9653192680260196 HTTP/1.1" 200 21 
0:0:0:0:0:0:0:1 -  -  [09/ene/2020:18:47:15 +0000] "GET /jposee/isotest/list_data_nameregistrar.html?sid=0.7624325526904787 HTTP/1.1" 200 21 
0:0:0:0:0:0:0:1 -  -  [09/ene/2020:18:47:20 +0000] "GET /jposee/isotest/list_data_nameregistrar.html?sid=0.1681490089870601 HTTP/1.1" 200 21 
0:0:0:0:0:0:0:1 -  -  [09/ene/2020:18:47:25 +0000] "GET /jposee/isotest/list_data_nameregistrar.html?sid=0.5985315372749891 HTTP/1.1" 200 21 
0:0:0:0:0:0:0:1 -  -  [09/ene/2020:18:47:30 +0000] "GET /jposee/isotest/list_data_nameregistrar.html?sid=0.4009569681216496 HTTP/1.1" 200 21 
0:0:0:0:0:0:0:1 -  -  [09/ene/2020:18:47:35 +0000] "GET /jposee/isotest/list_data_nameregistrar.html?sid=0.4678619542864022 HTTP/1.1" 200 21 
0:0:0:0:0:0:0:1 -  -  [09/ene/2020:18:47:40 +0000] "GET /jposee/isotest/list_data_nameregistrar.html?sid=0.6616229675724368 HTTP/1.1" 200 21 
0:0:0:0:0:0:0:1 -  -  [09/ene/2020:18:47:45 +0000] "GET /jposee/isotest/list_data_nameregistrar.html?sid=0.7095678863698767 HTTP/1.1" 200 21 
0:0:0:0:0:0:0:1 -  -  [09/ene/2020:18:47:50 +0000] "GET /jposee/isotest/list_data_nameregistrar.html?sid=0.5322418381288108 HTTP/1.1" 200 21 
0:0:0:0:0:0:0:1 -  -  [09/ene/2020:18:47:55 +0000] "GET /jposee/isotest/list_data_nameregistrar.html?sid=0.697188921094225 HTTP/1.1" 200 21 
0:0:0:0:0:0:0:1 -  -  [09/ene/2020:18:48:00 +0000] "GET /jposee/isotest/list_data_nameregistrar.html?sid=0.6886982370440609 HTTP/1.1" 200 21 
0:0:0:0:0:0:0:1 -  -  [09/ene/2020:18:48:05 +0000] "GET /jposee/isotest/list_data_nameregistrar.html?sid=0.9416214168202746 HTTP/1.1" 200 21 
0:0:0:0:0:0:0:1 -  -  [09/ene/2020:18:48:10 +0000] "GET /jposee/isotest/list_data_nameregistrar.html?sid=0.9238645647471713 HTTP/1.1" 200 21 
0:0:0:0:0:0:0:1 -  -  [09/ene/2020:18:48:15 +0000] "GET /jposee/isotest/list_data_nameregistrar.html?sid=0.884755372977734 HTTP/1.1" 200 21 
0:0:0:0:0:0:0:1 -  -  [09/ene/2020:18:48:20 +0000] "GET /jposee/isotest/list_data_nameregistrar.html?sid=0.7883281443262746 HTTP/1.1" 200 21 
0:0:0:0:0:0:0:1 -  -  [09/ene/2020:18:48:25 +0000] "GET /jposee/isotest/list_data_nameregistrar.html?sid=0.502377232149817 HTTP/1.1" 200 21 
0:0:0:0:0:0:0:1 -  -  [09/ene/2020:18:48:30 +0000] "GET /jposee/isotest/list_data_nameregistrar.html?sid=0.7674316825038494 HTTP/1.1" 200 21 
0:0:0:0:0:0:0:1 -  -  [09/ene/2020:18:48:35 +0000] "GET /jposee/isotest/list_data_nameregistrar.html?sid=0.544658995937962 HTTP/1.1" 200 21 
0:0:0:0:0:0:0:1 -  -  [09/ene/2020:18:48:40 +0000] "GET /jposee/isotest/list_data_nameregistrar.html?sid=0.5865065870999515 HTTP/1.1" 200 21 
0:0:0:0:0:0:0:1 -  -  [09/ene/2020:18:48:45 +0000] "GET /jposee/isotest/list_data_nameregistrar.html?sid=0.8154377702358544 HTTP/1.1" 200 21 
0:0:0:0:0:0:0:1 -  -  [09/ene/2020:18:48:50 +0000] "GET /jposee/isotest/list_data_nameregistrar.html?sid=0.6640690476151767 HTTP/1.1" 200 21 
0:0:0:0:0:0:0:1 -  -  [09/ene/2020:18:48:55 +0000] "GET /jposee/isotest/list_data_nameregistrar.html?sid=0.8972795752138878 HTTP/1.1" 200 21 
0:0:0:0:0:0:0:1 -  -  [09/ene/2020:18:49:00 +0000] "GET /jposee/isotest/list_data_nameregistrar.html?sid=0.8230798975583455 HTTP/1.1" 200 21 
0:0:0:0:0:0:0:1 -  -  [09/ene/2020:18:49:05 +0000] "GET /jposee/isotest/list_data_nameregistrar.html?sid=0.14809585498147415 HTTP/1.1" 200 21 
0:0:0:0:0:0:0:1 -  -  [09/ene/2020:18:49:10 +0000] "GET /jposee/isotest/list_data_nameregistrar.html?sid=0.6338144937127486 HTTP/1.1" 200 21 
0:0:0:0:0:0:0:1 -  -  [09/ene/2020:18:49:15 +0000] "GET /jposee/isotest/list_data_nameregistrar.html?sid=0.24802848363241026 HTTP/1.1" 200 21 
0:0:0:0:0:0:0:1 -  -  [09/ene/2020:18:49:20 +0000] "GET /jposee/isotest/list_data_nameregistrar.html?sid=0.9851423953903515 HTTP/1.1" 200 21 
0:0:0:0:0:0:0:1 -  -  [09/ene/2020:18:49:25 +0000] "GET /jposee/isotest/list_data_nameregistrar.html?sid=0.9022555526877936 HTTP/1.1" 200 21 
0:0:0:0:0:0:0:1 -  -  [09/ene/2020:18:49:30 +0000] "GET /jposee/isotest/list_data_nameregistrar.html?sid=0.12097072799144715 HTTP/1.1" 200 21 
0:0:0:0:0:0:0:1 -  -  [09/ene/2020:18:49:35 +0000] "GET /jposee/isotest/list_data_nameregistrar.html?sid=0.28725131671849 HTTP/1.1" 200 21 
0:0:0:0:0:0:0:1 -  -  [09/ene/2020:18:49:40 +0000] "GET /jposee/isotest/list_data_nameregistrar.html?sid=0.34131956105954053 HTTP/1.1" 200 21 
0:0:0:0:0:0:0:1 -  -  [09/ene/2020:18:49:45 +0000] "GET /jposee/isotest/list_data_nameregistrar.html?sid=0.18160977241496123 HTTP/1.1" 200 21 
0:0:0:0:0:0:0:1 -  -  [09/ene/2020:18:49:50 +0000] "GET /jposee/isotest/list_data_nameregistrar.html?sid=0.4734243155383586 HTTP/1.1" 200 21 
0:0:0:0:0:0:0:1 -  -  [09/ene/2020:18:49:55 +0000] "GET /jposee/isotest/list_data_nameregistrar.html?sid=0.5301906843471078 HTTP/1.1" 200 21 
0:0:0:0:0:0:0:1 -  -  [09/ene/2020:18:50:00 +0000] "GET /jposee/isotest/list_data_nameregistrar.html?sid=0.40964729633947106 HTTP/1.1" 200 21 
0:0:0:0:0:0:0:1 -  -  [09/ene/2020:18:50:05 +0000] "GET /jposee/isotest/list_data_nameregistrar.html?sid=0.3046850723250598 HTTP/1.1" 200 21 
0:0:0:0:0:0:0:1 -  -  [09/ene/2020:18:50:10 +0000] "GET /jposee/isotest/list_data_nameregistrar.html?sid=0.6667009068433596 HTTP/1.1" 200 21 
0:0:0:0:0:0:0:1 -  -  [09/ene/2020:18:50:15 +0000] "GET /jposee/isotest/list_data_nameregistrar.html?sid=0.45550496307388477 HTTP/1.1" 200 21 
0:0:0:0:0:0:0:1 -  -  [09/ene/2020:18:50:20 +0000] "GET /jposee/isotest/list_data_nameregistrar.html?sid=0.5814696899256948 HTTP/1.1" 200 21 
0:0:0:0:0:0:0:1 -  -  [09/ene/2020:18:50:25 +0000] "GET /jposee/isotest/list_data_nameregistrar.html?sid=0.36104258717013793 HTTP/1.1" 200 21 
0:0:0:0:0:0:0:1 -  -  [09/ene/2020:18:50:30 +0000] "GET /jposee/isotest/list_data_nameregistrar.html?sid=0.06003770600499192 HTTP/1.1" 200 21 
0:0:0:0:0:0:0:1 -  -  [09/ene/2020:18:50:34 +0000] "GET /jposee/isotest/list_data_nameregistrar.html?sid=0.22752397183788076 HTTP/1.1" 200 21 
0:0:0:0:0:0:0:1 -  -  [09/ene/2020:18:50:39 +0000] "GET /jposee/isotest/list_data_nameregistrar.html?sid=0.3204019551128934 HTTP/1.1" 200 21 
0:0:0:0:0:0:0:1 -  -  [09/ene/2020:18:50:44 +0000] "GET /jposee/isotest/list_data_nameregistrar.html?sid=0.2640601599770793 HTTP/1.1" 200 21 
0:0:0:0:0:0:0:1 -  -  [09/ene/2020:18:50:50 +0000] "GET /jposee/isotest/list_data_nameregistrar.html?sid=0.2802374764014737 HTTP/1.1" 200 21 
0:0:0:0:0:0:0:1 -  -  [09/ene/2020:18:50:55 +0000] "GET /jposee/isotest/list_data_nameregistrar.html?sid=0.46157103127427557 HTTP/1.1" 200 21 
0:0:0:0:0:0:0:1 -  -  [09/ene/2020:18:51:00 +0000] "GET /jposee/isotest/list_data_nameregistrar.html?sid=0.6955984251226652 HTTP/1.1" 200 21 
0:0:0:0:0:0:0:1 -  -  [09/ene/2020:18:51:05 +0000] "GET /jposee/isotest/list_data_nameregistrar.html?sid=0.4712818547244997 HTTP/1.1" 200 21 
0:0:0:0:0:0:0:1 -  -  [09/ene/2020:18:51:10 +0000] "GET /jposee/isotest/list_data_nameregistrar.html?sid=0.4119447040175179 HTTP/1.1" 200 21 
0:0:0:0:0:0:0:1 -  -  [09/ene/2020:18:51:15 +0000] "GET /jposee/isotest/list_data_nameregistrar.html?sid=0.8511421420637599 HTTP/1.1" 200 21 
0:0:0:0:0:0:0:1 -  -  [09/ene/2020:18:51:20 +0000] "GET /jposee/isotest/list_data_nameregistrar.html?sid=0.4298492514563397 HTTP/1.1" 200 21 
0:0:0:0:0:0:0:1 -  -  [09/ene/2020:18:51:25 +0000] "GET /jposee/isotest/list_data_nameregistrar.html?sid=0.8441576286932608 HTTP/1.1" 200 21 
0:0:0:0:0:0:0:1 -  -  [09/ene/2020:18:51:30 +0000] "GET /jposee/isotest/list_data_nameregistrar.html?sid=0.42504058539454026 HTTP/1.1" 200 21 
0:0:0:0:0:0:0:1 -  -  [09/ene/2020:18:51:35 +0000] "GET /jposee/isotest/list_data_nameregistrar.html?sid=0.42544124658922056 HTTP/1.1" 200 21 
0:0:0:0:0:0:0:1 -  -  [09/ene/2020:18:51:40 +0000] "GET /jposee/isotest/list_data_nameregistrar.html?sid=0.4338241141119483 HTTP/1.1" 200 21 
0:0:0:0:0:0:0:1 -  -  [09/ene/2020:18:51:45 +0000] "GET /jposee/isotest/list_data_nameregistrar.html?sid=0.15134193252190742 HTTP/1.1" 200 21 
0:0:0:0:0:0:0:1 -  -  [09/ene/2020:18:51:50 +0000] "GET /jposee/isotest/list_data_nameregistrar.html?sid=0.37487901294928183 HTTP/1.1" 200 21 
0:0:0:0:0:0:0:1 -  -  [09/ene/2020:18:51:55 +0000] "GET /jposee/isotest/list_data_nameregistrar.html?sid=0.2363281574916296 HTTP/1.1" 200 21 
0:0:0:0:0:0:0:1 -  -  [09/ene/2020:18:52:00 +0000] "GET /jposee/isotest/list_data_nameregistrar.html?sid=0.48494948417195727 HTTP/1.1" 200 21 
0:0:0:0:0:0:0:1 -  -  [09/ene/2020:18:52:05 +0000] "GET /jposee/isotest/list_data_nameregistrar.html?sid=0.9743919045799425 HTTP/1.1" 200 21 
0:0:0:0:0:0:0:1 -  -  [09/ene/2020:18:52:10 +0000] "GET /jposee/isotest/list_data_nameregistrar.html?sid=0.884283471481901 HTTP/1.1" 200 21 
0:0:0:0:0:0:0:1 -  -  [09/ene/2020:18:52:15 +0000] "GET /jposee/isotest/list_data_nameregistrar.html?sid=0.5361804451436794 HTTP/1.1" 200 21 
0:0:0:0:0:0:0:1 -  -  [09/ene/2020:18:52:19 +0000] "GET /jposee/isotest/list_data_nameregistrar.html?sid=0.5531434895119927 HTTP/1.1" 200 21 
0:0:0:0:0:0:0:1 -  -  [09/ene/2020:18:52:24 +0000] "GET /jposee/isotest/list_data_nameregistrar.html?sid=0.2446848426379291 HTTP/1.1" 200 21 
0:0:0:0:0:0:0:1 -  -  [09/ene/2020:18:52:29 +0000] "GET /jposee/isotest/list_data_nameregistrar.html?sid=0.9550357196785955 HTTP/1.1" 200 21 
0:0:0:0:0:0:0:1 -  -  [09/ene/2020:18:52:34 +0000] "GET /jposee/isotest/list_data_nameregistrar.html?sid=0.6815838090309496 HTTP/1.1" 200 21 
0:0:0:0:0:0:0:1 -  -  [09/ene/2020:18:52:39 +0000] "GET /jposee/isotest/list_data_nameregistrar.html?sid=0.988822299583533 HTTP/1.1" 200 21 
0:0:0:0:0:0:0:1 -  -  [09/ene/2020:18:52:44 +0000] "GET /jposee/isotest/list_data_nameregistrar.html?sid=0.33287656605622895 HTTP/1.1" 200 21 
0:0:0:0:0:0:0:1 -  -  [09/ene/2020:18:52:49 +0000] "GET /jposee/isotest/list_data_nameregistrar.html?sid=0.7721199308250668 HTTP/1.1" 200 21 
0:0:0:0:0:0:0:1 -  -  [09/ene/2020:18:52:54 +0000] "GET /jposee/isotest/list_data_nameregistrar.html?sid=0.3418242666507689 HTTP/1.1" 200 21 
0:0:0:0:0:0:0:1 -  -  [09/ene/2020:18:52:59 +0000] "GET /jposee/isotest/list_data_nameregistrar.html?sid=0.7770792640632107 HTTP/1.1" 200 21 
0:0:0:0:0:0:0:1 -  -  [09/ene/2020:18:53:04 +0000] "GET /jposee/isotest/list_data_nameregistrar.html?sid=0.9401035473932631 HTTP/1.1" 200 21 
0:0:0:0:0:0:0:1 -  -  [09/ene/2020:18:53:09 +0000] "GET /jposee/isotest/list_data_nameregistrar.html?sid=0.5327583450312914 HTTP/1.1" 200 21 
0:0:0:0:0:0:0:1 -  -  [09/ene/2020:18:53:14 +0000] "GET /jposee/isotest/list_data_nameregistrar.html?sid=0.9143263785391507 HTTP/1.1" 200 21 
0:0:0:0:0:0:0:1 -  -  [09/ene/2020:18:53:19 +0000] "GET /jposee/isotest/list_data_nameregistrar.html?sid=0.5283807391248716 HTTP/1.1" 200 21 
0:0:0:0:0:0:0:1 -  -  [09/ene/2020:18:53:24 +0000] "GET /jposee/isotest/list_data_nameregistrar.html?sid=0.5563349589820037 HTTP/1.1" 200 21 
0:0:0:0:0:0:0:1 -  -  [09/ene/2020:18:53:29 +0000] "GET /jposee/isotest/list_data_nameregistrar.html?sid=0.5836066735486831 HTTP/1.1" 200 21 
0:0:0:0:0:0:0:1 -  -  [09/ene/2020:18:53:34 +0000] "GET /jposee/isotest/list_data_nameregistrar.html?sid=0.9277946905044039 HTTP/1.1" 200 21 
0:0:0:0:0:0:0:1 -  -  [09/ene/2020:18:53:39 +0000] "GET /jposee/isotest/list_data_nameregistrar.html?sid=0.009809908642796517 HTTP/1.1" 200 21 
0:0:0:0:0:0:0:1 -  -  [09/ene/2020:18:53:44 +0000] "GET /jposee/isotest/list_data_nameregistrar.html?sid=0.5960155090235335 HTTP/1.1" 200 21 
0:0:0:0:0:0:0:1 -  -  [09/ene/2020:18:53:49 +0000] "GET /jposee/isotest/list_data_nameregistrar.html?sid=0.33490166797638676 HTTP/1.1" 200 21 
0:0:0:0:0:0:0:1 -  -  [09/ene/2020:18:53:54 +0000] "GET /jposee/isotest/list_data_nameregistrar.html?sid=0.6326356441066647 HTTP/1.1" 200 21 
0:0:0:0:0:0:0:1 -  -  [09/ene/2020:18:53:59 +0000] "GET /jposee/isotest/list_data_nameregistrar.html?sid=0.30782636745012026 HTTP/1.1" 200 21 
0:0:0:0:0:0:0:1 -  -  [09/ene/2020:18:54:02 +0000] "POST /jposee/isotest/list.html HTTP/1.1" 200 8189 
0:0:0:0:0:0:0:1 -  -  [09/ene/2020:18:54:02 +0000] "GET /jposee/isotest/list_data_nameregistrar.html?sid=0.34416648271395256 HTTP/1.1" 200 21 
0:0:0:0:0:0:0:1 -  -  [09/ene/2020:18:54:04 +0000] "GET /jposee/isotest/stuff.html?servicename=Servibanca&action=VIEW HTTP/1.1" 200 13712 
0:0:0:0:0:0:0:1 -  -  [09/ene/2020:18:54:08 +0000] "GET /jposee/isotest/list.html HTTP/1.1" 200 8183 
0:0:0:0:0:0:0:1 -  -  [09/ene/2020:18:54:08 +0000] "GET /jposee/isotest/list_data_nameregistrar.html?sid=0.4399449759610987 HTTP/1.1" 200 53 
0:0:0:0:0:0:0:1 -  -  [09/ene/2020:18:54:10 +0000] "GET /jposee/isotest/send.html?servicename=Servibanca HTTP/1.1" 200 26497 
0:0:0:0:0:0:0:1 -  -  [09/ene/2020:18:54:18 +0000] "POST /jposee/isotest/send_post.html?sid=0.9621807636612223 HTTP/1.1" 200 2 
0:0:0:0:0:0:0:1 -  -  [09/ene/2020:18:54:18 +0000] "GET /jposee/isotest/showLog.html?sid=0.8049834114168424&servicename=Servibanca HTTP/1.1" 200 6002 
0:0:0:0:0:0:0:1 -  -  [09/ene/2020:18:54:20 +0000] "GET /jposee/isotest/showLog.html?sid=0.9691555203618343&servicename=Servibanca HTTP/1.1" 200 6002 
0:0:0:0:0:0:0:1 -  -  [09/ene/2020:18:54:30 +0000] "GET /jposee/isotest/showLog.html?sid=0.6398226720094087&servicename=Servibanca HTTP/1.1" 200 6002 
0:0:0:0:0:0:0:1 -  -  [09/ene/2020:18:54:40 +0000] "GET /jposee/isotest/showLog.html?sid=0.47238470765274454&servicename=Servibanca HTTP/1.1" 200 6002 
0:0:0:0:0:0:0:1 -  -  [09/ene/2020:18:54:50 +0000] "GET /jposee/isotest/showLog.html?sid=0.821512822723157&servicename=Servibanca HTTP/1.1" 200 6002 
0:0:0:0:0:0:0:1 -  -  [09/ene/2020:18:55:00 +0000] "GET /jposee/isotest/showLog.html?sid=0.4651591618101103&servicename=Servibanca HTTP/1.1" 200 6002 
0:0:0:0:0:0:0:1 -  -  [09/ene/2020:18:55:10 +0000] "GET /jposee/isotest/showLog.html?sid=0.5173831140444587&servicename=Servibanca HTTP/1.1" 200 6002 
0:0:0:0:0:0:0:1 -  -  [09/ene/2020:18:55:20 +0000] "GET /jposee/isotest/showLog.html?sid=0.8156335519937994&servicename=Servibanca HTTP/1.1" 200 6002 
0:0:0:0:0:0:0:1 -  -  [09/ene/2020:18:55:30 +0000] "GET /jposee/isotest/showLog.html?sid=0.8690511634421048&servicename=Servibanca HTTP/1.1" 200 6002 
0:0:0:0:0:0:0:1 -  -  [09/ene/2020:18:55:40 +0000] "GET /jposee/isotest/showLog.html?sid=0.331949752897007&servicename=Servibanca HTTP/1.1" 200 6002 
0:0:0:0:0:0:0:1 -  -  [09/ene/2020:18:55:50 +0000] "GET /jposee/isotest/showLog.html?sid=0.04013985431508571&servicename=Servibanca HTTP/1.1" 200 6002 
0:0:0:0:0:0:0:1 -  -  [09/ene/2020:18:56:00 +0000] "GET /jposee/isotest/showLog.html?sid=0.08073333375600433&servicename=Servibanca HTTP/1.1" 200 6002 
0:0:0:0:0:0:0:1 -  -  [09/ene/2020:18:56:10 +0000] "GET /jposee/isotest/showLog.html?sid=0.468574215236218&servicename=Servibanca HTTP/1.1" 200 6002 
0:0:0:0:0:0:0:1 -  -  [09/ene/2020:18:56:20 +0000] "GET /jposee/isotest/showLog.html?sid=0.5276715626455386&servicename=Servibanca HTTP/1.1" 200 6002 
0:0:0:0:0:0:0:1 -  -  [09/ene/2020:18:56:30 +0000] "GET /jposee/isotest/showLog.html?sid=0.5864006760514506&servicename=Servibanca HTTP/1.1" 200 6002 
0:0:0:0:0:0:0:1 -  -  [09/ene/2020:18:56:40 +0000] "GET /jposee/isotest/showLog.html?sid=0.11420679661297384&servicename=Servibanca HTTP/1.1" 200 6002 
0:0:0:0:0:0:0:1 -  -  [09/ene/2020:18:56:50 +0000] "GET /jposee/isotest/showLog.html?sid=0.7744989755577183&servicename=Servibanca HTTP/1.1" 200 6002 
0:0:0:0:0:0:0:1 -  -  [09/ene/2020:18:57:00 +0000] "GET /jposee/isotest/showLog.html?sid=0.5796205173743911&servicename=Servibanca HTTP/1.1" 200 6002 
0:0:0:0:0:0:0:1 -  -  [09/ene/2020:18:57:01 +0000] "POST /jposee/isotest/send_post.html?sid=0.5042538434235877 HTTP/1.1" 200 2 
0:0:0:0:0:0:0:1 -  -  [09/ene/2020:18:57:01 +0000] "GET /jposee/isotest/showLog.html?sid=0.4456570629888248&servicename=Servibanca HTTP/1.1" 200 6002 
0:0:0:0:0:0:0:1 -  -  [09/ene/2020:18:57:10 +0000] "GET /jposee/isotest/showLog.html?sid=0.7473737356845647&servicename=Servibanca HTTP/1.1" 200 6002 
0:0:0:0:0:0:0:1 -  -  [09/ene/2020:18:57:20 +0000] "GET /jposee/isotest/showLog.html?sid=0.4324804115787628&servicename=Servibanca HTTP/1.1" 200 6002 
0:0:0:0:0:0:0:1 -  -  [09/ene/2020:18:57:30 +0000] "GET /jposee/isotest/showLog.html?sid=0.9495734139122578&servicename=Servibanca HTTP/1.1" 200 6002 
0:0:0:0:0:0:0:1 -  -  [09/ene/2020:18:57:40 +0000] "GET /jposee/isotest/showLog.html?sid=0.1485062519295226&servicename=Servibanca HTTP/1.1" 200 6002 
0:0:0:0:0:0:0:1 -  -  [09/ene/2020:18:57:47 +0000] "GET /jposee/isotest/list.html HTTP/1.1" 200 8209 
0:0:0:0:0:0:0:1 -  -  [09/ene/2020:18:57:47 +0000] "GET /jposee/isotest/list_data_nameregistrar.html?sid=0.5544849494890383 HTTP/1.1" 200 79 
0:0:0:0:0:0:0:1 -  -  [09/ene/2020:18:57:49 +0000] "POST /jposee/isotest/list.html HTTP/1.1" 200 8247 
0:0:0:0:0:0:0:1 -  -  [09/ene/2020:18:57:49 +0000] "GET /jposee/isotest/list_data_nameregistrar.html?sid=0.4267978357410671 HTTP/1.1" 200 79 
0:0:0:0:0:0:0:1 -  -  [09/ene/2020:18:57:50 +0000] "POST /jposee/isotest/list.html HTTP/1.1" 200 8189 
0:0:0:0:0:0:0:1 -  -  [09/ene/2020:18:57:50 +0000] "GET /jposee/isotest/list_data_nameregistrar.html?sid=0.9771540070780547 HTTP/1.1" 200 21 
0:0:0:0:0:0:0:1 -  -  [09/ene/2020:18:57:55 +0000] "GET /jposee/isotest/list_data_nameregistrar.html?sid=0.4364757119546063 HTTP/1.1" 200 53 
0:0:0:0:0:0:0:1 -  -  [09/ene/2020:18:58:00 +0000] "GET /jposee/isotest/list_data_nameregistrar.html?sid=0.48214637440042596 HTTP/1.1" 200 53 
0:0:0:0:0:0:0:1 -  -  [09/ene/2020:18:58:05 +0000] "GET /jposee/isotest/list_data_nameregistrar.html?sid=0.2267030695658343 HTTP/1.1" 200 53 
0:0:0:0:0:0:0:1 -  -  [09/ene/2020:18:58:10 +0000] "GET /jposee/isotest/send.html?servicename=Servibanca HTTP/1.1" 200 26497 
0:0:0:0:0:0:0:1 -  -  [09/ene/2020:18:58:14 +0000] "POST /jposee/isotest/send_post.html?sid=0.22246491498054288 HTTP/1.1" 200 2 
0:0:0:0:0:0:0:1 -  -  [09/ene/2020:18:58:14 +0000] "GET /jposee/isotest/showLog.html?sid=0.3878527557073703&servicename=Servibanca HTTP/1.1" 200 6002 
0:0:0:0:0:0:0:1 -  -  [09/ene/2020:18:58:20 +0000] "GET /jposee/isotest/showLog.html?sid=0.3797593389442764&servicename=Servibanca HTTP/1.1" 200 6002 
0:0:0:0:0:0:0:1 -  -  [09/ene/2020:18:58:30 +0000] "GET /jposee/isotest/showLog.html?sid=0.1708978608991063&servicename=Servibanca HTTP/1.1" 200 6002 
0:0:0:0:0:0:0:1 -  -  [09/ene/2020:18:58:40 +0000] "GET /jposee/isotest/showLog.html?sid=0.2242765966257958&servicename=Servibanca HTTP/1.1" 200 6002 
0:0:0:0:0:0:0:1 -  -  [09/ene/2020:18:58:50 +0000] "GET /jposee/isotest/showLog.html?sid=0.08618116604742343&servicename=Servibanca HTTP/1.1" 200 6002 
0:0:0:0:0:0:0:1 -  -  [09/ene/2020:18:59:00 +0000] "GET /jposee/isotest/showLog.html?sid=0.04502167035267535&servicename=Servibanca HTTP/1.1" 200 6002 
0:0:0:0:0:0:0:1 -  -  [09/ene/2020:18:59:10 +0000] "GET /jposee/isotest/showLog.html?sid=0.35715762102303494&servicename=Servibanca HTTP/1.1" 200 6002 
0:0:0:0:0:0:0:1 -  -  [09/ene/2020:18:59:20 +0000] "GET /jposee/isotest/showLog.html?sid=0.7357859521661927&servicename=Servibanca HTTP/1.1" 200 6002 
0:0:0:0:0:0:0:1 -  -  [09/ene/2020:18:59:30 +0000] "GET /jposee/isotest/showLog.html?sid=0.0522187847757265&servicename=Servibanca HTTP/1.1" 200 6002 
0:0:0:0:0:0:0:1 -  -  [09/ene/2020:18:59:40 +0000] "GET /jposee/isotest/showLog.html?sid=0.44571468378172363&servicename=Servibanca HTTP/1.1" 200 6002 
0:0:0:0:0:0:0:1 -  -  [09/ene/2020:18:59:50 +0000] "GET /jposee/isotest/showLog.html?sid=0.6486358462292283&servicename=Servibanca HTTP/1.1" 200 6002 
0:0:0:0:0:0:0:1 -  -  [09/ene/2020:19:00:00 +0000] "GET /jposee/isotest/showLog.html?sid=0.2779385536854675&servicename=Servibanca HTTP/1.1" 200 6002 
0:0:0:0:0:0:0:1 -  -  [09/ene/2020:19:00:10 +0000] "GET /jposee/isotest/showLog.html?sid=0.9234116139391519&servicename=Servibanca HTTP/1.1" 200 6002 
0:0:0:0:0:0:0:1 -  -  [09/ene/2020:19:00:20 +0000] "GET /jposee/isotest/showLog.html?sid=0.9763307956505543&servicename=Servibanca HTTP/1.1" 200 6002 
0:0:0:0:0:0:0:1 -  -  [09/ene/2020:19:00:30 +0000] "GET /jposee/isotest/showLog.html?sid=0.2849529224454481&servicename=Servibanca HTTP/1.1" 200 6002 
0:0:0:0:0:0:0:1 -  -  [09/ene/2020:19:00:40 +0000] "GET /jposee/isotest/showLog.html?sid=0.8331810702975293&servicename=Servibanca HTTP/1.1" 200 6002 
0:0:0:0:0:0:0:1 -  -  [09/ene/2020:19:00:50 +0000] "GET /jposee/isotest/showLog.html?sid=0.3606153437448334&servicename=Servibanca HTTP/1.1" 200 6002 
0:0:0:0:0:0:0:1 -  -  [09/ene/2020:19:01:00 +0000] "GET /jposee/isotest/showLog.html?sid=0.46886479161516226&servicename=Servibanca HTTP/1.1" 200 6002 
0:0:0:0:0:0:0:1 -  -  [09/ene/2020:19:01:10 +0000] "GET /jposee/isotest/showLog.html?sid=0.33210902722890046&servicename=Servibanca HTTP/1.1" 200 6002 
0:0:0:0:0:0:0:1 -  -  [09/ene/2020:19:01:11 +0000] "GET /jposee/isotest/list.html HTTP/1.1" 200 8210 
0:0:0:0:0:0:0:1 -  -  [09/ene/2020:19:01:11 +0000] "GET /jposee/isotest/list_data_nameregistrar.html?sid=0.47570929211021706 HTTP/1.1" 200 80 
0:0:0:0:0:0:0:1 -  -  [09/ene/2020:19:01:16 +0000] "GET /jposee/isotest/list_data_nameregistrar.html?sid=0.2537451758325995 HTTP/1.1" 200 80 
0:0:0:0:0:0:0:1 -  -  [09/ene/2020:19:01:22 +0000] "GET /jposee/isotest/list_data_nameregistrar.html?sid=0.855374561514817 HTTP/1.1" 200 80 
0:0:0:0:0:0:0:1 -  -  [09/ene/2020:19:01:27 +0000] "GET /jposee/isotest/list_data_nameregistrar.html?sid=0.20259698192519848 HTTP/1.1" 200 80 
0:0:0:0:0:0:0:1 -  -  [09/ene/2020:19:01:32 +0000] "GET /jposee/isotest/list_data_nameregistrar.html?sid=0.36799320162401283 HTTP/1.1" 200 80 
0:0:0:0:0:0:0:1 -  -  [09/ene/2020:19:01:37 +0000] "GET /jposee/isotest/list_data_nameregistrar.html?sid=0.6391938693335195 HTTP/1.1" 200 80 
0:0:0:0:0:0:0:1 -  -  [09/ene/2020:19:01:42 +0000] "GET /jposee/isotest/list_data_nameregistrar.html?sid=0.6100635983669265 HTTP/1.1" 200 80 
0:0:0:0:0:0:0:1 -  -  [09/ene/2020:19:01:47 +0000] "GET /jposee/isotest/list_data_nameregistrar.html?sid=0.28833084850161805 HTTP/1.1" 200 80 
0:0:0:0:0:0:0:1 -  -  [09/ene/2020:19:01:52 +0000] "GET /jposee/isotest/list_data_nameregistrar.html?sid=0.35009903291451283 HTTP/1.1" 200 80 
0:0:0:0:0:0:0:1 -  -  [09/ene/2020:19:01:57 +0000] "GET /jposee/isotest/list_data_nameregistrar.html?sid=0.017024049614775105 HTTP/1.1" 200 80 
0:0:0:0:0:0:0:1 -  -  [09/ene/2020:19:02:02 +0000] "GET /jposee/isotest/list_data_nameregistrar.html?sid=0.16540139525789588 HTTP/1.1" 200 80 
0:0:0:0:0:0:0:1 -  -  [09/ene/2020:19:02:07 +0000] "GET /jposee/isotest/list_data_nameregistrar.html?sid=0.24749804349279647 HTTP/1.1" 200 80 
0:0:0:0:0:0:0:1 -  -  [09/ene/2020:19:02:12 +0000] "GET /jposee/isotest/list_data_nameregistrar.html?sid=0.18695512173865003 HTTP/1.1" 200 80 
0:0:0:0:0:0:0:1 -  -  [09/ene/2020:19:02:17 +0000] "GET /jposee/isotest/list_data_nameregistrar.html?sid=0.8114378299690772 HTTP/1.1" 200 78 
0:0:0:0:0:0:0:1 -  -  [09/ene/2020:19:02:22 +0000] "GET /jposee/isotest/list_data_nameregistrar.html?sid=0.5832248279628027 HTTP/1.1" 200 78 
0:0:0:0:0:0:0:1 -  -  [09/ene/2020:19:02:27 +0000] "GET /jposee/isotest/list_data_nameregistrar.html?sid=0.9746777580295236 HTTP/1.1" 200 79 
0:0:0:0:0:0:0:1 -  -  [09/ene/2020:19:02:32 +0000] "GET /jposee/isotest/list_data_nameregistrar.html?sid=0.9073016068698434 HTTP/1.1" 200 79 
0:0:0:0:0:0:0:1 -  -  [09/ene/2020:19:02:37 +0000] "GET /jposee/isotest/list_data_nameregistrar.html?sid=0.5240280143446776 HTTP/1.1" 200 79 
0:0:0:0:0:0:0:1 -  -  [09/ene/2020:19:02:42 +0000] "GET /jposee/isotest/list_data_nameregistrar.html?sid=0.6564866036313697 HTTP/1.1" 200 79 
0:0:0:0:0:0:0:1 -  -  [09/ene/2020:19:02:47 +0000] "GET /jposee/isotest/list_data_nameregistrar.html?sid=0.7836794735450376 HTTP/1.1" 200 79 
0:0:0:0:0:0:0:1 -  -  [09/ene/2020:19:02:52 +0000] "GET /jposee/isotest/list_data_nameregistrar.html?sid=0.05819433110688177 HTTP/1.1" 200 79 
0:0:0:0:0:0:0:1 -  -  [09/ene/2020:19:02:57 +0000] "GET /jposee/isotest/list_data_nameregistrar.html?sid=0.2831755345773046 HTTP/1.1" 200 79 
0:0:0:0:0:0:0:1 -  -  [09/ene/2020:19:03:02 +0000] "GET /jposee/isotest/list_data_nameregistrar.html?sid=0.068172614977827 HTTP/1.1" 200 79 
0:0:0:0:0:0:0:1 -  -  [09/ene/2020:19:03:07 +0000] "GET /jposee/isotest/list_data_nameregistrar.html?sid=0.2806605244195526 HTTP/1.1" 200 79 
0:0:0:0:0:0:0:1 -  -  [09/ene/2020:19:03:12 +0000] "GET /jposee/isotest/list_data_nameregistrar.html?sid=0.10367838112891037 HTTP/1.1" 200 79 
0:0:0:0:0:0:0:1 -  -  [09/ene/2020:19:03:17 +0000] "GET /jposee/isotest/list_data_nameregistrar.html?sid=0.517541032834371 HTTP/1.1" 200 79 
0:0:0:0:0:0:0:1 -  -  [09/ene/2020:19:03:22 +0000] "GET /jposee/isotest/list_data_nameregistrar.html?sid=0.8184669387710024 HTTP/1.1" 200 79 
0:0:0:0:0:0:0:1 -  -  [09/ene/2020:19:03:27 +0000] "GET /jposee/isotest/list_data_nameregistrar.html?sid=0.4582040462235826 HTTP/1.1" 200 79 
0:0:0:0:0:0:0:1 -  -  [09/ene/2020:19:03:32 +0000] "GET /jposee/isotest/list_data_nameregistrar.html?sid=0.4600202818553569 HTTP/1.1" 200 79 
0:0:0:0:0:0:0:1 -  -  [09/ene/2020:19:03:37 +0000] "GET /jposee/isotest/list_data_nameregistrar.html?sid=0.5193428418071497 HTTP/1.1" 200 79 
0:0:0:0:0:0:0:1 -  -  [09/ene/2020:19:03:42 +0000] "GET /jposee/isotest/list_data_nameregistrar.html?sid=0.16812453895188373 HTTP/1.1" 200 79 
0:0:0:0:0:0:0:1 -  -  [09/ene/2020:19:03:47 +0000] "GET /jposee/isotest/list_data_nameregistrar.html?sid=0.559139267006721 HTTP/1.1" 200 79 
0:0:0:0:0:0:0:1 -  -  [09/ene/2020:19:03:52 +0000] "GET /jposee/isotest/list_data_nameregistrar.html?sid=0.29854415742150353 HTTP/1.1" 200 79 
0:0:0:0:0:0:0:1 -  -  [09/ene/2020:19:03:57 +0000] "GET /jposee/isotest/list_data_nameregistrar.html?sid=0.7840789612230608 HTTP/1.1" 200 80 
0:0:0:0:0:0:0:1 -  -  [09/ene/2020:19:04:02 +0000] "GET /jposee/isotest/list_data_nameregistrar.html?sid=0.8399799260599481 HTTP/1.1" 200 80 
0:0:0:0:0:0:0:1 -  -  [09/ene/2020:19:04:07 +0000] "GET /jposee/isotest/list_data_nameregistrar.html?sid=0.33028033899021936 HTTP/1.1" 200 80 
0:0:0:0:0:0:0:1 -  -  [09/ene/2020:19:04:12 +0000] "GET /jposee/isotest/list_data_nameregistrar.html?sid=0.7606441086327278 HTTP/1.1" 200 80 
0:0:0:0:0:0:0:1 -  -  [09/ene/2020:19:04:17 +0000] "GET /jposee/isotest/list_data_nameregistrar.html?sid=0.6667841954745715 HTTP/1.1" 200 80 
0:0:0:0:0:0:0:1 -  -  [09/ene/2020:19:04:22 +0000] "GET /jposee/isotest/list_data_nameregistrar.html?sid=0.44131077497563975 HTTP/1.1" 200 80 
0:0:0:0:0:0:0:1 -  -  [09/ene/2020:19:04:27 +0000] "GET /jposee/isotest/list_data_nameregistrar.html?sid=0.44897695292395756 HTTP/1.1" 200 80 
0:0:0:0:0:0:0:1 -  -  [09/ene/2020:19:04:32 +0000] "GET /jposee/isotest/list_data_nameregistrar.html?sid=0.20998277877690485 HTTP/1.1" 200 80 
0:0:0:0:0:0:0:1 -  -  [09/ene/2020:19:04:37 +0000] "GET /jposee/isotest/list_data_nameregistrar.html?sid=0.5454894064830227 HTTP/1.1" 200 80 
0:0:0:0:0:0:0:1 -  -  [09/ene/2020:19:04:42 +0000] "GET /jposee/isotest/list_data_nameregistrar.html?sid=0.5485640997261676 HTTP/1.1" 200 80 
0:0:0:0:0:0:0:1 -  -  [09/ene/2020:19:04:47 +0000] "GET /jposee/isotest/list_data_nameregistrar.html?sid=0.5959883478229884 HTTP/1.1" 200 80 
0:0:0:0:0:0:0:1 -  -  [09/ene/2020:19:04:52 +0000] "GET /jposee/isotest/list_data_nameregistrar.html?sid=0.082906485428488 HTTP/1.1" 200 80 
0:0:0:0:0:0:0:1 -  -  [09/ene/2020:19:04:57 +0000] "GET /jposee/isotest/list_data_nameregistrar.html?sid=0.050832689115771545 HTTP/1.1" 200 80 
0:0:0:0:0:0:0:1 -  -  [09/ene/2020:19:05:02 +0000] "GET /jposee/isotest/list_data_nameregistrar.html?sid=0.012172830829151993 HTTP/1.1" 200 80 
0:0:0:0:0:0:0:1 -  -  [09/ene/2020:19:05:07 +0000] "GET /jposee/isotest/list_data_nameregistrar.html?sid=0.7524884709811177 HTTP/1.1" 200 80 
0:0:0:0:0:0:0:1 -  -  [09/ene/2020:19:05:12 +0000] "GET /jposee/isotest/list_data_nameregistrar.html?sid=0.4657063132730255 HTTP/1.1" 200 80 
0:0:0:0:0:0:0:1 -  -  [09/ene/2020:19:05:17 +0000] "GET /jposee/isotest/list_data_nameregistrar.html?sid=0.6125210725402286 HTTP/1.1" 200 80 
0:0:0:0:0:0:0:1 -  -  [09/ene/2020:19:05:22 +0000] "GET /jposee/isotest/list_data_nameregistrar.html?sid=0.1873354632478723 HTTP/1.1" 200 80 
0:0:0:0:0:0:0:1 -  -  [09/ene/2020:19:05:27 +0000] "GET /jposee/isotest/list_data_nameregistrar.html?sid=0.9898753530928333 HTTP/1.1" 200 80 
0:0:0:0:0:0:0:1 -  -  [09/ene/2020:19:05:32 +0000] "GET /jposee/isotest/list_data_nameregistrar.html?sid=0.10606596326765283 HTTP/1.1" 200 80 
0:0:0:0:0:0:0:1 -  -  [09/ene/2020:19:05:37 +0000] "GET /jposee/isotest/list_data_nameregistrar.html?sid=0.5348965444751665 HTTP/1.1" 200 80 
0:0:0:0:0:0:0:1 -  -  [09/ene/2020:19:05:42 +0000] "GET /jposee/isotest/list_data_nameregistrar.html?sid=0.8754498305878144 HTTP/1.1" 200 80 
0:0:0:0:0:0:0:1 -  -  [09/ene/2020:19:05:47 +0000] "GET /jposee/isotest/list_data_nameregistrar.html?sid=0.826663819759297 HTTP/1.1" 200 80 
0:0:0:0:0:0:0:1 -  -  [09/ene/2020:19:05:52 +0000] "GET /jposee/isotest/list_data_nameregistrar.html?sid=0.004694246947068548 HTTP/1.1" 200 80 
0:0:0:0:0:0:0:1 -  -  [09/ene/2020:19:05:57 +0000] "GET /jposee/isotest/list_data_nameregistrar.html?sid=0.44487579327063353 HTTP/1.1" 200 80 
0:0:0:0:0:0:0:1 -  -  [09/ene/2020:19:06:02 +0000] "GET /jposee/isotest/list_data_nameregistrar.html?sid=0.6925458617521572 HTTP/1.1" 200 80 
0:0:0:0:0:0:0:1 -  -  [09/ene/2020:19:06:07 +0000] "GET /jposee/isotest/list_data_nameregistrar.html?sid=0.1569228062975967 HTTP/1.1" 200 80 
0:0:0:0:0:0:0:1 -  -  [09/ene/2020:19:06:12 +0000] "GET /jposee/isotest/list_data_nameregistrar.html?sid=0.14183661209531495 HTTP/1.1" 200 80 
0:0:0:0:0:0:0:1 -  -  [09/ene/2020:19:06:17 +0000] "GET /jposee/isotest/list_data_nameregistrar.html?sid=0.19735458442052978 HTTP/1.1" 200 80 
0:0:0:0:0:0:0:1 -  -  [09/ene/2020:19:06:22 +0000] "GET /jposee/isotest/list_data_nameregistrar.html?sid=0.08526468421280531 HTTP/1.1" 200 80 
0:0:0:0:0:0:0:1 -  -  [09/ene/2020:19:06:27 +0000] "GET /jposee/isotest/list_data_nameregistrar.html?sid=0.7395604373995956 HTTP/1.1" 200 80 
0:0:0:0:0:0:0:1 -  -  [09/ene/2020:19:06:32 +0000] "GET /jposee/isotest/list_data_nameregistrar.html?sid=0.8601715128143919 HTTP/1.1" 200 80 
0:0:0:0:0:0:0:1 -  -  [09/ene/2020:19:06:37 +0000] "GET /jposee/isotest/list_data_nameregistrar.html?sid=0.34108514252468103 HTTP/1.1" 200 80 
0:0:0:0:0:0:0:1 -  -  [09/ene/2020:19:06:42 +0000] "GET /jposee/isotest/list_data_nameregistrar.html?sid=0.37109706755491567 HTTP/1.1" 200 80 
0:0:0:0:0:0:0:1 -  -  [09/ene/2020:19:06:47 +0000] "GET /jposee/isotest/list_data_nameregistrar.html?sid=0.2284291024174998 HTTP/1.1" 200 80 
0:0:0:0:0:0:0:1 -  -  [09/ene/2020:19:06:52 +0000] "GET /jposee/isotest/list_data_nameregistrar.html?sid=0.1480733456891412 HTTP/1.1" 200 80 
0:0:0:0:0:0:0:1 -  -  [09/ene/2020:19:06:57 +0000] "GET /jposee/isotest/list_data_nameregistrar.html?sid=0.5441319443603023 HTTP/1.1" 200 80 
0:0:0:0:0:0:0:1 -  -  [09/ene/2020:19:07:02 +0000] "GET /jposee/isotest/list_data_nameregistrar.html?sid=0.518715759009414 HTTP/1.1" 200 80 
0:0:0:0:0:0:0:1 -  -  [09/ene/2020:19:07:07 +0000] "GET /jposee/isotest/list_data_nameregistrar.html?sid=0.015861874230186368 HTTP/1.1" 200 80 
0:0:0:0:0:0:0:1 -  -  [09/ene/2020:19:07:12 +0000] "GET /jposee/isotest/list_data_nameregistrar.html?sid=0.9954798808658782 HTTP/1.1" 200 80 
0:0:0:0:0:0:0:1 -  -  [09/ene/2020:19:07:17 +0000] "GET /jposee/isotest/list_data_nameregistrar.html?sid=0.31575878432646864 HTTP/1.1" 200 80 
0:0:0:0:0:0:0:1 -  -  [09/ene/2020:19:07:22 +0000] "GET /jposee/isotest/list_data_nameregistrar.html?sid=0.36299120771399873 HTTP/1.1" 200 80 
0:0:0:0:0:0:0:1 -  -  [09/ene/2020:19:07:27 +0000] "GET /jposee/isotest/list_data_nameregistrar.html?sid=0.11108458800550092 HTTP/1.1" 200 80 
0:0:0:0:0:0:0:1 -  -  [09/ene/2020:19:07:32 +0000] "GET /jposee/isotest/list_data_nameregistrar.html?sid=0.26001226997503246 HTTP/1.1" 200 80 
0:0:0:0:0:0:0:1 -  -  [09/ene/2020:19:07:37 +0000] "GET /jposee/isotest/list_data_nameregistrar.html?sid=0.31582678026831945 HTTP/1.1" 200 80 
0:0:0:0:0:0:0:1 -  -  [09/ene/2020:19:07:42 +0000] "GET /jposee/isotest/list_data_nameregistrar.html?sid=0.6490609293741603 HTTP/1.1" 200 80 
0:0:0:0:0:0:0:1 -  -  [09/ene/2020:19:07:47 +0000] "GET /jposee/isotest/list_data_nameregistrar.html?sid=0.3270799691256727 HTTP/1.1" 200 80 
0:0:0:0:0:0:0:1 -  -  [09/ene/2020:19:07:52 +0000] "GET /jposee/isotest/list_data_nameregistrar.html?sid=0.7971262007546651 HTTP/1.1" 200 80 
0:0:0:0:0:0:0:1 -  -  [09/ene/2020:19:07:57 +0000] "GET /jposee/isotest/list_data_nameregistrar.html?sid=0.5620910005209863 HTTP/1.1" 200 80 
0:0:0:0:0:0:0:1 -  -  [09/ene/2020:19:08:02 +0000] "GET /jposee/isotest/list_data_nameregistrar.html?sid=0.7790182254263449 HTTP/1.1" 200 80 
0:0:0:0:0:0:0:1 -  -  [09/ene/2020:19:08:07 +0000] "GET /jposee/isotest/list_data_nameregistrar.html?sid=0.5483109675527715 HTTP/1.1" 200 80 
0:0:0:0:0:0:0:1 -  -  [09/ene/2020:19:08:12 +0000] "GET /jposee/isotest/list_data_nameregistrar.html?sid=0.05032578474792393 HTTP/1.1" 200 80 
0:0:0:0:0:0:0:1 -  -  [09/ene/2020:19:08:17 +0000] "GET /jposee/isotest/list_data_nameregistrar.html?sid=0.5818020199886251 HTTP/1.1" 200 80 
0:0:0:0:0:0:0:1 -  -  [09/ene/2020:19:08:22 +0000] "GET /jposee/isotest/list_data_nameregistrar.html?sid=0.46007632363238793 HTTP/1.1" 200 80 
0:0:0:0:0:0:0:1 -  -  [09/ene/2020:19:08:27 +0000] "GET /jposee/isotest/list_data_nameregistrar.html?sid=0.06192313829743523 HTTP/1.1" 200 80 
0:0:0:0:0:0:0:1 -  -  [09/ene/2020:19:08:32 +0000] "GET /jposee/isotest/list_data_nameregistrar.html?sid=0.46471286421535085 HTTP/1.1" 200 80 
0:0:0:0:0:0:0:1 -  -  [09/ene/2020:19:08:37 +0000] "GET /jposee/isotest/list_data_nameregistrar.html?sid=0.13348798221186065 HTTP/1.1" 200 80 
0:0:0:0:0:0:0:1 -  -  [09/ene/2020:19:08:42 +0000] "GET /jposee/isotest/list_data_nameregistrar.html?sid=0.3305808307994822 HTTP/1.1" 200 80 
0:0:0:0:0:0:0:1 -  -  [09/ene/2020:19:08:47 +0000] "GET /jposee/isotest/list_data_nameregistrar.html?sid=0.5574912988726202 HTTP/1.1" 200 80 
0:0:0:0:0:0:0:1 -  -  [09/ene/2020:19:08:52 +0000] "GET /jposee/isotest/list_data_nameregistrar.html?sid=0.1920950316016603 HTTP/1.1" 200 80 
0:0:0:0:0:0:0:1 -  -  [09/ene/2020:19:08:57 +0000] "GET /jposee/isotest/list_data_nameregistrar.html?sid=0.10108085278384249 HTTP/1.1" 200 80 
0:0:0:0:0:0:0:1 -  -  [09/ene/2020:19:09:02 +0000] "GET /jposee/isotest/list_data_nameregistrar.html?sid=0.22273660534140194 HTTP/1.1" 200 80 
0:0:0:0:0:0:0:1 -  -  [09/ene/2020:19:09:07 +0000] "GET /jposee/isotest/list_data_nameregistrar.html?sid=0.6454414752635962 HTTP/1.1" 200 80 
0:0:0:0:0:0:0:1 -  -  [09/ene/2020:19:09:12 +0000] "GET /jposee/isotest/list_data_nameregistrar.html?sid=0.7727641285991045 HTTP/1.1" 200 80 
0:0:0:0:0:0:0:1 -  -  [09/ene/2020:19:09:17 +0000] "GET /jposee/isotest/list_data_nameregistrar.html?sid=0.03615396174640151 HTTP/1.1" 200 80 
0:0:0:0:0:0:0:1 -  -  [09/ene/2020:19:09:22 +0000] "GET /jposee/isotest/list_data_nameregistrar.html?sid=0.761835343942026 HTTP/1.1" 200 80 
0:0:0:0:0:0:0:1 -  -  [09/ene/2020:19:09:27 +0000] "GET /jposee/isotest/list_data_nameregistrar.html?sid=0.07874618397561317 HTTP/1.1" 200 80 
0:0:0:0:0:0:0:1 -  -  [09/ene/2020:19:09:32 +0000] "GET /jposee/isotest/list_data_nameregistrar.html?sid=0.5924535098100896 HTTP/1.1" 200 80 
0:0:0:0:0:0:0:1 -  -  [09/ene/2020:19:09:37 +0000] "GET /jposee/isotest/list_data_nameregistrar.html?sid=0.21388717985737804 HTTP/1.1" 200 80 
0:0:0:0:0:0:0:1 -  -  [09/ene/2020:19:09:42 +0000] "GET /jposee/isotest/list_data_nameregistrar.html?sid=0.09790679462182172 HTTP/1.1" 200 80 
0:0:0:0:0:0:0:1 -  -  [09/ene/2020:19:09:47 +0000] "GET /jposee/isotest/list_data_nameregistrar.html?sid=0.2471358853317711 HTTP/1.1" 200 80 
0:0:0:0:0:0:0:1 -  -  [09/ene/2020:19:09:52 +0000] "GET /jposee/isotest/list_data_nameregistrar.html?sid=0.6554548151904629 HTTP/1.1" 200 80 
0:0:0:0:0:0:0:1 -  -  [09/ene/2020:19:09:57 +0000] "GET /jposee/isotest/list_data_nameregistrar.html?sid=0.8637831535580158 HTTP/1.1" 200 80 
0:0:0:0:0:0:0:1 -  -  [09/ene/2020:19:10:02 +0000] "GET /jposee/isotest/list_data_nameregistrar.html?sid=0.35025431367374815 HTTP/1.1" 200 80 
0:0:0:0:0:0:0:1 -  -  [09/ene/2020:19:10:07 +0000] "GET /jposee/isotest/list_data_nameregistrar.html?sid=0.9486687734335422 HTTP/1.1" 200 80 
0:0:0:0:0:0:0:1 -  -  [09/ene/2020:19:10:12 +0000] "GET /jposee/isotest/list_data_nameregistrar.html?sid=0.7547526854443587 HTTP/1.1" 200 80 
0:0:0:0:0:0:0:1 -  -  [09/ene/2020:19:10:17 +0000] "GET /jposee/isotest/list_data_nameregistrar.html?sid=0.25367444153445073 HTTP/1.1" 200 80 
0:0:0:0:0:0:0:1 -  -  [09/ene/2020:19:10:22 +0000] "GET /jposee/isotest/list_data_nameregistrar.html?sid=0.3133903527590247 HTTP/1.1" 200 80 
0:0:0:0:0:0:0:1 -  -  [09/ene/2020:19:10:27 +0000] "GET /jposee/isotest/list_data_nameregistrar.html?sid=0.7407902094690997 HTTP/1.1" 200 80 
0:0:0:0:0:0:0:1 -  -  [09/ene/2020:19:10:32 +0000] "GET /jposee/isotest/list_data_nameregistrar.html?sid=0.6219800052428395 HTTP/1.1" 200 80 
0:0:0:0:0:0:0:1 -  -  [09/ene/2020:19:10:37 +0000] "GET /jposee/isotest/list_data_nameregistrar.html?sid=0.6394879227356385 HTTP/1.1" 200 80 
0:0:0:0:0:0:0:1 -  -  [09/ene/2020:19:10:42 +0000] "GET /jposee/isotest/list_data_nameregistrar.html?sid=0.8335338728157378 HTTP/1.1" 200 80 
0:0:0:0:0:0:0:1 -  -  [09/ene/2020:19:10:47 +0000] "GET /jposee/isotest/list_data_nameregistrar.html?sid=0.008164340979813112 HTTP/1.1" 200 80 
0:0:0:0:0:0:0:1 -  -  [09/ene/2020:19:10:52 +0000] "GET /jposee/isotest/list_data_nameregistrar.html?sid=0.927107003582925 HTTP/1.1" 200 80 
0:0:0:0:0:0:0:1 -  -  [09/ene/2020:19:10:57 +0000] "GET /jposee/isotest/list_data_nameregistrar.html?sid=0.2878427090792306 HTTP/1.1" 200 80 
0:0:0:0:0:0:0:1 -  -  [09/ene/2020:19:11:02 +0000] "GET /jposee/isotest/list_data_nameregistrar.html?sid=0.6925202709094083 HTTP/1.1" 200 80 
0:0:0:0:0:0:0:1 -  -  [09/ene/2020:19:11:07 +0000] "GET /jposee/isotest/list_data_nameregistrar.html?sid=0.0919908208120781 HTTP/1.1" 200 80 
0:0:0:0:0:0:0:1 -  -  [09/ene/2020:19:11:12 +0000] "GET /jposee/isotest/list_data_nameregistrar.html?sid=0.16970724505526058 HTTP/1.1" 200 80 
0:0:0:0:0:0:0:1 -  -  [09/ene/2020:19:11:17 +0000] "GET /jposee/isotest/list_data_nameregistrar.html?sid=0.10441364640359274 HTTP/1.1" 200 80 
0:0:0:0:0:0:0:1 -  -  [09/ene/2020:19:11:22 +0000] "GET /jposee/isotest/list_data_nameregistrar.html?sid=0.4330300535368894 HTTP/1.1" 200 80 
0:0:0:0:0:0:0:1 -  -  [09/ene/2020:19:11:27 +0000] "GET /jposee/isotest/list_data_nameregistrar.html?sid=0.20862987685753143 HTTP/1.1" 200 80 
0:0:0:0:0:0:0:1 -  -  [09/ene/2020:19:11:32 +0000] "GET /jposee/isotest/list_data_nameregistrar.html?sid=0.3599250351979597 HTTP/1.1" 200 80 
0:0:0:0:0:0:0:1 -  -  [09/ene/2020:19:11:37 +0000] "GET /jposee/isotest/list_data_nameregistrar.html?sid=0.878615562629528 HTTP/1.1" 200 80 
0:0:0:0:0:0:0:1 -  -  [09/ene/2020:19:11:42 +0000] "GET /jposee/isotest/list_data_nameregistrar.html?sid=0.2858169031749942 HTTP/1.1" 200 80 
0:0:0:0:0:0:0:1 -  -  [09/ene/2020:19:11:47 +0000] "GET /jposee/isotest/list_data_nameregistrar.html?sid=0.9643727984053974 HTTP/1.1" 200 80 
0:0:0:0:0:0:0:1 -  -  [09/ene/2020:19:11:52 +0000] "GET /jposee/isotest/list_data_nameregistrar.html?sid=0.8577073678503659 HTTP/1.1" 200 80 
0:0:0:0:0:0:0:1 -  -  [09/ene/2020:19:11:57 +0000] "GET /jposee/isotest/list_data_nameregistrar.html?sid=0.8066790527229244 HTTP/1.1" 200 80 
0:0:0:0:0:0:0:1 -  -  [09/ene/2020:19:12:02 +0000] "GET /jposee/isotest/list_data_nameregistrar.html?sid=0.5053215717434432 HTTP/1.1" 200 80 
0:0:0:0:0:0:0:1 -  -  [09/ene/2020:19:12:07 +0000] "GET /jposee/isotest/list_data_nameregistrar.html?sid=0.5535623740436351 HTTP/1.1" 200 80 
0:0:0:0:0:0:0:1 -  -  [09/ene/2020:19:12:12 +0000] "GET /jposee/isotest/list_data_nameregistrar.html?sid=0.6186547961745947 HTTP/1.1" 200 80 
0:0:0:0:0:0:0:1 -  -  [09/ene/2020:19:12:17 +0000] "GET /jposee/isotest/list_data_nameregistrar.html?sid=0.6187086765236418 HTTP/1.1" 200 80 
0:0:0:0:0:0:0:1 -  -  [09/ene/2020:19:12:22 +0000] "GET /jposee/isotest/list_data_nameregistrar.html?sid=0.798245882779721 HTTP/1.1" 200 80 
0:0:0:0:0:0:0:1 -  -  [09/ene/2020:19:12:27 +0000] "GET /jposee/isotest/list_data_nameregistrar.html?sid=0.7337877647438267 HTTP/1.1" 200 80 
0:0:0:0:0:0:0:1 -  -  [09/ene/2020:19:12:32 +0000] "GET /jposee/isotest/list_data_nameregistrar.html?sid=0.8179963412264535 HTTP/1.1" 200 80 
