0:0:0:0:0:0:0:1 -  -  [19/oct/2022:22:04:05 +0000] "GET / HTTP/1.1" 200 169 
0:0:0:0:0:0:0:1 -  -  [19/oct/2022:22:04:05 +0000] "GET /jposee HTTP/1.1" 302 0 
0:0:0:0:0:0:0:1 -  -  [19/oct/2022:22:04:05 +0000] "GET /favicon.ico HTTP/1.1" 404 1376 
0:0:0:0:0:0:0:1 -  -  [19/oct/2022:22:04:05 +0000] "GET /jposee/ HTTP/1.1" 302 0 
0:0:0:0:0:0:0:1 -  -  [19/oct/2022:22:04:05 +0000] "GET /jposee/login.html HTTP/1.1" 200 3820 
0:0:0:0:0:0:0:1 -  -  [19/oct/2022:22:04:05 +0000] "GET /jposee/js/cookies.js HTTP/1.1" 200 350 
0:0:0:0:0:0:0:1 -  -  [19/oct/2022:22:04:05 +0000] "GET /jposee/style.css HTTP/1.1" 200 5840 
0:0:0:0:0:0:0:1 -  -  [19/oct/2022:22:04:05 +0000] "GET /jposee/js/md5.js HTTP/1.1" 200 9308 
0:0:0:0:0:0:0:1 -  -  [19/oct/2022:22:04:05 +0000] "GET /jposee/images/jpos_t.jpg HTTP/1.1" 200 1902 
0:0:0:0:0:0:0:1 -  -  [19/oct/2022:22:04:05 +0000] "GET /jposee/images/go.gif HTTP/1.1" 200 983 
0:0:0:0:0:0:0:1 -  -  [19/oct/2022:22:04:12 +0000] "POST /jposee/login.html HTTP/1.1" 302 0 
0:0:0:0:0:0:0:1 -  -  [19/oct/2022:22:04:12 +0000] "GET /jposee/ HTTP/1.1" 200 5410 
0:0:0:0:0:0:0:1 -  -  [19/oct/2022:22:04:17 +0000] "GET /jposee/isotest/list.html HTTP/1.1" 200 7540 
0:0:0:0:0:0:0:1 -  -  [19/oct/2022:22:04:17 +0000] "GET /jposee/js/listinfo.js HTTP/1.1" 200 1757 
0:0:0:0:0:0:0:1 -  -  [19/oct/2022:22:04:17 +0000] "GET /jposee/isotest/list_data_nameregistrar.html?sid=0.4336755642920338 HTTP/1.1" 200 66 
0:0:0:0:0:0:0:1 -  -  [19/oct/2022:22:04:21 +0000] "GET /jposee/isotest/send.html?servicename=Kubo HTTP/1.1" 200 38553 
0:0:0:0:0:0:0:1 -  -  [19/oct/2022:22:04:22 +0000] "GET /jposee/js/showlog.js HTTP/1.1" 200 4803 
0:0:0:0:0:0:0:1 -  -  [19/oct/2022:22:04:22 +0000] "GET /jposee/js/sendmessage.js HTTP/1.1" 200 2318 
0:0:0:0:0:0:0:1 -  -  [19/oct/2022:22:04:32 +0000] "GET /jposee/isotest/showLog.html?sid=0.6178273483543553&servicename=Kubo HTTP/1.1" 200 6002 
0:0:0:0:0:0:0:1 -  -  [19/oct/2022:22:04:42 +0000] "GET /jposee/isotest/showLog.html?sid=0.9304270039824998&servicename=Kubo HTTP/1.1" 200 6002 
0:0:0:0:0:0:0:1 -  -  [19/oct/2022:22:04:52 +0000] "GET /jposee/isotest/showLog.html?sid=0.9773286032351873&servicename=Kubo HTTP/1.1" 200 6002 
0:0:0:0:0:0:0:1 -  -  [19/oct/2022:22:05:02 +0000] "GET /jposee/isotest/showLog.html?sid=0.5996914568953065&servicename=Kubo HTTP/1.1" 200 6002 
0:0:0:0:0:0:0:1 -  -  [19/oct/2022:22:05:12 +0000] "GET /jposee/isotest/showLog.html?sid=0.23444037125441697&servicename=Kubo HTTP/1.1" 200 6002 
0:0:0:0:0:0:0:1 -  -  [19/oct/2022:22:05:22 +0000] "GET /jposee/isotest/showLog.html?sid=0.21563608324975037&servicename=Kubo HTTP/1.1" 200 6002 
0:0:0:0:0:0:0:1 -  -  [19/oct/2022:22:05:32 +0000] "GET /jposee/isotest/showLog.html?sid=0.8640426201859954&servicename=Kubo HTTP/1.1" 200 6002 
0:0:0:0:0:0:0:1 -  -  [19/oct/2022:22:05:42 +0000] "GET /jposee/isotest/showLog.html?sid=0.4823988161442727&servicename=Kubo HTTP/1.1" 200 6002 
0:0:0:0:0:0:0:1 -  -  [19/oct/2022:22:05:52 +0000] "GET /jposee/isotest/showLog.html?sid=0.7837970773273881&servicename=Kubo HTTP/1.1" 200 6002 
0:0:0:0:0:0:0:1 -  -  [19/oct/2022:22:06:02 +0000] "GET /jposee/isotest/showLog.html?sid=0.7254253674431239&servicename=Kubo HTTP/1.1" 200 6002 
0:0:0:0:0:0:0:1 -  -  [19/oct/2022:22:06:12 +0000] "GET /jposee/isotest/showLog.html?sid=0.6201143188743692&servicename=Kubo HTTP/1.1" 200 6002 
0:0:0:0:0:0:0:1 -  -  [19/oct/2022:22:06:22 +0000] "GET /jposee/isotest/showLog.html?sid=0.013780014847157851&servicename=Kubo HTTP/1.1" 200 6002 
0:0:0:0:0:0:0:1 -  -  [19/oct/2022:22:06:32 +0000] "GET /jposee/isotest/showLog.html?sid=0.9107422177311397&servicename=Kubo HTTP/1.1" 200 6002 
0:0:0:0:0:0:0:1 -  -  [19/oct/2022:22:06:42 +0000] "GET /jposee/isotest/showLog.html?sid=0.9890743603809815&servicename=Kubo HTTP/1.1" 200 6002 
0:0:0:0:0:0:0:1 -  -  [19/oct/2022:22:06:52 +0000] "GET /jposee/isotest/showLog.html?sid=0.6223961763331394&servicename=Kubo HTTP/1.1" 200 6002 
0:0:0:0:0:0:0:1 -  -  [19/oct/2022:22:07:02 +0000] "GET /jposee/isotest/showLog.html?sid=0.3861924413269133&servicename=Kubo HTTP/1.1" 200 6002 
0:0:0:0:0:0:0:1 -  -  [19/oct/2022:22:07:12 +0000] "GET /jposee/isotest/showLog.html?sid=0.7435566502701738&servicename=Kubo HTTP/1.1" 200 6002 
0:0:0:0:0:0:0:1 -  -  [19/oct/2022:22:07:22 +0000] "GET /jposee/isotest/showLog.html?sid=0.8597004416242477&servicename=Kubo HTTP/1.1" 200 6002 
0:0:0:0:0:0:0:1 -  -  [19/oct/2022:22:07:32 +0000] "GET /jposee/isotest/showLog.html?sid=0.7793359336470818&servicename=Kubo HTTP/1.1" 200 6002 
0:0:0:0:0:0:0:1 -  -  [19/oct/2022:22:07:42 +0000] "GET /jposee/isotest/showLog.html?sid=0.7295223033692078&servicename=Kubo HTTP/1.1" 200 6002 
0:0:0:0:0:0:0:1 -  -  [19/oct/2022:22:07:52 +0000] "GET /jposee/isotest/showLog.html?sid=0.9758935592096913&servicename=Kubo HTTP/1.1" 200 6002 
0:0:0:0:0:0:0:1 -  -  [19/oct/2022:22:08:02 +0000] "GET /jposee/isotest/showLog.html?sid=0.9507449494884994&servicename=Kubo HTTP/1.1" 200 6002 
0:0:0:0:0:0:0:1 -  -  [19/oct/2022:22:08:12 +0000] "GET /jposee/isotest/showLog.html?sid=0.9466667142270848&servicename=Kubo HTTP/1.1" 200 6002 
0:0:0:0:0:0:0:1 -  -  [19/oct/2022:22:08:22 +0000] "GET /jposee/isotest/showLog.html?sid=0.6620714255863716&servicename=Kubo HTTP/1.1" 200 6002 
0:0:0:0:0:0:0:1 -  -  [19/oct/2022:22:08:32 +0000] "GET /jposee/isotest/showLog.html?sid=0.1159062714015815&servicename=Kubo HTTP/1.1" 200 6002 
0:0:0:0:0:0:0:1 -  -  [19/oct/2022:22:08:42 +0000] "GET /jposee/isotest/showLog.html?sid=0.8615243920886355&servicename=Kubo HTTP/1.1" 200 6002 
0:0:0:0:0:0:0:1 -  -  [19/oct/2022:22:08:52 +0000] "GET /jposee/isotest/showLog.html?sid=0.31421310515896894&servicename=Kubo HTTP/1.1" 200 6002 
0:0:0:0:0:0:0:1 -  -  [19/oct/2022:22:09:02 +0000] "GET /jposee/isotest/showLog.html?sid=0.259930468379153&servicename=Kubo HTTP/1.1" 200 6002 
0:0:0:0:0:0:0:1 -  -  [19/oct/2022:22:09:12 +0000] "GET /jposee/isotest/showLog.html?sid=0.7242784106943994&servicename=Kubo HTTP/1.1" 200 6002 
0:0:0:0:0:0:0:1 -  -  [19/oct/2022:22:09:22 +0000] "GET /jposee/isotest/showLog.html?sid=0.47448247791783205&servicename=Kubo HTTP/1.1" 200 6002 
0:0:0:0:0:0:0:1 -  -  [19/oct/2022:22:10:11 +0000] "GET /jposee/isotest/showLog.html?sid=0.03706333478018431&servicename=Kubo HTTP/1.1" 200 6002 
0:0:0:0:0:0:0:1 -  -  [19/oct/2022:22:11:11 +0000] "GET /jposee/isotest/showLog.html?sid=0.3820035540294433&servicename=Kubo HTTP/1.1" 200 6002 
0:0:0:0:0:0:0:1 -  -  [19/oct/2022:22:12:11 +0000] "GET /jposee/isotest/showLog.html?sid=0.652869917256399&servicename=Kubo HTTP/1.1" 200 6002 
0:0:0:0:0:0:0:1 -  -  [19/oct/2022:22:13:11 +0000] "GET /jposee/isotest/showLog.html?sid=0.2616431136046906&servicename=Kubo HTTP/1.1" 200 6002 
0:0:0:0:0:0:0:1 -  -  [19/oct/2022:22:14:11 +0000] "GET /jposee/isotest/showLog.html?sid=0.7687739287927979&servicename=Kubo HTTP/1.1" 200 6002 
0:0:0:0:0:0:0:1 -  -  [19/oct/2022:22:15:11 +0000] "GET /jposee/isotest/showLog.html?sid=0.5190957797865421&servicename=Kubo HTTP/1.1" 200 6002 
0:0:0:0:0:0:0:1 -  -  [19/oct/2022:22:16:11 +0000] "GET /jposee/isotest/showLog.html?sid=0.22354930317588995&servicename=Kubo HTTP/1.1" 200 6002 
0:0:0:0:0:0:0:1 -  -  [19/oct/2022:22:17:08 +0000] "GET /jposee/isotest/showLog.html?sid=0.032208765812324236&servicename=Kubo HTTP/1.1" 200 6002 
0:0:0:0:0:0:0:1 -  -  [19/oct/2022:22:17:12 +0000] "GET /jposee/isotest/showLog.html?sid=0.1729375260218342&servicename=Kubo HTTP/1.1" 200 6002 
0:0:0:0:0:0:0:1 -  -  [19/oct/2022:22:17:20 +0000] "POST /jposee/isotest/send_post.html?sid=0.40316167627861343 HTTP/1.1" 200 2 
0:0:0:0:0:0:0:1 -  -  [19/oct/2022:22:17:20 +0000] "GET /jposee/isotest/showLog.html?sid=0.7160987835998389&servicename=Kubo HTTP/1.1" 200 6002 
0:0:0:0:0:0:0:1 -  -  [19/oct/2022:22:17:22 +0000] "GET /jposee/isotest/showLog.html?sid=0.0022516031536010672&servicename=Kubo HTTP/1.1" 200 6002 
0:0:0:0:0:0:0:1 -  -  [19/oct/2022:22:17:32 +0000] "GET /jposee/isotest/showLog.html?sid=0.6741192468089106&servicename=Kubo HTTP/1.1" 200 6002 
0:0:0:0:0:0:0:1 -  -  [19/oct/2022:22:17:42 +0000] "GET /jposee/isotest/showLog.html?sid=0.09345611740071136&servicename=Kubo HTTP/1.1" 200 6002 
0:0:0:0:0:0:0:1 -  -  [19/oct/2022:22:17:52 +0000] "GET /jposee/isotest/showLog.html?sid=0.8601390604415413&servicename=Kubo HTTP/1.1" 200 6002 
0:0:0:0:0:0:0:1 -  -  [19/oct/2022:22:18:02 +0000] "GET /jposee/isotest/showLog.html?sid=0.5543369381772216&servicename=Kubo HTTP/1.1" 200 6002 
0:0:0:0:0:0:0:1 -  -  [19/oct/2022:22:18:12 +0000] "GET /jposee/isotest/showLog.html?sid=0.5676091614112198&servicename=Kubo HTTP/1.1" 200 6002 
0:0:0:0:0:0:0:1 -  -  [19/oct/2022:22:18:22 +0000] "GET /jposee/isotest/showLog.html?sid=0.3393400062216323&servicename=Kubo HTTP/1.1" 200 6002 
0:0:0:0:0:0:0:1 -  -  [19/oct/2022:22:18:32 +0000] "GET /jposee/isotest/showLog.html?sid=0.07049463205411666&servicename=Kubo HTTP/1.1" 200 6002 
0:0:0:0:0:0:0:1 -  -  [19/oct/2022:22:18:42 +0000] "GET /jposee/isotest/showLog.html?sid=0.42128159806484455&servicename=Kubo HTTP/1.1" 200 6002 
0:0:0:0:0:0:0:1 -  -  [19/oct/2022:22:18:52 +0000] "GET /jposee/isotest/showLog.html?sid=0.8707755390676815&servicename=Kubo HTTP/1.1" 200 6002 
0:0:0:0:0:0:0:1 -  -  [19/oct/2022:22:19:02 +0000] "GET /jposee/isotest/showLog.html?sid=0.2546873036795625&servicename=Kubo HTTP/1.1" 200 6002 
0:0:0:0:0:0:0:1 -  -  [19/oct/2022:22:19:12 +0000] "GET /jposee/isotest/showLog.html?sid=0.5025186685331091&servicename=Kubo HTTP/1.1" 200 6002 
0:0:0:0:0:0:0:1 -  -  [19/oct/2022:22:19:22 +0000] "GET /jposee/isotest/showLog.html?sid=0.4779116789835902&servicename=Kubo HTTP/1.1" 200 6002 
0:0:0:0:0:0:0:1 -  -  [19/oct/2022:22:19:32 +0000] "GET /jposee/isotest/showLog.html?sid=0.8751087314342818&servicename=Kubo HTTP/1.1" 200 6002 
0:0:0:0:0:0:0:1 -  -  [19/oct/2022:22:19:42 +0000] "GET /jposee/isotest/showLog.html?sid=0.1479400096002561&servicename=Kubo HTTP/1.1" 200 6002 
0:0:0:0:0:0:0:1 -  -  [19/oct/2022:22:19:52 +0000] "GET /jposee/isotest/showLog.html?sid=0.17489849455525408&servicename=Kubo HTTP/1.1" 200 6002 
0:0:0:0:0:0:0:1 -  -  [19/oct/2022:22:20:02 +0000] "GET /jposee/isotest/showLog.html?sid=0.7466685428461179&servicename=Kubo HTTP/1.1" 200 6002 
0:0:0:0:0:0:0:1 -  -  [19/oct/2022:22:20:09 +0000] "POST /jposee/isotest/send_post.html?sid=0.02073330743042079 HTTP/1.1" 200 2 
0:0:0:0:0:0:0:1 -  -  [19/oct/2022:22:20:09 +0000] "GET /jposee/isotest/showLog.html?sid=0.29152845628171464&servicename=Kubo HTTP/1.1" 200 6002 
0:0:0:0:0:0:0:1 -  -  [19/oct/2022:22:20:12 +0000] "GET /jposee/isotest/showLog.html?sid=0.19891220192326253&servicename=Kubo HTTP/1.1" 200 6002 
0:0:0:0:0:0:0:1 -  -  [19/oct/2022:22:20:22 +0000] "GET /jposee/isotest/showLog.html?sid=0.5512585590277641&servicename=Kubo HTTP/1.1" 200 6002 
0:0:0:0:0:0:0:1 -  -  [19/oct/2022:22:20:32 +0000] "GET /jposee/isotest/showLog.html?sid=0.07709034359278322&servicename=Kubo HTTP/1.1" 200 6002 
0:0:0:0:0:0:0:1 -  -  [19/oct/2022:22:20:42 +0000] "GET /jposee/isotest/showLog.html?sid=0.20826049705595073&servicename=Kubo HTTP/1.1" 200 6002 
0:0:0:0:0:0:0:1 -  -  [19/oct/2022:22:20:52 +0000] "GET /jposee/isotest/showLog.html?sid=0.7125242568974071&servicename=Kubo HTTP/1.1" 200 6002 
0:0:0:0:0:0:0:1 -  -  [19/oct/2022:22:21:02 +0000] "GET /jposee/isotest/showLog.html?sid=0.6178876139702512&servicename=Kubo HTTP/1.1" 200 6002 
0:0:0:0:0:0:0:1 -  -  [19/oct/2022:22:21:12 +0000] "GET /jposee/isotest/showLog.html?sid=0.39267030954216997&servicename=Kubo HTTP/1.1" 200 6002 
0:0:0:0:0:0:0:1 -  -  [19/oct/2022:22:21:22 +0000] "GET /jposee/isotest/showLog.html?sid=0.9534279176592422&servicename=Kubo HTTP/1.1" 200 6002 
0:0:0:0:0:0:0:1 -  -  [19/oct/2022:22:21:32 +0000] "GET /jposee/isotest/showLog.html?sid=0.16857632794251387&servicename=Kubo HTTP/1.1" 200 6002 
0:0:0:0:0:0:0:1 -  -  [19/oct/2022:22:21:42 +0000] "GET /jposee/isotest/showLog.html?sid=0.2096465726481338&servicename=Kubo HTTP/1.1" 200 6002 
0:0:0:0:0:0:0:1 -  -  [19/oct/2022:22:21:52 +0000] "GET /jposee/isotest/showLog.html?sid=0.8089087985429038&servicename=Kubo HTTP/1.1" 200 6002 
0:0:0:0:0:0:0:1 -  -  [19/oct/2022:22:22:02 +0000] "GET /jposee/isotest/showLog.html?sid=0.8669920150651742&servicename=Kubo HTTP/1.1" 200 6002 
0:0:0:0:0:0:0:1 -  -  [19/oct/2022:22:22:12 +0000] "GET /jposee/isotest/showLog.html?sid=0.9320757372681734&servicename=Kubo HTTP/1.1" 200 6002 
0:0:0:0:0:0:0:1 -  -  [19/oct/2022:22:22:22 +0000] "GET /jposee/isotest/showLog.html?sid=0.31637422906769763&servicename=Kubo HTTP/1.1" 200 6002 
0:0:0:0:0:0:0:1 -  -  [19/oct/2022:22:22:32 +0000] "GET /jposee/isotest/showLog.html?sid=0.4056904137731412&servicename=Kubo HTTP/1.1" 200 6002 
0:0:0:0:0:0:0:1 -  -  [19/oct/2022:22:22:42 +0000] "GET /jposee/isotest/showLog.html?sid=0.030454539194469943&servicename=Kubo HTTP/1.1" 200 6002 
0:0:0:0:0:0:0:1 -  -  [19/oct/2022:22:22:52 +0000] "GET /jposee/isotest/showLog.html?sid=0.5639444516529311&servicename=Kubo HTTP/1.1" 200 6002 
0:0:0:0:0:0:0:1 -  -  [19/oct/2022:22:23:02 +0000] "GET /jposee/isotest/showLog.html?sid=0.5851339112822018&servicename=Kubo HTTP/1.1" 200 6002 
0:0:0:0:0:0:0:1 -  -  [19/oct/2022:22:23:12 +0000] "GET /jposee/isotest/showLog.html?sid=0.7418696547371615&servicename=Kubo HTTP/1.1" 200 6002 
0:0:0:0:0:0:0:1 -  -  [19/oct/2022:22:23:22 +0000] "GET /jposee/isotest/showLog.html?sid=0.32561701325866266&servicename=Kubo HTTP/1.1" 200 6002 
0:0:0:0:0:0:0:1 -  -  [19/oct/2022:22:23:32 +0000] "GET /jposee/isotest/showLog.html?sid=0.0768493400475676&servicename=Kubo HTTP/1.1" 200 6002 
0:0:0:0:0:0:0:1 -  -  [19/oct/2022:22:23:42 +0000] "GET /jposee/isotest/showLog.html?sid=0.6047119918393999&servicename=Kubo HTTP/1.1" 200 6002 
0:0:0:0:0:0:0:1 -  -  [19/oct/2022:22:23:52 +0000] "GET /jposee/isotest/showLog.html?sid=0.36742637652401866&servicename=Kubo HTTP/1.1" 200 6002 
0:0:0:0:0:0:0:1 -  -  [19/oct/2022:22:24:02 +0000] "GET /jposee/isotest/showLog.html?sid=0.9365337095242567&servicename=Kubo HTTP/1.1" 200 6002 
0:0:0:0:0:0:0:1 -  -  [19/oct/2022:22:24:12 +0000] "GET /jposee/isotest/showLog.html?sid=0.8149281001250577&servicename=Kubo HTTP/1.1" 200 6002 
0:0:0:0:0:0:0:1 -  -  [19/oct/2022:22:24:22 +0000] "GET /jposee/isotest/showLog.html?sid=0.701798027829867&servicename=Kubo HTTP/1.1" 200 6002 
0:0:0:0:0:0:0:1 -  -  [19/oct/2022:22:24:32 +0000] "GET /jposee/isotest/showLog.html?sid=0.6632277718732948&servicename=Kubo HTTP/1.1" 200 6002 
0:0:0:0:0:0:0:1 -  -  [19/oct/2022:22:24:42 +0000] "GET /jposee/isotest/showLog.html?sid=0.34044710420088387&servicename=Kubo HTTP/1.1" 200 6002 
0:0:0:0:0:0:0:1 -  -  [19/oct/2022:22:24:52 +0000] "GET /jposee/isotest/showLog.html?sid=0.6543695150948909&servicename=Kubo HTTP/1.1" 200 6002 
0:0:0:0:0:0:0:1 -  -  [19/oct/2022:22:25:02 +0000] "GET /jposee/isotest/showLog.html?sid=0.11790882728466223&servicename=Kubo HTTP/1.1" 200 6002 
0:0:0:0:0:0:0:1 -  -  [19/oct/2022:22:26:03 +0000] "GET /jposee/isotest/showLog.html?sid=0.15197880531887975&servicename=Kubo HTTP/1.1" 200 6002 
0:0:0:0:0:0:0:1 -  -  [19/oct/2022:22:27:04 +0000] "GET /jposee/isotest/showLog.html?sid=0.5957617313917736&servicename=Kubo HTTP/1.1" 200 6002 
0:0:0:0:0:0:0:1 -  -  [19/oct/2022:22:28:05 +0000] "GET /jposee/isotest/showLog.html?sid=0.39693699589080356&servicename=Kubo HTTP/1.1" 200 6002 
0:0:0:0:0:0:0:1 -  -  [19/oct/2022:22:29:06 +0000] "GET /jposee/isotest/showLog.html?sid=0.9966126690778934&servicename=Kubo HTTP/1.1" 200 6002 
0:0:0:0:0:0:0:1 -  -  [19/oct/2022:22:30:07 +0000] "GET /jposee/isotest/showLog.html?sid=0.9741881358704778&servicename=Kubo HTTP/1.1" 200 6002 
0:0:0:0:0:0:0:1 -  -  [19/oct/2022:22:30:36 +0000] "GET /jposee/isotest/showLog.html?sid=0.28614608153062626&servicename=Kubo HTTP/1.1" 200 6002 
0:0:0:0:0:0:0:1 -  -  [19/oct/2022:22:30:37 +0000] "POST /jposee/isotest/send_post.html?sid=0.9227918815321692 HTTP/1.1" 200 2 
0:0:0:0:0:0:0:1 -  -  [19/oct/2022:22:30:37 +0000] "GET /jposee/isotest/showLog.html?sid=0.12536996854150328&servicename=Kubo HTTP/1.1" 200 6002 
0:0:0:0:0:0:0:1 -  -  [19/oct/2022:22:30:42 +0000] "GET /jposee/isotest/showLog.html?sid=0.34286422835746033&servicename=Kubo HTTP/1.1" 200 6002 
0:0:0:0:0:0:0:1 -  -  [19/oct/2022:22:30:52 +0000] "GET /jposee/isotest/showLog.html?sid=0.987836902610232&servicename=Kubo HTTP/1.1" 200 6002 
0:0:0:0:0:0:0:1 -  -  [19/oct/2022:22:31:02 +0000] "GET /jposee/isotest/showLog.html?sid=0.9986049330397373&servicename=Kubo HTTP/1.1" 200 6002 
0:0:0:0:0:0:0:1 -  -  [19/oct/2022:22:31:12 +0000] "GET /jposee/isotest/showLog.html?sid=0.7152583246886002&servicename=Kubo HTTP/1.1" 200 6002 
0:0:0:0:0:0:0:1 -  -  [19/oct/2022:22:31:22 +0000] "GET /jposee/isotest/showLog.html?sid=0.40171196237683593&servicename=Kubo HTTP/1.1" 200 6002 
0:0:0:0:0:0:0:1 -  -  [19/oct/2022:22:31:32 +0000] "GET /jposee/isotest/showLog.html?sid=0.5224289095208219&servicename=Kubo HTTP/1.1" 200 6002 
0:0:0:0:0:0:0:1 -  -  [19/oct/2022:22:31:42 +0000] "GET /jposee/isotest/showLog.html?sid=0.3926479257345108&servicename=Kubo HTTP/1.1" 200 6002 
0:0:0:0:0:0:0:1 -  -  [19/oct/2022:22:31:52 +0000] "GET /jposee/isotest/showLog.html?sid=0.5839690511492945&servicename=Kubo HTTP/1.1" 200 6002 
0:0:0:0:0:0:0:1 -  -  [19/oct/2022:22:32:02 +0000] "GET /jposee/isotest/showLog.html?sid=0.6983434274965796&servicename=Kubo HTTP/1.1" 200 6002 
0:0:0:0:0:0:0:1 -  -  [19/oct/2022:22:32:12 +0000] "GET /jposee/isotest/showLog.html?sid=0.20812512328848043&servicename=Kubo HTTP/1.1" 200 6002 
0:0:0:0:0:0:0:1 -  -  [19/oct/2022:22:32:22 +0000] "GET /jposee/isotest/showLog.html?sid=0.9859917740844082&servicename=Kubo HTTP/1.1" 200 6002 
0:0:0:0:0:0:0:1 -  -  [19/oct/2022:22:32:32 +0000] "GET /jposee/isotest/showLog.html?sid=0.9327255673292298&servicename=Kubo HTTP/1.1" 200 6002 
0:0:0:0:0:0:0:1 -  -  [19/oct/2022:22:32:42 +0000] "GET /jposee/isotest/showLog.html?sid=0.07124602821529757&servicename=Kubo HTTP/1.1" 200 6002 
0:0:0:0:0:0:0:1 -  -  [19/oct/2022:22:32:52 +0000] "GET /jposee/isotest/showLog.html?sid=0.11219893408153281&servicename=Kubo HTTP/1.1" 200 6002 
0:0:0:0:0:0:0:1 -  -  [19/oct/2022:22:33:02 +0000] "GET /jposee/isotest/showLog.html?sid=0.8271242218221546&servicename=Kubo HTTP/1.1" 200 6002 
0:0:0:0:0:0:0:1 -  -  [19/oct/2022:22:33:12 +0000] "GET /jposee/isotest/showLog.html?sid=0.3934809769201919&servicename=Kubo HTTP/1.1" 200 6002 
0:0:0:0:0:0:0:1 -  -  [19/oct/2022:22:33:22 +0000] "GET /jposee/isotest/showLog.html?sid=0.7459147022770862&servicename=Kubo HTTP/1.1" 200 6002 
0:0:0:0:0:0:0:1 -  -  [19/oct/2022:22:33:32 +0000] "GET /jposee/isotest/showLog.html?sid=0.8366384563904767&servicename=Kubo HTTP/1.1" 200 6002 
0:0:0:0:0:0:0:1 -  -  [19/oct/2022:22:33:42 +0000] "GET /jposee/isotest/showLog.html?sid=0.5838168848650132&servicename=Kubo HTTP/1.1" 200 6002 
0:0:0:0:0:0:0:1 -  -  [19/oct/2022:22:33:52 +0000] "GET /jposee/isotest/showLog.html?sid=0.5092903083278622&servicename=Kubo HTTP/1.1" 200 6002 
0:0:0:0:0:0:0:1 -  -  [19/oct/2022:22:34:02 +0000] "GET /jposee/isotest/showLog.html?sid=0.1765318187624958&servicename=Kubo HTTP/1.1" 200 6002 
0:0:0:0:0:0:0:1 -  -  [19/oct/2022:22:34:12 +0000] "GET /jposee/isotest/showLog.html?sid=0.06424567063340558&servicename=Kubo HTTP/1.1" 200 6002 
0:0:0:0:0:0:0:1 -  -  [19/oct/2022:22:34:22 +0000] "GET /jposee/isotest/showLog.html?sid=0.17879200751140112&servicename=Kubo HTTP/1.1" 200 6002 
0:0:0:0:0:0:0:1 -  -  [19/oct/2022:22:34:32 +0000] "GET /jposee/isotest/showLog.html?sid=0.37147717302657157&servicename=Kubo HTTP/1.1" 200 6002 
0:0:0:0:0:0:0:1 -  -  [19/oct/2022:22:34:42 +0000] "GET /jposee/isotest/showLog.html?sid=0.39111484167429245&servicename=Kubo HTTP/1.1" 200 6002 
0:0:0:0:0:0:0:1 -  -  [19/oct/2022:22:34:52 +0000] "GET /jposee/isotest/showLog.html?sid=0.9600471029925965&servicename=Kubo HTTP/1.1" 200 6002 
0:0:0:0:0:0:0:1 -  -  [19/oct/2022:22:35:02 +0000] "GET /jposee/isotest/showLog.html?sid=0.15172275490972753&servicename=Kubo HTTP/1.1" 200 6002 
0:0:0:0:0:0:0:1 -  -  [19/oct/2022:22:35:12 +0000] "GET /jposee/isotest/showLog.html?sid=0.632675939657116&servicename=Kubo HTTP/1.1" 200 6002 
0:0:0:0:0:0:0:1 -  -  [19/oct/2022:22:35:22 +0000] "GET /jposee/isotest/showLog.html?sid=0.9117026842529505&servicename=Kubo HTTP/1.1" 200 6002 
0:0:0:0:0:0:0:1 -  -  [19/oct/2022:22:35:32 +0000] "GET /jposee/isotest/showLog.html?sid=0.09637633722456163&servicename=Kubo HTTP/1.1" 200 6002 
0:0:0:0:0:0:0:1 -  -  [19/oct/2022:22:35:42 +0000] "GET /jposee/isotest/showLog.html?sid=0.639569450123278&servicename=Kubo HTTP/1.1" 200 6002 
0:0:0:0:0:0:0:1 -  -  [19/oct/2022:22:35:52 +0000] "GET /jposee/isotest/showLog.html?sid=0.24379858511747&servicename=Kubo HTTP/1.1" 200 6002 
0:0:0:0:0:0:0:1 -  -  [19/oct/2022:22:36:02 +0000] "GET /jposee/isotest/showLog.html?sid=0.08338565032280143&servicename=Kubo HTTP/1.1" 200 6002 
0:0:0:0:0:0:0:1 -  -  [19/oct/2022:22:36:12 +0000] "GET /jposee/isotest/showLog.html?sid=0.32273369733582036&servicename=Kubo HTTP/1.1" 200 6002 
0:0:0:0:0:0:0:1 -  -  [19/oct/2022:22:36:22 +0000] "GET /jposee/isotest/showLog.html?sid=0.5960575189991861&servicename=Kubo HTTP/1.1" 200 6002 
0:0:0:0:0:0:0:1 -  -  [19/oct/2022:22:36:32 +0000] "GET /jposee/isotest/showLog.html?sid=0.6677488540161012&servicename=Kubo HTTP/1.1" 200 6002 
0:0:0:0:0:0:0:1 -  -  [19/oct/2022:22:36:42 +0000] "GET /jposee/isotest/showLog.html?sid=0.2238854222054587&servicename=Kubo HTTP/1.1" 200 6002 
0:0:0:0:0:0:0:1 -  -  [19/oct/2022:22:36:52 +0000] "GET /jposee/isotest/showLog.html?sid=0.7087457360777112&servicename=Kubo HTTP/1.1" 200 6002 
0:0:0:0:0:0:0:1 -  -  [19/oct/2022:22:37:02 +0000] "GET /jposee/isotest/showLog.html?sid=0.22880479260202713&servicename=Kubo HTTP/1.1" 200 6002 
0:0:0:0:0:0:0:1 -  -  [19/oct/2022:22:37:12 +0000] "GET /jposee/isotest/showLog.html?sid=0.0771510136014788&servicename=Kubo HTTP/1.1" 200 6002 
0:0:0:0:0:0:0:1 -  -  [19/oct/2022:22:37:22 +0000] "GET /jposee/isotest/showLog.html?sid=0.5238849740992437&servicename=Kubo HTTP/1.1" 200 6002 
0:0:0:0:0:0:0:1 -  -  [19/oct/2022:22:37:32 +0000] "GET /jposee/isotest/showLog.html?sid=0.9257268277603738&servicename=Kubo HTTP/1.1" 200 6002 
0:0:0:0:0:0:0:1 -  -  [19/oct/2022:22:37:42 +0000] "GET /jposee/isotest/showLog.html?sid=0.8925284811370486&servicename=Kubo HTTP/1.1" 200 6002 
0:0:0:0:0:0:0:1 -  -  [19/oct/2022:22:37:52 +0000] "GET /jposee/isotest/showLog.html?sid=0.13767697463863549&servicename=Kubo HTTP/1.1" 200 6002 
0:0:0:0:0:0:0:1 -  -  [19/oct/2022:22:38:02 +0000] "GET /jposee/isotest/showLog.html?sid=0.11890600304934162&servicename=Kubo HTTP/1.1" 200 6002 
0:0:0:0:0:0:0:1 -  -  [19/oct/2022:22:38:12 +0000] "GET /jposee/isotest/showLog.html?sid=0.595796185444357&servicename=Kubo HTTP/1.1" 200 6002 
0:0:0:0:0:0:0:1 -  -  [19/oct/2022:22:38:22 +0000] "GET /jposee/isotest/showLog.html?sid=0.9732010959804807&servicename=Kubo HTTP/1.1" 200 6002 
0:0:0:0:0:0:0:1 -  -  [19/oct/2022:22:38:32 +0000] "GET /jposee/isotest/showLog.html?sid=0.2464576208481466&servicename=Kubo HTTP/1.1" 200 6002 
0:0:0:0:0:0:0:1 -  -  [19/oct/2022:22:38:42 +0000] "GET /jposee/isotest/showLog.html?sid=0.34571202039042537&servicename=Kubo HTTP/1.1" 200 6002 
0:0:0:0:0:0:0:1 -  -  [19/oct/2022:22:38:52 +0000] "GET /jposee/isotest/showLog.html?sid=0.4336073438600627&servicename=Kubo HTTP/1.1" 200 6002 
0:0:0:0:0:0:0:1 -  -  [19/oct/2022:22:39:01 +0000] "GET /jposee/isotest/showLog.html?sid=0.9074561446020744&servicename=Kubo HTTP/1.1" 200 6002 
0:0:0:0:0:0:0:1 -  -  [19/oct/2022:22:39:11 +0000] "GET /jposee/isotest/showLog.html?sid=0.788116134030749&servicename=Kubo HTTP/1.1" 200 6002 
0:0:0:0:0:0:0:1 -  -  [19/oct/2022:22:39:21 +0000] "GET /jposee/isotest/showLog.html?sid=0.3784730739089164&servicename=Kubo HTTP/1.1" 200 6002 
0:0:0:0:0:0:0:1 -  -  [19/oct/2022:22:39:31 +0000] "GET /jposee/isotest/showLog.html?sid=0.04338546200868487&servicename=Kubo HTTP/1.1" 200 6002 
0:0:0:0:0:0:0:1 -  -  [19/oct/2022:22:39:41 +0000] "GET /jposee/isotest/showLog.html?sid=0.7653542347664442&servicename=Kubo HTTP/1.1" 200 6002 
0:0:0:0:0:0:0:1 -  -  [19/oct/2022:22:39:51 +0000] "GET /jposee/isotest/showLog.html?sid=0.42792792873255125&servicename=Kubo HTTP/1.1" 200 6002 
0:0:0:0:0:0:0:1 -  -  [19/oct/2022:22:40:01 +0000] "GET /jposee/isotest/showLog.html?sid=0.8788262971656569&servicename=Kubo HTTP/1.1" 200 6002 
0:0:0:0:0:0:0:1 -  -  [19/oct/2022:22:40:11 +0000] "GET /jposee/isotest/showLog.html?sid=0.8096366236904076&servicename=Kubo HTTP/1.1" 200 6002 
0:0:0:0:0:0:0:1 -  -  [19/oct/2022:22:40:21 +0000] "GET /jposee/isotest/showLog.html?sid=0.8585236018820843&servicename=Kubo HTTP/1.1" 200 6002 
0:0:0:0:0:0:0:1 -  -  [19/oct/2022:22:40:31 +0000] "GET /jposee/isotest/showLog.html?sid=0.7952450360631689&servicename=Kubo HTTP/1.1" 200 6002 
0:0:0:0:0:0:0:1 -  -  [19/oct/2022:22:40:41 +0000] "GET /jposee/isotest/showLog.html?sid=0.9042370278057605&servicename=Kubo HTTP/1.1" 200 6002 
0:0:0:0:0:0:0:1 -  -  [19/oct/2022:22:40:51 +0000] "GET /jposee/isotest/showLog.html?sid=0.22129655830176054&servicename=Kubo HTTP/1.1" 200 6002 
0:0:0:0:0:0:0:1 -  -  [19/oct/2022:22:41:01 +0000] "GET /jposee/isotest/showLog.html?sid=0.938041947769509&servicename=Kubo HTTP/1.1" 200 6002 
0:0:0:0:0:0:0:1 -  -  [19/oct/2022:22:41:11 +0000] "GET /jposee/isotest/showLog.html?sid=0.5726036252801998&servicename=Kubo HTTP/1.1" 200 6002 
0:0:0:0:0:0:0:1 -  -  [19/oct/2022:22:41:21 +0000] "GET /jposee/isotest/showLog.html?sid=0.0934074471517723&servicename=Kubo HTTP/1.1" 200 6002 
0:0:0:0:0:0:0:1 -  -  [19/oct/2022:22:42:10 +0000] "GET /jposee/isotest/showLog.html?sid=0.2927492631396651&servicename=Kubo HTTP/1.1" 200 6002 
0:0:0:0:0:0:0:1 -  -  [19/oct/2022:22:43:10 +0000] "GET /jposee/isotest/showLog.html?sid=0.0772226224014747&servicename=Kubo HTTP/1.1" 200 6002 
0:0:0:0:0:0:0:1 -  -  [19/oct/2022:22:44:10 +0000] "GET /jposee/isotest/showLog.html?sid=0.7670292395221923&servicename=Kubo HTTP/1.1" 200 6002 
0:0:0:0:0:0:0:1 -  -  [19/oct/2022:22:45:10 +0000] "GET /jposee/isotest/showLog.html?sid=0.14805888500927522&servicename=Kubo HTTP/1.1" 200 6002 
0:0:0:0:0:0:0:1 -  -  [19/oct/2022:22:46:10 +0000] "GET /jposee/isotest/showLog.html?sid=0.7889639326655409&servicename=Kubo HTTP/1.1" 200 6002 
0:0:0:0:0:0:0:1 -  -  [19/oct/2022:22:47:10 +0000] "GET /jposee/isotest/showLog.html?sid=0.3216064862392538&servicename=Kubo HTTP/1.1" 200 6002 
0:0:0:0:0:0:0:1 -  -  [19/oct/2022:22:48:10 +0000] "GET /jposee/isotest/showLog.html?sid=0.6742766160467575&servicename=Kubo HTTP/1.1" 200 6002 
0:0:0:0:0:0:0:1 -  -  [19/oct/2022:22:49:10 +0000] "GET /jposee/isotest/showLog.html?sid=0.04463755602145403&servicename=Kubo HTTP/1.1" 200 6002 
0:0:0:0:0:0:0:1 -  -  [19/oct/2022:22:50:10 +0000] "GET /jposee/isotest/showLog.html?sid=0.14592331772167788&servicename=Kubo HTTP/1.1" 200 6002 
0:0:0:0:0:0:0:1 -  -  [19/oct/2022:22:51:10 +0000] "GET /jposee/isotest/showLog.html?sid=0.5316650449190283&servicename=Kubo HTTP/1.1" 200 6002 
0:0:0:0:0:0:0:1 -  -  [19/oct/2022:22:52:10 +0000] "GET /jposee/isotest/showLog.html?sid=0.4921241778566199&servicename=Kubo HTTP/1.1" 200 6002 
0:0:0:0:0:0:0:1 -  -  [19/oct/2022:22:53:10 +0000] "GET /jposee/isotest/showLog.html?sid=0.7525815019794095&servicename=Kubo HTTP/1.1" 200 6002 
0:0:0:0:0:0:0:1 -  -  [19/oct/2022:22:54:10 +0000] "GET /jposee/isotest/showLog.html?sid=0.12710006435196708&servicename=Kubo HTTP/1.1" 200 6002 
0:0:0:0:0:0:0:1 -  -  [19/oct/2022:22:55:10 +0000] "GET /jposee/isotest/showLog.html?sid=0.4721936698794058&servicename=Kubo HTTP/1.1" 200 6002 
0:0:0:0:0:0:0:1 -  -  [19/oct/2022:22:56:10 +0000] "GET /jposee/isotest/showLog.html?sid=0.6881832965971593&servicename=Kubo HTTP/1.1" 200 6002 
0:0:0:0:0:0:0:1 -  -  [19/oct/2022:22:57:10 +0000] "GET /jposee/isotest/showLog.html?sid=0.33179159287334103&servicename=Kubo HTTP/1.1" 200 6002 
0:0:0:0:0:0:0:1 -  -  [19/oct/2022:22:58:10 +0000] "GET /jposee/isotest/showLog.html?sid=0.34846410057809796&servicename=Kubo HTTP/1.1" 200 6002 
0:0:0:0:0:0:0:1 -  -  [19/oct/2022:22:59:10 +0000] "GET /jposee/isotest/showLog.html?sid=0.5442776114532231&servicename=Kubo HTTP/1.1" 200 6002 
0:0:0:0:0:0:0:1 -  -  [19/oct/2022:23:00:10 +0000] "GET /jposee/isotest/showLog.html?sid=0.6584402895220305&servicename=Kubo HTTP/1.1" 200 6002 
0:0:0:0:0:0:0:1 -  -  [19/oct/2022:23:00:11 +0000] "GET /jposee/isotest/showLog.html?sid=0.47188643882657666&servicename=Kubo HTTP/1.1" 200 6002 
0:0:0:0:0:0:0:1 -  -  [19/oct/2022:23:00:21 +0000] "GET /jposee/isotest/showLog.html?sid=0.21809421833208154&servicename=Kubo HTTP/1.1" 200 6002 
0:0:0:0:0:0:0:1 -  -  [19/oct/2022:23:00:31 +0000] "GET /jposee/isotest/showLog.html?sid=0.9016158179309006&servicename=Kubo HTTP/1.1" 200 6002 
0:0:0:0:0:0:0:1 -  -  [19/oct/2022:23:00:41 +0000] "GET /jposee/isotest/showLog.html?sid=0.5333047329978524&servicename=Kubo HTTP/1.1" 200 6002 
0:0:0:0:0:0:0:1 -  -  [19/oct/2022:23:00:51 +0000] "GET /jposee/isotest/showLog.html?sid=0.210934681659668&servicename=Kubo HTTP/1.1" 200 6002 
0:0:0:0:0:0:0:1 -  -  [19/oct/2022:23:01:01 +0000] "GET /jposee/isotest/showLog.html?sid=0.2458454983254632&servicename=Kubo HTTP/1.1" 200 6002 
0:0:0:0:0:0:0:1 -  -  [19/oct/2022:23:01:11 +0000] "GET /jposee/isotest/showLog.html?sid=0.6598861981149429&servicename=Kubo HTTP/1.1" 200 6002 
0:0:0:0:0:0:0:1 -  -  [19/oct/2022:23:01:21 +0000] "GET /jposee/isotest/showLog.html?sid=0.814980539790084&servicename=Kubo HTTP/1.1" 200 6002 
0:0:0:0:0:0:0:1 -  -  [19/oct/2022:23:01:31 +0000] "GET /jposee/isotest/showLog.html?sid=0.7934233785220692&servicename=Kubo HTTP/1.1" 200 6002 
0:0:0:0:0:0:0:1 -  -  [19/oct/2022:23:01:41 +0000] "GET /jposee/isotest/showLog.html?sid=0.8243356685725272&servicename=Kubo HTTP/1.1" 200 6002 
0:0:0:0:0:0:0:1 -  -  [19/oct/2022:23:01:51 +0000] "GET /jposee/isotest/showLog.html?sid=0.9076466948794948&servicename=Kubo HTTP/1.1" 200 6002 
0:0:0:0:0:0:0:1 -  -  [19/oct/2022:23:02:01 +0000] "GET /jposee/isotest/showLog.html?sid=0.31909888807715747&servicename=Kubo HTTP/1.1" 200 6002 
0:0:0:0:0:0:0:1 -  -  [19/oct/2022:23:02:11 +0000] "GET /jposee/isotest/showLog.html?sid=0.5609305158478066&servicename=Kubo HTTP/1.1" 200 6002 
0:0:0:0:0:0:0:1 -  -  [19/oct/2022:23:02:21 +0000] "GET /jposee/isotest/showLog.html?sid=0.8303667356882989&servicename=Kubo HTTP/1.1" 200 6002 
0:0:0:0:0:0:0:1 -  -  [19/oct/2022:23:02:31 +0000] "GET /jposee/isotest/showLog.html?sid=0.5183695404416429&servicename=Kubo HTTP/1.1" 200 6002 
0:0:0:0:0:0:0:1 -  -  [19/oct/2022:23:02:41 +0000] "GET /jposee/isotest/showLog.html?sid=0.8233973397495091&servicename=Kubo HTTP/1.1" 200 6002 
0:0:0:0:0:0:0:1 -  -  [19/oct/2022:23:02:51 +0000] "GET /jposee/isotest/showLog.html?sid=0.07891836869046065&servicename=Kubo HTTP/1.1" 200 6002 
0:0:0:0:0:0:0:1 -  -  [19/oct/2022:23:03:01 +0000] "GET /jposee/isotest/showLog.html?sid=0.5791302112490253&servicename=Kubo HTTP/1.1" 200 6002 
0:0:0:0:0:0:0:1 -  -  [19/oct/2022:23:03:11 +0000] "GET /jposee/isotest/showLog.html?sid=0.6034636618838223&servicename=Kubo HTTP/1.1" 200 6002 
0:0:0:0:0:0:0:1 -  -  [19/oct/2022:23:03:21 +0000] "GET /jposee/isotest/showLog.html?sid=0.3532957231162257&servicename=Kubo HTTP/1.1" 200 6002 
0:0:0:0:0:0:0:1 -  -  [19/oct/2022:23:03:31 +0000] "GET /jposee/isotest/showLog.html?sid=0.9891023920949844&servicename=Kubo HTTP/1.1" 200 6002 
0:0:0:0:0:0:0:1 -  -  [19/oct/2022:23:03:41 +0000] "GET /jposee/isotest/showLog.html?sid=0.03659316063975426&servicename=Kubo HTTP/1.1" 200 6002 
0:0:0:0:0:0:0:1 -  -  [19/oct/2022:23:03:51 +0000] "GET /jposee/isotest/showLog.html?sid=0.5063934874642795&servicename=Kubo HTTP/1.1" 200 6002 
0:0:0:0:0:0:0:1 -  -  [19/oct/2022:23:04:01 +0000] "GET /jposee/isotest/showLog.html?sid=0.6615606703005998&servicename=Kubo HTTP/1.1" 200 6002 
0:0:0:0:0:0:0:1 -  -  [19/oct/2022:23:04:11 +0000] "GET /jposee/isotest/showLog.html?sid=0.4805529508641537&servicename=Kubo HTTP/1.1" 200 6002 
0:0:0:0:0:0:0:1 -  -  [19/oct/2022:23:04:21 +0000] "GET /jposee/isotest/showLog.html?sid=0.35805684790917347&servicename=Kubo HTTP/1.1" 200 6002 
0:0:0:0:0:0:0:1 -  -  [19/oct/2022:23:04:31 +0000] "GET /jposee/isotest/showLog.html?sid=0.8565926532713632&servicename=Kubo HTTP/1.1" 200 6002 
0:0:0:0:0:0:0:1 -  -  [19/oct/2022:23:04:41 +0000] "GET /jposee/isotest/showLog.html?sid=0.5831061702447793&servicename=Kubo HTTP/1.1" 200 6002 
0:0:0:0:0:0:0:1 -  -  [19/oct/2022:23:04:51 +0000] "GET /jposee/isotest/showLog.html?sid=0.5743011073401991&servicename=Kubo HTTP/1.1" 200 6002 
0:0:0:0:0:0:0:1 -  -  [19/oct/2022:23:05:01 +0000] "GET /jposee/isotest/showLog.html?sid=0.4510461637780059&servicename=Kubo HTTP/1.1" 200 6002 
0:0:0:0:0:0:0:1 -  -  [19/oct/2022:23:06:02 +0000] "GET /jposee/isotest/showLog.html?sid=0.31360932450186896&servicename=Kubo HTTP/1.1" 200 6002 
0:0:0:0:0:0:0:1 -  -  [20/oct/2022:13:07:21 +0000] "GET /jposee/isotest/showLog.html?sid=0.09344890193304711&servicename=Kubo HTTP/1.1" 200 6002 
0:0:0:0:0:0:0:1 -  -  [20/oct/2022:13:08:10 +0000] "GET /jposee/isotest/showLog.html?sid=0.5964839305233864&servicename=Kubo HTTP/1.1" 200 6002 
0:0:0:0:0:0:0:1 -  -  [20/oct/2022:13:09:10 +0000] "GET /jposee/isotest/showLog.html?sid=0.35042582029321023&servicename=Kubo HTTP/1.1" 200 6002 
0:0:0:0:0:0:0:1 -  -  [20/oct/2022:13:10:10 +0000] "GET /jposee/isotest/showLog.html?sid=0.05943379467094512&servicename=Kubo HTTP/1.1" 200 6002 
0:0:0:0:0:0:0:1 -  -  [20/oct/2022:13:11:10 +0000] "GET /jposee/isotest/showLog.html?sid=0.15427713933618437&servicename=Kubo HTTP/1.1" 200 6002 
0:0:0:0:0:0:0:1 -  -  [20/oct/2022:13:12:10 +0000] "GET /jposee/isotest/showLog.html?sid=0.8448827192252586&servicename=Kubo HTTP/1.1" 200 6002 
0:0:0:0:0:0:0:1 -  -  [20/oct/2022:13:13:10 +0000] "GET /jposee/isotest/showLog.html?sid=0.4585967708015468&servicename=Kubo HTTP/1.1" 200 6002 
0:0:0:0:0:0:0:1 -  -  [20/oct/2022:13:14:10 +0000] "GET /jposee/isotest/showLog.html?sid=0.46667526398405657&servicename=Kubo HTTP/1.1" 200 6002 
0:0:0:0:0:0:0:1 -  -  [20/oct/2022:13:15:10 +0000] "GET /jposee/isotest/showLog.html?sid=0.7950998291293425&servicename=Kubo HTTP/1.1" 200 6002 
0:0:0:0:0:0:0:1 -  -  [20/oct/2022:13:16:11 +0000] "GET /jposee/isotest/showLog.html?sid=0.46058056182559404&servicename=Kubo HTTP/1.1" 200 6002 
0:0:0:0:0:0:0:1 -  -  [20/oct/2022:13:17:11 +0000] "GET /jposee/isotest/showLog.html?sid=0.7662034604118577&servicename=Kubo HTTP/1.1" 200 6002 
0:0:0:0:0:0:0:1 -  -  [20/oct/2022:13:18:12 +0000] "GET /jposee/isotest/showLog.html?sid=0.8164189312628838&servicename=Kubo HTTP/1.1" 200 6002 
0:0:0:0:0:0:0:1 -  -  [20/oct/2022:13:19:12 +0000] "GET /jposee/isotest/showLog.html?sid=0.24065699090446024&servicename=Kubo HTTP/1.1" 200 6002 
0:0:0:0:0:0:0:1 -  -  [20/oct/2022:13:19:54 +0000] "GET /jposee/isotest/showLog.html?sid=0.22071323735094572&servicename=Kubo HTTP/1.1" 200 6002 
0:0:0:0:0:0:0:1 -  -  [20/oct/2022:13:20:04 +0000] "GET /jposee/isotest/showLog.html?sid=0.6345433776340754&servicename=Kubo HTTP/1.1" 200 6002 
0:0:0:0:0:0:0:1 -  -  [20/oct/2022:13:20:14 +0000] "GET /jposee/isotest/showLog.html?sid=0.7696001976529419&servicename=Kubo HTTP/1.1" 200 6002 
0:0:0:0:0:0:0:1 -  -  [20/oct/2022:13:20:24 +0000] "GET /jposee/isotest/showLog.html?sid=0.8635015163958359&servicename=Kubo HTTP/1.1" 200 6002 
0:0:0:0:0:0:0:1 -  -  [20/oct/2022:13:20:32 +0000] "GET /jposee/isotest/send.html?servicename=Kubo HTTP/1.1" 200 38553 
0:0:0:0:0:0:0:1 -  -  [20/oct/2022:13:20:42 +0000] "GET /jposee/isotest/showLog.html?sid=0.691332001757911&servicename=Kubo HTTP/1.1" 200 6002 
0:0:0:0:0:0:0:1 -  -  [20/oct/2022:13:20:53 +0000] "GET /jposee/isotest/showLog.html?sid=0.2669761103339292&servicename=Kubo HTTP/1.1" 200 6002 
0:0:0:0:0:0:0:1 -  -  [20/oct/2022:13:21:03 +0000] "GET /jposee/isotest/showLog.html?sid=0.9915087267006004&servicename=Kubo HTTP/1.1" 200 6002 
0:0:0:0:0:0:0:1 -  -  [20/oct/2022:13:21:13 +0000] "GET /jposee/isotest/showLog.html?sid=0.30627357583696013&servicename=Kubo HTTP/1.1" 200 6002 
0:0:0:0:0:0:0:1 -  -  [20/oct/2022:13:21:23 +0000] "GET /jposee/isotest/showLog.html?sid=0.6336046538922777&servicename=Kubo HTTP/1.1" 200 6002 
0:0:0:0:0:0:0:1 -  -  [20/oct/2022:13:21:33 +0000] "GET /jposee/isotest/showLog.html?sid=0.014641277455510693&servicename=Kubo HTTP/1.1" 200 6002 
0:0:0:0:0:0:0:1 -  -  [20/oct/2022:13:21:43 +0000] "GET /jposee/isotest/showLog.html?sid=0.028323131984638206&servicename=Kubo HTTP/1.1" 200 6002 
0:0:0:0:0:0:0:1 -  -  [20/oct/2022:13:21:53 +0000] "GET /jposee/isotest/showLog.html?sid=0.2357166077277284&servicename=Kubo HTTP/1.1" 200 6002 
0:0:0:0:0:0:0:1 -  -  [20/oct/2022:13:22:03 +0000] "GET /jposee/isotest/showLog.html?sid=0.8244567998195251&servicename=Kubo HTTP/1.1" 200 6002 
0:0:0:0:0:0:0:1 -  -  [20/oct/2022:13:22:13 +0000] "GET /jposee/isotest/showLog.html?sid=0.62636176450403&servicename=Kubo HTTP/1.1" 200 6002 
0:0:0:0:0:0:0:1 -  -  [20/oct/2022:13:22:23 +0000] "GET /jposee/isotest/showLog.html?sid=0.7135268179684946&servicename=Kubo HTTP/1.1" 200 6002 
0:0:0:0:0:0:0:1 -  -  [20/oct/2022:13:22:33 +0000] "GET /jposee/isotest/showLog.html?sid=0.8606368054792441&servicename=Kubo HTTP/1.1" 200 6002 
0:0:0:0:0:0:0:1 -  -  [20/oct/2022:13:22:43 +0000] "GET /jposee/isotest/showLog.html?sid=0.08914071143017321&servicename=Kubo HTTP/1.1" 200 6002 
0:0:0:0:0:0:0:1 -  -  [20/oct/2022:13:22:53 +0000] "GET /jposee/isotest/showLog.html?sid=0.03986570272465184&servicename=Kubo HTTP/1.1" 200 6002 
0:0:0:0:0:0:0:1 -  -  [20/oct/2022:13:23:03 +0000] "GET /jposee/isotest/showLog.html?sid=0.5020535720465502&servicename=Kubo HTTP/1.1" 200 6002 
0:0:0:0:0:0:0:1 -  -  [20/oct/2022:13:23:13 +0000] "GET /jposee/isotest/showLog.html?sid=0.8896197569782562&servicename=Kubo HTTP/1.1" 200 6002 
0:0:0:0:0:0:0:1 -  -  [20/oct/2022:13:23:23 +0000] "GET /jposee/isotest/showLog.html?sid=0.95766944720783&servicename=Kubo HTTP/1.1" 200 6002 
