0:0:0:0:0:0:0:1 -  -  [27/oct/2022:19:26:05 +0000] "GET /jposee HTTP/1.1" 302 0 
0:0:0:0:0:0:0:1 -  -  [27/oct/2022:19:26:06 +0000] "GET /jposee/ HTTP/1.1" 302 0 
0:0:0:0:0:0:0:1 -  -  [27/oct/2022:19:26:07 +0000] "GET /jposee/login.html HTTP/1.1" 200 3820 
0:0:0:0:0:0:0:1 -  -  [27/oct/2022:19:26:11 +0000] "POST /jposee/login.html HTTP/1.1" 302 0 
0:0:0:0:0:0:0:1 -  -  [27/oct/2022:19:26:12 +0000] "GET /jposee/ HTTP/1.1" 200 5410 
0:0:0:0:0:0:0:1 -  -  [27/oct/2022:19:26:14 +0000] "GET /jposee/isotest/list.html HTTP/1.1" 200 7514 
0:0:0:0:0:0:0:1 -  -  [27/oct/2022:19:26:15 +0000] "GET /jposee/isotest/list_data_nameregistrar.html?sid=0.392350812010543 HTTP/1.1" 200 40 
0:0:0:0:0:0:0:1 -  -  [27/oct/2022:19:26:17 +0000] "GET /jposee/isotest/send.html?servicename=Kubo HTTP/1.1" 200 38553 
0:0:0:0:0:0:0:1 -  -  [27/oct/2022:19:26:28 +0000] "GET /jposee/isotest/showLog.html?sid=0.6719898992194735&servicename=Kubo HTTP/1.1" 200 6002 
0:0:0:0:0:0:0:1 -  -  [27/oct/2022:19:26:38 +0000] "GET /jposee/isotest/showLog.html?sid=0.08504167883500613&servicename=Kubo HTTP/1.1" 200 6002 
0:0:0:0:0:0:0:1 -  -  [27/oct/2022:19:26:48 +0000] "GET /jposee/isotest/showLog.html?sid=0.08998819384560308&servicename=Kubo HTTP/1.1" 200 6002 
0:0:0:0:0:0:0:1 -  -  [27/oct/2022:19:26:58 +0000] "GET /jposee/isotest/showLog.html?sid=0.584805201495268&servicename=Kubo HTTP/1.1" 200 6002 
0:0:0:0:0:0:0:1 -  -  [27/oct/2022:19:27:08 +0000] "GET /jposee/isotest/showLog.html?sid=0.21155306165140342&servicename=Kubo HTTP/1.1" 200 6002 
0:0:0:0:0:0:0:1 -  -  [27/oct/2022:19:27:18 +0000] "GET /jposee/isotest/showLog.html?sid=0.46815464844478183&servicename=Kubo HTTP/1.1" 200 6002 
0:0:0:0:0:0:0:1 -  -  [27/oct/2022:19:27:28 +0000] "GET /jposee/isotest/showLog.html?sid=0.3032573518917887&servicename=Kubo HTTP/1.1" 200 6002 
0:0:0:0:0:0:0:1 -  -  [27/oct/2022:19:27:38 +0000] "GET /jposee/isotest/showLog.html?sid=0.8685753215692338&servicename=Kubo HTTP/1.1" 200 6002 
0:0:0:0:0:0:0:1 -  -  [27/oct/2022:19:27:48 +0000] "GET /jposee/isotest/showLog.html?sid=0.46183763712544&servicename=Kubo HTTP/1.1" 200 6002 
0:0:0:0:0:0:0:1 -  -  [27/oct/2022:19:27:58 +0000] "GET /jposee/isotest/showLog.html?sid=0.9234178382999305&servicename=Kubo HTTP/1.1" 200 6002 
0:0:0:0:0:0:0:1 -  -  [27/oct/2022:19:28:08 +0000] "GET /jposee/isotest/showLog.html?sid=0.16481956114547236&servicename=Kubo HTTP/1.1" 200 6002 
0:0:0:0:0:0:0:1 -  -  [27/oct/2022:19:28:18 +0000] "GET /jposee/isotest/showLog.html?sid=0.725728332817583&servicename=Kubo HTTP/1.1" 200 6002 
0:0:0:0:0:0:0:1 -  -  [27/oct/2022:19:28:28 +0000] "GET /jposee/isotest/showLog.html?sid=0.7501334342818986&servicename=Kubo HTTP/1.1" 200 6002 
0:0:0:0:0:0:0:1 -  -  [27/oct/2022:19:28:38 +0000] "GET /jposee/isotest/showLog.html?sid=0.7479769916876435&servicename=Kubo HTTP/1.1" 200 6002 
0:0:0:0:0:0:0:1 -  -  [27/oct/2022:19:28:48 +0000] "GET /jposee/isotest/showLog.html?sid=0.9748942288010887&servicename=Kubo HTTP/1.1" 200 6002 
0:0:0:0:0:0:0:1 -  -  [27/oct/2022:19:28:58 +0000] "GET /jposee/isotest/showLog.html?sid=0.052489792706377214&servicename=Kubo HTTP/1.1" 200 6002 
0:0:0:0:0:0:0:1 -  -  [27/oct/2022:19:29:08 +0000] "GET /jposee/isotest/showLog.html?sid=0.09404694146061998&servicename=Kubo HTTP/1.1" 200 6002 
0:0:0:0:0:0:0:1 -  -  [27/oct/2022:19:29:18 +0000] "GET /jposee/isotest/showLog.html?sid=0.8150379386985696&servicename=Kubo HTTP/1.1" 200 6002 
0:0:0:0:0:0:0:1 -  -  [27/oct/2022:19:29:28 +0000] "GET /jposee/isotest/showLog.html?sid=0.32693572110893165&servicename=Kubo HTTP/1.1" 200 6002 
0:0:0:0:0:0:0:1 -  -  [27/oct/2022:19:29:38 +0000] "GET /jposee/isotest/showLog.html?sid=0.19181522077781388&servicename=Kubo HTTP/1.1" 200 6002 
0:0:0:0:0:0:0:1 -  -  [27/oct/2022:19:29:48 +0000] "GET /jposee/isotest/showLog.html?sid=0.82292874903128&servicename=Kubo HTTP/1.1" 200 6002 
0:0:0:0:0:0:0:1 -  -  [27/oct/2022:19:29:58 +0000] "GET /jposee/isotest/showLog.html?sid=0.3661582162844934&servicename=Kubo HTTP/1.1" 200 6002 
0:0:0:0:0:0:0:1 -  -  [27/oct/2022:19:30:08 +0000] "GET /jposee/isotest/showLog.html?sid=0.5722472804654168&servicename=Kubo HTTP/1.1" 200 6002 
0:0:0:0:0:0:0:1 -  -  [27/oct/2022:19:30:18 +0000] "GET /jposee/isotest/showLog.html?sid=0.695895134420528&servicename=Kubo HTTP/1.1" 200 6002 
0:0:0:0:0:0:0:1 -  -  [27/oct/2022:19:30:28 +0000] "GET /jposee/isotest/showLog.html?sid=0.4498823077657219&servicename=Kubo HTTP/1.1" 200 6002 
0:0:0:0:0:0:0:1 -  -  [27/oct/2022:19:30:38 +0000] "GET /jposee/isotest/showLog.html?sid=0.5333850726144527&servicename=Kubo HTTP/1.1" 200 6002 
0:0:0:0:0:0:0:1 -  -  [27/oct/2022:19:30:48 +0000] "GET /jposee/isotest/showLog.html?sid=0.24668035121905718&servicename=Kubo HTTP/1.1" 200 6002 
0:0:0:0:0:0:0:1 -  -  [27/oct/2022:19:30:58 +0000] "GET /jposee/isotest/showLog.html?sid=0.6504894574968381&servicename=Kubo HTTP/1.1" 200 6002 
0:0:0:0:0:0:0:1 -  -  [27/oct/2022:19:31:08 +0000] "GET /jposee/isotest/showLog.html?sid=0.617198709225671&servicename=Kubo HTTP/1.1" 200 6002 
0:0:0:0:0:0:0:1 -  -  [27/oct/2022:19:31:18 +0000] "GET /jposee/isotest/showLog.html?sid=0.2404456162094153&servicename=Kubo HTTP/1.1" 200 6002 
0:0:0:0:0:0:0:1 -  -  [27/oct/2022:19:31:28 +0000] "GET /jposee/isotest/showLog.html?sid=0.8732455354187407&servicename=Kubo HTTP/1.1" 200 6002 
0:0:0:0:0:0:0:1 -  -  [27/oct/2022:19:31:38 +0000] "GET /jposee/isotest/showLog.html?sid=0.2520761054631926&servicename=Kubo HTTP/1.1" 200 6002 
0:0:0:0:0:0:0:1 -  -  [27/oct/2022:19:31:48 +0000] "GET /jposee/isotest/showLog.html?sid=0.33088478990539527&servicename=Kubo HTTP/1.1" 200 6002 
0:0:0:0:0:0:0:1 -  -  [27/oct/2022:19:31:58 +0000] "GET /jposee/isotest/showLog.html?sid=0.10776603951369701&servicename=Kubo HTTP/1.1" 200 6002 
0:0:0:0:0:0:0:1 -  -  [27/oct/2022:19:32:08 +0000] "GET /jposee/isotest/showLog.html?sid=0.8884228078201861&servicename=Kubo HTTP/1.1" 200 6002 
0:0:0:0:0:0:0:1 -  -  [27/oct/2022:19:32:18 +0000] "GET /jposee/isotest/showLog.html?sid=0.10659633748715258&servicename=Kubo HTTP/1.1" 200 6002 
0:0:0:0:0:0:0:1 -  -  [27/oct/2022:19:32:28 +0000] "GET /jposee/isotest/showLog.html?sid=0.4014096999980956&servicename=Kubo HTTP/1.1" 200 6002 
0:0:0:0:0:0:0:1 -  -  [27/oct/2022:19:32:38 +0000] "GET /jposee/isotest/showLog.html?sid=0.5885356567475237&servicename=Kubo HTTP/1.1" 200 6002 
0:0:0:0:0:0:0:1 -  -  [27/oct/2022:19:32:48 +0000] "GET /jposee/isotest/showLog.html?sid=0.7217164377991339&servicename=Kubo HTTP/1.1" 200 6002 
0:0:0:0:0:0:0:1 -  -  [27/oct/2022:19:32:58 +0000] "GET /jposee/isotest/showLog.html?sid=0.887858128703682&servicename=Kubo HTTP/1.1" 200 6002 
0:0:0:0:0:0:0:1 -  -  [27/oct/2022:19:33:08 +0000] "GET /jposee/isotest/showLog.html?sid=0.7244841917402396&servicename=Kubo HTTP/1.1" 200 6002 
0:0:0:0:0:0:0:1 -  -  [27/oct/2022:19:33:18 +0000] "GET /jposee/isotest/showLog.html?sid=0.763143253221801&servicename=Kubo HTTP/1.1" 200 6002 
0:0:0:0:0:0:0:1 -  -  [27/oct/2022:19:33:28 +0000] "GET /jposee/isotest/showLog.html?sid=0.7510910902295551&servicename=Kubo HTTP/1.1" 200 6002 
0:0:0:0:0:0:0:1 -  -  [27/oct/2022:19:33:38 +0000] "GET /jposee/isotest/showLog.html?sid=0.9721021632457509&servicename=Kubo HTTP/1.1" 200 6002 
0:0:0:0:0:0:0:1 -  -  [27/oct/2022:19:33:48 +0000] "GET /jposee/isotest/showLog.html?sid=0.523367135507794&servicename=Kubo HTTP/1.1" 200 6002 
0:0:0:0:0:0:0:1 -  -  [27/oct/2022:19:33:58 +0000] "GET /jposee/isotest/showLog.html?sid=0.12290887643398896&servicename=Kubo HTTP/1.1" 200 6002 
0:0:0:0:0:0:0:1 -  -  [27/oct/2022:19:34:08 +0000] "GET /jposee/isotest/showLog.html?sid=0.9826152776394552&servicename=Kubo HTTP/1.1" 200 6002 
0:0:0:0:0:0:0:1 -  -  [27/oct/2022:19:34:18 +0000] "GET /jposee/isotest/showLog.html?sid=0.7644175474032695&servicename=Kubo HTTP/1.1" 200 6002 
0:0:0:0:0:0:0:1 -  -  [27/oct/2022:19:34:28 +0000] "GET /jposee/isotest/showLog.html?sid=0.8718509557910565&servicename=Kubo HTTP/1.1" 200 6002 
0:0:0:0:0:0:0:1 -  -  [27/oct/2022:19:34:38 +0000] "GET /jposee/isotest/showLog.html?sid=0.33174923454643146&servicename=Kubo HTTP/1.1" 200 6002 
0:0:0:0:0:0:0:1 -  -  [27/oct/2022:19:34:48 +0000] "GET /jposee/isotest/showLog.html?sid=0.18469222104548&servicename=Kubo HTTP/1.1" 200 6002 
0:0:0:0:0:0:0:1 -  -  [27/oct/2022:19:34:58 +0000] "GET /jposee/isotest/showLog.html?sid=0.04291646989957254&servicename=Kubo HTTP/1.1" 200 6002 
0:0:0:0:0:0:0:1 -  -  [27/oct/2022:19:35:08 +0000] "GET /jposee/isotest/showLog.html?sid=0.6488384621356604&servicename=Kubo HTTP/1.1" 200 6002 
0:0:0:0:0:0:0:1 -  -  [27/oct/2022:19:35:18 +0000] "GET /jposee/isotest/showLog.html?sid=0.6762814530053143&servicename=Kubo HTTP/1.1" 200 6002 
0:0:0:0:0:0:0:1 -  -  [27/oct/2022:19:35:28 +0000] "GET /jposee/isotest/showLog.html?sid=0.4284066439550178&servicename=Kubo HTTP/1.1" 200 6002 
0:0:0:0:0:0:0:1 -  -  [27/oct/2022:19:35:38 +0000] "GET /jposee/isotest/showLog.html?sid=0.9650466700585054&servicename=Kubo HTTP/1.1" 200 6002 
0:0:0:0:0:0:0:1 -  -  [27/oct/2022:19:35:48 +0000] "GET /jposee/isotest/showLog.html?sid=0.09014100474170172&servicename=Kubo HTTP/1.1" 200 6002 
0:0:0:0:0:0:0:1 -  -  [27/oct/2022:19:35:58 +0000] "GET /jposee/isotest/showLog.html?sid=0.16665515802684827&servicename=Kubo HTTP/1.1" 200 6002 
0:0:0:0:0:0:0:1 -  -  [27/oct/2022:19:36:08 +0000] "GET /jposee/isotest/showLog.html?sid=0.6682623134287371&servicename=Kubo HTTP/1.1" 200 6002 
0:0:0:0:0:0:0:1 -  -  [27/oct/2022:19:36:50 +0000] "GET /jposee/isotest/showLog.html?sid=0.30178830632107045&servicename=Kubo HTTP/1.1" 200 6002 
0:0:0:0:0:0:0:1 -  -  [27/oct/2022:19:37:50 +0000] "GET /jposee/isotest/showLog.html?sid=0.3603930147656269&servicename=Kubo HTTP/1.1" 200 6002 
0:0:0:0:0:0:0:1 -  -  [27/oct/2022:19:38:50 +0000] "GET /jposee/isotest/showLog.html?sid=0.6303656922480421&servicename=Kubo HTTP/1.1" 200 6002 
0:0:0:0:0:0:0:1 -  -  [27/oct/2022:19:39:50 +0000] "GET /jposee/isotest/showLog.html?sid=0.3029379474760092&servicename=Kubo HTTP/1.1" 200 6002 
0:0:0:0:0:0:0:1 -  -  [27/oct/2022:19:40:50 +0000] "GET /jposee/isotest/showLog.html?sid=0.7041882689066681&servicename=Kubo HTTP/1.1" 200 6002 
0:0:0:0:0:0:0:1 -  -  [27/oct/2022:19:41:50 +0000] "GET /jposee/isotest/showLog.html?sid=0.26736546174972164&servicename=Kubo HTTP/1.1" 200 6002 
