0:0:0:0:0:0:0:1 -  -  [31/oct/2022:19:50:49 +0000] "GET /jposee HTTP/1.1" 302 0 
0:0:0:0:0:0:0:1 -  -  [31/oct/2022:19:50:49 +0000] "GET /favicon.ico HTTP/1.1" 404 1376 
0:0:0:0:0:0:0:1 -  -  [31/oct/2022:19:50:49 +0000] "GET /jposee/ HTTP/1.1" 302 0 
0:0:0:0:0:0:0:1 -  -  [31/oct/2022:19:50:49 +0000] "GET /jposee/login.html HTTP/1.1" 200 3820 
0:0:0:0:0:0:0:1 -  -  [31/oct/2022:19:50:54 +0000] "POST /jposee/login.html HTTP/1.1" 302 0 
0:0:0:0:0:0:0:1 -  -  [31/oct/2022:19:50:54 +0000] "GET /jposee/ HTTP/1.1" 200 5410 
0:0:0:0:0:0:0:1 -  -  [31/oct/2022:19:50:56 +0000] "GET /jposee/isotest/list.html HTTP/1.1" 200 7514 
0:0:0:0:0:0:0:1 -  -  [31/oct/2022:19:50:57 +0000] "GET /jposee/isotest/list_data_nameregistrar.html?sid=0.8730679254596243 HTTP/1.1" 200 40 
0:0:0:0:0:0:0:1 -  -  [31/oct/2022:19:50:58 +0000] "GET /jposee/isotest/send.html?servicename=Kubo HTTP/1.1" 200 38553 
0:0:0:0:0:0:0:1 -  -  [31/oct/2022:19:51:09 +0000] "GET /jposee/isotest/showLog.html?sid=0.7867922795733353&servicename=Kubo HTTP/1.1" 200 6002 
0:0:0:0:0:0:0:1 -  -  [31/oct/2022:19:51:17 +0000] "POST /jposee/isotest/send_post.html?sid=0.5638225039501532 HTTP/1.1" 200 2 
0:0:0:0:0:0:0:1 -  -  [31/oct/2022:19:51:17 +0000] "GET /jposee/isotest/showLog.html?sid=0.1661015095744438&servicename=Kubo HTTP/1.1" 200 6002 
0:0:0:0:0:0:0:1 -  -  [31/oct/2022:19:51:18 +0000] "GET /jposee/isotest/showLog.html?sid=0.4796998203361078&servicename=Kubo HTTP/1.1" 200 6002 
0:0:0:0:0:0:0:1 -  -  [31/oct/2022:19:51:25 +0000] "POST /jposee/isotest/send_post.html?sid=0.8374426989661736 HTTP/1.1" 200 2 
0:0:0:0:0:0:0:1 -  -  [31/oct/2022:19:51:25 +0000] "GET /jposee/isotest/showLog.html?sid=0.6197011703840511&servicename=Kubo HTTP/1.1" 200 6002 
0:0:0:0:0:0:0:1 -  -  [31/oct/2022:19:51:29 +0000] "GET /jposee/isotest/showLog.html?sid=0.9205705688450394&servicename=Kubo HTTP/1.1" 200 6002 
0:0:0:0:0:0:0:1 -  -  [31/oct/2022:19:51:38 +0000] "GET /jposee/isotest/showLog.html?sid=0.10193400787532347&servicename=Kubo HTTP/1.1" 200 6002 
0:0:0:0:0:0:0:1 -  -  [31/oct/2022:19:51:49 +0000] "GET /jposee/isotest/showLog.html?sid=0.680116340370162&servicename=Kubo HTTP/1.1" 200 6002 
0:0:0:0:0:0:0:1 -  -  [31/oct/2022:19:51:59 +0000] "GET /jposee/isotest/showLog.html?sid=0.4703892229289708&servicename=Kubo HTTP/1.1" 200 6002 
0:0:0:0:0:0:0:1 -  -  [31/oct/2022:19:52:09 +0000] "GET /jposee/isotest/showLog.html?sid=0.3445547289513875&servicename=Kubo HTTP/1.1" 200 6002 
0:0:0:0:0:0:0:1 -  -  [31/oct/2022:19:52:19 +0000] "GET /jposee/isotest/showLog.html?sid=0.4943378413211974&servicename=Kubo HTTP/1.1" 200 6002 
0:0:0:0:0:0:0:1 -  -  [31/oct/2022:19:52:29 +0000] "GET /jposee/isotest/showLog.html?sid=0.2777239538857552&servicename=Kubo HTTP/1.1" 200 6002 
0:0:0:0:0:0:0:1 -  -  [31/oct/2022:19:52:39 +0000] "GET /jposee/isotest/showLog.html?sid=0.4463259334851286&servicename=Kubo HTTP/1.1" 200 6002 
0:0:0:0:0:0:0:1 -  -  [31/oct/2022:19:52:49 +0000] "GET /jposee/isotest/showLog.html?sid=0.2539400404069456&servicename=Kubo HTTP/1.1" 200 6002 
0:0:0:0:0:0:0:1 -  -  [31/oct/2022:19:52:59 +0000] "GET /jposee/isotest/showLog.html?sid=0.2892788021388897&servicename=Kubo HTTP/1.1" 200 6002 
0:0:0:0:0:0:0:1 -  -  [31/oct/2022:19:53:09 +0000] "GET /jposee/isotest/showLog.html?sid=0.3105008920845407&servicename=Kubo HTTP/1.1" 200 6002 
0:0:0:0:0:0:0:1 -  -  [31/oct/2022:19:53:19 +0000] "GET /jposee/isotest/showLog.html?sid=0.6294052173950717&servicename=Kubo HTTP/1.1" 200 6002 
0:0:0:0:0:0:0:1 -  -  [31/oct/2022:19:53:29 +0000] "GET /jposee/isotest/showLog.html?sid=0.20654855423417073&servicename=Kubo HTTP/1.1" 200 6002 
0:0:0:0:0:0:0:1 -  -  [31/oct/2022:19:53:39 +0000] "GET /jposee/isotest/showLog.html?sid=0.1466970072602538&servicename=Kubo HTTP/1.1" 200 6002 
0:0:0:0:0:0:0:1 -  -  [31/oct/2022:19:53:47 +0000] "POST /jposee/isotest/send_post.html?sid=0.595381919773512 HTTP/1.1" 200 2 
0:0:0:0:0:0:0:1 -  -  [31/oct/2022:19:53:47 +0000] "GET /jposee/isotest/showLog.html?sid=0.24441856306922904&servicename=Kubo HTTP/1.1" 200 6002 
0:0:0:0:0:0:0:1 -  -  [31/oct/2022:19:53:48 +0000] "GET /jposee/isotest/showLog.html?sid=0.9089463121638628&servicename=Kubo HTTP/1.1" 200 6002 
0:0:0:0:0:0:0:1 -  -  [31/oct/2022:19:53:56 +0000] "POST /jposee/isotest/send_post.html?sid=0.8049090021166627 HTTP/1.1" 200 2 
0:0:0:0:0:0:0:1 -  -  [31/oct/2022:19:53:56 +0000] "GET /jposee/isotest/showLog.html?sid=0.20211101556867495&servicename=Kubo HTTP/1.1" 200 6002 
0:0:0:0:0:0:0:1 -  -  [31/oct/2022:19:53:58 +0000] "GET /jposee/isotest/showLog.html?sid=0.048667424252934355&servicename=Kubo HTTP/1.1" 200 6002 
0:0:0:0:0:0:0:1 -  -  [31/oct/2022:19:54:08 +0000] "GET /jposee/isotest/showLog.html?sid=0.9118337438649995&servicename=Kubo HTTP/1.1" 200 6002 
0:0:0:0:0:0:0:1 -  -  [31/oct/2022:19:54:19 +0000] "GET /jposee/isotest/showLog.html?sid=0.1608717200397889&servicename=Kubo HTTP/1.1" 200 6002 
0:0:0:0:0:0:0:1 -  -  [31/oct/2022:19:54:29 +0000] "GET /jposee/isotest/showLog.html?sid=0.3605225812795618&servicename=Kubo HTTP/1.1" 200 6002 
0:0:0:0:0:0:0:1 -  -  [31/oct/2022:19:54:39 +0000] "GET /jposee/isotest/showLog.html?sid=0.7031647867542539&servicename=Kubo HTTP/1.1" 200 6002 
0:0:0:0:0:0:0:1 -  -  [31/oct/2022:19:54:49 +0000] "GET /jposee/isotest/showLog.html?sid=0.24716637612358094&servicename=Kubo HTTP/1.1" 200 6002 
0:0:0:0:0:0:0:1 -  -  [31/oct/2022:19:54:59 +0000] "GET /jposee/isotest/showLog.html?sid=0.5837227246562386&servicename=Kubo HTTP/1.1" 200 6002 
0:0:0:0:0:0:0:1 -  -  [31/oct/2022:19:55:09 +0000] "GET /jposee/isotest/showLog.html?sid=0.39853916139404943&servicename=Kubo HTTP/1.1" 200 6002 
0:0:0:0:0:0:0:1 -  -  [31/oct/2022:19:55:19 +0000] "GET /jposee/isotest/showLog.html?sid=0.11204146583388175&servicename=Kubo HTTP/1.1" 200 6002 
0:0:0:0:0:0:0:1 -  -  [31/oct/2022:19:55:29 +0000] "GET /jposee/isotest/showLog.html?sid=0.8994465604956343&servicename=Kubo HTTP/1.1" 200 6002 
0:0:0:0:0:0:0:1 -  -  [31/oct/2022:19:55:39 +0000] "GET /jposee/isotest/showLog.html?sid=0.9656516378019098&servicename=Kubo HTTP/1.1" 200 6002 
0:0:0:0:0:0:0:1 -  -  [31/oct/2022:19:55:49 +0000] "GET /jposee/isotest/showLog.html?sid=0.7096781306239344&servicename=Kubo HTTP/1.1" 200 6002 
0:0:0:0:0:0:0:1 -  -  [31/oct/2022:19:55:59 +0000] "GET /jposee/isotest/showLog.html?sid=0.9674069533327792&servicename=Kubo HTTP/1.1" 200 6002 
0:0:0:0:0:0:0:1 -  -  [31/oct/2022:19:56:09 +0000] "GET /jposee/isotest/showLog.html?sid=0.8041557743409413&servicename=Kubo HTTP/1.1" 200 6002 
0:0:0:0:0:0:0:1 -  -  [31/oct/2022:19:56:19 +0000] "GET /jposee/isotest/showLog.html?sid=0.12654770637106538&servicename=Kubo HTTP/1.1" 200 6002 
0:0:0:0:0:0:0:1 -  -  [31/oct/2022:19:56:29 +0000] "GET /jposee/isotest/showLog.html?sid=0.6503453607533018&servicename=Kubo HTTP/1.1" 200 6002 
0:0:0:0:0:0:0:1 -  -  [31/oct/2022:19:56:39 +0000] "GET /jposee/isotest/showLog.html?sid=0.09608824481455769&servicename=Kubo HTTP/1.1" 200 6002 
0:0:0:0:0:0:0:1 -  -  [31/oct/2022:19:56:49 +0000] "GET /jposee/isotest/showLog.html?sid=0.22078067361417064&servicename=Kubo HTTP/1.1" 200 6002 
0:0:0:0:0:0:0:1 -  -  [31/oct/2022:19:56:59 +0000] "GET /jposee/isotest/showLog.html?sid=0.8874083474239121&servicename=Kubo HTTP/1.1" 200 6002 
0:0:0:0:0:0:0:1 -  -  [31/oct/2022:19:57:09 +0000] "GET /jposee/isotest/showLog.html?sid=0.5465164558277831&servicename=Kubo HTTP/1.1" 200 6002 
0:0:0:0:0:0:0:1 -  -  [31/oct/2022:19:57:18 +0000] "GET /jposee/isotest/showLog.html?sid=0.19694213321652265&servicename=Kubo HTTP/1.1" 200 6002 
0:0:0:0:0:0:0:1 -  -  [31/oct/2022:19:57:29 +0000] "GET /jposee/isotest/showLog.html?sid=0.11693568733869286&servicename=Kubo HTTP/1.1" 200 6002 
0:0:0:0:0:0:0:1 -  -  [31/oct/2022:19:57:34 +0000] "POST /jposee/isotest/send_post.html?sid=0.8873045205323793 HTTP/1.1" 200 2 
0:0:0:0:0:0:0:1 -  -  [31/oct/2022:19:57:34 +0000] "GET /jposee/isotest/showLog.html?sid=0.6482069917138291&servicename=Kubo HTTP/1.1" 200 6002 
0:0:0:0:0:0:0:1 -  -  [31/oct/2022:19:57:38 +0000] "GET /jposee/isotest/showLog.html?sid=0.8323232623616212&servicename=Kubo HTTP/1.1" 200 6002 
0:0:0:0:0:0:0:1 -  -  [31/oct/2022:19:57:48 +0000] "GET /jposee/isotest/showLog.html?sid=0.22212878253515989&servicename=Kubo HTTP/1.1" 200 6002 
0:0:0:0:0:0:0:1 -  -  [31/oct/2022:19:57:50 +0000] "POST /jposee/isotest/send_post.html?sid=0.4684347632090493 HTTP/1.1" 200 2 
0:0:0:0:0:0:0:1 -  -  [31/oct/2022:19:57:50 +0000] "GET /jposee/isotest/showLog.html?sid=0.8847695205884027&servicename=Kubo HTTP/1.1" 200 6002 
0:0:0:0:0:0:0:1 -  -  [31/oct/2022:19:57:58 +0000] "GET /jposee/isotest/showLog.html?sid=0.23958011355401032&servicename=Kubo HTTP/1.1" 200 6002 
0:0:0:0:0:0:0:1 -  -  [31/oct/2022:19:58:09 +0000] "GET /jposee/isotest/showLog.html?sid=0.39038404642818536&servicename=Kubo HTTP/1.1" 200 6002 
0:0:0:0:0:0:0:1 -  -  [31/oct/2022:19:58:18 +0000] "GET /jposee/isotest/showLog.html?sid=0.3882196237233948&servicename=Kubo HTTP/1.1" 200 6002 
0:0:0:0:0:0:0:1 -  -  [31/oct/2022:19:58:28 +0000] "GET /jposee/isotest/showLog.html?sid=0.9239337351546235&servicename=Kubo HTTP/1.1" 200 6002 
0:0:0:0:0:0:0:1 -  -  [31/oct/2022:19:58:34 +0000] "POST /jposee/isotest/send_post.html?sid=0.56735111719374 HTTP/1.1" 200 2 
0:0:0:0:0:0:0:1 -  -  [31/oct/2022:19:58:34 +0000] "GET /jposee/isotest/showLog.html?sid=0.8436830836592739&servicename=Kubo HTTP/1.1" 200 6002 
0:0:0:0:0:0:0:1 -  -  [31/oct/2022:19:58:38 +0000] "GET /jposee/isotest/showLog.html?sid=0.49682369544737726&servicename=Kubo HTTP/1.1" 200 6002 
0:0:0:0:0:0:0:1 -  -  [31/oct/2022:19:58:49 +0000] "GET /jposee/isotest/showLog.html?sid=0.21140392068365377&servicename=Kubo HTTP/1.1" 200 6002 
0:0:0:0:0:0:0:1 -  -  [31/oct/2022:19:58:59 +0000] "GET /jposee/isotest/showLog.html?sid=0.7842071661447025&servicename=Kubo HTTP/1.1" 200 6002 
0:0:0:0:0:0:0:1 -  -  [31/oct/2022:19:59:09 +0000] "GET /jposee/isotest/showLog.html?sid=0.743936688023509&servicename=Kubo HTTP/1.1" 200 6002 
0:0:0:0:0:0:0:1 -  -  [31/oct/2022:19:59:19 +0000] "GET /jposee/isotest/showLog.html?sid=0.1581851685432858&servicename=Kubo HTTP/1.1" 200 6002 
0:0:0:0:0:0:0:1 -  -  [31/oct/2022:19:59:29 +0000] "GET /jposee/isotest/showLog.html?sid=0.7609883445993715&servicename=Kubo HTTP/1.1" 200 6002 
0:0:0:0:0:0:0:1 -  -  [31/oct/2022:19:59:39 +0000] "GET /jposee/isotest/showLog.html?sid=0.30528356594085193&servicename=Kubo HTTP/1.1" 200 6002 
0:0:0:0:0:0:0:1 -  -  [31/oct/2022:19:59:49 +0000] "GET /jposee/isotest/showLog.html?sid=0.48894678888048326&servicename=Kubo HTTP/1.1" 200 6002 
0:0:0:0:0:0:0:1 -  -  [31/oct/2022:19:59:59 +0000] "GET /jposee/isotest/showLog.html?sid=0.040904429486789295&servicename=Kubo HTTP/1.1" 200 6002 
0:0:0:0:0:0:0:1 -  -  [31/oct/2022:20:00:09 +0000] "GET /jposee/isotest/showLog.html?sid=0.43016816363626753&servicename=Kubo HTTP/1.1" 200 6002 
0:0:0:0:0:0:0:1 -  -  [31/oct/2022:20:00:19 +0000] "GET /jposee/isotest/showLog.html?sid=0.4549768046096594&servicename=Kubo HTTP/1.1" 200 6002 
0:0:0:0:0:0:0:1 -  -  [31/oct/2022:20:00:29 +0000] "GET /jposee/isotest/showLog.html?sid=0.985061514326254&servicename=Kubo HTTP/1.1" 200 6002 
0:0:0:0:0:0:0:1 -  -  [31/oct/2022:20:00:39 +0000] "GET /jposee/isotest/showLog.html?sid=0.8675375386430155&servicename=Kubo HTTP/1.1" 200 6002 
0:0:0:0:0:0:0:1 -  -  [31/oct/2022:20:00:49 +0000] "GET /jposee/isotest/showLog.html?sid=0.5480333186896265&servicename=Kubo HTTP/1.1" 200 6002 
0:0:0:0:0:0:0:1 -  -  [31/oct/2022:20:00:59 +0000] "GET /jposee/isotest/showLog.html?sid=0.14591329872133985&servicename=Kubo HTTP/1.1" 200 6002 
0:0:0:0:0:0:0:1 -  -  [31/oct/2022:20:01:09 +0000] "GET /jposee/isotest/showLog.html?sid=0.9730285778810637&servicename=Kubo HTTP/1.1" 200 6002 
0:0:0:0:0:0:0:1 -  -  [31/oct/2022:20:01:19 +0000] "GET /jposee/isotest/showLog.html?sid=0.48626191924486095&servicename=Kubo HTTP/1.1" 200 6002 
0:0:0:0:0:0:0:1 -  -  [31/oct/2022:20:01:29 +0000] "GET /jposee/isotest/showLog.html?sid=0.12503154826410423&servicename=Kubo HTTP/1.1" 200 6002 
0:0:0:0:0:0:0:1 -  -  [31/oct/2022:20:01:39 +0000] "GET /jposee/isotest/showLog.html?sid=0.07128838369387314&servicename=Kubo HTTP/1.1" 200 6002 
0:0:0:0:0:0:0:1 -  -  [31/oct/2022:20:01:49 +0000] "GET /jposee/isotest/showLog.html?sid=0.7866220452669042&servicename=Kubo HTTP/1.1" 200 6002 
0:0:0:0:0:0:0:1 -  -  [31/oct/2022:20:01:59 +0000] "GET /jposee/isotest/showLog.html?sid=0.40363666230983264&servicename=Kubo HTTP/1.1" 200 6002 
0:0:0:0:0:0:0:1 -  -  [31/oct/2022:20:02:04 +0000] "POST /jposee/isotest/send_post.html?sid=0.1425824811243117 HTTP/1.1" 200 2 
0:0:0:0:0:0:0:1 -  -  [31/oct/2022:20:02:04 +0000] "GET /jposee/isotest/showLog.html?sid=0.34636677592002996&servicename=Kubo HTTP/1.1" 200 6002 
0:0:0:0:0:0:0:1 -  -  [31/oct/2022:20:02:08 +0000] "GET /jposee/isotest/showLog.html?sid=0.5938135255985408&servicename=Kubo HTTP/1.1" 200 6002 
0:0:0:0:0:0:0:1 -  -  [31/oct/2022:20:02:19 +0000] "GET /jposee/isotest/showLog.html?sid=0.8304765318556209&servicename=Kubo HTTP/1.1" 200 6002 
0:0:0:0:0:0:0:1 -  -  [31/oct/2022:20:02:29 +0000] "GET /jposee/isotest/showLog.html?sid=0.6558455133261865&servicename=Kubo HTTP/1.1" 200 6002 
0:0:0:0:0:0:0:1 -  -  [31/oct/2022:20:02:39 +0000] "GET /jposee/isotest/showLog.html?sid=0.4632401493903471&servicename=Kubo HTTP/1.1" 200 6002 
0:0:0:0:0:0:0:1 -  -  [31/oct/2022:20:02:49 +0000] "GET /jposee/isotest/showLog.html?sid=0.8334560413761483&servicename=Kubo HTTP/1.1" 200 6002 
0:0:0:0:0:0:0:1 -  -  [31/oct/2022:20:02:59 +0000] "GET /jposee/isotest/showLog.html?sid=0.6463191540660052&servicename=Kubo HTTP/1.1" 200 6002 
0:0:0:0:0:0:0:1 -  -  [31/oct/2022:20:03:09 +0000] "GET /jposee/isotest/showLog.html?sid=0.9515604393982586&servicename=Kubo HTTP/1.1" 200 6002 
0:0:0:0:0:0:0:1 -  -  [31/oct/2022:20:03:19 +0000] "GET /jposee/isotest/showLog.html?sid=0.43161728632191076&servicename=Kubo HTTP/1.1" 200 6002 
0:0:0:0:0:0:0:1 -  -  [31/oct/2022:20:03:29 +0000] "GET /jposee/isotest/showLog.html?sid=0.6152554752300403&servicename=Kubo HTTP/1.1" 200 6002 
0:0:0:0:0:0:0:1 -  -  [31/oct/2022:20:03:39 +0000] "GET /jposee/isotest/showLog.html?sid=0.9686936158744688&servicename=Kubo HTTP/1.1" 200 6002 
0:0:0:0:0:0:0:1 -  -  [31/oct/2022:20:03:49 +0000] "GET /jposee/isotest/showLog.html?sid=0.4056031767550299&servicename=Kubo HTTP/1.1" 200 6002 
0:0:0:0:0:0:0:1 -  -  [31/oct/2022:20:03:59 +0000] "GET /jposee/isotest/showLog.html?sid=0.7955249974295147&servicename=Kubo HTTP/1.1" 200 6002 
0:0:0:0:0:0:0:1 -  -  [31/oct/2022:20:04:09 +0000] "GET /jposee/isotest/showLog.html?sid=0.7202003096122136&servicename=Kubo HTTP/1.1" 200 6002 
0:0:0:0:0:0:0:1 -  -  [31/oct/2022:20:04:19 +0000] "GET /jposee/isotest/showLog.html?sid=0.6473291918226698&servicename=Kubo HTTP/1.1" 200 6002 
0:0:0:0:0:0:0:1 -  -  [31/oct/2022:20:04:29 +0000] "GET /jposee/isotest/showLog.html?sid=0.4223831229775479&servicename=Kubo HTTP/1.1" 200 6002 
0:0:0:0:0:0:0:1 -  -  [31/oct/2022:20:04:39 +0000] "GET /jposee/isotest/showLog.html?sid=0.5082553976889346&servicename=Kubo HTTP/1.1" 200 6002 
0:0:0:0:0:0:0:1 -  -  [31/oct/2022:20:04:49 +0000] "GET /jposee/isotest/showLog.html?sid=0.22255228030021268&servicename=Kubo HTTP/1.1" 200 6002 
0:0:0:0:0:0:0:1 -  -  [31/oct/2022:20:04:59 +0000] "GET /jposee/isotest/showLog.html?sid=0.2801915394935983&servicename=Kubo HTTP/1.1" 200 6002 
0:0:0:0:0:0:0:1 -  -  [31/oct/2022:20:05:09 +0000] "GET /jposee/isotest/showLog.html?sid=0.8693100967369292&servicename=Kubo HTTP/1.1" 200 6002 
0:0:0:0:0:0:0:1 -  -  [31/oct/2022:20:05:19 +0000] "GET /jposee/isotest/showLog.html?sid=0.3937826147286636&servicename=Kubo HTTP/1.1" 200 6002 
0:0:0:0:0:0:0:1 -  -  [31/oct/2022:20:05:29 +0000] "GET /jposee/isotest/showLog.html?sid=0.3190941717285676&servicename=Kubo HTTP/1.1" 200 6002 
0:0:0:0:0:0:0:1 -  -  [31/oct/2022:20:05:39 +0000] "GET /jposee/isotest/showLog.html?sid=0.20875358584125436&servicename=Kubo HTTP/1.1" 200 6002 
0:0:0:0:0:0:0:1 -  -  [31/oct/2022:20:05:49 +0000] "GET /jposee/isotest/showLog.html?sid=0.5397641579275954&servicename=Kubo HTTP/1.1" 200 6002 
0:0:0:0:0:0:0:1 -  -  [31/oct/2022:20:05:59 +0000] "GET /jposee/isotest/showLog.html?sid=0.4045612629490156&servicename=Kubo HTTP/1.1" 200 6002 
0:0:0:0:0:0:0:1 -  -  [31/oct/2022:20:06:09 +0000] "GET /jposee/isotest/showLog.html?sid=0.2259793078503165&servicename=Kubo HTTP/1.1" 200 6002 
0:0:0:0:0:0:0:1 -  -  [31/oct/2022:20:06:19 +0000] "GET /jposee/isotest/showLog.html?sid=0.6405678976825213&servicename=Kubo HTTP/1.1" 200 6002 
0:0:0:0:0:0:0:1 -  -  [31/oct/2022:20:06:29 +0000] "GET /jposee/isotest/showLog.html?sid=0.8902928204332852&servicename=Kubo HTTP/1.1" 200 6002 
0:0:0:0:0:0:0:1 -  -  [31/oct/2022:20:06:39 +0000] "GET /jposee/isotest/showLog.html?sid=0.7481209037696512&servicename=Kubo HTTP/1.1" 200 6002 
0:0:0:0:0:0:0:1 -  -  [31/oct/2022:20:06:49 +0000] "GET /jposee/isotest/showLog.html?sid=0.3797626780995913&servicename=Kubo HTTP/1.1" 200 6002 
0:0:0:0:0:0:0:1 -  -  [31/oct/2022:20:06:59 +0000] "GET /jposee/isotest/showLog.html?sid=0.11004719257581463&servicename=Kubo HTTP/1.1" 200 6002 
0:0:0:0:0:0:0:1 -  -  [31/oct/2022:20:07:09 +0000] "GET /jposee/isotest/showLog.html?sid=0.3509211711387594&servicename=Kubo HTTP/1.1" 200 6002 
0:0:0:0:0:0:0:1 -  -  [31/oct/2022:20:07:19 +0000] "GET /jposee/isotest/showLog.html?sid=0.6686831632815069&servicename=Kubo HTTP/1.1" 200 6002 
0:0:0:0:0:0:0:1 -  -  [31/oct/2022:20:07:29 +0000] "GET /jposee/isotest/showLog.html?sid=0.027474875539661214&servicename=Kubo HTTP/1.1" 200 6002 
0:0:0:0:0:0:0:1 -  -  [31/oct/2022:20:07:39 +0000] "GET /jposee/isotest/showLog.html?sid=0.7234312394081857&servicename=Kubo HTTP/1.1" 200 6002 
0:0:0:0:0:0:0:1 -  -  [31/oct/2022:20:07:49 +0000] "GET /jposee/isotest/showLog.html?sid=0.6509815569092492&servicename=Kubo HTTP/1.1" 200 6002 
0:0:0:0:0:0:0:1 -  -  [31/oct/2022:20:07:59 +0000] "GET /jposee/isotest/showLog.html?sid=0.21335150722424356&servicename=Kubo HTTP/1.1" 200 6002 
0:0:0:0:0:0:0:1 -  -  [31/oct/2022:20:08:09 +0000] "GET /jposee/isotest/showLog.html?sid=0.022753666118499494&servicename=Kubo HTTP/1.1" 200 6002 
0:0:0:0:0:0:0:1 -  -  [31/oct/2022:20:08:19 +0000] "GET /jposee/isotest/showLog.html?sid=0.06984628861471687&servicename=Kubo HTTP/1.1" 200 6002 
0:0:0:0:0:0:0:1 -  -  [31/oct/2022:20:08:29 +0000] "GET /jposee/isotest/showLog.html?sid=0.07512259811013755&servicename=Kubo HTTP/1.1" 200 6002 
0:0:0:0:0:0:0:1 -  -  [31/oct/2022:20:08:39 +0000] "GET /jposee/isotest/showLog.html?sid=0.9544675306200701&servicename=Kubo HTTP/1.1" 200 6002 
0:0:0:0:0:0:0:1 -  -  [31/oct/2022:20:08:49 +0000] "GET /jposee/isotest/showLog.html?sid=0.7360161966775738&servicename=Kubo HTTP/1.1" 200 6002 
0:0:0:0:0:0:0:1 -  -  [31/oct/2022:20:08:59 +0000] "GET /jposee/isotest/showLog.html?sid=0.353003748871098&servicename=Kubo HTTP/1.1" 200 6002 
0:0:0:0:0:0:0:1 -  -  [31/oct/2022:20:10:00 +0000] "GET /jposee/isotest/showLog.html?sid=0.43868250701227884&servicename=Kubo HTTP/1.1" 200 6002 
0:0:0:0:0:0:0:1 -  -  [31/oct/2022:20:11:00 +0000] "GET /jposee/isotest/showLog.html?sid=0.6150496859936214&servicename=Kubo HTTP/1.1" 200 6002 
0:0:0:0:0:0:0:1 -  -  [31/oct/2022:20:12:00 +0000] "GET /jposee/isotest/showLog.html?sid=0.39471644544903417&servicename=Kubo HTTP/1.1" 200 6002 
0:0:0:0:0:0:0:1 -  -  [31/oct/2022:20:13:00 +0000] "GET /jposee/isotest/showLog.html?sid=0.6822336124485484&servicename=Kubo HTTP/1.1" 200 6002 
0:0:0:0:0:0:0:1 -  -  [31/oct/2022:20:14:00 +0000] "GET /jposee/isotest/showLog.html?sid=0.7102184004259604&servicename=Kubo HTTP/1.1" 200 6002 
0:0:0:0:0:0:0:1 -  -  [31/oct/2022:20:15:00 +0000] "GET /jposee/isotest/showLog.html?sid=0.2149383506749254&servicename=Kubo HTTP/1.1" 200 6002 
0:0:0:0:0:0:0:1 -  -  [31/oct/2022:20:16:00 +0000] "GET /jposee/isotest/showLog.html?sid=0.47265219416492377&servicename=Kubo HTTP/1.1" 200 6002 
0:0:0:0:0:0:0:1 -  -  [31/oct/2022:20:17:00 +0000] "GET /jposee/isotest/showLog.html?sid=0.13279407379631825&servicename=Kubo HTTP/1.1" 200 6002 
0:0:0:0:0:0:0:1 -  -  [31/oct/2022:20:17:12 +0000] "GET /jposee/isotest/showLog.html?sid=0.8452662832023821&servicename=Kubo HTTP/1.1" 200 6002 
0:0:0:0:0:0:0:1 -  -  [31/oct/2022:20:17:14 +0000] "POST /jposee/isotest/send_post.html?sid=0.9820888056270087 HTTP/1.1" 200 2 
0:0:0:0:0:0:0:1 -  -  [31/oct/2022:20:17:14 +0000] "GET /jposee/isotest/showLog.html?sid=0.8329553558540774&servicename=Kubo HTTP/1.1" 200 6002 
0:0:0:0:0:0:0:1 -  -  [31/oct/2022:20:17:18 +0000] "GET /jposee/isotest/showLog.html?sid=0.37513641192029756&servicename=Kubo HTTP/1.1" 200 6002 
0:0:0:0:0:0:0:1 -  -  [31/oct/2022:20:17:27 +0000] "POST /jposee/isotest/send_post.html?sid=0.501677418756654 HTTP/1.1" 200 2 
0:0:0:0:0:0:0:1 -  -  [31/oct/2022:20:17:27 +0000] "GET /jposee/isotest/showLog.html?sid=0.09890591781830738&servicename=Kubo HTTP/1.1" 200 6002 
0:0:0:0:0:0:0:1 -  -  [31/oct/2022:20:17:28 +0000] "GET /jposee/isotest/showLog.html?sid=0.08100099000191174&servicename=Kubo HTTP/1.1" 200 6002 
0:0:0:0:0:0:0:1 -  -  [31/oct/2022:20:17:39 +0000] "GET /jposee/isotest/showLog.html?sid=0.40192644811985745&servicename=Kubo HTTP/1.1" 200 6002 
0:0:0:0:0:0:0:1 -  -  [31/oct/2022:20:17:49 +0000] "GET /jposee/isotest/showLog.html?sid=0.07772521755606632&servicename=Kubo HTTP/1.1" 200 6002 
0:0:0:0:0:0:0:1 -  -  [31/oct/2022:20:17:59 +0000] "GET /jposee/isotest/showLog.html?sid=0.6761033349108283&servicename=Kubo HTTP/1.1" 200 6002 
0:0:0:0:0:0:0:1 -  -  [31/oct/2022:20:18:09 +0000] "GET /jposee/isotest/showLog.html?sid=0.5739822592586881&servicename=Kubo HTTP/1.1" 200 6002 
0:0:0:0:0:0:0:1 -  -  [31/oct/2022:20:18:19 +0000] "GET /jposee/isotest/showLog.html?sid=0.2625861749354268&servicename=Kubo HTTP/1.1" 200 6002 
0:0:0:0:0:0:0:1 -  -  [31/oct/2022:20:18:29 +0000] "GET /jposee/isotest/showLog.html?sid=0.5260721852038939&servicename=Kubo HTTP/1.1" 200 6002 
0:0:0:0:0:0:0:1 -  -  [31/oct/2022:20:18:39 +0000] "GET /jposee/isotest/showLog.html?sid=0.7076900530359775&servicename=Kubo HTTP/1.1" 200 6002 
0:0:0:0:0:0:0:1 -  -  [31/oct/2022:20:18:49 +0000] "GET /jposee/isotest/showLog.html?sid=0.34482126485394415&servicename=Kubo HTTP/1.1" 200 6002 
0:0:0:0:0:0:0:1 -  -  [31/oct/2022:20:18:59 +0000] "GET /jposee/isotest/showLog.html?sid=0.7101189310909897&servicename=Kubo HTTP/1.1" 200 6002 
0:0:0:0:0:0:0:1 -  -  [31/oct/2022:20:19:09 +0000] "GET /jposee/isotest/showLog.html?sid=0.12082957634032288&servicename=Kubo HTTP/1.1" 200 6002 
0:0:0:0:0:0:0:1 -  -  [31/oct/2022:20:19:19 +0000] "GET /jposee/isotest/showLog.html?sid=0.8684162448410444&servicename=Kubo HTTP/1.1" 200 6002 
0:0:0:0:0:0:0:1 -  -  [31/oct/2022:20:19:29 +0000] "GET /jposee/isotest/showLog.html?sid=0.18003951695817988&servicename=Kubo HTTP/1.1" 200 6002 
0:0:0:0:0:0:0:1 -  -  [31/oct/2022:20:19:39 +0000] "GET /jposee/isotest/showLog.html?sid=0.8272049592421478&servicename=Kubo HTTP/1.1" 200 6002 
0:0:0:0:0:0:0:1 -  -  [31/oct/2022:20:19:49 +0000] "GET /jposee/isotest/showLog.html?sid=0.4518050618892484&servicename=Kubo HTTP/1.1" 200 6002 
0:0:0:0:0:0:0:1 -  -  [31/oct/2022:20:19:59 +0000] "GET /jposee/isotest/showLog.html?sid=0.13455337383593102&servicename=Kubo HTTP/1.1" 200 6002 
0:0:0:0:0:0:0:1 -  -  [31/oct/2022:20:20:09 +0000] "GET /jposee/isotest/showLog.html?sid=0.9633000675850503&servicename=Kubo HTTP/1.1" 200 6002 
0:0:0:0:0:0:0:1 -  -  [31/oct/2022:20:20:19 +0000] "GET /jposee/isotest/showLog.html?sid=0.04382966450205372&servicename=Kubo HTTP/1.1" 200 6002 
0:0:0:0:0:0:0:1 -  -  [31/oct/2022:20:20:29 +0000] "GET /jposee/isotest/showLog.html?sid=0.004884003142847204&servicename=Kubo HTTP/1.1" 200 6002 
0:0:0:0:0:0:0:1 -  -  [31/oct/2022:20:20:39 +0000] "GET /jposee/isotest/showLog.html?sid=0.978125684017958&servicename=Kubo HTTP/1.1" 200 6002 
0:0:0:0:0:0:0:1 -  -  [31/oct/2022:20:20:49 +0000] "GET /jposee/isotest/showLog.html?sid=0.07157730006472018&servicename=Kubo HTTP/1.1" 200 6002 
0:0:0:0:0:0:0:1 -  -  [31/oct/2022:20:20:59 +0000] "GET /jposee/isotest/showLog.html?sid=0.23075495061885598&servicename=Kubo HTTP/1.1" 200 6002 
0:0:0:0:0:0:0:1 -  -  [31/oct/2022:20:21:09 +0000] "GET /jposee/isotest/showLog.html?sid=0.9029619462830087&servicename=Kubo HTTP/1.1" 200 6002 
0:0:0:0:0:0:0:1 -  -  [31/oct/2022:20:21:19 +0000] "GET /jposee/isotest/showLog.html?sid=0.26801164105976594&servicename=Kubo HTTP/1.1" 200 6002 
0:0:0:0:0:0:0:1 -  -  [31/oct/2022:20:21:29 +0000] "GET /jposee/isotest/showLog.html?sid=0.42153355868712294&servicename=Kubo HTTP/1.1" 200 6002 
0:0:0:0:0:0:0:1 -  -  [31/oct/2022:20:21:39 +0000] "GET /jposee/isotest/showLog.html?sid=0.5221664509032444&servicename=Kubo HTTP/1.1" 200 6002 
0:0:0:0:0:0:0:1 -  -  [31/oct/2022:20:21:49 +0000] "GET /jposee/isotest/showLog.html?sid=0.6902586663810657&servicename=Kubo HTTP/1.1" 200 6002 
0:0:0:0:0:0:0:1 -  -  [31/oct/2022:20:21:59 +0000] "GET /jposee/isotest/showLog.html?sid=0.6443354570861317&servicename=Kubo HTTP/1.1" 200 6002 
0:0:0:0:0:0:0:1 -  -  [31/oct/2022:20:22:09 +0000] "GET /jposee/isotest/showLog.html?sid=0.48355024287247717&servicename=Kubo HTTP/1.1" 200 6002 
0:0:0:0:0:0:0:1 -  -  [31/oct/2022:20:22:19 +0000] "GET /jposee/isotest/showLog.html?sid=0.6923069274083717&servicename=Kubo HTTP/1.1" 200 6002 
0:0:0:0:0:0:0:1 -  -  [31/oct/2022:20:22:29 +0000] "GET /jposee/isotest/showLog.html?sid=0.23182761001883057&servicename=Kubo HTTP/1.1" 200 6002 
0:0:0:0:0:0:0:1 -  -  [31/oct/2022:20:22:39 +0000] "GET /jposee/isotest/showLog.html?sid=0.2956773945257787&servicename=Kubo HTTP/1.1" 200 6002 
0:0:0:0:0:0:0:1 -  -  [31/oct/2022:20:22:49 +0000] "GET /jposee/isotest/showLog.html?sid=0.09447233787773834&servicename=Kubo HTTP/1.1" 200 6002 
0:0:0:0:0:0:0:1 -  -  [31/oct/2022:20:22:59 +0000] "GET /jposee/isotest/showLog.html?sid=0.6990641213108215&servicename=Kubo HTTP/1.1" 200 6002 
0:0:0:0:0:0:0:1 -  -  [31/oct/2022:20:23:09 +0000] "GET /jposee/isotest/showLog.html?sid=0.7886991962785612&servicename=Kubo HTTP/1.1" 200 6002 
0:0:0:0:0:0:0:1 -  -  [31/oct/2022:20:23:18 +0000] "GET /jposee/isotest/showLog.html?sid=0.7885813354471896&servicename=Kubo HTTP/1.1" 200 6002 
0:0:0:0:0:0:0:1 -  -  [31/oct/2022:20:23:28 +0000] "POST /jposee/isotest/send_post.html?sid=0.6270697864527137 HTTP/1.1" 200 2 
0:0:0:0:0:0:0:1 -  -  [31/oct/2022:20:23:28 +0000] "GET /jposee/isotest/showLog.html?sid=0.0026050106632624637&servicename=Kubo HTTP/1.1" 200 6002 
0:0:0:0:0:0:0:1 -  -  [31/oct/2022:20:23:28 +0000] "GET /jposee/isotest/showLog.html?sid=0.19546169887424458&servicename=Kubo HTTP/1.1" 200 6002 
0:0:0:0:0:0:0:1 -  -  [31/oct/2022:20:23:39 +0000] "GET /jposee/isotest/showLog.html?sid=0.1863002912469267&servicename=Kubo HTTP/1.1" 200 6002 
0:0:0:0:0:0:0:1 -  -  [31/oct/2022:20:23:46 +0000] "POST /jposee/isotest/send_post.html?sid=0.8438718047679163 HTTP/1.1" 200 2 
0:0:0:0:0:0:0:1 -  -  [31/oct/2022:20:23:46 +0000] "GET /jposee/isotest/showLog.html?sid=0.5519617176537157&servicename=Kubo HTTP/1.1" 200 6002 
0:0:0:0:0:0:0:1 -  -  [31/oct/2022:20:23:48 +0000] "GET /jposee/isotest/showLog.html?sid=0.0016893544893386014&servicename=Kubo HTTP/1.1" 200 6002 
0:0:0:0:0:0:0:1 -  -  [31/oct/2022:20:23:59 +0000] "GET /jposee/isotest/showLog.html?sid=0.7007264188748841&servicename=Kubo HTTP/1.1" 200 6002 
0:0:0:0:0:0:0:1 -  -  [31/oct/2022:20:24:09 +0000] "GET /jposee/isotest/showLog.html?sid=0.6035269692304095&servicename=Kubo HTTP/1.1" 200 6002 
0:0:0:0:0:0:0:1 -  -  [31/oct/2022:20:24:19 +0000] "GET /jposee/isotest/showLog.html?sid=0.49645904775676053&servicename=Kubo HTTP/1.1" 200 6002 
0:0:0:0:0:0:0:1 -  -  [31/oct/2022:20:24:29 +0000] "GET /jposee/isotest/showLog.html?sid=0.07174706076557236&servicename=Kubo HTTP/1.1" 200 6002 
0:0:0:0:0:0:0:1 -  -  [31/oct/2022:20:24:39 +0000] "GET /jposee/isotest/showLog.html?sid=0.1694120495073108&servicename=Kubo HTTP/1.1" 200 6002 
0:0:0:0:0:0:0:1 -  -  [31/oct/2022:20:24:49 +0000] "GET /jposee/isotest/showLog.html?sid=0.8326424267879999&servicename=Kubo HTTP/1.1" 200 6002 
0:0:0:0:0:0:0:1 -  -  [31/oct/2022:20:24:58 +0000] "GET /jposee/isotest/showLog.html?sid=0.9123251549767732&servicename=Kubo HTTP/1.1" 200 6002 
0:0:0:0:0:0:0:1 -  -  [31/oct/2022:20:25:09 +0000] "GET /jposee/isotest/showLog.html?sid=0.28236108502988655&servicename=Kubo HTTP/1.1" 200 6002 
0:0:0:0:0:0:0:1 -  -  [31/oct/2022:20:25:19 +0000] "GET /jposee/isotest/showLog.html?sid=0.8446171851800326&servicename=Kubo HTTP/1.1" 200 6002 
0:0:0:0:0:0:0:1 -  -  [31/oct/2022:20:25:29 +0000] "GET /jposee/isotest/showLog.html?sid=0.553280129016515&servicename=Kubo HTTP/1.1" 200 6002 
0:0:0:0:0:0:0:1 -  -  [31/oct/2022:20:25:39 +0000] "GET /jposee/isotest/showLog.html?sid=0.645194284938567&servicename=Kubo HTTP/1.1" 200 6002 
0:0:0:0:0:0:0:1 -  -  [31/oct/2022:20:25:49 +0000] "GET /jposee/isotest/showLog.html?sid=0.1828143120909862&servicename=Kubo HTTP/1.1" 200 6002 
0:0:0:0:0:0:0:1 -  -  [31/oct/2022:20:25:59 +0000] "GET /jposee/isotest/showLog.html?sid=0.11574121892472644&servicename=Kubo HTTP/1.1" 200 6002 
0:0:0:0:0:0:0:1 -  -  [31/oct/2022:20:26:09 +0000] "GET /jposee/isotest/showLog.html?sid=0.11426486735163399&servicename=Kubo HTTP/1.1" 200 6002 
0:0:0:0:0:0:0:1 -  -  [31/oct/2022:20:26:19 +0000] "GET /jposee/isotest/showLog.html?sid=0.7344355270665106&servicename=Kubo HTTP/1.1" 200 6002 
0:0:0:0:0:0:0:1 -  -  [31/oct/2022:20:26:29 +0000] "GET /jposee/isotest/showLog.html?sid=0.6705703786161743&servicename=Kubo HTTP/1.1" 200 6002 
0:0:0:0:0:0:0:1 -  -  [31/oct/2022:20:26:39 +0000] "GET /jposee/isotest/showLog.html?sid=0.8393315977720239&servicename=Kubo HTTP/1.1" 200 6002 
0:0:0:0:0:0:0:1 -  -  [31/oct/2022:20:26:49 +0000] "GET /jposee/isotest/showLog.html?sid=0.2592368420037685&servicename=Kubo HTTP/1.1" 200 6002 
0:0:0:0:0:0:0:1 -  -  [31/oct/2022:20:26:59 +0000] "GET /jposee/isotest/showLog.html?sid=0.2976746376209156&servicename=Kubo HTTP/1.1" 200 6002 
0:0:0:0:0:0:0:1 -  -  [31/oct/2022:20:27:09 +0000] "GET /jposee/isotest/showLog.html?sid=0.6621950454657908&servicename=Kubo HTTP/1.1" 200 6002 
0:0:0:0:0:0:0:1 -  -  [31/oct/2022:20:27:19 +0000] "GET /jposee/isotest/showLog.html?sid=0.409195369779916&servicename=Kubo HTTP/1.1" 200 6002 
0:0:0:0:0:0:0:1 -  -  [31/oct/2022:20:27:29 +0000] "GET /jposee/isotest/showLog.html?sid=0.18846201220720382&servicename=Kubo HTTP/1.1" 200 6002 
0:0:0:0:0:0:0:1 -  -  [31/oct/2022:20:27:39 +0000] "GET /jposee/isotest/showLog.html?sid=0.8076532586646694&servicename=Kubo HTTP/1.1" 200 6002 
0:0:0:0:0:0:0:1 -  -  [31/oct/2022:20:27:49 +0000] "GET /jposee/isotest/showLog.html?sid=0.8007706636606704&servicename=Kubo HTTP/1.1" 200 6002 
0:0:0:0:0:0:0:1 -  -  [31/oct/2022:20:27:59 +0000] "GET /jposee/isotest/showLog.html?sid=0.3112445238815196&servicename=Kubo HTTP/1.1" 200 6002 
0:0:0:0:0:0:0:1 -  -  [31/oct/2022:20:28:09 +0000] "GET /jposee/isotest/showLog.html?sid=0.5864694218333526&servicename=Kubo HTTP/1.1" 200 6002 
0:0:0:0:0:0:0:1 -  -  [31/oct/2022:20:28:19 +0000] "GET /jposee/isotest/showLog.html?sid=0.5143284025326613&servicename=Kubo HTTP/1.1" 200 6002 
0:0:0:0:0:0:0:1 -  -  [31/oct/2022:20:28:29 +0000] "GET /jposee/isotest/showLog.html?sid=0.8228575918749068&servicename=Kubo HTTP/1.1" 200 6002 
0:0:0:0:0:0:0:1 -  -  [31/oct/2022:20:28:39 +0000] "GET /jposee/isotest/showLog.html?sid=0.6791617855495704&servicename=Kubo HTTP/1.1" 200 6002 
0:0:0:0:0:0:0:1 -  -  [31/oct/2022:20:28:49 +0000] "GET /jposee/isotest/showLog.html?sid=0.8290025793303122&servicename=Kubo HTTP/1.1" 200 6002 
0:0:0:0:0:0:0:1 -  -  [31/oct/2022:20:28:59 +0000] "GET /jposee/isotest/showLog.html?sid=0.1155670156912878&servicename=Kubo HTTP/1.1" 200 6002 
0:0:0:0:0:0:0:1 -  -  [31/oct/2022:20:29:09 +0000] "GET /jposee/isotest/showLog.html?sid=0.2959330689308095&servicename=Kubo HTTP/1.1" 200 6002 
0:0:0:0:0:0:0:1 -  -  [31/oct/2022:20:29:19 +0000] "GET /jposee/isotest/showLog.html?sid=0.6670151933033355&servicename=Kubo HTTP/1.1" 200 6002 
0:0:0:0:0:0:0:1 -  -  [31/oct/2022:20:29:29 +0000] "GET /jposee/isotest/showLog.html?sid=0.646398337779664&servicename=Kubo HTTP/1.1" 200 6002 
0:0:0:0:0:0:0:1 -  -  [31/oct/2022:20:29:39 +0000] "GET /jposee/isotest/showLog.html?sid=0.7545087107512323&servicename=Kubo HTTP/1.1" 200 6002 
0:0:0:0:0:0:0:1 -  -  [31/oct/2022:20:29:48 +0000] "GET /jposee/isotest/showLog.html?sid=0.8522559099081124&servicename=Kubo HTTP/1.1" 200 6002 
0:0:0:0:0:0:0:1 -  -  [31/oct/2022:20:29:49 +0000] "POST /jposee/isotest/send_post.html?sid=0.3441996886822367 HTTP/1.1" 200 2 
0:0:0:0:0:0:0:1 -  -  [31/oct/2022:20:29:49 +0000] "GET /jposee/isotest/showLog.html?sid=0.23555001546135323&servicename=Kubo HTTP/1.1" 200 6002 
0:0:0:0:0:0:0:1 -  -  [31/oct/2022:20:29:58 +0000] "GET /jposee/isotest/showLog.html?sid=0.05863826504106151&servicename=Kubo HTTP/1.1" 200 6002 
0:0:0:0:0:0:0:1 -  -  [31/oct/2022:20:30:04 +0000] "POST /jposee/isotest/send_post.html?sid=0.07988001743244588 HTTP/1.1" 200 2 
0:0:0:0:0:0:0:1 -  -  [31/oct/2022:20:30:04 +0000] "GET /jposee/isotest/showLog.html?sid=0.8070848984298105&servicename=Kubo HTTP/1.1" 200 6002 
0:0:0:0:0:0:0:1 -  -  [31/oct/2022:20:30:08 +0000] "GET /jposee/isotest/showLog.html?sid=0.06284282122217055&servicename=Kubo HTTP/1.1" 200 6002 
0:0:0:0:0:0:0:1 -  -  [31/oct/2022:20:30:19 +0000] "GET /jposee/isotest/showLog.html?sid=0.1905962146155149&servicename=Kubo HTTP/1.1" 200 6002 
0:0:0:0:0:0:0:1 -  -  [31/oct/2022:20:30:29 +0000] "GET /jposee/isotest/showLog.html?sid=0.014308349908279228&servicename=Kubo HTTP/1.1" 200 6002 
0:0:0:0:0:0:0:1 -  -  [31/oct/2022:20:30:39 +0000] "GET /jposee/isotest/showLog.html?sid=0.25743382541333504&servicename=Kubo HTTP/1.1" 200 6002 
0:0:0:0:0:0:0:1 -  -  [31/oct/2022:20:30:49 +0000] "GET /jposee/isotest/showLog.html?sid=0.6852403791368735&servicename=Kubo HTTP/1.1" 200 6002 
0:0:0:0:0:0:0:1 -  -  [31/oct/2022:20:30:59 +0000] "GET /jposee/isotest/showLog.html?sid=0.2580357401203701&servicename=Kubo HTTP/1.1" 200 6002 
0:0:0:0:0:0:0:1 -  -  [31/oct/2022:20:31:09 +0000] "GET /jposee/isotest/showLog.html?sid=0.3779279654170098&servicename=Kubo HTTP/1.1" 200 6002 
0:0:0:0:0:0:0:1 -  -  [31/oct/2022:20:31:19 +0000] "GET /jposee/isotest/showLog.html?sid=0.7987730422995643&servicename=Kubo HTTP/1.1" 200 6002 
0:0:0:0:0:0:0:1 -  -  [31/oct/2022:20:31:29 +0000] "GET /jposee/isotest/showLog.html?sid=0.6978083990402741&servicename=Kubo HTTP/1.1" 200 6002 
0:0:0:0:0:0:0:1 -  -  [31/oct/2022:20:31:39 +0000] "GET /jposee/isotest/showLog.html?sid=0.4586429650488433&servicename=Kubo HTTP/1.1" 200 6002 
0:0:0:0:0:0:0:1 -  -  [31/oct/2022:20:31:49 +0000] "GET /jposee/isotest/showLog.html?sid=0.35242052280667413&servicename=Kubo HTTP/1.1" 200 6002 
0:0:0:0:0:0:0:1 -  -  [31/oct/2022:20:31:59 +0000] "GET /jposee/isotest/showLog.html?sid=0.6373278556682715&servicename=Kubo HTTP/1.1" 200 6002 
0:0:0:0:0:0:0:1 -  -  [31/oct/2022:20:32:09 +0000] "GET /jposee/isotest/showLog.html?sid=0.22420868299753494&servicename=Kubo HTTP/1.1" 200 6002 
0:0:0:0:0:0:0:1 -  -  [31/oct/2022:20:32:18 +0000] "GET /jposee/isotest/showLog.html?sid=0.21496530495264854&servicename=Kubo HTTP/1.1" 200 6002 
0:0:0:0:0:0:0:1 -  -  [31/oct/2022:20:32:29 +0000] "GET /jposee/isotest/showLog.html?sid=0.6837496317029563&servicename=Kubo HTTP/1.1" 200 6002 
0:0:0:0:0:0:0:1 -  -  [31/oct/2022:20:32:39 +0000] "GET /jposee/isotest/showLog.html?sid=0.475583181575288&servicename=Kubo HTTP/1.1" 200 6002 
0:0:0:0:0:0:0:1 -  -  [31/oct/2022:20:32:49 +0000] "GET /jposee/isotest/showLog.html?sid=0.13525211259988734&servicename=Kubo HTTP/1.1" 200 6002 
0:0:0:0:0:0:0:1 -  -  [31/oct/2022:20:32:59 +0000] "GET /jposee/isotest/showLog.html?sid=0.011611741896338401&servicename=Kubo HTTP/1.1" 200 6002 
0:0:0:0:0:0:0:1 -  -  [31/oct/2022:20:33:09 +0000] "GET /jposee/isotest/showLog.html?sid=0.8210490878396437&servicename=Kubo HTTP/1.1" 200 6002 
0:0:0:0:0:0:0:1 -  -  [31/oct/2022:20:33:19 +0000] "GET /jposee/isotest/showLog.html?sid=0.2037688367470365&servicename=Kubo HTTP/1.1" 200 6002 
0:0:0:0:0:0:0:1 -  -  [31/oct/2022:20:33:29 +0000] "GET /jposee/isotest/showLog.html?sid=0.8802586827708092&servicename=Kubo HTTP/1.1" 200 6002 
0:0:0:0:0:0:0:1 -  -  [31/oct/2022:20:33:39 +0000] "GET /jposee/isotest/showLog.html?sid=0.42583045011588316&servicename=Kubo HTTP/1.1" 200 6002 
0:0:0:0:0:0:0:1 -  -  [31/oct/2022:20:33:49 +0000] "GET /jposee/isotest/showLog.html?sid=0.17411501742219593&servicename=Kubo HTTP/1.1" 200 6002 
0:0:0:0:0:0:0:1 -  -  [31/oct/2022:20:33:59 +0000] "GET /jposee/isotest/showLog.html?sid=0.6438542479926725&servicename=Kubo HTTP/1.1" 200 6002 
0:0:0:0:0:0:0:1 -  -  [31/oct/2022:20:34:09 +0000] "GET /jposee/isotest/showLog.html?sid=0.10862118916646768&servicename=Kubo HTTP/1.1" 200 6002 
0:0:0:0:0:0:0:1 -  -  [31/oct/2022:20:34:19 +0000] "GET /jposee/isotest/showLog.html?sid=0.41497288139145483&servicename=Kubo HTTP/1.1" 200 6002 
0:0:0:0:0:0:0:1 -  -  [31/oct/2022:20:34:29 +0000] "GET /jposee/isotest/showLog.html?sid=0.7652297849182406&servicename=Kubo HTTP/1.1" 200 6002 
0:0:0:0:0:0:0:1 -  -  [31/oct/2022:20:34:39 +0000] "GET /jposee/isotest/showLog.html?sid=0.8471334506763877&servicename=Kubo HTTP/1.1" 200 6002 
0:0:0:0:0:0:0:1 -  -  [31/oct/2022:20:34:49 +0000] "GET /jposee/isotest/showLog.html?sid=0.5265405913541277&servicename=Kubo HTTP/1.1" 200 6002 
0:0:0:0:0:0:0:1 -  -  [31/oct/2022:20:34:59 +0000] "GET /jposee/isotest/showLog.html?sid=0.37717369133448053&servicename=Kubo HTTP/1.1" 200 6002 
0:0:0:0:0:0:0:1 -  -  [31/oct/2022:20:35:09 +0000] "GET /jposee/isotest/showLog.html?sid=0.8454287341653384&servicename=Kubo HTTP/1.1" 200 6002 
0:0:0:0:0:0:0:1 -  -  [31/oct/2022:20:35:19 +0000] "GET /jposee/isotest/showLog.html?sid=0.464288330745531&servicename=Kubo HTTP/1.1" 200 6002 
0:0:0:0:0:0:0:1 -  -  [31/oct/2022:20:35:29 +0000] "GET /jposee/isotest/showLog.html?sid=0.402545665261536&servicename=Kubo HTTP/1.1" 200 6002 
0:0:0:0:0:0:0:1 -  -  [31/oct/2022:20:35:39 +0000] "GET /jposee/isotest/showLog.html?sid=0.07693040482829594&servicename=Kubo HTTP/1.1" 200 6002 
0:0:0:0:0:0:0:1 -  -  [31/oct/2022:20:35:49 +0000] "GET /jposee/isotest/showLog.html?sid=0.14154912284585008&servicename=Kubo HTTP/1.1" 200 6002 
0:0:0:0:0:0:0:1 -  -  [31/oct/2022:20:35:59 +0000] "GET /jposee/isotest/showLog.html?sid=0.38191008163605367&servicename=Kubo HTTP/1.1" 200 6002 
0:0:0:0:0:0:0:1 -  -  [31/oct/2022:20:36:09 +0000] "GET /jposee/isotest/showLog.html?sid=0.9536724918789925&servicename=Kubo HTTP/1.1" 200 6002 
0:0:0:0:0:0:0:1 -  -  [31/oct/2022:20:36:19 +0000] "GET /jposee/isotest/showLog.html?sid=0.7774053005914032&servicename=Kubo HTTP/1.1" 200 6002 
0:0:0:0:0:0:0:1 -  -  [31/oct/2022:20:36:29 +0000] "GET /jposee/isotest/showLog.html?sid=0.3727927712182628&servicename=Kubo HTTP/1.1" 200 6002 
0:0:0:0:0:0:0:1 -  -  [31/oct/2022:20:36:38 +0000] "GET /jposee/isotest/showLog.html?sid=0.9666395704819912&servicename=Kubo HTTP/1.1" 200 6002 
0:0:0:0:0:0:0:1 -  -  [31/oct/2022:20:36:49 +0000] "GET /jposee/isotest/showLog.html?sid=0.39822790674406616&servicename=Kubo HTTP/1.1" 200 6002 
0:0:0:0:0:0:0:1 -  -  [31/oct/2022:20:36:59 +0000] "GET /jposee/isotest/showLog.html?sid=0.856871043267095&servicename=Kubo HTTP/1.1" 200 6002 
0:0:0:0:0:0:0:1 -  -  [31/oct/2022:20:37:08 +0000] "GET /jposee/isotest/showLog.html?sid=0.22814935669525038&servicename=Kubo HTTP/1.1" 200 6002 
0:0:0:0:0:0:0:1 -  -  [31/oct/2022:20:37:19 +0000] "GET /jposee/isotest/showLog.html?sid=0.19649968456659406&servicename=Kubo HTTP/1.1" 200 6002 
0:0:0:0:0:0:0:1 -  -  [31/oct/2022:20:37:29 +0000] "GET /jposee/isotest/showLog.html?sid=0.6876337193588551&servicename=Kubo HTTP/1.1" 200 6002 
0:0:0:0:0:0:0:1 -  -  [31/oct/2022:20:37:39 +0000] "GET /jposee/isotest/showLog.html?sid=0.9229040658215055&servicename=Kubo HTTP/1.1" 200 6002 
0:0:0:0:0:0:0:1 -  -  [31/oct/2022:20:37:49 +0000] "GET /jposee/isotest/showLog.html?sid=0.7321218136490335&servicename=Kubo HTTP/1.1" 200 6002 
0:0:0:0:0:0:0:1 -  -  [31/oct/2022:20:37:59 +0000] "GET /jposee/isotest/showLog.html?sid=0.5072380113221513&servicename=Kubo HTTP/1.1" 200 6002 
0:0:0:0:0:0:0:1 -  -  [31/oct/2022:20:38:09 +0000] "GET /jposee/isotest/showLog.html?sid=0.5408784974153098&servicename=Kubo HTTP/1.1" 200 6002 
0:0:0:0:0:0:0:1 -  -  [31/oct/2022:20:38:19 +0000] "GET /jposee/isotest/showLog.html?sid=0.08235098362214188&servicename=Kubo HTTP/1.1" 200 6002 
0:0:0:0:0:0:0:1 -  -  [31/oct/2022:20:38:29 +0000] "GET /jposee/isotest/showLog.html?sid=0.10839301574036053&servicename=Kubo HTTP/1.1" 200 6002 
0:0:0:0:0:0:0:1 -  -  [31/oct/2022:20:38:39 +0000] "GET /jposee/isotest/showLog.html?sid=0.9315956685865929&servicename=Kubo HTTP/1.1" 200 6002 
0:0:0:0:0:0:0:1 -  -  [31/oct/2022:20:38:49 +0000] "GET /jposee/isotest/showLog.html?sid=0.37121876086691863&servicename=Kubo HTTP/1.1" 200 6002 
0:0:0:0:0:0:0:1 -  -  [31/oct/2022:20:38:59 +0000] "GET /jposee/isotest/showLog.html?sid=0.87912873201265&servicename=Kubo HTTP/1.1" 200 6002 
0:0:0:0:0:0:0:1 -  -  [31/oct/2022:20:39:09 +0000] "GET /jposee/isotest/showLog.html?sid=0.7182545707791153&servicename=Kubo HTTP/1.1" 200 6002 
0:0:0:0:0:0:0:1 -  -  [31/oct/2022:20:39:19 +0000] "GET /jposee/isotest/showLog.html?sid=0.796714379052551&servicename=Kubo HTTP/1.1" 200 6002 
0:0:0:0:0:0:0:1 -  -  [31/oct/2022:20:39:29 +0000] "GET /jposee/isotest/showLog.html?sid=0.673551537225767&servicename=Kubo HTTP/1.1" 200 6002 
0:0:0:0:0:0:0:1 -  -  [31/oct/2022:20:39:39 +0000] "GET /jposee/isotest/showLog.html?sid=0.6287069057188641&servicename=Kubo HTTP/1.1" 200 6002 
0:0:0:0:0:0:0:1 -  -  [31/oct/2022:20:39:49 +0000] "GET /jposee/isotest/showLog.html?sid=0.7576153042830769&servicename=Kubo HTTP/1.1" 200 6002 
0:0:0:0:0:0:0:1 -  -  [31/oct/2022:20:39:59 +0000] "GET /jposee/isotest/showLog.html?sid=0.031510878850585566&servicename=Kubo HTTP/1.1" 200 6002 
0:0:0:0:0:0:0:1 -  -  [31/oct/2022:20:40:09 +0000] "GET /jposee/isotest/showLog.html?sid=0.19780087250089395&servicename=Kubo HTTP/1.1" 200 6002 
0:0:0:0:0:0:0:1 -  -  [31/oct/2022:20:40:19 +0000] "GET /jposee/isotest/showLog.html?sid=0.0026893885848693344&servicename=Kubo HTTP/1.1" 200 6002 
0:0:0:0:0:0:0:1 -  -  [31/oct/2022:20:40:29 +0000] "GET /jposee/isotest/showLog.html?sid=0.20731795160373068&servicename=Kubo HTTP/1.1" 200 6002 
0:0:0:0:0:0:0:1 -  -  [31/oct/2022:20:40:39 +0000] "GET /jposee/isotest/showLog.html?sid=0.2779955205190152&servicename=Kubo HTTP/1.1" 200 6002 
0:0:0:0:0:0:0:1 -  -  [31/oct/2022:20:40:49 +0000] "GET /jposee/isotest/showLog.html?sid=0.3261268293814057&servicename=Kubo HTTP/1.1" 200 6002 
0:0:0:0:0:0:0:1 -  -  [31/oct/2022:20:40:59 +0000] "GET /jposee/isotest/showLog.html?sid=0.48533015344793484&servicename=Kubo HTTP/1.1" 200 6002 
0:0:0:0:0:0:0:1 -  -  [31/oct/2022:20:41:09 +0000] "GET /jposee/isotest/showLog.html?sid=0.31550186850513606&servicename=Kubo HTTP/1.1" 200 6002 
0:0:0:0:0:0:0:1 -  -  [31/oct/2022:20:41:18 +0000] "GET /jposee/isotest/showLog.html?sid=0.7011587170510969&servicename=Kubo HTTP/1.1" 200 6002 
0:0:0:0:0:0:0:1 -  -  [31/oct/2022:20:41:28 +0000] "GET /jposee/isotest/showLog.html?sid=0.7192372510399316&servicename=Kubo HTTP/1.1" 200 6002 
0:0:0:0:0:0:0:1 -  -  [31/oct/2022:20:41:39 +0000] "GET /jposee/isotest/showLog.html?sid=0.8162175247333154&servicename=Kubo HTTP/1.1" 200 6002 
0:0:0:0:0:0:0:1 -  -  [31/oct/2022:20:41:49 +0000] "GET /jposee/isotest/showLog.html?sid=0.050467537728845935&servicename=Kubo HTTP/1.1" 200 6002 
0:0:0:0:0:0:0:1 -  -  [31/oct/2022:20:41:59 +0000] "GET /jposee/isotest/showLog.html?sid=0.4559621404065419&servicename=Kubo HTTP/1.1" 200 6002 
0:0:0:0:0:0:0:1 -  -  [31/oct/2022:20:42:09 +0000] "GET /jposee/isotest/showLog.html?sid=0.1564206259091423&servicename=Kubo HTTP/1.1" 200 6002 
0:0:0:0:0:0:0:1 -  -  [31/oct/2022:20:42:19 +0000] "GET /jposee/isotest/showLog.html?sid=0.6295204151443865&servicename=Kubo HTTP/1.1" 200 6002 
0:0:0:0:0:0:0:1 -  -  [31/oct/2022:20:42:29 +0000] "GET /jposee/isotest/showLog.html?sid=0.38066433757264084&servicename=Kubo HTTP/1.1" 200 6002 
0:0:0:0:0:0:0:1 -  -  [31/oct/2022:20:42:39 +0000] "GET /jposee/isotest/showLog.html?sid=0.28272599365268314&servicename=Kubo HTTP/1.1" 200 6002 
0:0:0:0:0:0:0:1 -  -  [31/oct/2022:20:42:49 +0000] "GET /jposee/isotest/showLog.html?sid=0.29539732753744796&servicename=Kubo HTTP/1.1" 200 6002 
0:0:0:0:0:0:0:1 -  -  [31/oct/2022:20:42:59 +0000] "GET /jposee/isotest/showLog.html?sid=0.3262344973546234&servicename=Kubo HTTP/1.1" 200 6002 
0:0:0:0:0:0:0:1 -  -  [31/oct/2022:20:43:09 +0000] "GET /jposee/isotest/showLog.html?sid=0.11334002255333386&servicename=Kubo HTTP/1.1" 200 6002 
0:0:0:0:0:0:0:1 -  -  [31/oct/2022:20:43:19 +0000] "GET /jposee/isotest/showLog.html?sid=0.6276595509437768&servicename=Kubo HTTP/1.1" 200 6002 
0:0:0:0:0:0:0:1 -  -  [31/oct/2022:20:43:28 +0000] "GET /jposee/isotest/showLog.html?sid=0.6393854757826252&servicename=Kubo HTTP/1.1" 200 6002 
0:0:0:0:0:0:0:1 -  -  [31/oct/2022:20:43:38 +0000] "GET /jposee/isotest/showLog.html?sid=0.9091856385365247&servicename=Kubo HTTP/1.1" 200 6002 
0:0:0:0:0:0:0:1 -  -  [31/oct/2022:20:43:49 +0000] "GET /jposee/isotest/showLog.html?sid=0.8685522774320822&servicename=Kubo HTTP/1.1" 200 6002 
0:0:0:0:0:0:0:1 -  -  [31/oct/2022:20:43:59 +0000] "GET /jposee/isotest/showLog.html?sid=0.3169761187097129&servicename=Kubo HTTP/1.1" 200 6002 
0:0:0:0:0:0:0:1 -  -  [31/oct/2022:20:44:09 +0000] "GET /jposee/isotest/showLog.html?sid=0.7952797733798516&servicename=Kubo HTTP/1.1" 200 6002 
0:0:0:0:0:0:0:1 -  -  [31/oct/2022:20:44:18 +0000] "GET /jposee/isotest/showLog.html?sid=0.17365738319982604&servicename=Kubo HTTP/1.1" 200 6002 
0:0:0:0:0:0:0:1 -  -  [31/oct/2022:20:44:28 +0000] "GET /jposee/isotest/showLog.html?sid=0.5352231780555794&servicename=Kubo HTTP/1.1" 200 6002 
0:0:0:0:0:0:0:1 -  -  [31/oct/2022:20:44:38 +0000] "GET /jposee/isotest/showLog.html?sid=0.07738098071378552&servicename=Kubo HTTP/1.1" 200 6002 
0:0:0:0:0:0:0:1 -  -  [31/oct/2022:20:44:49 +0000] "GET /jposee/isotest/showLog.html?sid=0.3730493510579105&servicename=Kubo HTTP/1.1" 200 6002 
0:0:0:0:0:0:0:1 -  -  [31/oct/2022:20:44:59 +0000] "GET /jposee/isotest/showLog.html?sid=0.7620236349117262&servicename=Kubo HTTP/1.1" 200 6002 
0:0:0:0:0:0:0:1 -  -  [31/oct/2022:20:45:09 +0000] "GET /jposee/isotest/showLog.html?sid=0.7128550014135067&servicename=Kubo HTTP/1.1" 200 6002 
0:0:0:0:0:0:0:1 -  -  [31/oct/2022:20:45:19 +0000] "GET /jposee/isotest/showLog.html?sid=0.7258847713201126&servicename=Kubo HTTP/1.1" 200 6002 
0:0:0:0:0:0:0:1 -  -  [31/oct/2022:20:45:29 +0000] "GET /jposee/isotest/showLog.html?sid=0.5511025799118499&servicename=Kubo HTTP/1.1" 200 6002 
0:0:0:0:0:0:0:1 -  -  [31/oct/2022:20:45:39 +0000] "GET /jposee/isotest/showLog.html?sid=0.5918674037131921&servicename=Kubo HTTP/1.1" 200 6002 
0:0:0:0:0:0:0:1 -  -  [31/oct/2022:20:45:49 +0000] "GET /jposee/isotest/showLog.html?sid=0.9656056080137954&servicename=Kubo HTTP/1.1" 200 6002 
0:0:0:0:0:0:0:1 -  -  [31/oct/2022:20:45:59 +0000] "GET /jposee/isotest/showLog.html?sid=0.13632860888023735&servicename=Kubo HTTP/1.1" 200 6002 
0:0:0:0:0:0:0:1 -  -  [31/oct/2022:20:46:09 +0000] "GET /jposee/isotest/showLog.html?sid=0.201150405528995&servicename=Kubo HTTP/1.1" 200 6002 
0:0:0:0:0:0:0:1 -  -  [31/oct/2022:20:46:19 +0000] "GET /jposee/isotest/showLog.html?sid=0.5172092420964605&servicename=Kubo HTTP/1.1" 200 6002 
0:0:0:0:0:0:0:1 -  -  [31/oct/2022:20:46:29 +0000] "GET /jposee/isotest/showLog.html?sid=0.4239516875811902&servicename=Kubo HTTP/1.1" 200 6002 
0:0:0:0:0:0:0:1 -  -  [31/oct/2022:20:46:39 +0000] "GET /jposee/isotest/showLog.html?sid=0.3142074357094127&servicename=Kubo HTTP/1.1" 200 6002 
0:0:0:0:0:0:0:1 -  -  [31/oct/2022:20:46:49 +0000] "GET /jposee/isotest/showLog.html?sid=0.42308346212817427&servicename=Kubo HTTP/1.1" 200 6002 
0:0:0:0:0:0:0:1 -  -  [31/oct/2022:20:46:59 +0000] "GET /jposee/isotest/showLog.html?sid=0.04546752176799451&servicename=Kubo HTTP/1.1" 200 6002 
0:0:0:0:0:0:0:1 -  -  [31/oct/2022:20:47:09 +0000] "GET /jposee/isotest/showLog.html?sid=0.0116299861527831&servicename=Kubo HTTP/1.1" 200 6002 
0:0:0:0:0:0:0:1 -  -  [31/oct/2022:20:47:19 +0000] "GET /jposee/isotest/showLog.html?sid=0.3351751997104393&servicename=Kubo HTTP/1.1" 200 6002 
0:0:0:0:0:0:0:1 -  -  [31/oct/2022:20:47:29 +0000] "GET /jposee/isotest/showLog.html?sid=0.17211144940564105&servicename=Kubo HTTP/1.1" 200 6002 
0:0:0:0:0:0:0:1 -  -  [31/oct/2022:20:47:39 +0000] "GET /jposee/isotest/showLog.html?sid=0.5240954160296194&servicename=Kubo HTTP/1.1" 200 6002 
0:0:0:0:0:0:0:1 -  -  [31/oct/2022:20:47:49 +0000] "GET /jposee/isotest/showLog.html?sid=0.024043997756119317&servicename=Kubo HTTP/1.1" 200 6002 
0:0:0:0:0:0:0:1 -  -  [31/oct/2022:20:47:59 +0000] "GET /jposee/isotest/showLog.html?sid=0.23618516161925984&servicename=Kubo HTTP/1.1" 200 6002 
0:0:0:0:0:0:0:1 -  -  [31/oct/2022:20:48:09 +0000] "GET /jposee/isotest/showLog.html?sid=0.12078644555526297&servicename=Kubo HTTP/1.1" 200 6002 
0:0:0:0:0:0:0:1 -  -  [31/oct/2022:20:48:19 +0000] "GET /jposee/isotest/showLog.html?sid=0.5022023478763431&servicename=Kubo HTTP/1.1" 200 6002 
0:0:0:0:0:0:0:1 -  -  [31/oct/2022:20:48:29 +0000] "GET /jposee/isotest/showLog.html?sid=0.9304646776457228&servicename=Kubo HTTP/1.1" 200 6002 
0:0:0:0:0:0:0:1 -  -  [31/oct/2022:20:48:39 +0000] "GET /jposee/isotest/showLog.html?sid=0.7871658388198703&servicename=Kubo HTTP/1.1" 200 6002 
0:0:0:0:0:0:0:1 -  -  [31/oct/2022:20:48:49 +0000] "GET /jposee/isotest/showLog.html?sid=0.045894524109713286&servicename=Kubo HTTP/1.1" 200 6002 
0:0:0:0:0:0:0:1 -  -  [31/oct/2022:20:48:59 +0000] "GET /jposee/isotest/showLog.html?sid=0.7351889005098751&servicename=Kubo HTTP/1.1" 200 6002 
0:0:0:0:0:0:0:1 -  -  [31/oct/2022:20:49:09 +0000] "GET /jposee/isotest/showLog.html?sid=0.7549706058624936&servicename=Kubo HTTP/1.1" 200 6002 
0:0:0:0:0:0:0:1 -  -  [31/oct/2022:20:49:19 +0000] "GET /jposee/isotest/showLog.html?sid=0.6442985355390018&servicename=Kubo HTTP/1.1" 200 6002 
0:0:0:0:0:0:0:1 -  -  [31/oct/2022:20:49:29 +0000] "GET /jposee/isotest/showLog.html?sid=0.6724751934272619&servicename=Kubo HTTP/1.1" 200 6002 
0:0:0:0:0:0:0:1 -  -  [31/oct/2022:20:49:39 +0000] "GET /jposee/isotest/showLog.html?sid=0.9395039045862004&servicename=Kubo HTTP/1.1" 200 6002 
0:0:0:0:0:0:0:1 -  -  [31/oct/2022:20:49:49 +0000] "GET /jposee/isotest/showLog.html?sid=0.02112798104017144&servicename=Kubo HTTP/1.1" 200 6002 
0:0:0:0:0:0:0:1 -  -  [31/oct/2022:20:49:59 +0000] "GET /jposee/isotest/showLog.html?sid=0.030269974064653926&servicename=Kubo HTTP/1.1" 200 6002 
0:0:0:0:0:0:0:1 -  -  [31/oct/2022:20:50:09 +0000] "GET /jposee/isotest/showLog.html?sid=0.599431229586479&servicename=Kubo HTTP/1.1" 200 6002 
0:0:0:0:0:0:0:1 -  -  [31/oct/2022:20:50:19 +0000] "GET /jposee/isotest/showLog.html?sid=0.7612808179848483&servicename=Kubo HTTP/1.1" 200 6002 
0:0:0:0:0:0:0:1 -  -  [31/oct/2022:20:50:29 +0000] "GET /jposee/isotest/showLog.html?sid=0.2414379596481433&servicename=Kubo HTTP/1.1" 200 6002 
0:0:0:0:0:0:0:1 -  -  [31/oct/2022:20:50:39 +0000] "GET /jposee/isotest/showLog.html?sid=0.3829223649424933&servicename=Kubo HTTP/1.1" 200 6002 
0:0:0:0:0:0:0:1 -  -  [31/oct/2022:20:50:49 +0000] "GET /jposee/isotest/showLog.html?sid=0.0537401819748784&servicename=Kubo HTTP/1.1" 200 6002 
0:0:0:0:0:0:0:1 -  -  [31/oct/2022:20:50:59 +0000] "GET /jposee/isotest/showLog.html?sid=0.055205986789734984&servicename=Kubo HTTP/1.1" 200 6002 
0:0:0:0:0:0:0:1 -  -  [31/oct/2022:20:51:08 +0000] "GET /jposee/isotest/showLog.html?sid=0.9048925509106904&servicename=Kubo HTTP/1.1" 200 6002 
0:0:0:0:0:0:0:1 -  -  [31/oct/2022:20:51:19 +0000] "GET /jposee/isotest/showLog.html?sid=0.7502607300840625&servicename=Kubo HTTP/1.1" 200 6002 
0:0:0:0:0:0:0:1 -  -  [31/oct/2022:20:51:29 +0000] "GET /jposee/isotest/showLog.html?sid=0.5691296709782641&servicename=Kubo HTTP/1.1" 200 6002 
0:0:0:0:0:0:0:1 -  -  [31/oct/2022:20:51:39 +0000] "GET /jposee/isotest/showLog.html?sid=0.00034514894260984086&servicename=Kubo HTTP/1.1" 200 6002 
0:0:0:0:0:0:0:1 -  -  [31/oct/2022:20:51:49 +0000] "GET /jposee/isotest/showLog.html?sid=0.4123662673891382&servicename=Kubo HTTP/1.1" 200 6002 
0:0:0:0:0:0:0:1 -  -  [31/oct/2022:20:51:59 +0000] "GET /jposee/isotest/showLog.html?sid=0.47984529441120327&servicename=Kubo HTTP/1.1" 200 6002 
0:0:0:0:0:0:0:1 -  -  [31/oct/2022:20:52:09 +0000] "GET /jposee/isotest/showLog.html?sid=0.7042563739484899&servicename=Kubo HTTP/1.1" 200 6002 
0:0:0:0:0:0:0:1 -  -  [31/oct/2022:20:52:19 +0000] "GET /jposee/isotest/showLog.html?sid=0.7199959116055714&servicename=Kubo HTTP/1.1" 200 6002 
0:0:0:0:0:0:0:1 -  -  [31/oct/2022:20:52:29 +0000] "GET /jposee/isotest/showLog.html?sid=0.28891828932143704&servicename=Kubo HTTP/1.1" 200 6002 
0:0:0:0:0:0:0:1 -  -  [31/oct/2022:20:52:39 +0000] "GET /jposee/isotest/showLog.html?sid=0.4325391795095015&servicename=Kubo HTTP/1.1" 200 6002 
0:0:0:0:0:0:0:1 -  -  [31/oct/2022:20:52:49 +0000] "GET /jposee/isotest/showLog.html?sid=0.3427712251207631&servicename=Kubo HTTP/1.1" 200 6002 
0:0:0:0:0:0:0:1 -  -  [31/oct/2022:20:52:59 +0000] "GET /jposee/isotest/showLog.html?sid=0.6229416907230956&servicename=Kubo HTTP/1.1" 200 6002 
0:0:0:0:0:0:0:1 -  -  [31/oct/2022:20:53:09 +0000] "GET /jposee/isotest/showLog.html?sid=0.7982084772406912&servicename=Kubo HTTP/1.1" 200 6002 
0:0:0:0:0:0:0:1 -  -  [31/oct/2022:20:53:19 +0000] "GET /jposee/isotest/showLog.html?sid=0.6779898399234632&servicename=Kubo HTTP/1.1" 200 6002 
0:0:0:0:0:0:0:1 -  -  [31/oct/2022:20:53:29 +0000] "GET /jposee/isotest/showLog.html?sid=0.7802674353450985&servicename=Kubo HTTP/1.1" 200 6002 
0:0:0:0:0:0:0:1 -  -  [31/oct/2022:20:53:39 +0000] "GET /jposee/isotest/showLog.html?sid=0.3677537683580565&servicename=Kubo HTTP/1.1" 200 6002 
0:0:0:0:0:0:0:1 -  -  [31/oct/2022:20:53:49 +0000] "GET /jposee/isotest/showLog.html?sid=0.6522127685268622&servicename=Kubo HTTP/1.1" 200 6002 
0:0:0:0:0:0:0:1 -  -  [31/oct/2022:20:53:59 +0000] "GET /jposee/isotest/showLog.html?sid=0.5211160768337113&servicename=Kubo HTTP/1.1" 200 6002 
0:0:0:0:0:0:0:1 -  -  [31/oct/2022:20:54:09 +0000] "GET /jposee/isotest/showLog.html?sid=0.3585386836668334&servicename=Kubo HTTP/1.1" 200 6002 
0:0:0:0:0:0:0:1 -  -  [31/oct/2022:20:54:19 +0000] "GET /jposee/isotest/showLog.html?sid=0.6307329534778723&servicename=Kubo HTTP/1.1" 200 6002 
0:0:0:0:0:0:0:1 -  -  [31/oct/2022:20:54:29 +0000] "GET /jposee/isotest/showLog.html?sid=0.22509297874292833&servicename=Kubo HTTP/1.1" 200 6002 
0:0:0:0:0:0:0:1 -  -  [31/oct/2022:20:54:39 +0000] "GET /jposee/isotest/showLog.html?sid=0.823639069775322&servicename=Kubo HTTP/1.1" 200 6002 
0:0:0:0:0:0:0:1 -  -  [31/oct/2022:20:54:49 +0000] "GET /jposee/isotest/showLog.html?sid=0.7288840198268796&servicename=Kubo HTTP/1.1" 200 6002 
0:0:0:0:0:0:0:1 -  -  [31/oct/2022:20:54:59 +0000] "GET /jposee/isotest/showLog.html?sid=0.9073325991719317&servicename=Kubo HTTP/1.1" 200 6002 
0:0:0:0:0:0:0:1 -  -  [31/oct/2022:20:55:09 +0000] "GET /jposee/isotest/showLog.html?sid=0.3044566061255465&servicename=Kubo HTTP/1.1" 200 6002 
0:0:0:0:0:0:0:1 -  -  [31/oct/2022:20:55:19 +0000] "GET /jposee/isotest/showLog.html?sid=0.5309729736102873&servicename=Kubo HTTP/1.1" 200 6002 
0:0:0:0:0:0:0:1 -  -  [31/oct/2022:20:55:29 +0000] "GET /jposee/isotest/showLog.html?sid=0.9284101909455067&servicename=Kubo HTTP/1.1" 200 6002 
0:0:0:0:0:0:0:1 -  -  [31/oct/2022:20:55:39 +0000] "GET /jposee/isotest/showLog.html?sid=0.12110739446009666&servicename=Kubo HTTP/1.1" 200 6002 
0:0:0:0:0:0:0:1 -  -  [31/oct/2022:20:55:49 +0000] "GET /jposee/isotest/showLog.html?sid=0.7474038964010916&servicename=Kubo HTTP/1.1" 200 6002 
0:0:0:0:0:0:0:1 -  -  [31/oct/2022:20:55:59 +0000] "GET /jposee/isotest/showLog.html?sid=0.6072086371267318&servicename=Kubo HTTP/1.1" 200 6002 
0:0:0:0:0:0:0:1 -  -  [31/oct/2022:20:56:09 +0000] "GET /jposee/isotest/showLog.html?sid=0.5369698616288154&servicename=Kubo HTTP/1.1" 200 6002 
0:0:0:0:0:0:0:1 -  -  [31/oct/2022:20:56:19 +0000] "GET /jposee/isotest/showLog.html?sid=0.9788619170765702&servicename=Kubo HTTP/1.1" 200 6002 
0:0:0:0:0:0:0:1 -  -  [31/oct/2022:20:56:28 +0000] "GET /jposee/isotest/showLog.html?sid=0.26086249256275895&servicename=Kubo HTTP/1.1" 200 6002 
0:0:0:0:0:0:0:1 -  -  [31/oct/2022:20:56:39 +0000] "GET /jposee/isotest/showLog.html?sid=0.3015826891160769&servicename=Kubo HTTP/1.1" 200 6002 
0:0:0:0:0:0:0:1 -  -  [31/oct/2022:20:56:49 +0000] "GET /jposee/isotest/showLog.html?sid=0.5474559682578741&servicename=Kubo HTTP/1.1" 200 6002 
0:0:0:0:0:0:0:1 -  -  [31/oct/2022:20:56:59 +0000] "GET /jposee/isotest/showLog.html?sid=0.697904402264915&servicename=Kubo HTTP/1.1" 200 6002 
0:0:0:0:0:0:0:1 -  -  [31/oct/2022:20:57:09 +0000] "GET /jposee/isotest/showLog.html?sid=0.09010457037652864&servicename=Kubo HTTP/1.1" 200 6002 
0:0:0:0:0:0:0:1 -  -  [31/oct/2022:20:57:19 +0000] "GET /jposee/isotest/showLog.html?sid=0.8278381811605402&servicename=Kubo HTTP/1.1" 200 6002 
0:0:0:0:0:0:0:1 -  -  [31/oct/2022:20:57:29 +0000] "GET /jposee/isotest/showLog.html?sid=0.999658612108576&servicename=Kubo HTTP/1.1" 200 6002 
0:0:0:0:0:0:0:1 -  -  [31/oct/2022:20:57:38 +0000] "GET /jposee/isotest/showLog.html?sid=0.4939729359203331&servicename=Kubo HTTP/1.1" 200 6002 
0:0:0:0:0:0:0:1 -  -  [31/oct/2022:20:57:49 +0000] "GET /jposee/isotest/showLog.html?sid=0.29857466274462463&servicename=Kubo HTTP/1.1" 200 6002 
0:0:0:0:0:0:0:1 -  -  [31/oct/2022:20:57:59 +0000] "GET /jposee/isotest/showLog.html?sid=0.47533956715348813&servicename=Kubo HTTP/1.1" 200 6002 
0:0:0:0:0:0:0:1 -  -  [31/oct/2022:20:58:09 +0000] "GET /jposee/isotest/showLog.html?sid=0.6421131573754679&servicename=Kubo HTTP/1.1" 200 6002 
0:0:0:0:0:0:0:1 -  -  [31/oct/2022:20:58:19 +0000] "GET /jposee/isotest/showLog.html?sid=0.39126750542374134&servicename=Kubo HTTP/1.1" 200 6002 
0:0:0:0:0:0:0:1 -  -  [31/oct/2022:20:58:29 +0000] "GET /jposee/isotest/showLog.html?sid=0.6351228220675342&servicename=Kubo HTTP/1.1" 200 6002 
0:0:0:0:0:0:0:1 -  -  [31/oct/2022:20:58:39 +0000] "GET /jposee/isotest/showLog.html?sid=0.44243153556841475&servicename=Kubo HTTP/1.1" 200 6002 
0:0:0:0:0:0:0:1 -  -  [31/oct/2022:20:58:49 +0000] "GET /jposee/isotest/showLog.html?sid=0.9128372941550265&servicename=Kubo HTTP/1.1" 200 6002 
0:0:0:0:0:0:0:1 -  -  [31/oct/2022:20:58:59 +0000] "GET /jposee/isotest/showLog.html?sid=0.34004304552541087&servicename=Kubo HTTP/1.1" 200 6002 
0:0:0:0:0:0:0:1 -  -  [31/oct/2022:20:59:09 +0000] "GET /jposee/isotest/showLog.html?sid=0.5632426955604113&servicename=Kubo HTTP/1.1" 200 6002 
0:0:0:0:0:0:0:1 -  -  [31/oct/2022:20:59:19 +0000] "GET /jposee/isotest/showLog.html?sid=0.13562046248584414&servicename=Kubo HTTP/1.1" 200 6002 
0:0:0:0:0:0:0:1 -  -  [31/oct/2022:20:59:29 +0000] "GET /jposee/isotest/showLog.html?sid=0.4872252709214653&servicename=Kubo HTTP/1.1" 200 6002 
0:0:0:0:0:0:0:1 -  -  [31/oct/2022:20:59:39 +0000] "GET /jposee/isotest/showLog.html?sid=0.12377670485368086&servicename=Kubo HTTP/1.1" 200 6002 
0:0:0:0:0:0:0:1 -  -  [31/oct/2022:20:59:49 +0000] "GET /jposee/isotest/showLog.html?sid=0.42258823627264896&servicename=Kubo HTTP/1.1" 200 6002 
0:0:0:0:0:0:0:1 -  -  [31/oct/2022:21:00:00 +0000] "GET /jposee/isotest/showLog.html?sid=0.2652349697439371&servicename=Kubo HTTP/1.1" 200 6002 
0:0:0:0:0:0:0:1 -  -  [31/oct/2022:21:00:09 +0000] "GET /jposee/isotest/showLog.html?sid=0.4860767515626716&servicename=Kubo HTTP/1.1" 200 6002 
0:0:0:0:0:0:0:1 -  -  [31/oct/2022:21:00:19 +0000] "GET /jposee/isotest/showLog.html?sid=0.3268110063509919&servicename=Kubo HTTP/1.1" 200 6002 
0:0:0:0:0:0:0:1 -  -  [31/oct/2022:21:00:29 +0000] "GET /jposee/isotest/showLog.html?sid=0.6607814463469204&servicename=Kubo HTTP/1.1" 200 6002 
0:0:0:0:0:0:0:1 -  -  [31/oct/2022:21:00:39 +0000] "GET /jposee/isotest/showLog.html?sid=0.476396025835937&servicename=Kubo HTTP/1.1" 200 6002 
0:0:0:0:0:0:0:1 -  -  [31/oct/2022:21:00:49 +0000] "GET /jposee/isotest/showLog.html?sid=0.44630821170863455&servicename=Kubo HTTP/1.1" 200 6002 
0:0:0:0:0:0:0:1 -  -  [31/oct/2022:21:00:59 +0000] "GET /jposee/isotest/showLog.html?sid=0.20244100336185467&servicename=Kubo HTTP/1.1" 200 6002 
0:0:0:0:0:0:0:1 -  -  [31/oct/2022:21:01:09 +0000] "GET /jposee/isotest/showLog.html?sid=0.12375526048004759&servicename=Kubo HTTP/1.1" 200 6002 
0:0:0:0:0:0:0:1 -  -  [31/oct/2022:21:01:19 +0000] "GET /jposee/isotest/showLog.html?sid=0.4979243665196571&servicename=Kubo HTTP/1.1" 200 6002 
0:0:0:0:0:0:0:1 -  -  [31/oct/2022:21:01:29 +0000] "GET /jposee/isotest/showLog.html?sid=0.49041832859377843&servicename=Kubo HTTP/1.1" 200 6002 
0:0:0:0:0:0:0:1 -  -  [31/oct/2022:21:01:39 +0000] "GET /jposee/isotest/showLog.html?sid=0.8536652142397136&servicename=Kubo HTTP/1.1" 200 6002 
0:0:0:0:0:0:0:1 -  -  [31/oct/2022:21:01:49 +0000] "GET /jposee/isotest/showLog.html?sid=0.6609720057766006&servicename=Kubo HTTP/1.1" 200 6002 
0:0:0:0:0:0:0:1 -  -  [31/oct/2022:21:01:59 +0000] "GET /jposee/isotest/showLog.html?sid=0.09869997714284673&servicename=Kubo HTTP/1.1" 200 6002 
0:0:0:0:0:0:0:1 -  -  [31/oct/2022:21:02:09 +0000] "GET /jposee/isotest/showLog.html?sid=0.11594363202894198&servicename=Kubo HTTP/1.1" 200 6002 
0:0:0:0:0:0:0:1 -  -  [31/oct/2022:21:02:19 +0000] "GET /jposee/isotest/showLog.html?sid=0.3551707705599316&servicename=Kubo HTTP/1.1" 200 6002 
0:0:0:0:0:0:0:1 -  -  [31/oct/2022:21:02:29 +0000] "GET /jposee/isotest/showLog.html?sid=0.5693959996602869&servicename=Kubo HTTP/1.1" 200 6002 
0:0:0:0:0:0:0:1 -  -  [31/oct/2022:21:02:39 +0000] "GET /jposee/isotest/showLog.html?sid=0.4335527000125545&servicename=Kubo HTTP/1.1" 200 6002 
0:0:0:0:0:0:0:1 -  -  [31/oct/2022:21:02:49 +0000] "GET /jposee/isotest/showLog.html?sid=0.9937074190770785&servicename=Kubo HTTP/1.1" 200 6002 
0:0:0:0:0:0:0:1 -  -  [31/oct/2022:21:02:59 +0000] "GET /jposee/isotest/showLog.html?sid=0.6951766169686626&servicename=Kubo HTTP/1.1" 200 6002 
0:0:0:0:0:0:0:1 -  -  [31/oct/2022:21:03:09 +0000] "GET /jposee/isotest/showLog.html?sid=0.866262980896483&servicename=Kubo HTTP/1.1" 200 6002 
0:0:0:0:0:0:0:1 -  -  [31/oct/2022:21:03:19 +0000] "GET /jposee/isotest/showLog.html?sid=0.7614317754513853&servicename=Kubo HTTP/1.1" 200 6002 
0:0:0:0:0:0:0:1 -  -  [31/oct/2022:21:03:29 +0000] "GET /jposee/isotest/showLog.html?sid=0.49297301523106607&servicename=Kubo HTTP/1.1" 200 6002 
0:0:0:0:0:0:0:1 -  -  [31/oct/2022:21:03:39 +0000] "GET /jposee/isotest/showLog.html?sid=0.5145927962772672&servicename=Kubo HTTP/1.1" 200 6002 
0:0:0:0:0:0:0:1 -  -  [31/oct/2022:21:03:49 +0000] "GET /jposee/isotest/showLog.html?sid=0.27681550165697755&servicename=Kubo HTTP/1.1" 200 6002 
0:0:0:0:0:0:0:1 -  -  [31/oct/2022:21:03:59 +0000] "GET /jposee/isotest/showLog.html?sid=0.46758171302319895&servicename=Kubo HTTP/1.1" 200 6002 
0:0:0:0:0:0:0:1 -  -  [31/oct/2022:21:04:08 +0000] "GET /jposee/isotest/showLog.html?sid=0.34313755050569084&servicename=Kubo HTTP/1.1" 200 6002 
0:0:0:0:0:0:0:1 -  -  [31/oct/2022:21:04:19 +0000] "GET /jposee/isotest/showLog.html?sid=0.5989803938180456&servicename=Kubo HTTP/1.1" 200 6002 
0:0:0:0:0:0:0:1 -  -  [31/oct/2022:21:04:29 +0000] "GET /jposee/isotest/showLog.html?sid=0.6798246356365787&servicename=Kubo HTTP/1.1" 200 6002 
0:0:0:0:0:0:0:1 -  -  [31/oct/2022:21:04:39 +0000] "GET /jposee/isotest/showLog.html?sid=0.43353406788485316&servicename=Kubo HTTP/1.1" 200 6002 
0:0:0:0:0:0:0:1 -  -  [31/oct/2022:21:04:48 +0000] "GET /jposee/isotest/showLog.html?sid=0.6000591932860333&servicename=Kubo HTTP/1.1" 200 6002 
0:0:0:0:0:0:0:1 -  -  [31/oct/2022:21:04:58 +0000] "GET /jposee/isotest/showLog.html?sid=0.4159714715134204&servicename=Kubo HTTP/1.1" 200 6002 
0:0:0:0:0:0:0:1 -  -  [31/oct/2022:21:05:09 +0000] "GET /jposee/isotest/showLog.html?sid=0.22047231139873658&servicename=Kubo HTTP/1.1" 200 6002 
0:0:0:0:0:0:0:1 -  -  [31/oct/2022:21:05:18 +0000] "GET /jposee/isotest/showLog.html?sid=0.42146423175468195&servicename=Kubo HTTP/1.1" 200 6002 
0:0:0:0:0:0:0:1 -  -  [31/oct/2022:21:05:28 +0000] "GET /jposee/isotest/showLog.html?sid=0.5016701016439922&servicename=Kubo HTTP/1.1" 200 6002 
0:0:0:0:0:0:0:1 -  -  [31/oct/2022:21:05:38 +0000] "GET /jposee/isotest/showLog.html?sid=0.9264082939499347&servicename=Kubo HTTP/1.1" 200 6002 
0:0:0:0:0:0:0:1 -  -  [31/oct/2022:21:05:48 +0000] "GET /jposee/isotest/showLog.html?sid=0.8505006679301086&servicename=Kubo HTTP/1.1" 200 6002 
0:0:0:0:0:0:0:1 -  -  [31/oct/2022:21:05:58 +0000] "GET /jposee/isotest/showLog.html?sid=0.4404124339011273&servicename=Kubo HTTP/1.1" 200 6002 
0:0:0:0:0:0:0:1 -  -  [31/oct/2022:21:06:08 +0000] "GET /jposee/isotest/showLog.html?sid=0.8978027463063389&servicename=Kubo HTTP/1.1" 200 6002 
0:0:0:0:0:0:0:1 -  -  [31/oct/2022:21:06:18 +0000] "GET /jposee/isotest/showLog.html?sid=0.08758789441500592&servicename=Kubo HTTP/1.1" 200 6002 
0:0:0:0:0:0:0:1 -  -  [31/oct/2022:21:06:28 +0000] "GET /jposee/isotest/showLog.html?sid=0.6076353081585535&servicename=Kubo HTTP/1.1" 200 6002 
0:0:0:0:0:0:0:1 -  -  [31/oct/2022:21:06:38 +0000] "GET /jposee/isotest/showLog.html?sid=0.3106497239335688&servicename=Kubo HTTP/1.1" 200 6002 
0:0:0:0:0:0:0:1 -  -  [31/oct/2022:21:06:48 +0000] "GET /jposee/isotest/showLog.html?sid=0.9939732749446866&servicename=Kubo HTTP/1.1" 200 6002 
0:0:0:0:0:0:0:1 -  -  [31/oct/2022:21:06:58 +0000] "GET /jposee/isotest/showLog.html?sid=0.7421724852409357&servicename=Kubo HTTP/1.1" 200 6002 
0:0:0:0:0:0:0:1 -  -  [31/oct/2022:21:07:08 +0000] "GET /jposee/isotest/showLog.html?sid=0.050444520725727804&servicename=Kubo HTTP/1.1" 200 6002 
0:0:0:0:0:0:0:1 -  -  [31/oct/2022:21:07:18 +0000] "GET /jposee/isotest/showLog.html?sid=0.5742935100903728&servicename=Kubo HTTP/1.1" 200 6002 
0:0:0:0:0:0:0:1 -  -  [31/oct/2022:21:07:28 +0000] "GET /jposee/isotest/showLog.html?sid=0.8386963947442154&servicename=Kubo HTTP/1.1" 200 6002 
0:0:0:0:0:0:0:1 -  -  [31/oct/2022:21:07:38 +0000] "GET /jposee/isotest/showLog.html?sid=0.24468618402132436&servicename=Kubo HTTP/1.1" 200 6002 
0:0:0:0:0:0:0:1 -  -  [31/oct/2022:21:07:48 +0000] "GET /jposee/isotest/showLog.html?sid=0.2273431516948179&servicename=Kubo HTTP/1.1" 200 6002 
0:0:0:0:0:0:0:1 -  -  [31/oct/2022:21:07:58 +0000] "GET /jposee/isotest/showLog.html?sid=0.046709689221638095&servicename=Kubo HTTP/1.1" 200 6002 
0:0:0:0:0:0:0:1 -  -  [31/oct/2022:21:08:08 +0000] "GET /jposee/isotest/showLog.html?sid=0.4933171642698244&servicename=Kubo HTTP/1.1" 200 6002 
0:0:0:0:0:0:0:1 -  -  [31/oct/2022:21:08:18 +0000] "GET /jposee/isotest/showLog.html?sid=0.30963518981906635&servicename=Kubo HTTP/1.1" 200 6002 
0:0:0:0:0:0:0:1 -  -  [31/oct/2022:21:08:28 +0000] "GET /jposee/isotest/showLog.html?sid=0.4574935753191549&servicename=Kubo HTTP/1.1" 200 6002 
0:0:0:0:0:0:0:1 -  -  [31/oct/2022:21:08:38 +0000] "GET /jposee/isotest/showLog.html?sid=0.5489339487921727&servicename=Kubo HTTP/1.1" 200 6002 
0:0:0:0:0:0:0:1 -  -  [31/oct/2022:21:08:48 +0000] "GET /jposee/isotest/showLog.html?sid=0.9838277112084841&servicename=Kubo HTTP/1.1" 200 6002 
0:0:0:0:0:0:0:1 -  -  [31/oct/2022:21:08:58 +0000] "GET /jposee/isotest/showLog.html?sid=0.6679239113145261&servicename=Kubo HTTP/1.1" 200 6002 
0:0:0:0:0:0:0:1 -  -  [31/oct/2022:21:09:08 +0000] "GET /jposee/isotest/showLog.html?sid=0.6905499556576498&servicename=Kubo HTTP/1.1" 200 6002 
0:0:0:0:0:0:0:1 -  -  [31/oct/2022:21:09:18 +0000] "GET /jposee/isotest/showLog.html?sid=0.3487711266861011&servicename=Kubo HTTP/1.1" 200 6002 
0:0:0:0:0:0:0:1 -  -  [31/oct/2022:21:09:28 +0000] "GET /jposee/isotest/showLog.html?sid=0.1567433782307721&servicename=Kubo HTTP/1.1" 200 6002 
0:0:0:0:0:0:0:1 -  -  [31/oct/2022:21:09:38 +0000] "GET /jposee/isotest/showLog.html?sid=0.47428095713808927&servicename=Kubo HTTP/1.1" 200 6002 
0:0:0:0:0:0:0:1 -  -  [31/oct/2022:21:09:48 +0000] "GET /jposee/isotest/showLog.html?sid=0.7271932267527956&servicename=Kubo HTTP/1.1" 200 6002 
0:0:0:0:0:0:0:1 -  -  [31/oct/2022:21:09:59 +0000] "GET /jposee/isotest/showLog.html?sid=0.17782425078381126&servicename=Kubo HTTP/1.1" 200 6002 
0:0:0:0:0:0:0:1 -  -  [31/oct/2022:21:10:08 +0000] "GET /jposee/isotest/showLog.html?sid=0.24416800270630645&servicename=Kubo HTTP/1.1" 200 6002 
0:0:0:0:0:0:0:1 -  -  [31/oct/2022:21:10:18 +0000] "GET /jposee/isotest/showLog.html?sid=0.8900988031412203&servicename=Kubo HTTP/1.1" 200 6002 
0:0:0:0:0:0:0:1 -  -  [31/oct/2022:21:10:28 +0000] "GET /jposee/isotest/showLog.html?sid=0.38878700083965145&servicename=Kubo HTTP/1.1" 200 6002 
0:0:0:0:0:0:0:1 -  -  [31/oct/2022:21:10:38 +0000] "GET /jposee/isotest/showLog.html?sid=0.526910546573764&servicename=Kubo HTTP/1.1" 200 6002 
0:0:0:0:0:0:0:1 -  -  [31/oct/2022:21:10:48 +0000] "GET /jposee/isotest/showLog.html?sid=0.2648405612725544&servicename=Kubo HTTP/1.1" 200 6002 
0:0:0:0:0:0:0:1 -  -  [31/oct/2022:21:10:58 +0000] "GET /jposee/isotest/showLog.html?sid=0.7331455342937632&servicename=Kubo HTTP/1.1" 200 6002 
0:0:0:0:0:0:0:1 -  -  [31/oct/2022:21:11:08 +0000] "GET /jposee/isotest/showLog.html?sid=0.769751935000285&servicename=Kubo HTTP/1.1" 200 6002 
0:0:0:0:0:0:0:1 -  -  [31/oct/2022:21:11:18 +0000] "GET /jposee/isotest/showLog.html?sid=0.3622268597169098&servicename=Kubo HTTP/1.1" 200 6002 
0:0:0:0:0:0:0:1 -  -  [31/oct/2022:21:11:28 +0000] "GET /jposee/isotest/showLog.html?sid=0.7909363898471775&servicename=Kubo HTTP/1.1" 200 6002 
0:0:0:0:0:0:0:1 -  -  [31/oct/2022:21:11:38 +0000] "GET /jposee/isotest/showLog.html?sid=0.49859665771581074&servicename=Kubo HTTP/1.1" 200 6002 
0:0:0:0:0:0:0:1 -  -  [31/oct/2022:21:11:48 +0000] "GET /jposee/isotest/showLog.html?sid=0.6853563909773448&servicename=Kubo HTTP/1.1" 200 6002 
0:0:0:0:0:0:0:1 -  -  [31/oct/2022:21:11:58 +0000] "GET /jposee/isotest/showLog.html?sid=0.36944586702869286&servicename=Kubo HTTP/1.1" 200 6002 
0:0:0:0:0:0:0:1 -  -  [31/oct/2022:21:12:08 +0000] "GET /jposee/isotest/showLog.html?sid=0.2027313420581882&servicename=Kubo HTTP/1.1" 200 6002 
0:0:0:0:0:0:0:1 -  -  [31/oct/2022:21:12:18 +0000] "GET /jposee/isotest/showLog.html?sid=0.5826939308779646&servicename=Kubo HTTP/1.1" 200 6002 
0:0:0:0:0:0:0:1 -  -  [31/oct/2022:21:12:28 +0000] "GET /jposee/isotest/showLog.html?sid=0.781204864935773&servicename=Kubo HTTP/1.1" 200 6002 
0:0:0:0:0:0:0:1 -  -  [31/oct/2022:21:12:38 +0000] "GET /jposee/isotest/showLog.html?sid=0.8741509379434933&servicename=Kubo HTTP/1.1" 200 6002 
0:0:0:0:0:0:0:1 -  -  [31/oct/2022:21:12:48 +0000] "GET /jposee/isotest/showLog.html?sid=0.6898532699258668&servicename=Kubo HTTP/1.1" 200 6002 
0:0:0:0:0:0:0:1 -  -  [31/oct/2022:21:12:58 +0000] "GET /jposee/isotest/showLog.html?sid=0.2327547468149005&servicename=Kubo HTTP/1.1" 200 6002 
0:0:0:0:0:0:0:1 -  -  [31/oct/2022:21:13:08 +0000] "GET /jposee/isotest/showLog.html?sid=0.3941676541717787&servicename=Kubo HTTP/1.1" 200 6002 
0:0:0:0:0:0:0:1 -  -  [31/oct/2022:21:13:18 +0000] "GET /jposee/isotest/showLog.html?sid=0.8618759530912983&servicename=Kubo HTTP/1.1" 200 6002 
0:0:0:0:0:0:0:1 -  -  [31/oct/2022:21:13:28 +0000] "GET /jposee/isotest/showLog.html?sid=0.7618395664257649&servicename=Kubo HTTP/1.1" 200 6002 
0:0:0:0:0:0:0:1 -  -  [31/oct/2022:21:13:38 +0000] "GET /jposee/isotest/showLog.html?sid=0.1899444083759383&servicename=Kubo HTTP/1.1" 200 6002 
0:0:0:0:0:0:0:1 -  -  [31/oct/2022:21:13:48 +0000] "GET /jposee/isotest/showLog.html?sid=0.7188253754926697&servicename=Kubo HTTP/1.1" 200 6002 
0:0:0:0:0:0:0:1 -  -  [31/oct/2022:21:13:58 +0000] "GET /jposee/isotest/showLog.html?sid=0.6724140814182176&servicename=Kubo HTTP/1.1" 200 6002 
0:0:0:0:0:0:0:1 -  -  [31/oct/2022:21:14:08 +0000] "GET /jposee/isotest/showLog.html?sid=0.4970549843734502&servicename=Kubo HTTP/1.1" 200 6002 
0:0:0:0:0:0:0:1 -  -  [31/oct/2022:21:14:18 +0000] "GET /jposee/isotest/showLog.html?sid=0.11430916859284368&servicename=Kubo HTTP/1.1" 200 6002 
0:0:0:0:0:0:0:1 -  -  [31/oct/2022:21:14:28 +0000] "GET /jposee/isotest/showLog.html?sid=0.695162514013147&servicename=Kubo HTTP/1.1" 200 6002 
0:0:0:0:0:0:0:1 -  -  [31/oct/2022:21:14:38 +0000] "GET /jposee/isotest/showLog.html?sid=0.2335863818760897&servicename=Kubo HTTP/1.1" 200 6002 
0:0:0:0:0:0:0:1 -  -  [31/oct/2022:21:14:48 +0000] "GET /jposee/isotest/showLog.html?sid=0.3091218197235155&servicename=Kubo HTTP/1.1" 200 6002 
0:0:0:0:0:0:0:1 -  -  [31/oct/2022:21:14:58 +0000] "GET /jposee/isotest/showLog.html?sid=0.108875684064899&servicename=Kubo HTTP/1.1" 200 6002 
0:0:0:0:0:0:0:1 -  -  [31/oct/2022:21:15:08 +0000] "GET /jposee/isotest/showLog.html?sid=0.14032786668657415&servicename=Kubo HTTP/1.1" 200 6002 
0:0:0:0:0:0:0:1 -  -  [31/oct/2022:21:15:18 +0000] "GET /jposee/isotest/showLog.html?sid=0.5111391222633253&servicename=Kubo HTTP/1.1" 200 6002 
0:0:0:0:0:0:0:1 -  -  [31/oct/2022:21:15:28 +0000] "GET /jposee/isotest/showLog.html?sid=0.28383182437374144&servicename=Kubo HTTP/1.1" 200 6002 
0:0:0:0:0:0:0:1 -  -  [31/oct/2022:21:15:38 +0000] "GET /jposee/isotest/showLog.html?sid=0.31108337911516415&servicename=Kubo HTTP/1.1" 200 6002 
0:0:0:0:0:0:0:1 -  -  [31/oct/2022:21:15:48 +0000] "GET /jposee/isotest/showLog.html?sid=0.7696832129803168&servicename=Kubo HTTP/1.1" 200 6002 
0:0:0:0:0:0:0:1 -  -  [31/oct/2022:21:15:58 +0000] "GET /jposee/isotest/showLog.html?sid=0.45439612817759256&servicename=Kubo HTTP/1.1" 200 6002 
0:0:0:0:0:0:0:1 -  -  [31/oct/2022:21:16:08 +0000] "GET /jposee/isotest/showLog.html?sid=0.33700584206396655&servicename=Kubo HTTP/1.1" 200 6002 
0:0:0:0:0:0:0:1 -  -  [31/oct/2022:21:16:18 +0000] "GET /jposee/isotest/showLog.html?sid=0.621008126500302&servicename=Kubo HTTP/1.1" 200 6002 
0:0:0:0:0:0:0:1 -  -  [31/oct/2022:21:16:28 +0000] "GET /jposee/isotest/showLog.html?sid=0.9771406886172873&servicename=Kubo HTTP/1.1" 200 6002 
0:0:0:0:0:0:0:1 -  -  [31/oct/2022:21:16:38 +0000] "GET /jposee/isotest/showLog.html?sid=0.29977454635390965&servicename=Kubo HTTP/1.1" 200 6002 
0:0:0:0:0:0:0:1 -  -  [31/oct/2022:21:16:48 +0000] "GET /jposee/isotest/showLog.html?sid=0.864974072183555&servicename=Kubo HTTP/1.1" 200 6002 
0:0:0:0:0:0:0:1 -  -  [31/oct/2022:21:16:58 +0000] "GET /jposee/isotest/showLog.html?sid=0.8979194704710571&servicename=Kubo HTTP/1.1" 200 6002 
0:0:0:0:0:0:0:1 -  -  [31/oct/2022:21:17:08 +0000] "GET /jposee/isotest/showLog.html?sid=0.5046204000794685&servicename=Kubo HTTP/1.1" 200 6002 
0:0:0:0:0:0:0:1 -  -  [31/oct/2022:21:17:18 +0000] "GET /jposee/isotest/showLog.html?sid=0.995498967433313&servicename=Kubo HTTP/1.1" 200 6002 
0:0:0:0:0:0:0:1 -  -  [31/oct/2022:21:17:28 +0000] "GET /jposee/isotest/showLog.html?sid=0.39116550787841&servicename=Kubo HTTP/1.1" 200 6002 
0:0:0:0:0:0:0:1 -  -  [31/oct/2022:21:17:38 +0000] "GET /jposee/isotest/showLog.html?sid=0.2170904490214498&servicename=Kubo HTTP/1.1" 200 6002 
0:0:0:0:0:0:0:1 -  -  [31/oct/2022:21:17:48 +0000] "GET /jposee/isotest/showLog.html?sid=0.542525511850805&servicename=Kubo HTTP/1.1" 200 6002 
0:0:0:0:0:0:0:1 -  -  [31/oct/2022:21:17:58 +0000] "GET /jposee/isotest/showLog.html?sid=0.8914528308811267&servicename=Kubo HTTP/1.1" 200 6002 
0:0:0:0:0:0:0:1 -  -  [31/oct/2022:21:18:08 +0000] "GET /jposee/isotest/showLog.html?sid=0.772098740324104&servicename=Kubo HTTP/1.1" 200 6002 
0:0:0:0:0:0:0:1 -  -  [31/oct/2022:21:18:18 +0000] "GET /jposee/isotest/showLog.html?sid=0.22569717110554532&servicename=Kubo HTTP/1.1" 200 6002 
0:0:0:0:0:0:0:1 -  -  [31/oct/2022:21:18:28 +0000] "GET /jposee/isotest/showLog.html?sid=0.9400390266802001&servicename=Kubo HTTP/1.1" 200 6002 
0:0:0:0:0:0:0:1 -  -  [31/oct/2022:21:18:38 +0000] "GET /jposee/isotest/showLog.html?sid=0.5748918565949961&servicename=Kubo HTTP/1.1" 200 6002 
0:0:0:0:0:0:0:1 -  -  [31/oct/2022:21:18:48 +0000] "GET /jposee/isotest/showLog.html?sid=0.9462785207234092&servicename=Kubo HTTP/1.1" 200 6002 
0:0:0:0:0:0:0:1 -  -  [31/oct/2022:21:18:58 +0000] "GET /jposee/isotest/showLog.html?sid=0.8580652152764559&servicename=Kubo HTTP/1.1" 200 6002 
0:0:0:0:0:0:0:1 -  -  [31/oct/2022:21:19:08 +0000] "GET /jposee/isotest/showLog.html?sid=0.32851511125933763&servicename=Kubo HTTP/1.1" 200 6002 
0:0:0:0:0:0:0:1 -  -  [31/oct/2022:21:19:18 +0000] "GET /jposee/isotest/showLog.html?sid=0.7786286216720186&servicename=Kubo HTTP/1.1" 200 6002 
0:0:0:0:0:0:0:1 -  -  [31/oct/2022:21:19:28 +0000] "GET /jposee/isotest/showLog.html?sid=0.8558385708999012&servicename=Kubo HTTP/1.1" 200 6002 
0:0:0:0:0:0:0:1 -  -  [31/oct/2022:21:19:38 +0000] "GET /jposee/isotest/showLog.html?sid=0.21365155791471757&servicename=Kubo HTTP/1.1" 200 6002 
0:0:0:0:0:0:0:1 -  -  [31/oct/2022:21:19:48 +0000] "GET /jposee/isotest/showLog.html?sid=0.08059894714771976&servicename=Kubo HTTP/1.1" 200 6002 
0:0:0:0:0:0:0:1 -  -  [31/oct/2022:21:19:58 +0000] "GET /jposee/isotest/showLog.html?sid=0.8592251510813422&servicename=Kubo HTTP/1.1" 200 6002 
0:0:0:0:0:0:0:1 -  -  [31/oct/2022:21:20:08 +0000] "GET /jposee/isotest/showLog.html?sid=0.15276335566719212&servicename=Kubo HTTP/1.1" 200 6002 
0:0:0:0:0:0:0:1 -  -  [31/oct/2022:21:20:18 +0000] "GET /jposee/isotest/showLog.html?sid=0.14826224423029477&servicename=Kubo HTTP/1.1" 200 6002 
0:0:0:0:0:0:0:1 -  -  [31/oct/2022:21:20:28 +0000] "GET /jposee/isotest/showLog.html?sid=0.890118703801227&servicename=Kubo HTTP/1.1" 200 6002 
0:0:0:0:0:0:0:1 -  -  [31/oct/2022:21:20:38 +0000] "GET /jposee/isotest/showLog.html?sid=0.35617060821060686&servicename=Kubo HTTP/1.1" 200 6002 
0:0:0:0:0:0:0:1 -  -  [31/oct/2022:21:20:48 +0000] "GET /jposee/isotest/showLog.html?sid=0.7494627270784278&servicename=Kubo HTTP/1.1" 200 6002 
0:0:0:0:0:0:0:1 -  -  [31/oct/2022:21:20:58 +0000] "GET /jposee/isotest/showLog.html?sid=0.9155874320180677&servicename=Kubo HTTP/1.1" 200 6002 
0:0:0:0:0:0:0:1 -  -  [31/oct/2022:21:21:08 +0000] "GET /jposee/isotest/showLog.html?sid=0.06927278825023442&servicename=Kubo HTTP/1.1" 200 6002 
0:0:0:0:0:0:0:1 -  -  [31/oct/2022:21:21:18 +0000] "GET /jposee/isotest/showLog.html?sid=0.6273698039642552&servicename=Kubo HTTP/1.1" 200 6002 
0:0:0:0:0:0:0:1 -  -  [31/oct/2022:21:21:28 +0000] "GET /jposee/isotest/showLog.html?sid=0.10326488842721782&servicename=Kubo HTTP/1.1" 200 6002 
0:0:0:0:0:0:0:1 -  -  [31/oct/2022:21:21:38 +0000] "GET /jposee/isotest/showLog.html?sid=0.45469782435169037&servicename=Kubo HTTP/1.1" 200 6002 
0:0:0:0:0:0:0:1 -  -  [31/oct/2022:21:21:48 +0000] "GET /jposee/isotest/showLog.html?sid=0.53581868444573&servicename=Kubo HTTP/1.1" 200 6002 
0:0:0:0:0:0:0:1 -  -  [31/oct/2022:21:21:58 +0000] "GET /jposee/isotest/showLog.html?sid=0.3811808362826661&servicename=Kubo HTTP/1.1" 200 6002 
0:0:0:0:0:0:0:1 -  -  [31/oct/2022:21:22:08 +0000] "GET /jposee/isotest/showLog.html?sid=0.28387518230380193&servicename=Kubo HTTP/1.1" 200 6002 
0:0:0:0:0:0:0:1 -  -  [31/oct/2022:21:22:18 +0000] "GET /jposee/isotest/showLog.html?sid=0.058496493731004184&servicename=Kubo HTTP/1.1" 200 6002 
0:0:0:0:0:0:0:1 -  -  [31/oct/2022:21:22:28 +0000] "GET /jposee/isotest/showLog.html?sid=0.18023471928305623&servicename=Kubo HTTP/1.1" 200 6002 
0:0:0:0:0:0:0:1 -  -  [31/oct/2022:21:22:38 +0000] "GET /jposee/isotest/showLog.html?sid=0.5472194761041438&servicename=Kubo HTTP/1.1" 200 6002 
0:0:0:0:0:0:0:1 -  -  [31/oct/2022:21:22:48 +0000] "GET /jposee/isotest/showLog.html?sid=0.48087380509165456&servicename=Kubo HTTP/1.1" 200 6002 
0:0:0:0:0:0:0:1 -  -  [31/oct/2022:21:22:58 +0000] "GET /jposee/isotest/showLog.html?sid=0.7616808665659895&servicename=Kubo HTTP/1.1" 200 6002 
0:0:0:0:0:0:0:1 -  -  [31/oct/2022:21:23:08 +0000] "GET /jposee/isotest/showLog.html?sid=0.16583389955352046&servicename=Kubo HTTP/1.1" 200 6002 
0:0:0:0:0:0:0:1 -  -  [31/oct/2022:21:23:18 +0000] "GET /jposee/isotest/showLog.html?sid=0.861225510453788&servicename=Kubo HTTP/1.1" 200 6002 
0:0:0:0:0:0:0:1 -  -  [31/oct/2022:21:23:28 +0000] "GET /jposee/isotest/showLog.html?sid=0.928756249980909&servicename=Kubo HTTP/1.1" 200 6002 
0:0:0:0:0:0:0:1 -  -  [31/oct/2022:21:23:38 +0000] "GET /jposee/isotest/showLog.html?sid=0.39356450246670294&servicename=Kubo HTTP/1.1" 200 6002 
0:0:0:0:0:0:0:1 -  -  [31/oct/2022:21:23:48 +0000] "GET /jposee/isotest/showLog.html?sid=0.2765329851695639&servicename=Kubo HTTP/1.1" 200 6002 
0:0:0:0:0:0:0:1 -  -  [31/oct/2022:21:23:58 +0000] "GET /jposee/isotest/showLog.html?sid=0.07546212587308965&servicename=Kubo HTTP/1.1" 200 6002 
0:0:0:0:0:0:0:1 -  -  [31/oct/2022:21:24:08 +0000] "GET /jposee/isotest/showLog.html?sid=0.38938477179399444&servicename=Kubo HTTP/1.1" 200 6002 
0:0:0:0:0:0:0:1 -  -  [31/oct/2022:21:24:18 +0000] "GET /jposee/isotest/showLog.html?sid=0.4624418051051462&servicename=Kubo HTTP/1.1" 200 6002 
0:0:0:0:0:0:0:1 -  -  [31/oct/2022:21:24:28 +0000] "GET /jposee/isotest/showLog.html?sid=0.9899641166601703&servicename=Kubo HTTP/1.1" 200 6002 
0:0:0:0:0:0:0:1 -  -  [31/oct/2022:21:24:38 +0000] "GET /jposee/isotest/showLog.html?sid=0.11742479587536025&servicename=Kubo HTTP/1.1" 200 6002 
0:0:0:0:0:0:0:1 -  -  [31/oct/2022:21:24:48 +0000] "GET /jposee/isotest/showLog.html?sid=0.08890044206709025&servicename=Kubo HTTP/1.1" 200 6002 
0:0:0:0:0:0:0:1 -  -  [31/oct/2022:21:24:58 +0000] "GET /jposee/isotest/showLog.html?sid=0.214989095817393&servicename=Kubo HTTP/1.1" 200 6002 
0:0:0:0:0:0:0:1 -  -  [31/oct/2022:21:25:08 +0000] "GET /jposee/isotest/showLog.html?sid=0.3719128961640017&servicename=Kubo HTTP/1.1" 200 6002 
0:0:0:0:0:0:0:1 -  -  [31/oct/2022:21:25:18 +0000] "GET /jposee/isotest/showLog.html?sid=0.1038206157679753&servicename=Kubo HTTP/1.1" 200 6002 
0:0:0:0:0:0:0:1 -  -  [31/oct/2022:21:25:28 +0000] "GET /jposee/isotest/showLog.html?sid=0.7397505011289895&servicename=Kubo HTTP/1.1" 200 6002 
0:0:0:0:0:0:0:1 -  -  [31/oct/2022:21:25:38 +0000] "GET /jposee/isotest/showLog.html?sid=0.7495502345580074&servicename=Kubo HTTP/1.1" 200 6002 
0:0:0:0:0:0:0:1 -  -  [31/oct/2022:21:25:48 +0000] "GET /jposee/isotest/showLog.html?sid=0.21588780999925028&servicename=Kubo HTTP/1.1" 200 6002 
0:0:0:0:0:0:0:1 -  -  [31/oct/2022:21:25:58 +0000] "GET /jposee/isotest/showLog.html?sid=0.9483967397474014&servicename=Kubo HTTP/1.1" 200 6002 
0:0:0:0:0:0:0:1 -  -  [31/oct/2022:21:26:08 +0000] "GET /jposee/isotest/showLog.html?sid=0.48488422934213604&servicename=Kubo HTTP/1.1" 200 6002 
0:0:0:0:0:0:0:1 -  -  [31/oct/2022:21:26:18 +0000] "GET /jposee/isotest/showLog.html?sid=0.3672346849492618&servicename=Kubo HTTP/1.1" 200 6002 
0:0:0:0:0:0:0:1 -  -  [31/oct/2022:21:26:28 +0000] "GET /jposee/isotest/showLog.html?sid=0.10855200603016346&servicename=Kubo HTTP/1.1" 200 6002 
0:0:0:0:0:0:0:1 -  -  [31/oct/2022:21:26:38 +0000] "GET /jposee/isotest/showLog.html?sid=0.6377953172480557&servicename=Kubo HTTP/1.1" 200 6002 
0:0:0:0:0:0:0:1 -  -  [31/oct/2022:21:26:59 +0000] "GET /jposee/isotest/showLog.html?sid=0.18343384120320372&servicename=Kubo HTTP/1.1" 200 6002 
0:0:0:0:0:0:0:1 -  -  [31/oct/2022:21:27:59 +0000] "GET /jposee/isotest/showLog.html?sid=0.7208613405110806&servicename=Kubo HTTP/1.1" 200 6002 
0:0:0:0:0:0:0:1 -  -  [31/oct/2022:21:28:59 +0000] "GET /jposee/isotest/showLog.html?sid=0.8932473002137917&servicename=Kubo HTTP/1.1" 200 6002 
0:0:0:0:0:0:0:1 -  -  [31/oct/2022:21:29:59 +0000] "GET /jposee/isotest/showLog.html?sid=0.06408897614443432&servicename=Kubo HTTP/1.1" 200 6002 
0:0:0:0:0:0:0:1 -  -  [31/oct/2022:21:30:59 +0000] "GET /jposee/isotest/showLog.html?sid=0.5432206987516173&servicename=Kubo HTTP/1.1" 200 6002 
0:0:0:0:0:0:0:1 -  -  [31/oct/2022:21:31:59 +0000] "GET /jposee/isotest/showLog.html?sid=0.07910985463313747&servicename=Kubo HTTP/1.1" 200 6002 
0:0:0:0:0:0:0:1 -  -  [31/oct/2022:21:32:59 +0000] "GET /jposee/isotest/showLog.html?sid=0.5786801629949732&servicename=Kubo HTTP/1.1" 200 6002 
0:0:0:0:0:0:0:1 -  -  [31/oct/2022:21:33:59 +0000] "GET /jposee/isotest/showLog.html?sid=0.5340518992507628&servicename=Kubo HTTP/1.1" 200 6002 
0:0:0:0:0:0:0:1 -  -  [31/oct/2022:21:34:59 +0000] "GET /jposee/isotest/showLog.html?sid=0.06757438828801154&servicename=Kubo HTTP/1.1" 200 6002 
0:0:0:0:0:0:0:1 -  -  [31/oct/2022:21:35:59 +0000] "GET /jposee/isotest/showLog.html?sid=0.7589152286293928&servicename=Kubo HTTP/1.1" 200 6002 
0:0:0:0:0:0:0:1 -  -  [31/oct/2022:21:36:59 +0000] "GET /jposee/isotest/showLog.html?sid=0.803806796093192&servicename=Kubo HTTP/1.1" 200 6002 
0:0:0:0:0:0:0:1 -  -  [31/oct/2022:21:37:59 +0000] "GET /jposee/isotest/showLog.html?sid=0.32193474373408826&servicename=Kubo HTTP/1.1" 200 6002 
0:0:0:0:0:0:0:1 -  -  [31/oct/2022:21:38:59 +0000] "GET /jposee/isotest/showLog.html?sid=0.8535917127313424&servicename=Kubo HTTP/1.1" 200 6002 
0:0:0:0:0:0:0:1 -  -  [31/oct/2022:21:39:59 +0000] "GET /jposee/isotest/showLog.html?sid=0.4532525524968174&servicename=Kubo HTTP/1.1" 200 6002 
0:0:0:0:0:0:0:1 -  -  [31/oct/2022:21:40:59 +0000] "GET /jposee/isotest/showLog.html?sid=0.40964513946223025&servicename=Kubo HTTP/1.1" 200 6002 
0:0:0:0:0:0:0:1 -  -  [31/oct/2022:21:41:59 +0000] "GET /jposee/isotest/showLog.html?sid=0.8122384050628213&servicename=Kubo HTTP/1.1" 200 6002 
0:0:0:0:0:0:0:1 -  -  [31/oct/2022:21:42:59 +0000] "GET /jposee/isotest/showLog.html?sid=0.17921025064550666&servicename=Kubo HTTP/1.1" 200 6002 
0:0:0:0:0:0:0:1 -  -  [31/oct/2022:21:43:59 +0000] "GET /jposee/isotest/showLog.html?sid=0.6814593432828648&servicename=Kubo HTTP/1.1" 200 6002 
0:0:0:0:0:0:0:1 -  -  [31/oct/2022:21:44:59 +0000] "GET /jposee/isotest/showLog.html?sid=0.6676064922878895&servicename=Kubo HTTP/1.1" 200 6002 
0:0:0:0:0:0:0:1 -  -  [31/oct/2022:21:45:59 +0000] "GET /jposee/isotest/showLog.html?sid=0.4351857211223267&servicename=Kubo HTTP/1.1" 200 6002 
0:0:0:0:0:0:0:1 -  -  [31/oct/2022:21:46:59 +0000] "GET /jposee/isotest/showLog.html?sid=0.35234875963206047&servicename=Kubo HTTP/1.1" 200 6002 
0:0:0:0:0:0:0:1 -  -  [31/oct/2022:21:47:59 +0000] "GET /jposee/isotest/showLog.html?sid=0.12442519259932538&servicename=Kubo HTTP/1.1" 200 6002 
0:0:0:0:0:0:0:1 -  -  [31/oct/2022:21:48:59 +0000] "GET /jposee/isotest/showLog.html?sid=0.8238098132656169&servicename=Kubo HTTP/1.1" 200 6002 
0:0:0:0:0:0:0:1 -  -  [31/oct/2022:21:49:59 +0000] "GET /jposee/isotest/showLog.html?sid=0.7945487528787527&servicename=Kubo HTTP/1.1" 200 6002 
0:0:0:0:0:0:0:1 -  -  [31/oct/2022:21:50:59 +0000] "GET /jposee/isotest/showLog.html?sid=0.6298824216888379&servicename=Kubo HTTP/1.1" 200 6002 
0:0:0:0:0:0:0:1 -  -  [31/oct/2022:21:51:59 +0000] "GET /jposee/isotest/showLog.html?sid=0.29474486465214667&servicename=Kubo HTTP/1.1" 200 6002 
0:0:0:0:0:0:0:1 -  -  [31/oct/2022:21:52:59 +0000] "GET /jposee/isotest/showLog.html?sid=0.25348349413185156&servicename=Kubo HTTP/1.1" 200 6002 
0:0:0:0:0:0:0:1 -  -  [31/oct/2022:21:53:59 +0000] "GET /jposee/isotest/showLog.html?sid=0.5363057269050684&servicename=Kubo HTTP/1.1" 200 6002 
0:0:0:0:0:0:0:1 -  -  [31/oct/2022:21:54:59 +0000] "GET /jposee/isotest/showLog.html?sid=0.14972531049556514&servicename=Kubo HTTP/1.1" 200 6002 
0:0:0:0:0:0:0:1 -  -  [31/oct/2022:21:55:59 +0000] "GET /jposee/isotest/showLog.html?sid=0.5319079343252686&servicename=Kubo HTTP/1.1" 200 6002 
0:0:0:0:0:0:0:1 -  -  [31/oct/2022:21:56:59 +0000] "GET /jposee/isotest/showLog.html?sid=0.7214094506660347&servicename=Kubo HTTP/1.1" 200 6002 
0:0:0:0:0:0:0:1 -  -  [31/oct/2022:21:57:59 +0000] "GET /jposee/isotest/showLog.html?sid=0.6440253948596046&servicename=Kubo HTTP/1.1" 200 6002 
0:0:0:0:0:0:0:1 -  -  [31/oct/2022:21:58:59 +0000] "GET /jposee/isotest/showLog.html?sid=0.29099945260973725&servicename=Kubo HTTP/1.1" 200 6002 
0:0:0:0:0:0:0:1 -  -  [31/oct/2022:21:59:59 +0000] "GET /jposee/isotest/showLog.html?sid=0.04604397966220852&servicename=Kubo HTTP/1.1" 200 6002 
0:0:0:0:0:0:0:1 -  -  [31/oct/2022:22:00:59 +0000] "GET /jposee/isotest/showLog.html?sid=0.6668699882004916&servicename=Kubo HTTP/1.1" 200 6002 
0:0:0:0:0:0:0:1 -  -  [31/oct/2022:22:01:59 +0000] "GET /jposee/isotest/showLog.html?sid=0.6550146373068522&servicename=Kubo HTTP/1.1" 200 6002 
0:0:0:0:0:0:0:1 -  -  [31/oct/2022:22:02:59 +0000] "GET /jposee/isotest/showLog.html?sid=0.634643874773162&servicename=Kubo HTTP/1.1" 200 6002 
0:0:0:0:0:0:0:1 -  -  [31/oct/2022:22:03:59 +0000] "GET /jposee/isotest/showLog.html?sid=0.7713386717395996&servicename=Kubo HTTP/1.1" 200 6002 
0:0:0:0:0:0:0:1 -  -  [31/oct/2022:22:04:59 +0000] "GET /jposee/isotest/showLog.html?sid=0.7989480102144044&servicename=Kubo HTTP/1.1" 200 6002 
0:0:0:0:0:0:0:1 -  -  [31/oct/2022:22:05:59 +0000] "GET /jposee/isotest/showLog.html?sid=0.0683584327605058&servicename=Kubo HTTP/1.1" 200 6002 
0:0:0:0:0:0:0:1 -  -  [31/oct/2022:22:06:59 +0000] "GET /jposee/isotest/showLog.html?sid=0.8385752492260645&servicename=Kubo HTTP/1.1" 200 6002 
0:0:0:0:0:0:0:1 -  -  [31/oct/2022:22:07:59 +0000] "GET /jposee/isotest/showLog.html?sid=0.49362083969505854&servicename=Kubo HTTP/1.1" 200 6002 
0:0:0:0:0:0:0:1 -  -  [31/oct/2022:22:08:59 +0000] "GET /jposee/isotest/showLog.html?sid=0.04892166166840384&servicename=Kubo HTTP/1.1" 200 6002 
0:0:0:0:0:0:0:1 -  -  [31/oct/2022:22:09:59 +0000] "GET /jposee/isotest/showLog.html?sid=0.03346258136110425&servicename=Kubo HTTP/1.1" 200 6002 
0:0:0:0:0:0:0:1 -  -  [31/oct/2022:22:10:59 +0000] "GET /jposee/isotest/showLog.html?sid=0.6153429269620467&servicename=Kubo HTTP/1.1" 200 6002 
0:0:0:0:0:0:0:1 -  -  [31/oct/2022:22:11:59 +0000] "GET /jposee/isotest/showLog.html?sid=0.12327427165417126&servicename=Kubo HTTP/1.1" 200 6002 
0:0:0:0:0:0:0:1 -  -  [31/oct/2022:22:13:00 +0000] "GET /jposee/isotest/showLog.html?sid=0.7196636470950701&servicename=Kubo HTTP/1.1" 200 6002 
0:0:0:0:0:0:0:1 -  -  [31/oct/2022:22:13:59 +0000] "GET /jposee/isotest/showLog.html?sid=0.765222953779715&servicename=Kubo HTTP/1.1" 200 6002 
0:0:0:0:0:0:0:1 -  -  [31/oct/2022:22:14:59 +0000] "GET /jposee/isotest/showLog.html?sid=0.25354757682001905&servicename=Kubo HTTP/1.1" 200 6002 
0:0:0:0:0:0:0:1 -  -  [31/oct/2022:22:15:59 +0000] "GET /jposee/isotest/showLog.html?sid=0.3242938295178599&servicename=Kubo HTTP/1.1" 200 6002 
0:0:0:0:0:0:0:1 -  -  [31/oct/2022:22:16:59 +0000] "GET /jposee/isotest/showLog.html?sid=0.8869435716808867&servicename=Kubo HTTP/1.1" 200 6002 
0:0:0:0:0:0:0:1 -  -  [31/oct/2022:22:17:59 +0000] "GET /jposee/isotest/showLog.html?sid=0.11217626032451111&servicename=Kubo HTTP/1.1" 200 6002 
0:0:0:0:0:0:0:1 -  -  [31/oct/2022:22:18:59 +0000] "GET /jposee/isotest/showLog.html?sid=0.018921015495497517&servicename=Kubo HTTP/1.1" 200 6002 
0:0:0:0:0:0:0:1 -  -  [31/oct/2022:22:19:59 +0000] "GET /jposee/isotest/showLog.html?sid=0.7326957751036776&servicename=Kubo HTTP/1.1" 200 6002 
0:0:0:0:0:0:0:1 -  -  [31/oct/2022:22:20:59 +0000] "GET /jposee/isotest/showLog.html?sid=0.822283199887436&servicename=Kubo HTTP/1.1" 200 6002 
0:0:0:0:0:0:0:1 -  -  [31/oct/2022:22:21:59 +0000] "GET /jposee/isotest/showLog.html?sid=0.6104305932927672&servicename=Kubo HTTP/1.1" 200 6002 
0:0:0:0:0:0:0:1 -  -  [31/oct/2022:22:22:59 +0000] "GET /jposee/isotest/showLog.html?sid=0.7208569004692407&servicename=Kubo HTTP/1.1" 200 6002 
0:0:0:0:0:0:0:1 -  -  [31/oct/2022:22:23:59 +0000] "GET /jposee/isotest/showLog.html?sid=0.3943528236038871&servicename=Kubo HTTP/1.1" 200 6002 
0:0:0:0:0:0:0:1 -  -  [31/oct/2022:22:24:59 +0000] "GET /jposee/isotest/showLog.html?sid=0.38851866081636066&servicename=Kubo HTTP/1.1" 200 6002 
0:0:0:0:0:0:0:1 -  -  [31/oct/2022:22:25:57 +0000] "GET /jposee/isotest/showLog.html?sid=0.9482753226831433&servicename=Kubo HTTP/1.1" 200 6002 
