0:0:0:0:0:0:0:1 -  -  [24/oct/2022:16:27:42 +0000] "POST /jposee/isotest/send_post.html?sid=0.3100658166249617 HTTP/1.1" 302 0 
0:0:0:0:0:0:0:1 -  -  [24/oct/2022:16:27:43 +0000] "GET /jposee/login.html HTTP/1.1" 200 3820 
0:0:0:0:0:0:0:1 -  -  [24/oct/2022:16:27:43 +0000] "GET /jposee/login.html HTTP/1.1" 200 3820 
0:0:0:0:0:0:0:1 -  -  [24/oct/2022:16:27:50 +0000] "POST /jposee/login.html HTTP/1.1" 302 0 
0:0:0:0:0:0:0:1 -  -  [24/oct/2022:16:27:50 +0000] "GET /jposee/isotest/showLog.html?sid=0.8506352639347543&servicename=Kubo HTTP/1.1" 200 6002 
0:0:0:0:0:0:0:1 -  -  [24/oct/2022:16:27:43 +0000] "GET /jposee/isotest/showLog.html?sid=0.31672700288297984&servicename=Kubo HTTP/1.1" 302 0 
0:0:0:0:0:0:0:1 -  -  [24/oct/2022:16:27:46 +0000] "GET /jposee/isotest/showLog.html?sid=0.8506352639347543&servicename=Kubo HTTP/1.1" 302 0 
0:0:0:0:0:0:0:1 -  -  [24/oct/2022:16:27:55 +0000] "GET /jposee/login.html HTTP/1.1" 200 7181 
0:0:0:0:0:0:0:1 -  -  [24/oct/2022:16:27:56 +0000] "GET /favicon.ico HTTP/1.1" 404 1376 
0:0:0:0:0:0:0:1 -  -  [24/oct/2022:16:27:55 +0000] "GET /jposee/isotest/images/go.gif HTTP/1.1" 404 2252 
0:0:0:0:0:0:0:1 -  -  [24/oct/2022:16:28:00 +0000] "GET /jposee/isotest/list.html HTTP/1.1" 302 0 
0:0:0:0:0:0:0:1 -  -  [24/oct/2022:16:28:00 +0000] "GET /jposee/login.html HTTP/1.1" 200 3820 
0:0:0:0:0:0:0:1 -  -  [24/oct/2022:16:28:04 +0000] "POST /jposee/login.html HTTP/1.1" 302 0 
0:0:0:0:0:0:0:1 -  -  [24/oct/2022:16:28:04 +0000] "GET /jposee/isotest/list.html HTTP/1.1" 200 7514 
0:0:0:0:0:0:0:1 -  -  [24/oct/2022:16:28:05 +0000] "GET /jposee/isotest/list_data_nameregistrar.html?sid=0.1243882717091298 HTTP/1.1" 200 40 
0:0:0:0:0:0:0:1 -  -  [24/oct/2022:16:28:06 +0000] "GET /jposee/isotest/send.html?servicename=Kubo HTTP/1.1" 200 38553 
0:0:0:0:0:0:0:1 -  -  [24/oct/2022:16:28:14 +0000] "GET /jposee/isotest/list.html HTTP/1.1" 200 7514 
0:0:0:0:0:0:0:1 -  -  [24/oct/2022:16:28:15 +0000] "GET /jposee/isotest/list_data_nameregistrar.html?sid=0.6572948163800663 HTTP/1.1" 200 40 
0:0:0:0:0:0:0:1 -  -  [24/oct/2022:16:28:16 +0000] "GET /jposee/isotest/send.html?servicename=Kubo HTTP/1.1" 200 38553 
0:0:0:0:0:0:0:1 -  -  [24/oct/2022:16:28:27 +0000] "GET /jposee/isotest/showLog.html?sid=0.785854977806528&servicename=Kubo HTTP/1.1" 200 6002 
0:0:0:0:0:0:0:1 -  -  [24/oct/2022:16:28:36 +0000] "GET /jposee/isotest/showLog.html?sid=0.015321387087298577&servicename=Kubo HTTP/1.1" 200 6002 
0:0:0:0:0:0:0:1 -  -  [24/oct/2022:16:28:46 +0000] "GET /jposee/isotest/showLog.html?sid=0.2678209013799697&servicename=Kubo HTTP/1.1" 200 6002 
0:0:0:0:0:0:0:1 -  -  [24/oct/2022:16:28:57 +0000] "GET /jposee/isotest/showLog.html?sid=0.49227919867157466&servicename=Kubo HTTP/1.1" 200 6002 
0:0:0:0:0:0:0:1 -  -  [24/oct/2022:16:29:07 +0000] "GET /jposee/isotest/showLog.html?sid=0.6293099651002407&servicename=Kubo HTTP/1.1" 200 6002 
0:0:0:0:0:0:0:1 -  -  [24/oct/2022:16:29:27 +0000] "GET /jposee/isotest/showLog.html?sid=0.14825725179534688&servicename=Kubo HTTP/1.1" 302 0 
0:0:0:0:0:0:0:1 -  -  [24/oct/2022:16:29:27 +0000] "GET /jposee/login.html HTTP/1.1" 200 3820 
0:0:0:0:0:0:0:1 -  -  [24/oct/2022:16:29:30 +0000] "GET /jposee/isotest/send.html?servicename=Kubo HTTP/1.1" 302 0 
0:0:0:0:0:0:0:1 -  -  [24/oct/2022:16:29:30 +0000] "GET /jposee/login.html HTTP/1.1" 200 3820 
0:0:0:0:0:0:0:1 -  -  [24/oct/2022:16:29:34 +0000] "POST /jposee/login.html HTTP/1.1" 302 0 
0:0:0:0:0:0:0:1 -  -  [24/oct/2022:16:29:34 +0000] "GET /jposee/isotest/send.html?servicename=Kubo HTTP/1.1" 200 38553 
0:0:0:0:0:0:0:1 -  -  [24/oct/2022:16:29:36 +0000] "GET /jposee/isotest/list.html HTTP/1.1" 200 7514 
0:0:0:0:0:0:0:1 -  -  [24/oct/2022:16:29:36 +0000] "GET /jposee/isotest/list_data_nameregistrar.html?sid=0.14604118160570523 HTTP/1.1" 200 40 
0:0:0:0:0:0:0:1 -  -  [24/oct/2022:16:29:37 +0000] "GET /jposee/isotest/send.html?servicename=Kubo HTTP/1.1" 200 38553 
0:0:0:0:0:0:0:1 -  -  [24/oct/2022:16:29:47 +0000] "GET /jposee/isotest/showLog.html?sid=0.37807531528488236&servicename=Kubo HTTP/1.1" 200 6002 
0:0:0:0:0:0:0:1 -  -  [24/oct/2022:16:29:56 +0000] "POST /jposee/isotest/send_post.html?sid=0.9585843945087511 HTTP/1.1" 200 2 
0:0:0:0:0:0:0:1 -  -  [24/oct/2022:16:29:56 +0000] "GET /jposee/isotest/showLog.html?sid=0.737979908125062&servicename=Kubo HTTP/1.1" 200 6002 
0:0:0:0:0:0:0:1 -  -  [24/oct/2022:16:29:57 +0000] "GET /jposee/isotest/showLog.html?sid=0.6531277814552543&servicename=Kubo HTTP/1.1" 200 6002 
0:0:0:0:0:0:0:1 -  -  [24/oct/2022:16:30:07 +0000] "GET /jposee/isotest/showLog.html?sid=0.39274352757998576&servicename=Kubo HTTP/1.1" 200 6002 
0:0:0:0:0:0:0:1 -  -  [24/oct/2022:16:32:22 +0000] "GET /jposee HTTP/1.1" 302 0 
0:0:0:0:0:0:0:1 -  -  [24/oct/2022:16:32:22 +0000] "GET /jposee/ HTTP/1.1" 302 0 
0:0:0:0:0:0:0:1 -  -  [24/oct/2022:16:32:22 +0000] "GET /jposee/login.html HTTP/1.1" 200 3820 
0:0:0:0:0:0:0:1 -  -  [24/oct/2022:16:32:31 +0000] "POST /jposee/login.html HTTP/1.1" 302 0 
0:0:0:0:0:0:0:1 -  -  [24/oct/2022:16:32:31 +0000] "GET /jposee/ HTTP/1.1" 200 5410 
0:0:0:0:0:0:0:1 -  -  [24/oct/2022:16:32:32 +0000] "GET /jposee/isotest/list.html HTTP/1.1" 200 7514 
0:0:0:0:0:0:0:1 -  -  [24/oct/2022:16:32:32 +0000] "GET /jposee/isotest/list_data_nameregistrar.html?sid=0.9924299891168527 HTTP/1.1" 200 40 
0:0:0:0:0:0:0:1 -  -  [24/oct/2022:16:32:33 +0000] "GET /jposee/isotest/send.html?servicename=Kubo HTTP/1.1" 200 38553 
0:0:0:0:0:0:0:1 -  -  [24/oct/2022:16:32:45 +0000] "GET /jposee/isotest/list_data_nameregistrar.html?sid=0.6512403943431799 HTTP/1.1" 200 40 
0:0:0:0:0:0:0:1 -  -  [24/oct/2022:16:32:45 +0000] "GET /jposee/isotest/list_data_nameregistrar.html?sid=0.22456119953336606 HTTP/1.1" 200 40 
0:0:0:0:0:0:0:1 -  -  [24/oct/2022:16:32:58 +0000] "GET /jposee/isotest/showLog.html?sid=0.5322065889291636&servicename=Kubo HTTP/1.1" 200 6002 
0:0:0:0:0:0:0:1 -  -  [24/oct/2022:16:33:07 +0000] "GET /jposee/isotest/showLog.html?sid=0.049493315665205095&servicename=Kubo HTTP/1.1" 200 6002 
0:0:0:0:0:0:0:1 -  -  [24/oct/2022:16:33:18 +0000] "GET /jposee/isotest/showLog.html?sid=0.5803825929881334&servicename=Kubo HTTP/1.1" 200 6002 
0:0:0:0:0:0:0:1 -  -  [24/oct/2022:16:33:28 +0000] "GET /jposee/isotest/showLog.html?sid=0.007615041822981006&servicename=Kubo HTTP/1.1" 200 6002 
0:0:0:0:0:0:0:1 -  -  [24/oct/2022:16:33:38 +0000] "GET /jposee/isotest/showLog.html?sid=0.07378441445184092&servicename=Kubo HTTP/1.1" 200 6002 
0:0:0:0:0:0:0:1 -  -  [24/oct/2022:16:33:46 +0000] "POST /jposee/isotest/send_post.html?sid=0.5749056936429802 HTTP/1.1" 200 2 
0:0:0:0:0:0:0:1 -  -  [24/oct/2022:16:33:46 +0000] "GET /jposee/isotest/showLog.html?sid=0.1406200687367909&servicename=Kubo HTTP/1.1" 200 6002 
0:0:0:0:0:0:0:1 -  -  [24/oct/2022:16:33:47 +0000] "GET /jposee/isotest/showLog.html?sid=0.3507904899881278&servicename=Kubo HTTP/1.1" 200 6002 
0:0:0:0:0:0:0:1 -  -  [24/oct/2022:16:33:57 +0000] "GET /jposee/isotest/showLog.html?sid=0.8695876173146417&servicename=Kubo HTTP/1.1" 200 6002 
0:0:0:0:0:0:0:1 -  -  [24/oct/2022:16:34:07 +0000] "GET /jposee/isotest/showLog.html?sid=0.7362163342345656&servicename=Kubo HTTP/1.1" 200 6002 
0:0:0:0:0:0:0:1 -  -  [24/oct/2022:16:34:17 +0000] "GET /jposee/isotest/showLog.html?sid=0.10479956501867038&servicename=Kubo HTTP/1.1" 200 6002 
0:0:0:0:0:0:0:1 -  -  [24/oct/2022:16:34:27 +0000] "GET /jposee/isotest/showLog.html?sid=0.18583840562451392&servicename=Kubo HTTP/1.1" 200 6002 
0:0:0:0:0:0:0:1 -  -  [24/oct/2022:16:34:37 +0000] "GET /jposee/isotest/showLog.html?sid=0.27764361460233755&servicename=Kubo HTTP/1.1" 200 6002 
0:0:0:0:0:0:0:1 -  -  [24/oct/2022:16:34:47 +0000] "GET /jposee/isotest/showLog.html?sid=0.5414709905696666&servicename=Kubo HTTP/1.1" 200 6002 
0:0:0:0:0:0:0:1 -  -  [24/oct/2022:16:34:56 +0000] "POST /jposee/isotest/send_post.html?sid=0.0717774480255462 HTTP/1.1" 200 2 
0:0:0:0:0:0:0:1 -  -  [24/oct/2022:16:34:56 +0000] "GET /jposee/isotest/showLog.html?sid=0.7243052877339&servicename=Kubo HTTP/1.1" 200 6002 
0:0:0:0:0:0:0:1 -  -  [24/oct/2022:16:34:58 +0000] "GET /jposee/isotest/showLog.html?sid=0.1626939189919292&servicename=Kubo HTTP/1.1" 200 6002 
0:0:0:0:0:0:0:1 -  -  [24/oct/2022:16:35:07 +0000] "GET /jposee/isotest/showLog.html?sid=0.37188861518736394&servicename=Kubo HTTP/1.1" 200 6002 
0:0:0:0:0:0:0:1 -  -  [24/oct/2022:16:35:17 +0000] "GET /jposee/isotest/showLog.html?sid=0.5791680677033924&servicename=Kubo HTTP/1.1" 200 6002 
0:0:0:0:0:0:0:1 -  -  [24/oct/2022:16:35:28 +0000] "POST /jposee/isotest/send_post.html?sid=0.7304060510497192 HTTP/1.1" 200 2 
0:0:0:0:0:0:0:1 -  -  [24/oct/2022:16:35:27 +0000] "GET /jposee/isotest/showLog.html?sid=0.14734517726219631&servicename=Kubo HTTP/1.1" 200 6002 
0:0:0:0:0:0:0:1 -  -  [24/oct/2022:16:35:28 +0000] "GET /jposee/isotest/showLog.html?sid=0.08442885189813376&servicename=Kubo HTTP/1.1" 200 6002 
0:0:0:0:0:0:0:1 -  -  [24/oct/2022:16:35:37 +0000] "GET /jposee/isotest/showLog.html?sid=0.5131944622956219&servicename=Kubo HTTP/1.1" 200 6002 
0:0:0:0:0:0:0:1 -  -  [24/oct/2022:16:35:48 +0000] "GET /jposee/isotest/showLog.html?sid=0.32905635365902386&servicename=Kubo HTTP/1.1" 200 6002 
0:0:0:0:0:0:0:1 -  -  [24/oct/2022:16:35:57 +0000] "GET /jposee/isotest/showLog.html?sid=0.05042443969666843&servicename=Kubo HTTP/1.1" 200 6002 
0:0:0:0:0:0:0:1 -  -  [24/oct/2022:16:36:08 +0000] "GET /jposee/isotest/showLog.html?sid=0.9219036944347834&servicename=Kubo HTTP/1.1" 200 6002 
0:0:0:0:0:0:0:1 -  -  [24/oct/2022:16:36:17 +0000] "GET /jposee/isotest/showLog.html?sid=0.9043009315669834&servicename=Kubo HTTP/1.1" 200 6002 
0:0:0:0:0:0:0:1 -  -  [24/oct/2022:16:36:27 +0000] "GET /jposee/isotest/showLog.html?sid=0.10790432250040793&servicename=Kubo HTTP/1.1" 200 6002 
0:0:0:0:0:0:0:1 -  -  [24/oct/2022:16:36:37 +0000] "GET /jposee/isotest/showLog.html?sid=0.8999428872431001&servicename=Kubo HTTP/1.1" 200 6002 
0:0:0:0:0:0:0:1 -  -  [24/oct/2022:16:36:47 +0000] "GET /jposee/isotest/showLog.html?sid=0.24488613163262096&servicename=Kubo HTTP/1.1" 200 6002 
0:0:0:0:0:0:0:1 -  -  [24/oct/2022:16:36:57 +0000] "GET /jposee/isotest/showLog.html?sid=0.6939534439969819&servicename=Kubo HTTP/1.1" 200 6002 
0:0:0:0:0:0:0:1 -  -  [24/oct/2022:16:37:07 +0000] "GET /jposee/isotest/showLog.html?sid=0.33710394490119633&servicename=Kubo HTTP/1.1" 200 6002 
0:0:0:0:0:0:0:1 -  -  [24/oct/2022:16:37:12 +0000] "GET /jposee/isotest/list.html HTTP/1.1" 200 7515 
0:0:0:0:0:0:0:1 -  -  [24/oct/2022:16:37:12 +0000] "GET /jposee/isotest/list_data_nameregistrar.html?sid=0.1702501567905106 HTTP/1.1" 200 41 
0:0:0:0:0:0:0:1 -  -  [24/oct/2022:16:37:13 +0000] "GET /jposee/isotest/stuff.html?servicename=Kubo&action=VIEW HTTP/1.1" 200 14071 
0:0:0:0:0:0:0:1 -  -  [24/oct/2022:16:37:14 +0000] "GET /jposee/js/createservice.js HTTP/1.1" 200 4535 
0:0:0:0:0:0:0:1 -  -  [24/oct/2022:16:37:15 +0000] "GET /jposee/isotest/list.html HTTP/1.1" 200 7515 
0:0:0:0:0:0:0:1 -  -  [24/oct/2022:16:37:15 +0000] "GET /jposee/isotest/list_data_nameregistrar.html?sid=0.9355475833591622 HTTP/1.1" 200 41 
0:0:0:0:0:0:0:1 -  -  [24/oct/2022:16:37:16 +0000] "GET /jposee/isotest/send.html?servicename=Kubo HTTP/1.1" 200 38553 
0:0:0:0:0:0:0:1 -  -  [24/oct/2022:16:37:27 +0000] "GET /jposee/isotest/showLog.html?sid=0.9383084954907848&servicename=Kubo HTTP/1.1" 200 6002 
0:0:0:0:0:0:0:1 -  -  [24/oct/2022:16:37:36 +0000] "GET /jposee/isotest/showLog.html?sid=0.23459996540680295&servicename=Kubo HTTP/1.1" 200 6002 
0:0:0:0:0:0:0:1 -  -  [24/oct/2022:16:37:46 +0000] "GET /jposee/isotest/showLog.html?sid=0.2752900767432962&servicename=Kubo HTTP/1.1" 200 6002 
0:0:0:0:0:0:0:1 -  -  [24/oct/2022:16:37:56 +0000] "GET /jposee/isotest/showLog.html?sid=0.795643293227251&servicename=Kubo HTTP/1.1" 200 6002 
0:0:0:0:0:0:0:1 -  -  [24/oct/2022:16:38:07 +0000] "GET /jposee/isotest/showLog.html?sid=0.47919916709840926&servicename=Kubo HTTP/1.1" 200 6002 
0:0:0:0:0:0:0:1 -  -  [24/oct/2022:16:38:17 +0000] "GET /jposee/isotest/showLog.html?sid=0.4272808862762336&servicename=Kubo HTTP/1.1" 200 6002 
0:0:0:0:0:0:0:1 -  -  [24/oct/2022:16:38:27 +0000] "GET /jposee/isotest/showLog.html?sid=0.5375531457022089&servicename=Kubo HTTP/1.1" 200 6002 
0:0:0:0:0:0:0:1 -  -  [24/oct/2022:16:38:36 +0000] "GET /jposee/isotest/showLog.html?sid=0.4677689761166872&servicename=Kubo HTTP/1.1" 200 6002 
0:0:0:0:0:0:0:1 -  -  [24/oct/2022:16:38:47 +0000] "GET /jposee/isotest/showLog.html?sid=0.2777239946775891&servicename=Kubo HTTP/1.1" 200 6002 
0:0:0:0:0:0:0:1 -  -  [24/oct/2022:16:38:53 +0000] "POST /jposee/isotest/send_post.html?sid=0.5748061703074634 HTTP/1.1" 200 2 
0:0:0:0:0:0:0:1 -  -  [24/oct/2022:16:38:53 +0000] "GET /jposee/isotest/showLog.html?sid=0.3969573609647441&servicename=Kubo HTTP/1.1" 200 6002 
0:0:0:0:0:0:0:1 -  -  [24/oct/2022:16:38:56 +0000] "GET /jposee/isotest/showLog.html?sid=0.5201151909400288&servicename=Kubo HTTP/1.1" 200 6002 
0:0:0:0:0:0:0:1 -  -  [24/oct/2022:16:39:07 +0000] "GET /jposee/isotest/showLog.html?sid=0.05351661753144388&servicename=Kubo HTTP/1.1" 200 6002 
0:0:0:0:0:0:0:1 -  -  [24/oct/2022:16:39:17 +0000] "GET /jposee/isotest/showLog.html?sid=0.25473794789970494&servicename=Kubo HTTP/1.1" 200 6002 
0:0:0:0:0:0:0:1 -  -  [24/oct/2022:16:39:26 +0000] "GET /jposee/isotest/showLog.html?sid=0.28055525354213295&servicename=Kubo HTTP/1.1" 200 6002 
0:0:0:0:0:0:0:1 -  -  [24/oct/2022:16:39:37 +0000] "GET /jposee/isotest/showLog.html?sid=0.3042728058065367&servicename=Kubo HTTP/1.1" 200 6002 
0:0:0:0:0:0:0:1 -  -  [24/oct/2022:16:39:46 +0000] "GET /jposee/isotest/showLog.html?sid=0.7879316525128106&servicename=Kubo HTTP/1.1" 200 6002 
0:0:0:0:0:0:0:1 -  -  [24/oct/2022:16:39:49 +0000] "POST /jposee/isotest/send_post.html?sid=0.4862924777787254 HTTP/1.1" 200 2 
0:0:0:0:0:0:0:1 -  -  [24/oct/2022:16:39:49 +0000] "GET /jposee/isotest/showLog.html?sid=0.6247530179821357&servicename=Kubo HTTP/1.1" 200 6002 
0:0:0:0:0:0:0:1 -  -  [24/oct/2022:16:39:57 +0000] "GET /jposee/isotest/showLog.html?sid=0.5599476605615519&servicename=Kubo HTTP/1.1" 200 6002 
0:0:0:0:0:0:0:1 -  -  [24/oct/2022:16:40:06 +0000] "GET /jposee/isotest/showLog.html?sid=0.335868510090396&servicename=Kubo HTTP/1.1" 200 6002 
0:0:0:0:0:0:0:1 -  -  [24/oct/2022:16:40:17 +0000] "GET /jposee/isotest/showLog.html?sid=0.48175318630728947&servicename=Kubo HTTP/1.1" 200 6002 
0:0:0:0:0:0:0:1 -  -  [24/oct/2022:16:40:26 +0000] "GET /jposee/isotest/showLog.html?sid=0.6851843007743632&servicename=Kubo HTTP/1.1" 200 6002 
0:0:0:0:0:0:0:1 -  -  [24/oct/2022:16:40:37 +0000] "GET /jposee/isotest/showLog.html?sid=0.3983972900335222&servicename=Kubo HTTP/1.1" 200 6002 
0:0:0:0:0:0:0:1 -  -  [24/oct/2022:16:40:47 +0000] "GET /jposee/isotest/showLog.html?sid=0.6943202592301372&servicename=Kubo HTTP/1.1" 200 6002 
0:0:0:0:0:0:0:1 -  -  [24/oct/2022:16:40:57 +0000] "GET /jposee/isotest/showLog.html?sid=0.9585216199673414&servicename=Kubo HTTP/1.1" 200 6002 
0:0:0:0:0:0:0:1 -  -  [24/oct/2022:16:41:07 +0000] "GET /jposee/isotest/showLog.html?sid=0.13416128164512142&servicename=Kubo HTTP/1.1" 200 6002 
0:0:0:0:0:0:0:1 -  -  [24/oct/2022:16:41:16 +0000] "GET /jposee/isotest/showLog.html?sid=0.5593657903577569&servicename=Kubo HTTP/1.1" 200 6002 
0:0:0:0:0:0:0:1 -  -  [24/oct/2022:16:41:20 +0000] "POST /jposee/isotest/send_post.html?sid=0.8902842172010454 HTTP/1.1" 200 2 
0:0:0:0:0:0:0:1 -  -  [24/oct/2022:16:41:20 +0000] "GET /jposee/isotest/showLog.html?sid=0.1053021504450311&servicename=Kubo HTTP/1.1" 200 6002 
0:0:0:0:0:0:0:1 -  -  [24/oct/2022:16:41:26 +0000] "GET /jposee/isotest/showLog.html?sid=0.54102795739172&servicename=Kubo HTTP/1.1" 200 6002 
0:0:0:0:0:0:0:1 -  -  [24/oct/2022:16:41:36 +0000] "GET /jposee/isotest/showLog.html?sid=0.32577249550423604&servicename=Kubo HTTP/1.1" 200 6002 
0:0:0:0:0:0:0:1 -  -  [24/oct/2022:16:41:47 +0000] "GET /jposee/isotest/showLog.html?sid=0.03454063143515018&servicename=Kubo HTTP/1.1" 200 6002 
0:0:0:0:0:0:0:1 -  -  [24/oct/2022:16:41:56 +0000] "GET /jposee/isotest/showLog.html?sid=0.9283069028021811&servicename=Kubo HTTP/1.1" 200 6002 
0:0:0:0:0:0:0:1 -  -  [24/oct/2022:16:42:07 +0000] "GET /jposee/isotest/showLog.html?sid=0.312148650458149&servicename=Kubo HTTP/1.1" 200 6002 
0:0:0:0:0:0:0:1 -  -  [24/oct/2022:16:42:16 +0000] "GET /jposee/isotest/showLog.html?sid=0.979641240331899&servicename=Kubo HTTP/1.1" 200 6002 
0:0:0:0:0:0:0:1 -  -  [24/oct/2022:16:43:34 +0000] "GET /jposee HTTP/1.1" 302 0 
0:0:0:0:0:0:0:1 -  -  [24/oct/2022:16:43:34 +0000] "GET /jposee/ HTTP/1.1" 302 0 
0:0:0:0:0:0:0:1 -  -  [24/oct/2022:16:43:34 +0000] "GET /jposee/login.html HTTP/1.1" 200 3820 
0:0:0:0:0:0:0:1 -  -  [24/oct/2022:16:43:38 +0000] "POST /jposee/login.html HTTP/1.1" 302 0 
0:0:0:0:0:0:0:1 -  -  [24/oct/2022:16:43:38 +0000] "GET /jposee/ HTTP/1.1" 200 5410 
0:0:0:0:0:0:0:1 -  -  [24/oct/2022:16:43:42 +0000] "GET /jposee/isotest/list.html HTTP/1.1" 200 7514 
0:0:0:0:0:0:0:1 -  -  [24/oct/2022:16:43:42 +0000] "GET /jposee/isotest/list_data_nameregistrar.html?sid=0.9713725912622924 HTTP/1.1" 200 40 
0:0:0:0:0:0:0:1 -  -  [24/oct/2022:16:43:43 +0000] "GET /jposee/isotest/send.html?servicename=Kubo HTTP/1.1" 200 38553 
0:0:0:0:0:0:0:1 -  -  [24/oct/2022:16:43:54 +0000] "GET /jposee/isotest/showLog.html?sid=0.8134650944147948&servicename=Kubo HTTP/1.1" 200 6002 
0:0:0:0:0:0:0:1 -  -  [24/oct/2022:16:44:05 +0000] "GET /jposee/isotest/showLog.html?sid=0.4477801084878148&servicename=Kubo HTTP/1.1" 200 6002 
0:0:0:0:0:0:0:1 -  -  [24/oct/2022:16:44:14 +0000] "GET /jposee/isotest/showLog.html?sid=0.49736903505489427&servicename=Kubo HTTP/1.1" 200 6002 
0:0:0:0:0:0:0:1 -  -  [24/oct/2022:16:44:25 +0000] "GET /jposee/isotest/showLog.html?sid=0.12105894976340092&servicename=Kubo HTTP/1.1" 200 6002 
0:0:0:0:0:0:0:1 -  -  [24/oct/2022:16:44:35 +0000] "GET /jposee/isotest/showLog.html?sid=0.8996457494235148&servicename=Kubo HTTP/1.1" 200 6002 
0:0:0:0:0:0:0:1 -  -  [24/oct/2022:16:44:44 +0000] "GET /jposee/isotest/showLog.html?sid=0.8576537534788218&servicename=Kubo HTTP/1.1" 200 6002 
0:0:0:0:0:0:0:1 -  -  [24/oct/2022:16:44:55 +0000] "GET /jposee/isotest/showLog.html?sid=0.6080884516335119&servicename=Kubo HTTP/1.1" 200 6002 
0:0:0:0:0:0:0:1 -  -  [24/oct/2022:16:45:05 +0000] "GET /jposee/isotest/showLog.html?sid=0.025641593479688307&servicename=Kubo HTTP/1.1" 200 6002 
0:0:0:0:0:0:0:1 -  -  [24/oct/2022:16:45:14 +0000] "GET /jposee/isotest/showLog.html?sid=0.06672531933777925&servicename=Kubo HTTP/1.1" 200 6002 
0:0:0:0:0:0:0:1 -  -  [24/oct/2022:16:45:25 +0000] "GET /jposee/isotest/showLog.html?sid=0.201861159951904&servicename=Kubo HTTP/1.1" 200 6002 
0:0:0:0:0:0:0:1 -  -  [24/oct/2022:16:45:34 +0000] "GET /jposee/isotest/showLog.html?sid=0.7844271559331717&servicename=Kubo HTTP/1.1" 200 6002 
0:0:0:0:0:0:0:1 -  -  [24/oct/2022:16:45:45 +0000] "GET /jposee/isotest/showLog.html?sid=0.41064424178805714&servicename=Kubo HTTP/1.1" 200 6002 
0:0:0:0:0:0:0:1 -  -  [24/oct/2022:16:45:53 +0000] "POST /jposee/isotest/send_post.html?sid=0.8384112675803612 HTTP/1.1" 200 2 
0:0:0:0:0:0:0:1 -  -  [24/oct/2022:16:45:53 +0000] "GET /jposee/isotest/showLog.html?sid=0.5286206272104743&servicename=Kubo HTTP/1.1" 200 6002 
0:0:0:0:0:0:0:1 -  -  [24/oct/2022:16:45:54 +0000] "GET /jposee/isotest/showLog.html?sid=0.06211726278606711&servicename=Kubo HTTP/1.1" 200 6002 
0:0:0:0:0:0:0:1 -  -  [24/oct/2022:16:46:05 +0000] "GET /jposee/isotest/showLog.html?sid=0.6761263784203411&servicename=Kubo HTTP/1.1" 200 6002 
0:0:0:0:0:0:0:1 -  -  [24/oct/2022:16:46:15 +0000] "GET /jposee/isotest/showLog.html?sid=0.005618290743021781&servicename=Kubo HTTP/1.1" 200 6002 
0:0:0:0:0:0:0:1 -  -  [24/oct/2022:16:46:25 +0000] "GET /jposee/isotest/showLog.html?sid=0.9572254835698113&servicename=Kubo HTTP/1.1" 200 6002 
0:0:0:0:0:0:0:1 -  -  [24/oct/2022:16:46:34 +0000] "GET /jposee/isotest/showLog.html?sid=0.8073662793385488&servicename=Kubo HTTP/1.1" 200 6002 
0:0:0:0:0:0:0:1 -  -  [24/oct/2022:16:48:14 +0000] "GET /jposee HTTP/1.1" 302 0 
0:0:0:0:0:0:0:1 -  -  [24/oct/2022:16:48:14 +0000] "GET /jposee/ HTTP/1.1" 302 0 
0:0:0:0:0:0:0:1 -  -  [24/oct/2022:16:48:14 +0000] "GET /jposee/login.html HTTP/1.1" 200 3820 
0:0:0:0:0:0:0:1 -  -  [24/oct/2022:16:48:17 +0000] "POST /jposee/login.html HTTP/1.1" 302 0 
0:0:0:0:0:0:0:1 -  -  [24/oct/2022:16:48:17 +0000] "GET /jposee/ HTTP/1.1" 200 5410 
0:0:0:0:0:0:0:1 -  -  [24/oct/2022:16:48:19 +0000] "GET /jposee/isotest/list.html HTTP/1.1" 200 7514 
0:0:0:0:0:0:0:1 -  -  [24/oct/2022:16:48:19 +0000] "GET /jposee/isotest/list_data_nameregistrar.html?sid=0.783598928807343 HTTP/1.1" 200 40 
0:0:0:0:0:0:0:1 -  -  [24/oct/2022:16:48:20 +0000] "GET /jposee/isotest/send.html?servicename=Kubo HTTP/1.1" 200 38553 
0:0:0:0:0:0:0:1 -  -  [24/oct/2022:16:48:30 +0000] "GET /jposee/isotest/showLog.html?sid=0.5262885208153976&servicename=Kubo HTTP/1.1" 200 6002 
0:0:0:0:0:0:0:1 -  -  [24/oct/2022:16:48:41 +0000] "GET /jposee/isotest/showLog.html?sid=0.5049994565938789&servicename=Kubo HTTP/1.1" 200 6002 
0:0:0:0:0:0:0:1 -  -  [24/oct/2022:16:48:51 +0000] "GET /jposee/isotest/showLog.html?sid=0.021290661094447882&servicename=Kubo HTTP/1.1" 200 6002 
0:0:0:0:0:0:0:1 -  -  [24/oct/2022:16:49:01 +0000] "POST /jposee/isotest/send_post.html?sid=0.9468201974751347 HTTP/1.1" 200 2 
0:0:0:0:0:0:0:1 -  -  [24/oct/2022:16:49:00 +0000] "GET /jposee/isotest/showLog.html?sid=0.549763564271238&servicename=Kubo HTTP/1.1" 200 6002 
0:0:0:0:0:0:0:1 -  -  [24/oct/2022:16:49:01 +0000] "GET /jposee/isotest/showLog.html?sid=0.5233826614637014&servicename=Kubo HTTP/1.1" 200 6002 
0:0:0:0:0:0:0:1 -  -  [24/oct/2022:16:49:11 +0000] "GET /jposee/isotest/showLog.html?sid=0.6581911891146697&servicename=Kubo HTTP/1.1" 200 6002 
0:0:0:0:0:0:0:1 -  -  [24/oct/2022:16:49:17 +0000] "POST /jposee/isotest/send_post.html?sid=0.7880776991300096 HTTP/1.1" 200 2 
0:0:0:0:0:0:0:1 -  -  [24/oct/2022:16:49:17 +0000] "GET /jposee/isotest/showLog.html?sid=0.809824190365944&servicename=Kubo HTTP/1.1" 200 6002 
0:0:0:0:0:0:0:1 -  -  [24/oct/2022:16:49:20 +0000] "GET /jposee/isotest/showLog.html?sid=0.7428106930001563&servicename=Kubo HTTP/1.1" 200 6002 
0:0:0:0:0:0:0:1 -  -  [24/oct/2022:16:49:31 +0000] "GET /jposee/isotest/showLog.html?sid=0.08414332798956847&servicename=Kubo HTTP/1.1" 200 6002 
0:0:0:0:0:0:0:1 -  -  [24/oct/2022:16:49:41 +0000] "GET /jposee/isotest/showLog.html?sid=0.8343674532296927&servicename=Kubo HTTP/1.1" 200 6002 
0:0:0:0:0:0:0:1 -  -  [24/oct/2022:16:49:50 +0000] "GET /jposee/isotest/showLog.html?sid=0.21731030554421604&servicename=Kubo HTTP/1.1" 200 6002 
0:0:0:0:0:0:0:1 -  -  [24/oct/2022:16:50:01 +0000] "GET /jposee/isotest/showLog.html?sid=0.33284744203720185&servicename=Kubo HTTP/1.1" 200 6002 
0:0:0:0:0:0:0:1 -  -  [24/oct/2022:16:50:11 +0000] "GET /jposee/isotest/showLog.html?sid=0.8395723944902236&servicename=Kubo HTTP/1.1" 200 6002 
0:0:0:0:0:0:0:1 -  -  [24/oct/2022:16:50:21 +0000] "GET /jposee/isotest/showLog.html?sid=0.17653413811487795&servicename=Kubo HTTP/1.1" 200 6002 
0:0:0:0:0:0:0:1 -  -  [24/oct/2022:16:50:31 +0000] "GET /jposee/isotest/showLog.html?sid=0.251457301668073&servicename=Kubo HTTP/1.1" 200 6002 
0:0:0:0:0:0:0:1 -  -  [24/oct/2022:16:50:41 +0000] "GET /jposee/isotest/showLog.html?sid=0.5954658934471366&servicename=Kubo HTTP/1.1" 200 6002 
0:0:0:0:0:0:0:1 -  -  [24/oct/2022:16:50:51 +0000] "GET /jposee/isotest/showLog.html?sid=0.8033402066360686&servicename=Kubo HTTP/1.1" 200 6002 
0:0:0:0:0:0:0:1 -  -  [24/oct/2022:16:51:01 +0000] "GET /jposee/isotest/showLog.html?sid=0.3662970103656067&servicename=Kubo HTTP/1.1" 200 6002 
0:0:0:0:0:0:0:1 -  -  [24/oct/2022:16:51:11 +0000] "GET /jposee/isotest/showLog.html?sid=0.7102666076795026&servicename=Kubo HTTP/1.1" 200 6002 
0:0:0:0:0:0:0:1 -  -  [24/oct/2022:16:51:21 +0000] "GET /jposee/isotest/showLog.html?sid=0.14904210633227333&servicename=Kubo HTTP/1.1" 200 6002 
0:0:0:0:0:0:0:1 -  -  [24/oct/2022:16:51:31 +0000] "GET /jposee/isotest/showLog.html?sid=0.308615906605479&servicename=Kubo HTTP/1.1" 200 6002 
0:0:0:0:0:0:0:1 -  -  [24/oct/2022:16:51:41 +0000] "GET /jposee/isotest/showLog.html?sid=0.6037324609513721&servicename=Kubo HTTP/1.1" 200 6002 
0:0:0:0:0:0:0:1 -  -  [24/oct/2022:16:51:51 +0000] "GET /jposee/isotest/showLog.html?sid=0.29069550330343574&servicename=Kubo HTTP/1.1" 200 6002 
0:0:0:0:0:0:0:1 -  -  [24/oct/2022:16:52:01 +0000] "GET /jposee/isotest/showLog.html?sid=0.67068975946866&servicename=Kubo HTTP/1.1" 200 6002 
0:0:0:0:0:0:0:1 -  -  [24/oct/2022:16:52:11 +0000] "GET /jposee/isotest/showLog.html?sid=0.30154117052900853&servicename=Kubo HTTP/1.1" 200 6002 
0:0:0:0:0:0:0:1 -  -  [24/oct/2022:16:52:21 +0000] "GET /jposee/isotest/showLog.html?sid=0.9731642155141369&servicename=Kubo HTTP/1.1" 200 6002 
0:0:0:0:0:0:0:1 -  -  [24/oct/2022:16:52:31 +0000] "GET /jposee/isotest/showLog.html?sid=0.8899829796377074&servicename=Kubo HTTP/1.1" 200 6002 
0:0:0:0:0:0:0:1 -  -  [24/oct/2022:16:52:41 +0000] "GET /jposee/isotest/showLog.html?sid=0.9143098522410908&servicename=Kubo HTTP/1.1" 200 6002 
0:0:0:0:0:0:0:1 -  -  [24/oct/2022:16:52:51 +0000] "GET /jposee/isotest/showLog.html?sid=0.748807038391625&servicename=Kubo HTTP/1.1" 200 6002 
0:0:0:0:0:0:0:1 -  -  [24/oct/2022:16:53:01 +0000] "GET /jposee/isotest/showLog.html?sid=0.35749781790437685&servicename=Kubo HTTP/1.1" 200 6002 
0:0:0:0:0:0:0:1 -  -  [24/oct/2022:16:53:11 +0000] "GET /jposee/isotest/showLog.html?sid=0.17249879618925168&servicename=Kubo HTTP/1.1" 200 6002 
0:0:0:0:0:0:0:1 -  -  [24/oct/2022:16:53:21 +0000] "GET /jposee/isotest/showLog.html?sid=0.16457204406700687&servicename=Kubo HTTP/1.1" 200 6002 
0:0:0:0:0:0:0:1 -  -  [24/oct/2022:16:53:31 +0000] "GET /jposee/isotest/showLog.html?sid=0.9415531116539582&servicename=Kubo HTTP/1.1" 200 6002 
0:0:0:0:0:0:0:1 -  -  [24/oct/2022:16:53:41 +0000] "GET /jposee/isotest/showLog.html?sid=0.41297193735966853&servicename=Kubo HTTP/1.1" 200 6002 
0:0:0:0:0:0:0:1 -  -  [24/oct/2022:16:53:51 +0000] "GET /jposee/isotest/showLog.html?sid=0.6219404970873565&servicename=Kubo HTTP/1.1" 200 6002 
0:0:0:0:0:0:0:1 -  -  [24/oct/2022:16:54:01 +0000] "GET /jposee/isotest/showLog.html?sid=0.969105965735864&servicename=Kubo HTTP/1.1" 200 6002 
0:0:0:0:0:0:0:1 -  -  [24/oct/2022:16:54:11 +0000] "GET /jposee/isotest/showLog.html?sid=0.08806806135494116&servicename=Kubo HTTP/1.1" 200 6002 
0:0:0:0:0:0:0:1 -  -  [24/oct/2022:16:54:21 +0000] "GET /jposee/isotest/showLog.html?sid=0.1833489837362534&servicename=Kubo HTTP/1.1" 200 6002 
0:0:0:0:0:0:0:1 -  -  [24/oct/2022:16:54:31 +0000] "GET /jposee/isotest/showLog.html?sid=0.24079787999044777&servicename=Kubo HTTP/1.1" 200 6002 
0:0:0:0:0:0:0:1 -  -  [24/oct/2022:16:54:41 +0000] "GET /jposee/isotest/showLog.html?sid=0.3814634619857653&servicename=Kubo HTTP/1.1" 200 6002 
0:0:0:0:0:0:0:1 -  -  [24/oct/2022:16:54:52 +0000] "GET /jposee/isotest/showLog.html?sid=0.4382358995270341&servicename=Kubo HTTP/1.1" 200 6002 
0:0:0:0:0:0:0:1 -  -  [24/oct/2022:16:55:52 +0000] "GET /jposee/isotest/showLog.html?sid=0.9718791140962091&servicename=Kubo HTTP/1.1" 200 6002 
0:0:0:0:0:0:0:1 -  -  [24/oct/2022:16:56:52 +0000] "GET /jposee/isotest/showLog.html?sid=0.6935371428094876&servicename=Kubo HTTP/1.1" 200 6002 
0:0:0:0:0:0:0:1 -  -  [24/oct/2022:16:57:32 +0000] "GET /jposee/isotest/showLog.html?sid=0.34213735108053145&servicename=Kubo HTTP/1.1" 200 6002 
0:0:0:0:0:0:0:1 -  -  [24/oct/2022:16:57:41 +0000] "GET /jposee/isotest/showLog.html?sid=0.592331939257901&servicename=Kubo HTTP/1.1" 200 6002 
0:0:0:0:0:0:0:1 -  -  [24/oct/2022:16:57:51 +0000] "GET /jposee/isotest/showLog.html?sid=0.8464648837776623&servicename=Kubo HTTP/1.1" 200 6002 
0:0:0:0:0:0:0:1 -  -  [24/oct/2022:16:58:01 +0000] "GET /jposee/isotest/showLog.html?sid=0.18717794165467905&servicename=Kubo HTTP/1.1" 200 6002 
0:0:0:0:0:0:0:1 -  -  [24/oct/2022:16:58:11 +0000] "GET /jposee/isotest/showLog.html?sid=0.47442299786912856&servicename=Kubo HTTP/1.1" 200 6002 
0:0:0:0:0:0:0:1 -  -  [24/oct/2022:16:58:21 +0000] "GET /jposee/isotest/showLog.html?sid=0.6099220266239562&servicename=Kubo HTTP/1.1" 200 6002 
0:0:0:0:0:0:0:1 -  -  [24/oct/2022:16:58:31 +0000] "GET /jposee/isotest/showLog.html?sid=0.08151613993390949&servicename=Kubo HTTP/1.1" 200 6002 
0:0:0:0:0:0:0:1 -  -  [24/oct/2022:16:58:41 +0000] "GET /jposee/isotest/showLog.html?sid=0.6186430559660332&servicename=Kubo HTTP/1.1" 200 6002 
0:0:0:0:0:0:0:1 -  -  [24/oct/2022:16:58:52 +0000] "GET /jposee/isotest/showLog.html?sid=0.3360444142128718&servicename=Kubo HTTP/1.1" 200 6002 
0:0:0:0:0:0:0:1 -  -  [24/oct/2022:16:59:01 +0000] "GET /jposee/isotest/showLog.html?sid=0.14251445799131401&servicename=Kubo HTTP/1.1" 200 6002 
0:0:0:0:0:0:0:1 -  -  [24/oct/2022:16:59:11 +0000] "GET /jposee/isotest/showLog.html?sid=0.5705725999685041&servicename=Kubo HTTP/1.1" 200 6002 
0:0:0:0:0:0:0:1 -  -  [24/oct/2022:16:59:21 +0000] "GET /jposee/isotest/showLog.html?sid=0.8291866044438747&servicename=Kubo HTTP/1.1" 200 6002 
0:0:0:0:0:0:0:1 -  -  [24/oct/2022:16:59:31 +0000] "GET /jposee/isotest/showLog.html?sid=0.7001151989352787&servicename=Kubo HTTP/1.1" 200 6002 
0:0:0:0:0:0:0:1 -  -  [24/oct/2022:16:59:41 +0000] "GET /jposee/isotest/showLog.html?sid=0.37990105442836386&servicename=Kubo HTTP/1.1" 200 6002 
0:0:0:0:0:0:0:1 -  -  [24/oct/2022:16:59:51 +0000] "GET /jposee/isotest/showLog.html?sid=0.3248268968241046&servicename=Kubo HTTP/1.1" 200 6002 
0:0:0:0:0:0:0:1 -  -  [24/oct/2022:17:00:01 +0000] "GET /jposee/isotest/showLog.html?sid=0.0011874670947398247&servicename=Kubo HTTP/1.1" 200 6002 
0:0:0:0:0:0:0:1 -  -  [24/oct/2022:17:00:11 +0000] "GET /jposee/isotest/showLog.html?sid=0.6531059687764811&servicename=Kubo HTTP/1.1" 200 6002 
0:0:0:0:0:0:0:1 -  -  [24/oct/2022:17:00:21 +0000] "GET /jposee/isotest/showLog.html?sid=0.30401205024061384&servicename=Kubo HTTP/1.1" 200 6002 
0:0:0:0:0:0:0:1 -  -  [24/oct/2022:17:00:31 +0000] "GET /jposee/isotest/showLog.html?sid=0.4480061048283972&servicename=Kubo HTTP/1.1" 200 6002 
0:0:0:0:0:0:0:1 -  -  [24/oct/2022:17:00:41 +0000] "GET /jposee/isotest/showLog.html?sid=0.8372294589495146&servicename=Kubo HTTP/1.1" 200 6002 
0:0:0:0:0:0:0:1 -  -  [24/oct/2022:17:00:51 +0000] "GET /jposee/isotest/showLog.html?sid=0.7162653184440575&servicename=Kubo HTTP/1.1" 200 6002 
0:0:0:0:0:0:0:1 -  -  [24/oct/2022:17:01:01 +0000] "GET /jposee/isotest/showLog.html?sid=0.7583221956898951&servicename=Kubo HTTP/1.1" 200 6002 
0:0:0:0:0:0:0:1 -  -  [24/oct/2022:17:01:11 +0000] "GET /jposee/isotest/showLog.html?sid=0.8895792471139647&servicename=Kubo HTTP/1.1" 200 6002 
0:0:0:0:0:0:0:1 -  -  [24/oct/2022:17:01:21 +0000] "GET /jposee/isotest/showLog.html?sid=0.889944047800548&servicename=Kubo HTTP/1.1" 200 6002 
0:0:0:0:0:0:0:1 -  -  [24/oct/2022:17:01:31 +0000] "GET /jposee/isotest/showLog.html?sid=0.0635293797447396&servicename=Kubo HTTP/1.1" 200 6002 
0:0:0:0:0:0:0:1 -  -  [24/oct/2022:17:01:41 +0000] "GET /jposee/isotest/showLog.html?sid=0.4607337146934851&servicename=Kubo HTTP/1.1" 200 6002 
0:0:0:0:0:0:0:1 -  -  [24/oct/2022:17:01:51 +0000] "GET /jposee/isotest/showLog.html?sid=0.0736487467861835&servicename=Kubo HTTP/1.1" 200 6002 
0:0:0:0:0:0:0:1 -  -  [24/oct/2022:17:02:01 +0000] "GET /jposee/isotest/showLog.html?sid=0.4648023926810674&servicename=Kubo HTTP/1.1" 200 6002 
0:0:0:0:0:0:0:1 -  -  [24/oct/2022:17:02:11 +0000] "GET /jposee/isotest/showLog.html?sid=0.41133452086595557&servicename=Kubo HTTP/1.1" 200 6002 
0:0:0:0:0:0:0:1 -  -  [24/oct/2022:17:02:21 +0000] "GET /jposee/isotest/showLog.html?sid=0.2722545089236894&servicename=Kubo HTTP/1.1" 200 6002 
0:0:0:0:0:0:0:1 -  -  [24/oct/2022:17:02:31 +0000] "GET /jposee/isotest/showLog.html?sid=0.05475665767857052&servicename=Kubo HTTP/1.1" 200 6002 
0:0:0:0:0:0:0:1 -  -  [24/oct/2022:17:02:52 +0000] "GET /jposee/isotest/showLog.html?sid=0.613740305723244&servicename=Kubo HTTP/1.1" 200 6002 
0:0:0:0:0:0:0:1 -  -  [24/oct/2022:17:03:52 +0000] "GET /jposee/isotest/showLog.html?sid=0.7233443456785555&servicename=Kubo HTTP/1.1" 200 6002 
0:0:0:0:0:0:0:1 -  -  [24/oct/2022:17:04:52 +0000] "GET /jposee/isotest/showLog.html?sid=0.8126413767356278&servicename=Kubo HTTP/1.1" 200 6002 
0:0:0:0:0:0:0:1 -  -  [24/oct/2022:17:05:52 +0000] "GET /jposee/isotest/showLog.html?sid=0.5287905849886467&servicename=Kubo HTTP/1.1" 200 6002 
0:0:0:0:0:0:0:1 -  -  [24/oct/2022:17:06:52 +0000] "GET /jposee/isotest/showLog.html?sid=0.20560734158260252&servicename=Kubo HTTP/1.1" 200 6002 
0:0:0:0:0:0:0:1 -  -  [24/oct/2022:17:07:52 +0000] "GET /jposee/isotest/showLog.html?sid=0.9408703162931034&servicename=Kubo HTTP/1.1" 200 6002 
0:0:0:0:0:0:0:1 -  -  [24/oct/2022:17:08:52 +0000] "GET /jposee/isotest/showLog.html?sid=0.21696388160647206&servicename=Kubo HTTP/1.1" 200 6002 
0:0:0:0:0:0:0:1 -  -  [24/oct/2022:17:09:52 +0000] "GET /jposee/isotest/showLog.html?sid=0.6931003882663458&servicename=Kubo HTTP/1.1" 200 6002 
0:0:0:0:0:0:0:1 -  -  [24/oct/2022:17:10:52 +0000] "GET /jposee/isotest/showLog.html?sid=0.6515183598610013&servicename=Kubo HTTP/1.1" 200 6002 
0:0:0:0:0:0:0:1 -  -  [24/oct/2022:17:11:52 +0000] "GET /jposee/isotest/showLog.html?sid=0.9791206032991833&servicename=Kubo HTTP/1.1" 200 6002 
0:0:0:0:0:0:0:1 -  -  [24/oct/2022:17:12:19 +0000] "GET /jposee/isotest/showLog.html?sid=0.9872045073844675&servicename=Kubo HTTP/1.1" 200 6002 
0:0:0:0:0:0:0:1 -  -  [24/oct/2022:17:12:20 +0000] "GET /jposee/isotest/showLog.html?sid=0.4549524124759847&servicename=Kubo HTTP/1.1" 200 6002 
0:0:0:0:0:0:0:1 -  -  [24/oct/2022:17:12:31 +0000] "GET /jposee/isotest/showLog.html?sid=0.39464389429764424&servicename=Kubo HTTP/1.1" 200 6002 
0:0:0:0:0:0:0:1 -  -  [24/oct/2022:17:12:41 +0000] "GET /jposee/isotest/showLog.html?sid=0.6741964509283838&servicename=Kubo HTTP/1.1" 200 6002 
0:0:0:0:0:0:0:1 -  -  [24/oct/2022:17:12:51 +0000] "GET /jposee/isotest/showLog.html?sid=0.19625782763402588&servicename=Kubo HTTP/1.1" 200 6002 
0:0:0:0:0:0:0:1 -  -  [24/oct/2022:17:13:01 +0000] "GET /jposee/isotest/showLog.html?sid=0.7232251351248891&servicename=Kubo HTTP/1.1" 200 6002 
0:0:0:0:0:0:0:1 -  -  [24/oct/2022:17:13:11 +0000] "GET /jposee/isotest/showLog.html?sid=0.35804865541636643&servicename=Kubo HTTP/1.1" 200 6002 
0:0:0:0:0:0:0:1 -  -  [24/oct/2022:17:13:21 +0000] "GET /jposee/isotest/showLog.html?sid=0.27776129804163885&servicename=Kubo HTTP/1.1" 200 6002 
0:0:0:0:0:0:0:1 -  -  [24/oct/2022:17:13:31 +0000] "GET /jposee/isotest/showLog.html?sid=0.9197097978328179&servicename=Kubo HTTP/1.1" 200 6002 
0:0:0:0:0:0:0:1 -  -  [24/oct/2022:17:13:41 +0000] "GET /jposee/isotest/showLog.html?sid=0.3938191871716812&servicename=Kubo HTTP/1.1" 200 6002 
0:0:0:0:0:0:0:1 -  -  [24/oct/2022:17:13:51 +0000] "GET /jposee/isotest/showLog.html?sid=0.9958888819994152&servicename=Kubo HTTP/1.1" 200 6002 
0:0:0:0:0:0:0:1 -  -  [24/oct/2022:17:14:01 +0000] "GET /jposee/isotest/showLog.html?sid=0.09446054792553116&servicename=Kubo HTTP/1.1" 200 6002 
0:0:0:0:0:0:0:1 -  -  [24/oct/2022:17:14:11 +0000] "GET /jposee/isotest/showLog.html?sid=0.39912432476094417&servicename=Kubo HTTP/1.1" 200 6002 
0:0:0:0:0:0:0:1 -  -  [24/oct/2022:17:14:21 +0000] "GET /jposee/isotest/showLog.html?sid=0.1211072658248884&servicename=Kubo HTTP/1.1" 200 6002 
0:0:0:0:0:0:0:1 -  -  [24/oct/2022:17:14:31 +0000] "GET /jposee/isotest/showLog.html?sid=0.5520044511612576&servicename=Kubo HTTP/1.1" 200 6002 
0:0:0:0:0:0:0:1 -  -  [24/oct/2022:17:14:41 +0000] "GET /jposee/isotest/showLog.html?sid=0.5778801449331903&servicename=Kubo HTTP/1.1" 200 6002 
0:0:0:0:0:0:0:1 -  -  [24/oct/2022:17:14:51 +0000] "GET /jposee/isotest/showLog.html?sid=0.2828070329739505&servicename=Kubo HTTP/1.1" 200 6002 
0:0:0:0:0:0:0:1 -  -  [24/oct/2022:17:15:01 +0000] "GET /jposee/isotest/showLog.html?sid=0.7545338993089763&servicename=Kubo HTTP/1.1" 200 6002 
0:0:0:0:0:0:0:1 -  -  [24/oct/2022:17:15:11 +0000] "GET /jposee/isotest/showLog.html?sid=0.9548894750129118&servicename=Kubo HTTP/1.1" 200 6002 
0:0:0:0:0:0:0:1 -  -  [24/oct/2022:17:15:21 +0000] "GET /jposee/isotest/showLog.html?sid=0.01750221156109588&servicename=Kubo HTTP/1.1" 200 6002 
0:0:0:0:0:0:0:1 -  -  [24/oct/2022:17:15:31 +0000] "GET /jposee/isotest/showLog.html?sid=0.0854803202288772&servicename=Kubo HTTP/1.1" 200 6002 
0:0:0:0:0:0:0:1 -  -  [24/oct/2022:17:15:41 +0000] "GET /jposee/isotest/showLog.html?sid=0.5214285351781902&servicename=Kubo HTTP/1.1" 200 6002 
0:0:0:0:0:0:0:1 -  -  [24/oct/2022:17:15:51 +0000] "GET /jposee/isotest/showLog.html?sid=0.635993623317382&servicename=Kubo HTTP/1.1" 200 6002 
0:0:0:0:0:0:0:1 -  -  [24/oct/2022:17:16:01 +0000] "GET /jposee/isotest/showLog.html?sid=0.9649182337614026&servicename=Kubo HTTP/1.1" 200 6002 
0:0:0:0:0:0:0:1 -  -  [24/oct/2022:17:16:11 +0000] "GET /jposee/isotest/showLog.html?sid=0.4425751141246461&servicename=Kubo HTTP/1.1" 200 6002 
0:0:0:0:0:0:0:1 -  -  [24/oct/2022:17:16:21 +0000] "GET /jposee/isotest/showLog.html?sid=0.4218242083235497&servicename=Kubo HTTP/1.1" 200 6002 
0:0:0:0:0:0:0:1 -  -  [24/oct/2022:17:16:31 +0000] "GET /jposee/isotest/showLog.html?sid=0.938680996647868&servicename=Kubo HTTP/1.1" 200 6002 
0:0:0:0:0:0:0:1 -  -  [24/oct/2022:17:16:41 +0000] "GET /jposee/isotest/showLog.html?sid=0.4879627113016065&servicename=Kubo HTTP/1.1" 200 6002 
0:0:0:0:0:0:0:1 -  -  [24/oct/2022:17:16:51 +0000] "GET /jposee/isotest/showLog.html?sid=0.14964767308529048&servicename=Kubo HTTP/1.1" 200 6002 
0:0:0:0:0:0:0:1 -  -  [24/oct/2022:17:17:00 +0000] "GET /jposee/isotest/showLog.html?sid=0.7730605151795584&servicename=Kubo HTTP/1.1" 200 6002 
0:0:0:0:0:0:0:1 -  -  [24/oct/2022:17:17:10 +0000] "GET /jposee/isotest/showLog.html?sid=0.6709400752639503&servicename=Kubo HTTP/1.1" 200 6002 
0:0:0:0:0:0:0:1 -  -  [24/oct/2022:17:17:20 +0000] "GET /jposee/isotest/showLog.html?sid=0.7043007437183286&servicename=Kubo HTTP/1.1" 200 6002 
0:0:0:0:0:0:0:1 -  -  [24/oct/2022:17:17:30 +0000] "GET /jposee/isotest/showLog.html?sid=0.3942174294003722&servicename=Kubo HTTP/1.1" 200 6002 
0:0:0:0:0:0:0:1 -  -  [24/oct/2022:17:17:40 +0000] "GET /jposee/isotest/showLog.html?sid=0.19720803334020887&servicename=Kubo HTTP/1.1" 200 6002 
0:0:0:0:0:0:0:1 -  -  [24/oct/2022:17:17:51 +0000] "GET /jposee/isotest/showLog.html?sid=0.006668250604880965&servicename=Kubo HTTP/1.1" 200 6002 
0:0:0:0:0:0:0:1 -  -  [24/oct/2022:17:18:51 +0000] "GET /jposee/isotest/showLog.html?sid=0.7069919738938744&servicename=Kubo HTTP/1.1" 200 6002 
0:0:0:0:0:0:0:1 -  -  [24/oct/2022:17:19:51 +0000] "GET /jposee/isotest/showLog.html?sid=0.4907514792463894&servicename=Kubo HTTP/1.1" 200 6002 
0:0:0:0:0:0:0:1 -  -  [24/oct/2022:17:20:51 +0000] "GET /jposee/isotest/showLog.html?sid=0.6836894035126226&servicename=Kubo HTTP/1.1" 200 6002 
0:0:0:0:0:0:0:1 -  -  [24/oct/2022:17:21:51 +0000] "GET /jposee/isotest/showLog.html?sid=0.03769634431541791&servicename=Kubo HTTP/1.1" 200 6002 
0:0:0:0:0:0:0:1 -  -  [24/oct/2022:17:22:51 +0000] "GET /jposee/isotest/showLog.html?sid=0.42546770455933625&servicename=Kubo HTTP/1.1" 200 6002 
0:0:0:0:0:0:0:1 -  -  [24/oct/2022:17:23:51 +0000] "GET /jposee/isotest/showLog.html?sid=0.885186497046814&servicename=Kubo HTTP/1.1" 200 6002 
0:0:0:0:0:0:0:1 -  -  [24/oct/2022:17:24:51 +0000] "GET /jposee/isotest/showLog.html?sid=0.4871486363797748&servicename=Kubo HTTP/1.1" 200 6002 
0:0:0:0:0:0:0:1 -  -  [24/oct/2022:17:25:51 +0000] "GET /jposee/isotest/showLog.html?sid=0.15650681856386495&servicename=Kubo HTTP/1.1" 200 6002 
0:0:0:0:0:0:0:1 -  -  [24/oct/2022:17:26:51 +0000] "GET /jposee/isotest/showLog.html?sid=0.14635789163930535&servicename=Kubo HTTP/1.1" 200 6002 
0:0:0:0:0:0:0:1 -  -  [24/oct/2022:17:27:51 +0000] "GET /jposee/isotest/showLog.html?sid=0.3910054459693779&servicename=Kubo HTTP/1.1" 200 6002 
0:0:0:0:0:0:0:1 -  -  [24/oct/2022:17:28:51 +0000] "GET /jposee/isotest/showLog.html?sid=0.2198842135934418&servicename=Kubo HTTP/1.1" 200 6002 
0:0:0:0:0:0:0:1 -  -  [24/oct/2022:17:29:51 +0000] "GET /jposee/isotest/showLog.html?sid=0.7797694931731285&servicename=Kubo HTTP/1.1" 200 6002 
0:0:0:0:0:0:0:1 -  -  [24/oct/2022:17:30:51 +0000] "GET /jposee/isotest/showLog.html?sid=0.5476842466193472&servicename=Kubo HTTP/1.1" 200 6002 
0:0:0:0:0:0:0:1 -  -  [24/oct/2022:17:31:23 +0000] "GET /jposee/isotest/showLog.html?sid=0.8983656979701171&servicename=Kubo HTTP/1.1" 200 6002 
0:0:0:0:0:0:0:1 -  -  [24/oct/2022:17:31:30 +0000] "GET /jposee/isotest/showLog.html?sid=0.04558579735377766&servicename=Kubo HTTP/1.1" 200 6002 
0:0:0:0:0:0:0:1 -  -  [24/oct/2022:17:31:40 +0000] "GET /jposee/isotest/showLog.html?sid=0.6773457840139812&servicename=Kubo HTTP/1.1" 200 6002 
0:0:0:0:0:0:0:1 -  -  [24/oct/2022:17:31:50 +0000] "GET /jposee/isotest/showLog.html?sid=0.5389561872949664&servicename=Kubo HTTP/1.1" 200 6002 
0:0:0:0:0:0:0:1 -  -  [24/oct/2022:17:32:00 +0000] "GET /jposee/isotest/showLog.html?sid=0.9965625831412908&servicename=Kubo HTTP/1.1" 200 6002 
0:0:0:0:0:0:0:1 -  -  [24/oct/2022:17:32:10 +0000] "GET /jposee/isotest/showLog.html?sid=0.23399821529304332&servicename=Kubo HTTP/1.1" 200 6002 
0:0:0:0:0:0:0:1 -  -  [24/oct/2022:17:32:20 +0000] "GET /jposee/isotest/showLog.html?sid=0.9774401480100403&servicename=Kubo HTTP/1.1" 200 6002 
0:0:0:0:0:0:0:1 -  -  [24/oct/2022:17:32:30 +0000] "GET /jposee/isotest/showLog.html?sid=0.8461495755544206&servicename=Kubo HTTP/1.1" 200 6002 
0:0:0:0:0:0:0:1 -  -  [24/oct/2022:17:32:40 +0000] "GET /jposee/isotest/showLog.html?sid=0.43153456452611527&servicename=Kubo HTTP/1.1" 200 6002 
0:0:0:0:0:0:0:1 -  -  [24/oct/2022:17:32:50 +0000] "GET /jposee/isotest/showLog.html?sid=0.06307550089265512&servicename=Kubo HTTP/1.1" 200 6002 
0:0:0:0:0:0:0:1 -  -  [24/oct/2022:17:33:00 +0000] "GET /jposee/isotest/showLog.html?sid=0.14521722283177696&servicename=Kubo HTTP/1.1" 200 6002 
0:0:0:0:0:0:0:1 -  -  [24/oct/2022:17:33:10 +0000] "GET /jposee/isotest/showLog.html?sid=0.4628491715776728&servicename=Kubo HTTP/1.1" 200 6002 
0:0:0:0:0:0:0:1 -  -  [24/oct/2022:17:33:20 +0000] "GET /jposee/isotest/showLog.html?sid=0.4307325170774019&servicename=Kubo HTTP/1.1" 200 6002 
0:0:0:0:0:0:0:1 -  -  [24/oct/2022:17:33:30 +0000] "GET /jposee/isotest/showLog.html?sid=0.8599234540502709&servicename=Kubo HTTP/1.1" 200 6002 
0:0:0:0:0:0:0:1 -  -  [24/oct/2022:17:33:40 +0000] "GET /jposee/isotest/showLog.html?sid=0.2823023768780999&servicename=Kubo HTTP/1.1" 200 6002 
0:0:0:0:0:0:0:1 -  -  [24/oct/2022:17:33:50 +0000] "GET /jposee/isotest/showLog.html?sid=0.27333734259835274&servicename=Kubo HTTP/1.1" 200 6002 
0:0:0:0:0:0:0:1 -  -  [24/oct/2022:17:34:00 +0000] "GET /jposee/isotest/showLog.html?sid=0.8619397660177925&servicename=Kubo HTTP/1.1" 200 6002 
0:0:0:0:0:0:0:1 -  -  [24/oct/2022:17:34:10 +0000] "GET /jposee/isotest/showLog.html?sid=0.2302205132992714&servicename=Kubo HTTP/1.1" 200 6002 
0:0:0:0:0:0:0:1 -  -  [24/oct/2022:17:34:20 +0000] "GET /jposee/isotest/showLog.html?sid=0.7804697908195772&servicename=Kubo HTTP/1.1" 200 6002 
0:0:0:0:0:0:0:1 -  -  [24/oct/2022:17:34:30 +0000] "GET /jposee/isotest/showLog.html?sid=0.37793965539410546&servicename=Kubo HTTP/1.1" 200 6002 
0:0:0:0:0:0:0:1 -  -  [24/oct/2022:17:34:40 +0000] "GET /jposee/isotest/showLog.html?sid=0.9499087725436246&servicename=Kubo HTTP/1.1" 200 6002 
0:0:0:0:0:0:0:1 -  -  [24/oct/2022:17:34:50 +0000] "GET /jposee/isotest/showLog.html?sid=0.4128233167632491&servicename=Kubo HTTP/1.1" 200 6002 
0:0:0:0:0:0:0:1 -  -  [24/oct/2022:17:35:00 +0000] "GET /jposee/isotest/showLog.html?sid=0.09980636977585533&servicename=Kubo HTTP/1.1" 200 6002 
0:0:0:0:0:0:0:1 -  -  [24/oct/2022:17:35:10 +0000] "GET /jposee/isotest/showLog.html?sid=0.47811449052766575&servicename=Kubo HTTP/1.1" 200 6002 
0:0:0:0:0:0:0:1 -  -  [24/oct/2022:17:35:20 +0000] "GET /jposee/isotest/showLog.html?sid=0.56654917582673&servicename=Kubo HTTP/1.1" 200 6002 
0:0:0:0:0:0:0:1 -  -  [24/oct/2022:17:35:30 +0000] "GET /jposee/isotest/showLog.html?sid=0.6048842005933359&servicename=Kubo HTTP/1.1" 200 6002 
0:0:0:0:0:0:0:1 -  -  [24/oct/2022:17:35:40 +0000] "GET /jposee/isotest/showLog.html?sid=0.6347647503409461&servicename=Kubo HTTP/1.1" 200 6002 
0:0:0:0:0:0:0:1 -  -  [24/oct/2022:17:35:50 +0000] "GET /jposee/isotest/showLog.html?sid=0.2087539498874933&servicename=Kubo HTTP/1.1" 200 6002 
0:0:0:0:0:0:0:1 -  -  [24/oct/2022:17:36:00 +0000] "GET /jposee/isotest/showLog.html?sid=0.9457027190779714&servicename=Kubo HTTP/1.1" 200 6002 
0:0:0:0:0:0:0:1 -  -  [24/oct/2022:17:36:10 +0000] "GET /jposee/isotest/showLog.html?sid=0.6041759689147872&servicename=Kubo HTTP/1.1" 200 6002 
0:0:0:0:0:0:0:1 -  -  [24/oct/2022:17:36:20 +0000] "GET /jposee/isotest/showLog.html?sid=0.24751023572426778&servicename=Kubo HTTP/1.1" 200 6002 
0:0:0:0:0:0:0:1 -  -  [24/oct/2022:17:36:30 +0000] "GET /jposee/isotest/showLog.html?sid=0.19969220036142432&servicename=Kubo HTTP/1.1" 200 6002 
0:0:0:0:0:0:0:1 -  -  [24/oct/2022:17:36:40 +0000] "GET /jposee/isotest/showLog.html?sid=0.9808415134243109&servicename=Kubo HTTP/1.1" 200 6002 
0:0:0:0:0:0:0:1 -  -  [24/oct/2022:17:36:51 +0000] "GET /jposee/isotest/showLog.html?sid=0.41833515610606553&servicename=Kubo HTTP/1.1" 200 6002 
0:0:0:0:0:0:0:1 -  -  [24/oct/2022:17:37:51 +0000] "GET /jposee/isotest/showLog.html?sid=0.28925703188833296&servicename=Kubo HTTP/1.1" 200 6002 
0:0:0:0:0:0:0:1 -  -  [24/oct/2022:17:38:51 +0000] "GET /jposee/isotest/showLog.html?sid=0.9307282936362777&servicename=Kubo HTTP/1.1" 200 6002 
0:0:0:0:0:0:0:1 -  -  [24/oct/2022:17:39:51 +0000] "GET /jposee/isotest/showLog.html?sid=0.21352500602605362&servicename=Kubo HTTP/1.1" 200 6002 
0:0:0:0:0:0:0:1 -  -  [24/oct/2022:17:40:51 +0000] "GET /jposee/isotest/showLog.html?sid=0.9896522935961267&servicename=Kubo HTTP/1.1" 200 6002 
0:0:0:0:0:0:0:1 -  -  [24/oct/2022:17:41:51 +0000] "GET /jposee/isotest/showLog.html?sid=0.7929824595062958&servicename=Kubo HTTP/1.1" 200 6002 
0:0:0:0:0:0:0:1 -  -  [24/oct/2022:17:42:51 +0000] "GET /jposee/isotest/showLog.html?sid=0.46400764610748846&servicename=Kubo HTTP/1.1" 200 6002 
0:0:0:0:0:0:0:1 -  -  [24/oct/2022:17:43:51 +0000] "GET /jposee/isotest/showLog.html?sid=0.25490844088222886&servicename=Kubo HTTP/1.1" 200 6002 
0:0:0:0:0:0:0:1 -  -  [24/oct/2022:17:44:52 +0000] "GET /jposee/isotest/showLog.html?sid=0.0646656933339278&servicename=Kubo HTTP/1.1" 200 6002 
0:0:0:0:0:0:0:1 -  -  [24/oct/2022:17:45:51 +0000] "GET /jposee/isotest/showLog.html?sid=0.060128136845192914&servicename=Kubo HTTP/1.1" 200 6002 
0:0:0:0:0:0:0:1 -  -  [24/oct/2022:17:46:51 +0000] "GET /jposee/isotest/showLog.html?sid=0.4596552151535449&servicename=Kubo HTTP/1.1" 200 6002 
0:0:0:0:0:0:0:1 -  -  [24/oct/2022:17:47:51 +0000] "GET /jposee/isotest/showLog.html?sid=0.8825418479409999&servicename=Kubo HTTP/1.1" 200 6002 
0:0:0:0:0:0:0:1 -  -  [24/oct/2022:17:48:51 +0000] "GET /jposee/isotest/showLog.html?sid=0.6625532199848969&servicename=Kubo HTTP/1.1" 200 6002 
0:0:0:0:0:0:0:1 -  -  [24/oct/2022:17:49:51 +0000] "GET /jposee/isotest/showLog.html?sid=0.5861651741390324&servicename=Kubo HTTP/1.1" 200 6002 
0:0:0:0:0:0:0:1 -  -  [24/oct/2022:17:50:51 +0000] "GET /jposee/isotest/showLog.html?sid=0.2748340935366176&servicename=Kubo HTTP/1.1" 200 6002 
0:0:0:0:0:0:0:1 -  -  [24/oct/2022:17:51:51 +0000] "GET /jposee/isotest/showLog.html?sid=0.5921758747678323&servicename=Kubo HTTP/1.1" 200 6002 
0:0:0:0:0:0:0:1 -  -  [24/oct/2022:17:52:38 +0000] "GET /jposee/isotest/showLog.html?sid=0.47858782637834385&servicename=Kubo HTTP/1.1" 200 6002 
0:0:0:0:0:0:0:1 -  -  [24/oct/2022:17:52:40 +0000] "GET /jposee/isotest/showLog.html?sid=0.7544030157088533&servicename=Kubo HTTP/1.1" 200 6002 
