0:0:0:0:0:0:0:1 -  -  [02/mar./2021:21:39:49 +0000] "GET /favicon.ico HTTP/1.1" 404 1376 
0:0:0:0:0:0:0:1 -  -  [02/mar./2021:21:39:57 +0000] "GET /jposee HTTP/1.1" 302 0 
0:0:0:0:0:0:0:1 -  -  [02/mar./2021:21:39:57 +0000] "GET /jposee/ HTTP/1.1" 302 0 
0:0:0:0:0:0:0:1 -  -  [02/mar./2021:21:39:57 +0000] "GET /jposee/login.html HTTP/1.1" 200 3820 
127.0.0.1 -  -  [02/mar./2021:21:39:57 +0000] "GET /jposee/style.css HTTP/1.1" 200 5840 
0:0:0:0:0:0:0:1 -  -  [02/mar./2021:21:39:57 +0000] "GET /jposee/css/cssmenu.css HTTP/1.1" 200 8896 
0:0:0:0:0:0:0:1 -  -  [02/mar./2021:21:39:57 +0000] "GET /jposee/js/cookies.js HTTP/1.1" 200 350 
127.0.0.1 -  -  [02/mar./2021:21:39:57 +0000] "GET /jposee/images/jpos_t.jpg HTTP/1.1" 200 1902 
127.0.0.1 -  -  [02/mar./2021:21:39:57 +0000] "GET /jposee/js/md5.js HTTP/1.1" 200 9308 
0:0:0:0:0:0:0:1 -  -  [02/mar./2021:21:39:57 +0000] "GET /jposee/images/go.gif HTTP/1.1" 200 983 
0:0:0:0:0:0:0:1 -  -  [02/mar./2021:21:40:02 +0000] "POST /jposee/login.html HTTP/1.1" 302 0 
0:0:0:0:0:0:0:1 -  -  [02/mar./2021:21:40:02 +0000] "GET /jposee/ HTTP/1.1" 200 5410 
0:0:0:0:0:0:0:1 -  -  [02/mar./2021:21:40:04 +0000] "GET /jposee/isotest/list.html HTTP/1.1" 200 7571 
0:0:0:0:0:0:0:1 -  -  [02/mar./2021:21:40:04 +0000] "GET /jposee/js/listinfo.js HTTP/1.1" 200 1757 
0:0:0:0:0:0:0:1 -  -  [02/mar./2021:21:40:04 +0000] "GET /jposee/isotest/list_data_nameregistrar.html?sid=0.4445102803749519 HTTP/1.1" 200 72 
0:0:0:0:0:0:0:1 -  -  [02/mar./2021:21:40:10 +0000] "GET /jposee/isotest/list_data_nameregistrar.html?sid=0.05232552942399904 HTTP/1.1" 200 72 
0:0:0:0:0:0:0:1 -  -  [02/mar./2021:21:40:15 +0000] "GET /jposee/isotest/list_data_nameregistrar.html?sid=0.07082789324272731 HTTP/1.1" 200 72 
0:0:0:0:0:0:0:1 -  -  [02/mar./2021:21:40:20 +0000] "GET /jposee/isotest/list_data_nameregistrar.html?sid=0.014328612451151468 HTTP/1.1" 200 72 
0:0:0:0:0:0:0:1 -  -  [02/mar./2021:21:40:25 +0000] "GET /jposee/isotest/list_data_nameregistrar.html?sid=0.0640293368760334 HTTP/1.1" 200 72 
0:0:0:0:0:0:0:1 -  -  [02/mar./2021:21:40:30 +0000] "GET /jposee/isotest/list_data_nameregistrar.html?sid=0.5207710967487809 HTTP/1.1" 200 72 
0:0:0:0:0:0:0:1 -  -  [02/mar./2021:21:40:35 +0000] "GET /jposee/isotest/list_data_nameregistrar.html?sid=0.5149799691872354 HTTP/1.1" 200 72 
0:0:0:0:0:0:0:1 -  -  [02/mar./2021:21:40:40 +0000] "GET /jposee/isotest/list_data_nameregistrar.html?sid=0.49167471907751237 HTTP/1.1" 200 72 
0:0:0:0:0:0:0:1 -  -  [02/mar./2021:21:40:45 +0000] "GET /jposee/isotest/list_data_nameregistrar.html?sid=0.9920202512269878 HTTP/1.1" 200 72 
0:0:0:0:0:0:0:1 -  -  [02/mar./2021:21:40:50 +0000] "GET /jposee/isotest/list_data_nameregistrar.html?sid=0.5653389769452202 HTTP/1.1" 200 72 
0:0:0:0:0:0:0:1 -  -  [02/mar./2021:21:40:55 +0000] "GET /jposee/isotest/list_data_nameregistrar.html?sid=0.9322291034798385 HTTP/1.1" 200 72 
0:0:0:0:0:0:0:1 -  -  [02/mar./2021:21:41:00 +0000] "GET /jposee/isotest/list_data_nameregistrar.html?sid=0.6676858463066944 HTTP/1.1" 200 72 
0:0:0:0:0:0:0:1 -  -  [02/mar./2021:21:41:05 +0000] "GET /jposee/isotest/list_data_nameregistrar.html?sid=0.43490542989128 HTTP/1.1" 200 72 
0:0:0:0:0:0:0:1 -  -  [02/mar./2021:21:41:10 +0000] "GET /jposee/isotest/list_data_nameregistrar.html?sid=0.5839341062898427 HTTP/1.1" 200 72 
0:0:0:0:0:0:0:1 -  -  [02/mar./2021:21:41:14 +0000] "GET /jposee/isotest/send.html?servicename=Servibanca HTTP/1.1" 200 15716 
0:0:0:0:0:0:0:1 -  -  [02/mar./2021:21:41:14 +0000] "GET /jposee/js/showlog.js HTTP/1.1" 200 4803 
0:0:0:0:0:0:0:1 -  -  [02/mar./2021:21:41:14 +0000] "GET /jposee/js/sendmessage.js HTTP/1.1" 200 2318 
0:0:0:0:0:0:0:1 -  -  [02/mar./2021:21:41:24 +0000] "GET /jposee/isotest/showLog.html?sid=0.49258275542359975&servicename=Servibanca HTTP/1.1" 200 6002 
0:0:0:0:0:0:0:1 -  -  [02/mar./2021:21:41:34 +0000] "GET /jposee/isotest/showLog.html?sid=0.9504859119651616&servicename=Servibanca HTTP/1.1" 200 6002 
0:0:0:0:0:0:0:1 -  -  [02/mar./2021:21:41:44 +0000] "GET /jposee/isotest/showLog.html?sid=0.11491436517404097&servicename=Servibanca HTTP/1.1" 200 6002 
0:0:0:0:0:0:0:1 -  -  [02/mar./2021:21:41:54 +0000] "GET /jposee/isotest/showLog.html?sid=0.8528800254828406&servicename=Servibanca HTTP/1.1" 200 6002 
0:0:0:0:0:0:0:1 -  -  [02/mar./2021:21:42:04 +0000] "GET /jposee/isotest/showLog.html?sid=0.4490891349464443&servicename=Servibanca HTTP/1.1" 200 6002 
0:0:0:0:0:0:0:1 -  -  [02/mar./2021:21:42:14 +0000] "GET /jposee/isotest/showLog.html?sid=0.6647214901363248&servicename=Servibanca HTTP/1.1" 200 6002 
0:0:0:0:0:0:0:1 -  -  [02/mar./2021:21:42:24 +0000] "GET /jposee/isotest/showLog.html?sid=0.3814688592595725&servicename=Servibanca HTTP/1.1" 200 6002 
0:0:0:0:0:0:0:1 -  -  [02/mar./2021:21:42:34 +0000] "GET /jposee/isotest/showLog.html?sid=0.226629369675303&servicename=Servibanca HTTP/1.1" 200 6002 
0:0:0:0:0:0:0:1 -  -  [02/mar./2021:21:42:44 +0000] "GET /jposee/isotest/showLog.html?sid=0.7380149249460608&servicename=Servibanca HTTP/1.1" 200 6002 
0:0:0:0:0:0:0:1 -  -  [02/mar./2021:21:42:54 +0000] "GET /jposee/isotest/showLog.html?sid=0.5941633130164468&servicename=Servibanca HTTP/1.1" 200 6002 
0:0:0:0:0:0:0:1 -  -  [02/mar./2021:21:43:04 +0000] "GET /jposee/isotest/showLog.html?sid=0.511311489187853&servicename=Servibanca HTTP/1.1" 200 6002 
0:0:0:0:0:0:0:1 -  -  [02/mar./2021:21:43:14 +0000] "GET /jposee/isotest/showLog.html?sid=0.9059568629938739&servicename=Servibanca HTTP/1.1" 200 6002 
0:0:0:0:0:0:0:1 -  -  [02/mar./2021:21:43:24 +0000] "GET /jposee/isotest/showLog.html?sid=0.001925634903320983&servicename=Servibanca HTTP/1.1" 200 6002 
0:0:0:0:0:0:0:1 -  -  [02/mar./2021:21:43:34 +0000] "GET /jposee/isotest/showLog.html?sid=0.05889009335421602&servicename=Servibanca HTTP/1.1" 200 6002 
0:0:0:0:0:0:0:1 -  -  [02/mar./2021:21:43:44 +0000] "GET /jposee/isotest/showLog.html?sid=0.7557753092098891&servicename=Servibanca HTTP/1.1" 200 6002 
0:0:0:0:0:0:0:1 -  -  [02/mar./2021:21:43:54 +0000] "GET /jposee/isotest/showLog.html?sid=0.5279033525400638&servicename=Servibanca HTTP/1.1" 200 6002 
0:0:0:0:0:0:0:1 -  -  [02/mar./2021:21:44:04 +0000] "GET /jposee/isotest/showLog.html?sid=0.981259911054021&servicename=Servibanca HTTP/1.1" 200 6002 
0:0:0:0:0:0:0:1 -  -  [02/mar./2021:21:44:14 +0000] "GET /jposee/isotest/showLog.html?sid=0.9412832916145444&servicename=Servibanca HTTP/1.1" 200 6002 
0:0:0:0:0:0:0:1 -  -  [02/mar./2021:21:44:24 +0000] "GET /jposee/isotest/showLog.html?sid=0.7416256322158064&servicename=Servibanca HTTP/1.1" 200 6002 
0:0:0:0:0:0:0:1 -  -  [02/mar./2021:21:44:34 +0000] "GET /jposee/isotest/showLog.html?sid=0.4140256814742749&servicename=Servibanca HTTP/1.1" 200 6002 
0:0:0:0:0:0:0:1 -  -  [02/mar./2021:21:44:47 +0000] "GET /jposee/isotest/showLog.html?sid=0.61596706956122&servicename=Servibanca HTTP/1.1" 200 6002 
0:0:0:0:0:0:0:1 -  -  [02/mar./2021:21:44:54 +0000] "GET /jposee/isotest/showLog.html?sid=0.18528984260558024&servicename=Servibanca HTTP/1.1" 200 6002 
0:0:0:0:0:0:0:1 -  -  [02/mar./2021:21:45:04 +0000] "GET /jposee/isotest/showLog.html?sid=0.6313145250363617&servicename=Servibanca HTTP/1.1" 200 6002 
0:0:0:0:0:0:0:1 -  -  [02/mar./2021:21:45:14 +0000] "GET /jposee/isotest/showLog.html?sid=0.08865923818834132&servicename=Servibanca HTTP/1.1" 200 6002 
0:0:0:0:0:0:0:1 -  -  [02/mar./2021:21:45:24 +0000] "GET /jposee/isotest/showLog.html?sid=0.27136229832864966&servicename=Servibanca HTTP/1.1" 200 6002 
0:0:0:0:0:0:0:1 -  -  [02/mar./2021:21:45:34 +0000] "GET /jposee/isotest/showLog.html?sid=0.5136792437514437&servicename=Servibanca HTTP/1.1" 200 6002 
0:0:0:0:0:0:0:1 -  -  [02/mar./2021:21:45:44 +0000] "GET /jposee/isotest/showLog.html?sid=0.8966018126526858&servicename=Servibanca HTTP/1.1" 200 6002 
0:0:0:0:0:0:0:1 -  -  [02/mar./2021:21:45:54 +0000] "GET /jposee/isotest/showLog.html?sid=0.36569765005269983&servicename=Servibanca HTTP/1.1" 200 6002 
0:0:0:0:0:0:0:1 -  -  [02/mar./2021:21:46:04 +0000] "GET /jposee/isotest/showLog.html?sid=0.8709488394364575&servicename=Servibanca HTTP/1.1" 200 6002 
0:0:0:0:0:0:0:1 -  -  [02/mar./2021:21:46:14 +0000] "GET /jposee/isotest/showLog.html?sid=0.08891434486493255&servicename=Servibanca HTTP/1.1" 200 6002 
0:0:0:0:0:0:0:1 -  -  [02/mar./2021:21:46:24 +0000] "GET /jposee/isotest/showLog.html?sid=0.01789233676643942&servicename=Servibanca HTTP/1.1" 200 6002 
0:0:0:0:0:0:0:1 -  -  [02/mar./2021:21:46:34 +0000] "GET /jposee/isotest/showLog.html?sid=0.5013858760018672&servicename=Servibanca HTTP/1.1" 200 6002 
0:0:0:0:0:0:0:1 -  -  [02/mar./2021:21:46:44 +0000] "GET /jposee/isotest/showLog.html?sid=0.9225137722239236&servicename=Servibanca HTTP/1.1" 200 6002 
0:0:0:0:0:0:0:1 -  -  [02/mar./2021:21:46:54 +0000] "GET /jposee/isotest/showLog.html?sid=0.9728087882881968&servicename=Servibanca HTTP/1.1" 200 6002 
0:0:0:0:0:0:0:1 -  -  [02/mar./2021:21:47:04 +0000] "GET /jposee/isotest/showLog.html?sid=0.6083774038683478&servicename=Servibanca HTTP/1.1" 200 6002 
0:0:0:0:0:0:0:1 -  -  [02/mar./2021:21:47:14 +0000] "GET /jposee/isotest/showLog.html?sid=0.17646602522962818&servicename=Servibanca HTTP/1.1" 200 6002 
0:0:0:0:0:0:0:1 -  -  [02/mar./2021:21:47:24 +0000] "GET /jposee/isotest/showLog.html?sid=0.10874267540324634&servicename=Servibanca HTTP/1.1" 200 6002 
0:0:0:0:0:0:0:1 -  -  [02/mar./2021:21:47:34 +0000] "GET /jposee/isotest/showLog.html?sid=0.4604845359429264&servicename=Servibanca HTTP/1.1" 200 6002 
0:0:0:0:0:0:0:1 -  -  [02/mar./2021:21:47:44 +0000] "GET /jposee/isotest/showLog.html?sid=0.6737687300355002&servicename=Servibanca HTTP/1.1" 200 6002 
0:0:0:0:0:0:0:1 -  -  [02/mar./2021:21:47:54 +0000] "GET /jposee/isotest/showLog.html?sid=0.9554449529499445&servicename=Servibanca HTTP/1.1" 200 6002 
0:0:0:0:0:0:0:1 -  -  [02/mar./2021:21:48:04 +0000] "GET /jposee/isotest/showLog.html?sid=0.4413150735749394&servicename=Servibanca HTTP/1.1" 200 6002 
0:0:0:0:0:0:0:1 -  -  [02/mar./2021:21:48:14 +0000] "GET /jposee/isotest/showLog.html?sid=0.16159923991085257&servicename=Servibanca HTTP/1.1" 200 6002 
0:0:0:0:0:0:0:1 -  -  [02/mar./2021:21:48:24 +0000] "GET /jposee/isotest/showLog.html?sid=0.6980129382941556&servicename=Servibanca HTTP/1.1" 200 6002 
0:0:0:0:0:0:0:1 -  -  [02/mar./2021:21:48:34 +0000] "GET /jposee/isotest/showLog.html?sid=0.9221984706729793&servicename=Servibanca HTTP/1.1" 200 6002 
0:0:0:0:0:0:0:1 -  -  [02/mar./2021:21:48:44 +0000] "GET /jposee/isotest/showLog.html?sid=0.512829049456115&servicename=Servibanca HTTP/1.1" 200 6002 
0:0:0:0:0:0:0:1 -  -  [02/mar./2021:21:48:54 +0000] "GET /jposee/isotest/showLog.html?sid=0.3270926759025672&servicename=Servibanca HTTP/1.1" 200 6002 
0:0:0:0:0:0:0:1 -  -  [02/mar./2021:21:49:04 +0000] "GET /jposee/isotest/showLog.html?sid=0.7062937487996335&servicename=Servibanca HTTP/1.1" 200 6002 
0:0:0:0:0:0:0:1 -  -  [02/mar./2021:21:49:14 +0000] "GET /jposee/isotest/showLog.html?sid=0.5707241843510629&servicename=Servibanca HTTP/1.1" 200 6002 
0:0:0:0:0:0:0:1 -  -  [02/mar./2021:21:49:24 +0000] "GET /jposee/isotest/showLog.html?sid=0.983991964348482&servicename=Servibanca HTTP/1.1" 200 6002 
0:0:0:0:0:0:0:1 -  -  [02/mar./2021:21:49:34 +0000] "GET /jposee/isotest/showLog.html?sid=0.4920624587901281&servicename=Servibanca HTTP/1.1" 200 6002 
0:0:0:0:0:0:0:1 -  -  [02/mar./2021:21:49:44 +0000] "GET /jposee/isotest/showLog.html?sid=0.14940567323011855&servicename=Servibanca HTTP/1.1" 200 6002 
0:0:0:0:0:0:0:1 -  -  [02/mar./2021:21:49:54 +0000] "GET /jposee/isotest/showLog.html?sid=0.6340733736764252&servicename=Servibanca HTTP/1.1" 200 6002 
0:0:0:0:0:0:0:1 -  -  [02/mar./2021:21:50:04 +0000] "GET /jposee/isotest/showLog.html?sid=0.19920762934422775&servicename=Servibanca HTTP/1.1" 200 6002 
0:0:0:0:0:0:0:1 -  -  [02/mar./2021:21:50:14 +0000] "GET /jposee/isotest/showLog.html?sid=0.43786726925052477&servicename=Servibanca HTTP/1.1" 200 6002 
0:0:0:0:0:0:0:1 -  -  [02/mar./2021:21:50:24 +0000] "GET /jposee/isotest/showLog.html?sid=0.6398839806935968&servicename=Servibanca HTTP/1.1" 200 6002 
0:0:0:0:0:0:0:1 -  -  [02/mar./2021:21:50:34 +0000] "GET /jposee/isotest/showLog.html?sid=0.2730358346356845&servicename=Servibanca HTTP/1.1" 200 6002 
0:0:0:0:0:0:0:1 -  -  [02/mar./2021:21:50:44 +0000] "GET /jposee/isotest/showLog.html?sid=0.959951290667844&servicename=Servibanca HTTP/1.1" 200 6002 
0:0:0:0:0:0:0:1 -  -  [02/mar./2021:21:50:54 +0000] "GET /jposee/isotest/showLog.html?sid=0.1308719598936834&servicename=Servibanca HTTP/1.1" 200 6002 
0:0:0:0:0:0:0:1 -  -  [02/mar./2021:21:51:04 +0000] "GET /jposee/isotest/showLog.html?sid=0.9567746076805386&servicename=Servibanca HTTP/1.1" 200 6002 
0:0:0:0:0:0:0:1 -  -  [02/mar./2021:21:51:14 +0000] "GET /jposee/isotest/showLog.html?sid=0.42422827796996354&servicename=Servibanca HTTP/1.1" 200 6002 
0:0:0:0:0:0:0:1 -  -  [02/mar./2021:21:51:24 +0000] "GET /jposee/isotest/showLog.html?sid=0.10259622438550808&servicename=Servibanca HTTP/1.1" 200 6002 
0:0:0:0:0:0:0:1 -  -  [02/mar./2021:21:51:34 +0000] "GET /jposee/isotest/showLog.html?sid=0.9656452545554692&servicename=Servibanca HTTP/1.1" 200 6002 
0:0:0:0:0:0:0:1 -  -  [02/mar./2021:21:51:44 +0000] "GET /jposee/isotest/showLog.html?sid=0.8857555462594646&servicename=Servibanca HTTP/1.1" 200 6002 
0:0:0:0:0:0:0:1 -  -  [02/mar./2021:21:51:54 +0000] "GET /jposee/isotest/showLog.html?sid=0.48908345808921916&servicename=Servibanca HTTP/1.1" 200 6002 
0:0:0:0:0:0:0:1 -  -  [02/mar./2021:21:52:04 +0000] "GET /jposee/isotest/showLog.html?sid=0.8198214131734181&servicename=Servibanca HTTP/1.1" 200 6002 
0:0:0:0:0:0:0:1 -  -  [02/mar./2021:21:52:14 +0000] "GET /jposee/isotest/showLog.html?sid=0.8557071100051923&servicename=Servibanca HTTP/1.1" 200 6002 
0:0:0:0:0:0:0:1 -  -  [02/mar./2021:21:52:24 +0000] "GET /jposee/isotest/showLog.html?sid=0.6038287357747518&servicename=Servibanca HTTP/1.1" 200 6002 
0:0:0:0:0:0:0:1 -  -  [02/mar./2021:21:52:34 +0000] "GET /jposee/isotest/showLog.html?sid=0.8339567877793277&servicename=Servibanca HTTP/1.1" 200 6002 
0:0:0:0:0:0:0:1 -  -  [02/mar./2021:21:52:44 +0000] "GET /jposee/isotest/showLog.html?sid=0.665945279211769&servicename=Servibanca HTTP/1.1" 200 6002 
0:0:0:0:0:0:0:1 -  -  [02/mar./2021:21:52:54 +0000] "GET /jposee/isotest/showLog.html?sid=0.30015041857363056&servicename=Servibanca HTTP/1.1" 200 6002 
0:0:0:0:0:0:0:1 -  -  [02/mar./2021:21:53:04 +0000] "GET /jposee/isotest/showLog.html?sid=0.6811467748813873&servicename=Servibanca HTTP/1.1" 200 6002 
0:0:0:0:0:0:0:1 -  -  [02/mar./2021:21:53:14 +0000] "GET /jposee/isotest/showLog.html?sid=0.5035318594565108&servicename=Servibanca HTTP/1.1" 200 6002 
0:0:0:0:0:0:0:1 -  -  [02/mar./2021:21:53:24 +0000] "GET /jposee/isotest/showLog.html?sid=0.40954497756174835&servicename=Servibanca HTTP/1.1" 200 6002 
0:0:0:0:0:0:0:1 -  -  [02/mar./2021:21:53:34 +0000] "GET /jposee/isotest/showLog.html?sid=0.937669765313007&servicename=Servibanca HTTP/1.1" 200 6002 
0:0:0:0:0:0:0:1 -  -  [02/mar./2021:21:53:44 +0000] "GET /jposee/isotest/showLog.html?sid=0.8741056058097341&servicename=Servibanca HTTP/1.1" 200 6002 
0:0:0:0:0:0:0:1 -  -  [02/mar./2021:21:53:54 +0000] "GET /jposee/isotest/showLog.html?sid=0.43315973932814633&servicename=Servibanca HTTP/1.1" 200 6002 
0:0:0:0:0:0:0:1 -  -  [02/mar./2021:21:54:04 +0000] "GET /jposee/isotest/showLog.html?sid=0.2971535908090279&servicename=Servibanca HTTP/1.1" 200 6002 
0:0:0:0:0:0:0:1 -  -  [02/mar./2021:21:54:14 +0000] "GET /jposee/isotest/showLog.html?sid=0.025645988239164863&servicename=Servibanca HTTP/1.1" 200 6002 
0:0:0:0:0:0:0:1 -  -  [02/mar./2021:21:54:24 +0000] "GET /jposee/isotest/showLog.html?sid=0.16278676836870565&servicename=Servibanca HTTP/1.1" 200 6002 
0:0:0:0:0:0:0:1 -  -  [02/mar./2021:21:54:34 +0000] "GET /jposee/isotest/showLog.html?sid=0.54649515676252&servicename=Servibanca HTTP/1.1" 200 6002 
0:0:0:0:0:0:0:1 -  -  [02/mar./2021:21:54:44 +0000] "GET /jposee/isotest/showLog.html?sid=0.4436840805545412&servicename=Servibanca HTTP/1.1" 200 6002 
0:0:0:0:0:0:0:1 -  -  [02/mar./2021:21:54:54 +0000] "GET /jposee/isotest/showLog.html?sid=0.7046093112210721&servicename=Servibanca HTTP/1.1" 200 6002 
0:0:0:0:0:0:0:1 -  -  [02/mar./2021:21:55:04 +0000] "GET /jposee/isotest/showLog.html?sid=0.938125516223618&servicename=Servibanca HTTP/1.1" 200 6002 
0:0:0:0:0:0:0:1 -  -  [02/mar./2021:21:55:14 +0000] "GET /jposee/isotest/showLog.html?sid=0.3374102200198108&servicename=Servibanca HTTP/1.1" 200 6002 
0:0:0:0:0:0:0:1 -  -  [02/mar./2021:21:55:24 +0000] "GET /jposee/isotest/showLog.html?sid=0.194547962175053&servicename=Servibanca HTTP/1.1" 200 6002 
0:0:0:0:0:0:0:1 -  -  [02/mar./2021:21:55:34 +0000] "GET /jposee/isotest/showLog.html?sid=0.12832311142956843&servicename=Servibanca HTTP/1.1" 200 6002 
0:0:0:0:0:0:0:1 -  -  [02/mar./2021:21:55:44 +0000] "GET /jposee/isotest/showLog.html?sid=0.4680635215611908&servicename=Servibanca HTTP/1.1" 200 6002 
0:0:0:0:0:0:0:1 -  -  [02/mar./2021:21:55:54 +0000] "GET /jposee/isotest/showLog.html?sid=0.19860904189939577&servicename=Servibanca HTTP/1.1" 200 6002 
0:0:0:0:0:0:0:1 -  -  [02/mar./2021:21:56:04 +0000] "GET /jposee/isotest/showLog.html?sid=0.1881373474078485&servicename=Servibanca HTTP/1.1" 200 6002 
0:0:0:0:0:0:0:1 -  -  [02/mar./2021:21:56:14 +0000] "GET /jposee/isotest/showLog.html?sid=0.9918923373869053&servicename=Servibanca HTTP/1.1" 200 6002 
0:0:0:0:0:0:0:1 -  -  [02/mar./2021:21:56:24 +0000] "GET /jposee/isotest/showLog.html?sid=0.0039199352138461485&servicename=Servibanca HTTP/1.1" 200 6002 
0:0:0:0:0:0:0:1 -  -  [02/mar./2021:21:56:34 +0000] "GET /jposee/isotest/showLog.html?sid=0.9295985778263698&servicename=Servibanca HTTP/1.1" 200 6002 
0:0:0:0:0:0:0:1 -  -  [02/mar./2021:21:56:44 +0000] "GET /jposee/isotest/showLog.html?sid=0.31711897152861823&servicename=Servibanca HTTP/1.1" 200 6002 
0:0:0:0:0:0:0:1 -  -  [02/mar./2021:21:56:54 +0000] "GET /jposee/isotest/showLog.html?sid=0.8430139325119366&servicename=Servibanca HTTP/1.1" 200 6002 
0:0:0:0:0:0:0:1 -  -  [02/mar./2021:21:57:04 +0000] "GET /jposee/isotest/showLog.html?sid=0.47974741281641586&servicename=Servibanca HTTP/1.1" 200 6002 
0:0:0:0:0:0:0:1 -  -  [02/mar./2021:21:57:14 +0000] "GET /jposee/isotest/showLog.html?sid=0.45058618405653306&servicename=Servibanca HTTP/1.1" 200 6002 
0:0:0:0:0:0:0:1 -  -  [02/mar./2021:21:57:24 +0000] "GET /jposee/isotest/showLog.html?sid=0.5025716466510171&servicename=Servibanca HTTP/1.1" 200 6002 
0:0:0:0:0:0:0:1 -  -  [02/mar./2021:21:57:34 +0000] "GET /jposee/isotest/showLog.html?sid=0.8325457753686949&servicename=Servibanca HTTP/1.1" 200 6002 
0:0:0:0:0:0:0:1 -  -  [02/mar./2021:21:57:44 +0000] "GET /jposee/isotest/showLog.html?sid=0.5943104986465655&servicename=Servibanca HTTP/1.1" 200 6002 
